Distributed training setup: RANK=0, WORLD_SIZE=2, MASTER_ADDR=127.0.0.1, MASTER_PORT=29500
Running on device: cuda:0, Local rank: 0, Distributed: True, Main process: True
Not loading any model, starting from scratch.
Applying DDP for parallel training.
Training started at 2025-06-01 17:02:05
Logging training to saved/keep/aid_LSTM_ReLU/training.log

+---------------------------+---------------------------+
| Training Configuration    |                           |
+---------------------------+---------------------------+
| Epochs                    | 10000                     |
| Learning Rate             | 0.01                      |
| Adaptive LR               | True                      |
| Adaptive Factor           | 0.95                      |
| lambda_Y (Y loss)         | 1                         |
| lambda_T (Terminal loss)  | 1                         |
| lambda_TG (Gradient loss) | 1                         |
| Batch Size per Epoch      | 1024                      |
| Batch Size per Rank       | 512                       |
| Architecture              | LSTM                      |
| Depth                     | 5                         |
| Width                     | 256                       |
| Activation                | ReLU                      |
| T                         | 1.0                       |
| N                         | 40                        |
| Supervised                | True                      |
+---------------------------+---------------------------+

   Epoch | Total loss |     Y loss |    T. loss |   T.G. loss |         LR |  Memory [MB] | Time [s] |      ETA | Status              
-------------------------------------------------------------------------------------------------------------------------------
       1 |   1.94e+03 |   6.55e+02 |   1.03e+01 |    1.28e+03 |   1.00e-02 |       276.45 |     0.89 |      N/A | Model saved (best)  
      50 |   1.01e+03 |   1.14e+02 |   4.42e+00 |    8.94e+02 |   1.00e-02 |       276.45 |     2.76 |  12m 06s | Model saved (best)  
     100 |   8.50e+02 |   6.47e+01 |   3.07e+00 |    7.82e+02 |   1.00e-02 |       276.45 |     2.70 |  10m 28s | Model saved (best)  
     150 |   5.63e+02 |   6.87e+01 |   3.38e+00 |    4.91e+02 |   1.00e-02 |       276.45 |     2.66 |   9m 51s | Model saved (best)  
     200 |   7.15e+02 |   5.15e+01 |   2.11e+00 |    6.62e+02 |   1.00e-02 |       276.45 |     2.67 |   9m 32s | Model saved         
     250 |   7.73e+02 |   9.11e+01 |   7.02e+00 |    6.75e+02 |   1.00e-02 |       276.45 |     3.05 |   9m 34s | Model saved         
     300 |   6.49e+02 |   6.33e+01 |   3.77e+00 |    5.82e+02 |   1.00e-02 |       276.45 |     3.28 |   9m 42s | Model saved         
     350 |   5.78e+02 |   4.89e+01 |   2.08e+00 |    5.27e+02 |   9.50e-03 |       276.45 |     3.29 |   9m 47s | Model saved         
     400 |   6.75e+02 |   1.35e+02 |   6.09e+00 |    5.34e+02 |   9.50e-03 |       276.45 |     2.87 |   9m 39s | Model saved         
     450 |   9.66e+02 |   9.88e+01 |   3.22e+00 |    8.64e+02 |   9.50e-03 |       276.45 |     2.68 |   9m 29s | Model saved         
     500 |   8.20e+02 |   5.91e+01 |   2.36e+00 |    7.59e+02 |   9.50e-03 |       276.45 |     2.86 |   9m 24s | Model saved         
     550 |   1.16e+03 |   2.66e+02 |   1.13e+01 |    8.86e+02 |   9.50e-03 |       276.45 |     3.31 |   9m 27s | Model saved         
     600 |   9.11e+02 |   7.09e+01 |   3.04e+00 |    8.37e+02 |   9.03e-03 |       276.45 |     3.27 |   9m 28s | Model saved         
     650 |   5.92e+02 |   6.23e+01 |   1.60e+00 |    5.28e+02 |   9.03e-03 |       276.45 |     2.70 |   9m 20s | Model saved         
     700 |   5.13e+02 |   4.64e+01 |   1.25e+00 |    4.65e+02 |   9.03e-03 |       276.45 |     2.70 |   9m 13s | Model saved (best)  
     750 |   3.62e+02 |   3.05e+01 |   8.43e-01 |    3.31e+02 |   9.03e-03 |       276.45 |     2.69 |   9m 07s | Model saved (best)  
     800 |   3.19e+02 |   2.32e+01 |   1.02e+00 |    2.95e+02 |   9.03e-03 |       276.45 |     2.70 |   9m 01s | Model saved (best)  
     850 |   2.84e+02 |   1.82e+01 |   8.29e-01 |    2.65e+02 |   9.03e-03 |       276.45 |     2.69 |   8m 55s | Model saved (best)  
     900 |   2.66e+02 |   1.56e+01 |   7.81e-01 |    2.49e+02 |   9.03e-03 |       276.45 |     2.67 |   8m 50s | Model saved (best)  
     950 |   2.47e+02 |   1.41e+01 |   7.48e-01 |    2.32e+02 |   9.03e-03 |       276.45 |     2.70 |   8m 45s | Model saved (best)  
    1000 |   2.39e+02 |   1.22e+01 |   6.67e-01 |    2.26e+02 |   9.03e-03 |       276.45 |     2.71 |   8m 40s | Model saved (best)  
    1050 |   2.18e+02 |   1.17e+01 |   6.37e-01 |    2.06e+02 |   9.03e-03 |       276.45 |     2.70 |   8m 36s | Model saved (best)  
    1100 |   2.02e+02 |   9.67e+00 |   4.98e-01 |    1.92e+02 |   9.03e-03 |       276.45 |     2.72 |   8m 31s | Model saved (best)  
    1150 |   1.70e+02 |   8.91e+00 |   3.94e-01 |    1.60e+02 |   9.03e-03 |       276.45 |     2.74 |   8m 27s | Model saved (best)  
    1200 |   1.67e+02 |   8.37e+00 |   3.51e-01 |    1.58e+02 |   9.03e-03 |       276.45 |     2.77 |   8m 24s | Model saved (best)  
    1250 |   1.72e+02 |   8.23e+00 |   3.85e-01 |    1.63e+02 |   9.03e-03 |       276.45 |     2.70 |   8m 20s | Model saved         
    1300 |   1.71e+02 |   8.36e+00 |   3.74e-01 |    1.62e+02 |   9.03e-03 |       276.45 |     2.75 |   8m 16s | Model saved         
    1350 |   1.50e+02 |   7.35e+00 |   2.99e-01 |    1.42e+02 |   9.03e-03 |       276.45 |     2.70 |   8m 12s | Model saved (best)  
    1400 |   1.48e+02 |   6.79e+00 |   2.68e-01 |    1.41e+02 |   9.03e-03 |       276.45 |     2.73 |   8m 09s | Model saved (best)  
    1450 |   1.34e+02 |   6.39e+00 |   2.36e-01 |    1.27e+02 |   9.03e-03 |       276.45 |     2.75 |   8m 05s | Model saved (best)  
    1500 |   1.20e+02 |   5.44e+00 |   1.80e-01 |    1.15e+02 |   9.03e-03 |       276.45 |     2.72 |   8m 02s | Model saved (best)  
    1550 |   1.10e+02 |   5.23e+00 |   1.71e-01 |    1.05e+02 |   9.03e-03 |       276.45 |     2.72 |   7m 58s | Model saved (best)  
    1600 |   1.01e+02 |   4.82e+00 |   1.52e-01 |    9.62e+01 |   9.03e-03 |       276.45 |     2.74 |   7m 55s | Model saved (best)  
    1650 |   9.33e+01 |   5.45e+00 |   1.87e-01 |    8.77e+01 |   9.03e-03 |       276.45 |     2.72 |   7m 52s | Model saved (best)  
    1700 |   1.42e+02 |   7.09e+00 |   2.77e-01 |    1.35e+02 |   9.03e-03 |       276.45 |     2.70 |   7m 48s | Model saved         
    1750 |   1.09e+02 |   4.22e+00 |   1.49e-01 |    1.05e+02 |   9.03e-03 |       276.45 |     3.15 |   7m 47s | Model saved         
    1800 |   9.98e+01 |   4.09e+00 |   1.30e-01 |    9.56e+01 |   9.03e-03 |       276.45 |     3.33 |   7m 46s | Model saved         
    1850 |   8.88e+01 |   3.97e+00 |   1.29e-01 |    8.47e+01 |   9.03e-03 |       276.45 |     2.77 |   7m 43s | Model saved (best)  
    1900 |   7.87e+01 |   3.53e+00 |   1.00e-01 |    7.51e+01 |   9.03e-03 |       276.45 |     3.20 |   7m 42s | Model saved (best)  
    1950 |   7.27e+01 |   3.23e+00 |   9.31e-02 |    6.94e+01 |   9.03e-03 |       276.45 |     3.33 |   7m 41s | Model saved (best)  
    2000 |   6.70e+01 |   2.98e+00 |   8.33e-02 |    6.40e+01 |   9.03e-03 |       276.45 |     3.33 |   7m 40s | Model saved (best)  
    2050 |   6.26e+01 |   2.98e+00 |   7.54e-02 |    5.95e+01 |   9.03e-03 |       276.45 |     2.78 |   7m 37s | Model saved (best)  
    2100 |   5.93e+01 |   2.76e+00 |   6.48e-02 |    5.64e+01 |   9.03e-03 |       276.45 |     2.72 |   7m 33s | Model saved (best)  
    2150 |   5.85e+01 |   2.56e+00 |   5.66e-02 |    5.59e+01 |   8.57e-03 |       276.45 |     3.06 |   7m 31s | Model saved (best)  
    2200 |   5.55e+01 |   2.70e+00 |   8.27e-02 |    5.27e+01 |   8.57e-03 |       276.45 |     3.35 |   7m 30s | Model saved (best)  
    2250 |   4.98e+01 |   2.43e+00 |   6.75e-02 |    4.74e+01 |   8.57e-03 |       276.45 |     3.36 |   7m 29s | Model saved (best)  
    2300 |   4.70e+01 |   2.31e+00 |   5.21e-02 |    4.46e+01 |   8.57e-03 |       276.45 |     3.38 |   7m 27s | Model saved (best)  
    2350 |   4.11e+01 |   2.32e+00 |   5.70e-02 |    3.88e+01 |   8.57e-03 |       276.45 |     2.89 |   7m 24s | Model saved (best)  
    2400 |   4.00e+01 |   2.68e+00 |   5.98e-02 |    3.73e+01 |   8.57e-03 |       276.45 |     2.77 |   7m 21s | Model saved (best)  
    2450 |   4.33e+01 |   2.13e+00 |   5.48e-02 |    4.11e+01 |   8.57e-03 |       276.45 |     2.93 |   7m 18s | Model saved         
    2500 |   4.67e+01 |   2.61e+00 |   7.08e-02 |    4.40e+01 |   8.57e-03 |       276.45 |     3.22 |   7m 16s | Model saved         
    2550 |   3.86e+01 |   2.14e+00 |   4.57e-02 |    3.64e+01 |   8.15e-03 |       276.45 |     3.33 |   7m 15s | Model saved (best)  
    2600 |   3.43e+01 |   1.79e+00 |   3.35e-02 |    3.25e+01 |   8.15e-03 |       276.45 |     2.98 |   7m 12s | Model saved (best)  
    2650 |   3.57e+01 |   1.83e+00 |   3.95e-02 |    3.38e+01 |   8.15e-03 |       276.45 |     2.65 |   7m 08s | Model saved         
    2700 |   3.64e+01 |   2.07e+00 |   4.99e-02 |    3.42e+01 |   8.15e-03 |       276.45 |     2.73 |   7m 05s | Model saved         
    2750 |   3.42e+01 |   1.75e+00 |   3.90e-02 |    3.24e+01 |   8.15e-03 |       276.45 |     3.26 |   7m 03s | Model saved (best)  
    2800 |   2.79e+01 |   1.49e+00 |   2.95e-02 |    2.64e+01 |   8.15e-03 |       276.45 |     2.70 |   6m 59s | Model saved (best)  
    2850 |   3.29e+01 |   1.81e+00 |   4.87e-02 |    3.10e+01 |   8.15e-03 |       276.45 |     3.25 |   6m 57s | Model saved         
    2900 |   2.58e+01 |   1.52e+00 |   3.12e-02 |    2.43e+01 |   8.15e-03 |       276.45 |     2.78 |   6m 54s | Model saved (best)  
    2950 |   2.88e+01 |   1.80e+00 |   4.41e-02 |    2.70e+01 |   8.15e-03 |       276.45 |     2.64 |   6m 50s | Model saved         
    3000 |   2.57e+01 |   1.37e+00 |   2.51e-02 |    2.43e+01 |   7.74e-03 |       276.45 |     2.70 |   6m 47s | Model saved (best)  
    3050 |   3.99e+01 |   2.31e+00 |   5.01e-02 |    3.76e+01 |   7.74e-03 |       276.45 |     2.68 |   6m 43s | Model saved         
    3100 |   2.80e+01 |   1.44e+00 |   3.55e-02 |    2.66e+01 |   7.74e-03 |       276.45 |     2.80 |   6m 40s | Model saved         
    3150 |   3.24e+01 |   1.62e+00 |   3.96e-02 |    3.08e+01 |   7.74e-03 |       276.45 |     3.19 |   6m 38s | Model saved         
    3200 |   3.60e+01 |   1.87e+00 |   5.99e-02 |    3.41e+01 |   7.74e-03 |       276.45 |     2.70 |   6m 35s | Model saved         
    3250 |   3.55e+01 |   1.64e+00 |   4.14e-02 |    3.38e+01 |   7.74e-03 |       276.45 |     3.32 |   6m 33s | Model saved         
    3300 |   2.57e+01 |   1.24e+00 |   2.21e-02 |    2.44e+01 |   7.35e-03 |       276.45 |     2.87 |   6m 30s | Model saved (best)  
    3350 |   2.48e+01 |   1.30e+00 |   3.15e-02 |    2.35e+01 |   7.35e-03 |       276.45 |     3.04 |   6m 27s | Model saved (best)  
    3400 |   2.27e+01 |   1.06e+00 |   1.95e-02 |    2.16e+01 |   7.35e-03 |       276.45 |     2.77 |   6m 24s | Model saved (best)  
    3450 |   2.66e+01 |   1.14e+00 |   2.49e-02 |    2.55e+01 |   7.35e-03 |       276.45 |     2.65 |   6m 20s | Model saved         
    3500 |   2.49e+01 |   1.24e+00 |   2.79e-02 |    2.37e+01 |   6.98e-03 |       276.45 |     2.65 |   6m 17s | Model saved         
    3550 |   2.97e+01 |   1.19e+00 |   2.51e-02 |    2.85e+01 |   6.98e-03 |       276.45 |     2.69 |   6m 14s | Model saved         
    3600 |   2.06e+01 |   9.18e-01 |   1.72e-02 |    1.96e+01 |   6.98e-03 |       276.45 |     2.67 |   6m 10s | Model saved (best)  
    3650 |   1.81e+01 |   8.86e-01 |   1.88e-02 |    1.72e+01 |   6.98e-03 |       276.45 |     2.64 |   6m 07s | Model saved (best)  
    3700 |   2.04e+01 |   1.00e+00 |   1.84e-02 |    1.93e+01 |   6.98e-03 |       276.45 |     2.64 |   6m 04s | Model saved         
    3750 |   2.36e+01 |   1.27e+00 |   3.17e-02 |    2.23e+01 |   6.98e-03 |       276.45 |     2.63 |   6m 00s | Model saved         
    3800 |   1.74e+01 |   8.71e-01 |   2.07e-02 |    1.66e+01 |   6.98e-03 |       276.45 |     2.64 |   5m 57s | Model saved (best)  
    3850 |   1.72e+01 |   8.91e-01 |   1.82e-02 |    1.63e+01 |   6.98e-03 |       276.45 |     2.66 |   5m 54s | Model saved (best)  
    3900 |   1.93e+01 |   9.15e-01 |   1.72e-02 |    1.83e+01 |   6.98e-03 |       276.45 |     2.63 |   5m 51s | Model saved         
    3950 |   2.77e+01 |   1.15e+00 |   3.07e-02 |    2.65e+01 |   6.98e-03 |       276.45 |     2.63 |   5m 47s | Model saved         
    4000 |   3.20e+01 |   1.27e+00 |   3.58e-02 |    3.07e+01 |   6.98e-03 |       276.45 |     2.65 |   5m 44s | Model saved         
    4050 |   2.25e+01 |   1.18e+00 |   2.83e-02 |    2.13e+01 |   6.98e-03 |       276.45 |     2.66 |   5m 41s | Model saved         
    4100 |   2.51e+01 |   1.31e+00 |   3.53e-02 |    2.37e+01 |   6.98e-03 |       276.45 |     2.65 |   5m 38s | Model saved         
    4150 |   1.78e+01 |   9.03e-01 |   2.29e-02 |    1.69e+01 |   6.63e-03 |       276.45 |     2.64 |   5m 35s | Model saved         
    4200 |   1.77e+01 |   8.10e-01 |   1.60e-02 |    1.68e+01 |   6.63e-03 |       276.45 |     2.63 |   5m 31s | Model saved         
    4250 |   1.29e+01 |   5.95e-01 |   8.99e-03 |    1.23e+01 |   6.63e-03 |       276.45 |     2.65 |   5m 28s | Model saved (best)  
    4300 |   8.64e+00 |   6.11e-01 |   9.56e-03 |    8.02e+00 |   6.63e-03 |       276.45 |     2.65 |   5m 25s | Model saved (best)  
    4350 |   1.31e+01 |   1.38e+00 |   3.87e-02 |    1.16e+01 |   6.63e-03 |       276.45 |     2.64 |   5m 22s | Model saved         
    4400 |   1.09e+01 |   7.54e-01 |   1.28e-02 |    1.01e+01 |   6.63e-03 |       276.45 |     2.63 |   5m 19s | Model saved         
    4450 |   1.15e+01 |   5.89e-01 |   1.01e-02 |    1.09e+01 |   6.63e-03 |       276.45 |     2.64 |   5m 16s | Model saved         
    4500 |   1.04e+01 |   5.57e-01 |   8.31e-03 |    9.87e+00 |   6.63e-03 |       276.45 |     2.64 |   5m 13s | Model saved         
    4550 |   1.20e+01 |   5.56e-01 |   8.85e-03 |    1.15e+01 |   6.63e-03 |       276.45 |     2.63 |   5m 10s | Model saved         
    4600 |   1.37e+01 |   7.42e-01 |   1.62e-02 |    1.29e+01 |   6.63e-03 |       276.45 |     2.65 |   5m 06s | Model saved         
    4650 |   1.24e+01 |   8.46e-01 |   1.96e-02 |    1.15e+01 |   6.63e-03 |       276.45 |     2.63 |   5m 03s | Model saved         
    4700 |   1.25e+01 |   6.15e-01 |   1.32e-02 |    1.19e+01 |   6.30e-03 |       276.45 |     2.66 |   5m 00s | Model saved         
    4750 |   1.51e+01 |   7.05e-01 |   1.63e-02 |    1.44e+01 |   6.30e-03 |       276.45 |     2.67 |   4m 57s | Model saved         
    4800 |   1.27e+01 |   6.44e-01 |   1.27e-02 |    1.21e+01 |   6.30e-03 |       276.45 |     2.65 |   4m 54s | Model saved         
    4850 |   1.45e+01 |   2.00e+00 |   6.64e-02 |    1.24e+01 |   6.30e-03 |       276.45 |     2.65 |   4m 51s | Model saved         
    4900 |   1.22e+01 |   7.89e-01 |   1.37e-02 |    1.14e+01 |   6.30e-03 |       276.45 |     2.66 |   4m 48s | Model saved         
    4950 |   1.12e+01 |   6.57e-01 |   9.57e-03 |    1.06e+01 |   6.30e-03 |       276.45 |     2.67 |   4m 45s | Model saved         
    5000 |   1.12e+01 |   5.43e-01 |   7.96e-03 |    1.06e+01 |   5.99e-03 |       276.45 |     2.65 |   4m 42s | Model saved         
    5050 |   1.02e+01 |   5.45e-01 |   7.55e-03 |    9.66e+00 |   5.99e-03 |       276.45 |     2.65 |   4m 39s | Model saved         
    5100 |   1.15e+01 |   6.83e-01 |   1.20e-02 |    1.08e+01 |   5.99e-03 |       276.45 |     2.68 |   4m 36s | Model saved         
    5150 |   1.05e+01 |   5.18e-01 |   9.31e-03 |    9.96e+00 |   5.99e-03 |       276.45 |     2.66 |   4m 33s | Model saved         
    5200 |   9.56e+00 |   5.42e-01 |   8.58e-03 |    9.01e+00 |   5.69e-03 |       276.45 |     2.64 |   4m 30s | Model saved         
    5250 |   8.47e+00 |   5.99e-01 |   1.21e-02 |    7.86e+00 |   5.69e-03 |       276.45 |     2.68 |   4m 27s | Model saved (best)  
    5300 |   1.02e+01 |   5.17e-01 |   1.01e-02 |    9.68e+00 |   5.69e-03 |       276.45 |     2.67 |   4m 24s | Model saved         
    5350 |   9.21e+00 |   5.83e-01 |   1.20e-02 |    8.61e+00 |   5.69e-03 |       276.45 |     2.64 |   4m 21s | Model saved         
    5400 |   8.90e+00 |   5.74e-01 |   1.24e-02 |    8.31e+00 |   5.69e-03 |       276.45 |     2.66 |   4m 18s | Model saved         
    5450 |   1.19e+01 |   6.86e-01 |   1.68e-02 |    1.12e+01 |   5.69e-03 |       276.45 |     2.65 |   4m 16s | Model saved         
    5500 |   7.79e+00 |   4.68e-01 |   9.74e-03 |    7.31e+00 |   5.40e-03 |       276.45 |     2.67 |   4m 13s | Model saved (best)  
    5550 |   9.21e+00 |   6.07e-01 |   1.34e-02 |    8.59e+00 |   5.40e-03 |       276.45 |     2.66 |   4m 10s | Model saved         
    5600 |   1.06e+01 |   5.54e-01 |   9.93e-03 |    1.00e+01 |   5.40e-03 |       276.45 |     2.69 |   4m 07s | Model saved         
    5650 |   8.34e+00 |   5.56e-01 |   1.06e-02 |    7.77e+00 |   5.40e-03 |       276.45 |     2.64 |   4m 04s | Model saved         
    5700 |   2.40e+01 |   1.32e+00 |   3.16e-02 |    2.27e+01 |   5.40e-03 |       276.45 |     2.66 |   4m 01s | Model saved         
    5750 |   9.44e+00 |   4.61e-01 |   8.67e-03 |    8.97e+00 |   5.40e-03 |       276.45 |     2.66 |   3m 58s | Model saved         
    5800 |   9.37e+00 |   7.36e-01 |   1.32e-02 |    8.62e+00 |   5.40e-03 |       276.45 |     2.64 |   3m 55s | Model saved         
    5850 |   7.41e+00 |   4.43e-01 |   6.05e-03 |    6.96e+00 |   5.40e-03 |       276.45 |     2.62 |   3m 52s | Model saved (best)  
    5900 |   9.66e+00 |   4.60e-01 |   8.55e-03 |    9.19e+00 |   5.40e-03 |       276.45 |     2.62 |   3m 49s | Model saved         
    5950 |   9.55e+00 |   3.83e-01 |   5.00e-03 |    9.16e+00 |   5.13e-03 |       276.45 |     2.66 |   3m 46s | Model saved         
    6000 |   1.09e+01 |   3.43e-01 |   4.31e-03 |    1.05e+01 |   5.13e-03 |       276.45 |     2.61 |   3m 43s | Model saved         
    6050 |   9.03e+00 |   4.79e-01 |   9.14e-03 |    8.54e+00 |   5.13e-03 |       276.45 |     2.60 |   3m 40s | Model saved         
    6100 |   8.93e+00 |   5.28e-01 |   1.21e-02 |    8.39e+00 |   5.13e-03 |       276.45 |     2.55 |   3m 37s | Model saved         
    6150 |   1.12e+01 |   4.72e-01 |   1.07e-02 |    1.07e+01 |   5.13e-03 |       276.45 |     2.55 |   3m 35s | Model saved         
    6200 |   7.89e+00 |   3.33e-01 |   4.85e-03 |    7.55e+00 |   5.13e-03 |       276.45 |     2.58 |   3m 32s | Model saved         
    6250 |   7.60e+00 |   2.91e-01 |   3.93e-03 |    7.31e+00 |   5.13e-03 |       276.45 |     2.60 |   3m 29s | Model saved         
    6300 |   7.13e+00 |   3.62e-01 |   6.80e-03 |    6.76e+00 |   5.13e-03 |       276.45 |     2.61 |   3m 26s | Model saved (best)  
    6350 |   1.01e+01 |   6.04e-01 |   1.70e-02 |    9.50e+00 |   5.13e-03 |       276.45 |     2.59 |   3m 23s | Model saved         
    6400 |   6.15e+00 |   3.83e-01 |   6.43e-03 |    5.76e+00 |   5.13e-03 |       276.45 |     2.60 |   3m 20s | Model saved (best)  
    6450 |   8.20e+00 |   4.70e-01 |   1.07e-02 |    7.72e+00 |   4.88e-03 |       276.45 |     2.59 |   3m 17s | Model saved         
    6500 |   9.46e+00 |   5.73e-01 |   1.48e-02 |    8.88e+00 |   4.88e-03 |       276.45 |     2.61 |   3m 14s | Model saved         
    6550 |   7.02e+00 |   4.29e-01 |   9.72e-03 |    6.58e+00 |   4.88e-03 |       276.45 |     2.63 |   3m 11s | Model saved         
    6600 |   5.33e+00 |   3.36e-01 |   7.28e-03 |    4.98e+00 |   4.88e-03 |       276.45 |     2.64 |   3m 09s | Model saved (best)  
    6650 |   3.82e+00 |   2.69e-01 |   3.38e-03 |    3.55e+00 |   4.88e-03 |       276.45 |     2.64 |   3m 06s | Model saved (best)  
    6700 |   7.40e+00 |   4.40e-01 |   1.29e-02 |    6.95e+00 |   4.63e-03 |       276.45 |     2.63 |   3m 03s | Model saved         
    6750 |   5.42e+00 |   2.70e-01 |   4.83e-03 |    5.15e+00 |   4.63e-03 |       276.45 |     2.60 |   3m 00s | Model saved         
    6800 |   4.06e+00 |   2.89e-01 |   5.41e-03 |    3.76e+00 |   4.63e-03 |       276.45 |     2.60 |   2m 57s | Model saved         
    6850 |   5.84e+00 |   4.03e-01 |   1.05e-02 |    5.42e+00 |   4.63e-03 |       276.45 |     2.60 |   2m 54s | Model saved         
    6900 |   4.41e+00 |   2.45e-01 |   3.23e-03 |    4.16e+00 |   4.40e-03 |       276.45 |     2.61 |   2m 51s | Model saved         
    6950 |   4.32e+00 |   2.57e-01 |   3.35e-03 |    4.06e+00 |   4.40e-03 |       276.45 |     2.60 |   2m 49s | Model saved         
    7000 |   8.28e+00 |   7.19e-01 |   3.04e-02 |    7.53e+00 |   4.40e-03 |       276.45 |     2.60 |   2m 46s | Model saved         
    7050 |   6.45e+00 |   3.22e-01 |   6.39e-03 |    6.12e+00 |   4.40e-03 |       276.45 |     2.61 |   2m 43s | Model saved         
    7100 |   7.47e+00 |   1.31e+00 |   5.28e-02 |    6.11e+00 |   4.40e-03 |       276.45 |     2.60 |   2m 40s | Model saved         
    7150 |   6.96e+00 |   7.74e-01 |   1.71e-02 |    6.17e+00 |   4.18e-03 |       276.45 |     2.60 |   2m 37s | Model saved         
    7200 |   4.56e+00 |   3.48e-01 |   3.70e-03 |    4.21e+00 |   4.18e-03 |       276.45 |     2.60 |   2m 34s | Model saved         
    7250 |   5.23e+00 |   3.06e-01 |   3.79e-03 |    4.92e+00 |   4.18e-03 |       276.45 |     2.61 |   2m 32s | Model saved         
    7300 |   8.16e+00 |   3.51e-01 |   4.70e-03 |    7.80e+00 |   4.18e-03 |       276.45 |     2.60 |   2m 29s | Model saved         
    7350 |   8.01e+00 |   2.77e-01 |   5.63e-03 |    7.72e+00 |   3.97e-03 |       276.45 |     2.60 |   2m 26s | Model saved         
    7400 |   6.72e+00 |   3.32e-01 |   6.74e-03 |    6.38e+00 |   3.97e-03 |       276.45 |     2.61 |   2m 23s | Model saved         
    7450 |   5.24e+00 |   2.86e-01 |   2.92e-03 |    4.96e+00 |   3.97e-03 |       276.45 |     2.60 |   2m 20s | Model saved         
    7500 |   5.02e+00 |   2.73e-01 |   3.50e-03 |    4.74e+00 |   3.97e-03 |       276.45 |     2.60 |   2m 17s | Model saved         
    7550 |   5.02e+00 |   3.07e-01 |   9.81e-03 |    4.71e+00 |   3.77e-03 |       276.45 |     2.61 |   2m 15s | Model saved         
    7600 |   4.53e+00 |   2.21e-01 |   1.91e-03 |    4.31e+00 |   3.77e-03 |       276.45 |     2.61 |   2m 12s | Model saved         
    7650 |   5.12e+00 |   2.44e-01 |   2.96e-03 |    4.87e+00 |   3.77e-03 |       276.45 |     2.62 |   2m 09s | Model saved         
    7700 |   4.70e+00 |   2.64e-01 |   4.12e-03 |    4.44e+00 |   3.77e-03 |       276.45 |     2.61 |   2m 06s | Model saved         
    7750 |   6.92e+00 |   4.56e-01 |   1.34e-02 |    6.45e+00 |   3.58e-03 |       276.45 |     2.62 |   2m 03s | Model saved         
    7800 |   9.09e+00 |   5.22e-01 |   1.00e-02 |    8.55e+00 |   3.58e-03 |       276.45 |     2.60 |   2m 01s | Model saved         
    7850 |   5.76e+00 |   2.42e-01 |   3.23e-03 |    5.51e+00 |   3.58e-03 |       276.45 |     2.60 |   1m 58s | Model saved         
    7900 |   5.21e+00 |   2.26e-01 |   2.22e-03 |    4.99e+00 |   3.58e-03 |       276.45 |     2.61 |   1m 55s | Model saved         
    7950 |   4.52e+00 |   2.82e-01 |   4.94e-03 |    4.23e+00 |   3.41e-03 |       276.45 |     2.60 |   1m 52s | Model saved         
    8000 |   3.52e+00 |   2.09e-01 |   2.05e-03 |    3.30e+00 |   3.41e-03 |       276.45 |     2.61 |   1m 49s | Model saved (best)  
    8050 |   4.43e+00 |   2.49e-01 |   8.76e-03 |    4.17e+00 |   3.41e-03 |       276.45 |     2.60 |   1m 47s | Model saved         
    8100 |   3.99e+00 |   2.37e-01 |   5.33e-03 |    3.75e+00 |   3.41e-03 |       276.45 |     2.61 |   1m 44s | Model saved         
    8150 |   4.08e+00 |   2.05e-01 |   2.45e-03 |    3.87e+00 |   3.41e-03 |       276.45 |     2.60 |   1m 41s | Model saved         
    8200 |   3.98e+00 |   2.44e-01 |   4.99e-03 |    3.73e+00 |   3.24e-03 |       276.45 |     2.60 |   1m 38s | Model saved         
    8250 |   3.92e+00 |   1.93e-01 |   1.98e-03 |    3.73e+00 |   3.24e-03 |       276.45 |     2.61 |   1m 36s | Model saved         
    8300 |   3.87e+00 |   2.17e-01 |   2.69e-03 |    3.65e+00 |   3.24e-03 |       276.45 |     2.62 |   1m 33s | Model saved         
    8350 |   9.23e+00 |   5.75e-01 |   2.18e-02 |    8.64e+00 |   3.24e-03 |       276.45 |     2.60 |   1m 30s | Model saved         
    8400 |   8.06e+00 |   3.89e-01 |   7.36e-03 |    7.67e+00 |   3.24e-03 |       276.45 |     2.60 |   1m 27s | Model saved         
    8450 |   4.34e+00 |   1.99e-01 |   3.52e-03 |    4.14e+00 |   3.24e-03 |       276.45 |     2.61 |   1m 25s | Model saved         
    8500 |   2.62e+00 |   1.74e-01 |   1.51e-03 |    2.45e+00 |   3.24e-03 |       276.45 |     2.61 |   1m 22s | Model saved (best)  
    8550 |   2.30e+00 |   1.93e-01 |   3.21e-03 |    2.11e+00 |   3.24e-03 |       276.45 |     2.61 |   1m 19s | Model saved (best)  
    8600 |   3.11e+00 |   1.53e-01 |   2.10e-03 |    2.96e+00 |   3.24e-03 |       276.45 |     2.61 |   1m 16s | Model saved         
    8650 |   1.97e+00 |   1.81e-01 |   2.34e-03 |    1.78e+00 |   3.24e-03 |       276.45 |     2.63 |   1m 13s | Model saved (best)  
    8700 |   2.53e+00 |   2.13e-01 |   4.19e-03 |    2.31e+00 |   3.07e-03 |       276.45 |     2.60 |   1m 11s | Model saved         
    8750 |   2.00e+00 |   2.16e-01 |   2.81e-03 |    1.79e+00 |   3.07e-03 |       276.45 |     2.60 |   1m 08s | Model saved         
    8800 |   2.76e+00 |   1.71e-01 |   2.35e-03 |    2.59e+00 |   3.07e-03 |       276.45 |     2.62 |   1m 05s | Model saved         
    8850 |   2.59e+00 |   1.83e-01 |   2.16e-03 |    2.40e+00 |   3.07e-03 |       276.45 |     2.61 |   1m 02s | Model saved         
    8900 |   2.04e+00 |   1.57e-01 |   1.93e-03 |    1.89e+00 |   3.07e-03 |       276.45 |     2.60 |   1m 00s | Model saved         
    8950 |   2.89e+00 |   1.86e-01 |   2.86e-03 |    2.70e+00 |   3.07e-03 |       276.45 |     2.61 |      57s | Model saved         
    9000 |   2.26e+00 |   1.46e-01 |   1.48e-03 |    2.11e+00 |   3.07e-03 |       276.45 |     2.60 |      54s | Model saved         
    9050 |   2.81e+00 |   1.57e-01 |   2.38e-03 |    2.65e+00 |   3.07e-03 |       276.45 |     2.60 |      51s | Model saved         
    9100 |   3.21e+00 |   2.65e-01 |   7.91e-03 |    2.94e+00 |   2.92e-03 |       276.45 |     2.60 |      49s | Model saved         
    9150 |   1.95e+00 |   1.83e-01 |   2.48e-03 |    1.76e+00 |   2.92e-03 |       276.45 |     2.60 |      46s | Model saved (best)  
    9200 |   2.26e+00 |   1.62e-01 |   2.26e-03 |    2.10e+00 |   2.92e-03 |       276.45 |     2.60 |      43s | Model saved         
    9250 |   2.27e+00 |   2.55e-01 |   5.11e-03 |    2.01e+00 |   2.92e-03 |       276.45 |     2.59 |      40s | Model saved         
    9300 |   2.47e+00 |   1.57e-01 |   1.82e-03 |    2.31e+00 |   2.77e-03 |       276.45 |     2.57 |      38s | Model saved         
    9350 |   2.67e+00 |   1.68e-01 |   3.36e-03 |    2.50e+00 |   2.77e-03 |       276.45 |     2.55 |      35s | Model saved         
    9400 |   2.78e+00 |   1.52e-01 |   2.13e-03 |    2.63e+00 |   2.77e-03 |       276.45 |     2.54 |      32s | Model saved         
    9450 |   2.03e+00 |   1.46e-01 |   2.31e-03 |    1.88e+00 |   2.77e-03 |       276.45 |     2.59 |      29s | Model saved         
    9500 |   3.39e+00 |   1.61e-01 |   2.15e-03 |    3.22e+00 |   2.64e-03 |       276.45 |     2.58 |      27s | Model saved         
    9550 |   2.93e+00 |   1.44e-01 |   2.10e-03 |    2.78e+00 |   2.64e-03 |       276.45 |     2.61 |      24s | Model saved         
    9600 |   2.64e+00 |   1.32e-01 |   1.47e-03 |    2.51e+00 |   2.64e-03 |       276.45 |     2.59 |      21s | Model saved         
    9650 |   3.07e+00 |   1.61e-01 |   2.87e-03 |    2.90e+00 |   2.64e-03 |       276.45 |     2.60 |      19s | Model saved         
    9700 |   3.13e+00 |   3.16e-01 |   8.88e-03 |    2.80e+00 |   2.64e-03 |       276.45 |     2.57 |      16s | Model saved         
    9750 |   2.22e+00 |   1.42e-01 |   2.54e-03 |    2.08e+00 |   2.64e-03 |       276.45 |     2.59 |      13s | Model saved         
    9800 |   1.70e+00 |   1.32e-01 |   1.87e-03 |    1.57e+00 |   2.64e-03 |       276.45 |     2.61 |      10s | Model saved (best)  
    9850 |   5.23e+00 |   3.29e-01 |   8.97e-03 |    4.89e+00 |   2.64e-03 |       276.45 |     2.60 |       8s | Model saved         
    9900 |   2.01e+00 |   1.44e-01 |   1.77e-03 |    1.86e+00 |   2.50e-03 |       276.45 |     2.61 |       5s | Model saved         
    9950 |   2.34e+00 |   1.16e-01 |   1.14e-03 |    2.22e+00 |   2.50e-03 |       276.45 |     2.60 |       2s | Model saved         
   10000 |   1.89e+00 |   1.18e-01 |   1.00e-03 |    1.77e+00 |   2.50e-03 |       276.45 |     2.61 |       0s | Model saved         
Training completed. Lowest loss: 1.704303. Total time: 544.01 seconds
Model saved to saved/keep/aid_LSTM_ReLU/model.pth
