Training started at 2025-05-29 18:57:11
Logging training to saved/almgren_ResLSTM_Tanh\training.log

+---------------------------+---------------------------+
| Training Configuration    |                           |
+---------------------------+---------------------------+
| Epochs                    | 1000                      |
| Learning Rate             | 0.001                     |
| Adaptive LR               | True                      |
| lambda_Y (Y loss)         | 1                         |
| lambda_T (Terminal loss)  | 1                         |
| lambda_TG (Gradient loss) | 1                         |
| Number of Paths           | 1024                      |
| Batch Size                | 1024                      |
| Architecture              | ResLSTM                   |
| Depth                     | 9                         |
| Width                     | 256                       |
| Activation                | Tanh                      |
| T                         | 1.0                       |
| N                         | 200                       |
| Supervised                | True                      |
+---------------------------+---------------------------+

   Epoch |   Total loss |       Y loss |      T. loss |    T.G. loss |         LR |  Memory [MB] | Time [s] |      ETA | Status              
-------------------------------------------------------------------------------------------------------------------------------------------
       0 |     2.81e+00 |     2.75e+00 |     4.44e-02 |     1.37e-02 |   1.00e-03 |       123.73 |     1.00 |      N/A | Model saved (best)  
      50 |     1.28e+00 |     1.03e+00 |     1.67e-01 |     8.03e-02 |   1.00e-03 |       123.73 |     3.94 |   1m 35s | Model saved (best)  
     100 |     4.27e-01 |     2.96e-01 |     8.91e-02 |     4.21e-02 |   1.00e-03 |       123.73 |     4.17 |   1m 23s | Model saved (best)  
     150 |     1.38e-01 |     9.79e-02 |     2.64e-02 |     1.33e-02 |   1.00e-03 |       123.73 |     7.63 |   1m 36s | Model saved (best)  
     200 |     8.69e-02 |     7.08e-02 |     1.22e-02 |     3.89e-03 |   1.00e-03 |       123.73 |     3.53 |   1m 22s | Model saved (best)  
     250 |     8.20e-02 |     5.56e-02 |     2.32e-02 |     3.17e-03 |   1.00e-03 |       123.73 |     3.50 |   1m 12s | Model saved (best)  
     300 |     2.51e-02 |     2.16e-02 |     1.92e-03 |     1.52e-03 |   1.00e-03 |       123.73 |     3.52 |   1m 04s | Model saved (best)  
     350 |     2.00e-02 |     1.48e-02 |     3.58e-03 |     1.58e-03 |   1.00e-03 |       123.73 |     3.48 |      58s | Model saved (best)  
     400 |     1.67e-02 |     1.37e-02 |     2.19e-03 |     8.42e-04 |   1.00e-03 |       123.73 |     3.33 |      52s | Model saved (best)  
     450 |     4.01e-02 |     2.84e-02 |     1.06e-02 |     1.12e-03 |   1.00e-03 |       123.73 |     3.31 |      46s | Model saved         
     500 |     1.61e-02 |     1.29e-02 |     2.07e-03 |     1.15e-03 |   1.00e-03 |       123.73 |     3.72 |      41s | Model saved (best)  
     550 |     9.16e-03 |     6.78e-03 |     1.60e-03 |     7.78e-04 |   1.00e-03 |       123.73 |     3.79 |      37s | Model saved (best)  
     600 |     2.65e-02 |     1.81e-02 |     7.67e-03 |     7.81e-04 |   1.00e-03 |       123.73 |     3.77 |      32s | Model saved         
     650 |     1.43e-02 |     1.20e-02 |     1.59e-03 |     6.63e-04 |   1.00e-03 |       123.73 |     3.63 |      28s | Model saved         
     700 |     1.21e-02 |     1.02e-02 |     1.30e-03 |     5.34e-04 |   1.00e-03 |       123.73 |     3.83 |      24s | Model saved         
     750 |     1.50e-02 |     1.02e-02 |     4.02e-03 |     7.29e-04 |   8.00e-04 |       123.73 |     3.63 |      20s | Model saved         
     800 |     5.27e-03 |     4.43e-03 |     4.70e-04 |     3.65e-04 |   8.00e-04 |       123.73 |     5.40 |      16s | Model saved (best)  
     850 |     9.42e-03 |     7.95e-03 |     9.25e-04 |     5.40e-04 |   8.00e-04 |       123.73 |     5.05 |      12s | Model saved         
     900 |     1.35e-02 |     8.40e-03 |     4.67e-03 |     4.02e-04 |   8.00e-04 |       123.73 |     3.69 |       8s | Model saved         
     950 |     9.88e-03 |     8.44e-03 |     9.19e-04 |     5.24e-04 |   8.00e-04 |       123.73 |     3.83 |       4s | Model saved         
     999 |     4.57e-03 |     3.83e-03 |     4.40e-04 |     3.01e-04 |   8.00e-04 |       123.78 |     4.23 |       0s | Model saved (best)  
-------------------------------------------------------------------------------------------------------------------------------------------
Training completed. Lowest loss: 0.004573. Total time: 83.12 seconds
Model saved to saved/almgren_ResLSTM_Tanh\model.pth
