Running on device: cuda, Parallel training disabled
Loading dynamics config from saved_models/eta10_x0_gamma0.01_lowvol_psi5_naislstm_GELU/dynamics_config.json
------------------------------------------------------------
DYNAMICS CONFIGURATION:
------------------------------------------------------------
dynamics: FullDynamics
T: 1.0
N: 144
dim: 3
dim_W: 2
y0: [0.0, 80.0, 0.0]
mu_P: 0.0
mu_D: 0.0
time_dep_vol: True
use_exact: True
low_vol: False
sigma_P0: 10
sigma_P1: 20
alpha_P: 120.0
beta_P: 40.0
sigma_D0: 30.0
sigma_D1: 50.0
alpha_D: 1600.0
beta_D: 900.0
rho: -0.6
psi: 5.0
gamma: 0.01
nu: 0.042
eta: 10
smooth_control: True
eps: 0.1
analytical_known: True
dt: 0.006944444444444444
------------------------------------------------------------
Attempting to load model from saved_models/eta10_x0_gamma0.01_lowvol_psi5_naislstm_GELU
Found existing model files: ['model_best.pth', 'model.pth']
Successfully loaded model checkpoint (model state only)
Saving configuration files...
Configuration saved to saved_models/eta10_x0_gamma0.01_lowvol_psi5_naislstm_GELU
Training started at 2025-06-30 01:35:42
Logging training to saved_models/eta10_x0_gamma0.01_lowvol_psi5_naislstm_GELU/training.log
   Epoch |      Y val |      q val | Total loss |     Y loss |    T. loss |   cost loss |         LR |  Memory [MB] | Time [s] |        ETA | Status              
----------------------------------------------------------------------------------------------------------------------------------------------------------------
       1 |   2.87e+04 |   3.95e+03 |   3.79e+07 |   8.57e+04 |   6.11e+04 |    3.77e+03 |   1.22e-04 |       375.05 |   100.47 |        N/A | Model saved (best)  
      50 |   3.02e+05 |   2.26e+04 |   4.95e+06 |   6.53e+05 |   6.45e+05 |    3.65e+02 |   1.22e-04 |       376.24 |    70.42 |  5693m 30s | Model saved (best)  
     100 |   2.71e+05 |   2.06e+04 |   4.11e+06 |   7.06e+05 |   4.44e+05 |    2.96e+02 |   1.22e-04 |       376.24 |    71.52 |  4036m 06s | Model saved (best)  
     150 |   2.48e+05 |   1.73e+04 |   3.21e+06 |   9.00e+05 |   3.10e+05 |    2.00e+02 |   1.22e-04 |       376.24 |    84.99 |  3632m 20s | Model saved (best)  
     200 |   2.36e+05 |   1.60e+04 |   2.28e+06 |   9.68e+05 |   9.96e+04 |    1.22e+02 |   1.22e-04 |       376.24 |    75.16 |  3347m 59s | Model saved (best)  
     250 |   2.12e+05 |   1.50e+04 |   1.77e+06 |   7.58e+05 |   1.12e+05 |    9.00e+01 |   1.22e-04 |       376.24 |    81.35 |  3218m 00s | Model saved (best)  
     300 |   2.66e+05 |   1.75e+04 |   2.59e+06 |   9.48e+05 |   1.01e+05 |    1.54e+02 |   1.22e-04 |       376.24 |    74.85 |  3094m 56s | Model saved         
     350 |   2.34e+05 |   1.62e+04 |   2.16e+06 |   7.28e+05 |   1.46e+05 |    1.29e+02 |   1.22e-04 |       376.24 |    81.23 |  3036m 55s | Model saved         
     400 |   2.36e+05 |   1.61e+04 |   2.20e+06 |   7.34e+05 |   1.29e+05 |    1.34e+02 |   1.22e-04 |       376.24 |    71.35 |  2952m 05s | Model saved         
     450 |   2.11e+05 |   1.49e+04 |   1.78e+06 |   7.12e+05 |   1.24e+05 |    9.48e+01 |   1.16e-04 |       376.24 |    77.97 |  2910m 14s | Model saved         
     500 |   2.28e+05 |   1.77e+04 |   3.45e+06 |   6.28e+05 |   4.09e+05 |    2.42e+02 |   1.16e-04 |       376.24 |    71.54 |  2855m 11s | Model saved         
     550 |   2.00e+05 |   1.57e+04 |   2.44e+06 |   6.82e+05 |   2.68e+05 |    1.49e+02 |   1.16e-04 |       376.24 |    77.63 |  2828m 16s | Model saved         
     600 |   3.12e+05 |   2.37e+04 |   6.08e+06 |   5.45e+05 |   8.16e+05 |    4.72e+02 |   1.16e-04 |       376.24 |    72.18 |  2790m 35s | Model saved         
     650 |   2.02e+05 |   1.48e+04 |   1.64e+06 |   6.05e+05 |   1.63e+05 |    8.76e+01 |   1.16e-04 |       376.24 |    81.78 |  2782m 57s | Model saved (best)  
     700 |   1.91e+05 |   1.40e+04 |   1.47e+06 |   6.05e+05 |   1.29e+05 |    7.34e+01 |   1.16e-04 |       376.24 |    75.39 |  2761m 07s | Model saved (best)  
     750 |   1.83e+05 |   1.35e+04 |   1.25e+06 |   6.14e+05 |   1.19e+05 |    5.19e+01 |   1.16e-04 |       376.24 |    81.65 |  2755m 50s | Model saved (best)  
     800 |   1.85e+05 |   1.33e+04 |   1.33e+06 |   6.63e+05 |   1.02e+05 |    5.71e+01 |   1.16e-04 |       376.24 |    75.19 |  2737m 42s | Model saved         
     850 |   2.00e+05 |   1.44e+04 |   1.58e+06 |   8.08e+05 |   9.20e+04 |    6.81e+01 |   1.16e-04 |       376.24 |    79.52 |  2729m 57s | Model saved         
     900 |   3.04e+05 |   2.15e+04 |   4.96e+06 |   8.82e+05 |   5.08e+05 |    3.57e+02 |   1.16e-04 |       376.24 |    72.02 |  2709m 09s | Model saved         
     950 |   2.47e+05 |   1.66e+04 |   2.74e+06 |   8.66e+05 |   2.37e+05 |    1.64e+02 |   1.10e-04 |       376.24 |    77.94 |  2700m 42s | Model saved         
    1000 |   2.09e+05 |   1.44e+04 |   1.87e+06 |   8.61e+05 |   1.20e+05 |    8.93e+01 |   1.10e-04 |       376.24 |    71.75 |  2682m 46s | Model saved         
    1050 |   2.07e+05 |   1.45e+04 |   1.87e+06 |   8.28e+05 |   1.45e+05 |    8.96e+01 |   1.10e-04 |       376.24 |    88.08 |  2692m 04s | Model saved         
    1100 |   2.08e+05 |   1.44e+04 |   1.87e+06 |   7.87e+05 |   1.37e+05 |    9.45e+01 |   1.10e-04 |       376.24 |    74.42 |  2679m 56s | Model saved         
    1150 |   1.90e+05 |   1.35e+04 |   1.47e+06 |   7.26e+05 |   1.33e+05 |    6.09e+01 |   1.05e-04 |       376.24 |    81.70 |  2679m 09s | Model saved         
    1200 |   1.85e+05 |   1.32e+04 |   1.39e+06 |   6.99e+05 |   1.14e+05 |    5.78e+01 |   1.05e-04 |       376.24 |    74.94 |  2669m 03s | Model saved         
    1250 |   1.98e+05 |   1.40e+04 |   1.55e+06 |   8.17e+05 |   1.01e+05 |    6.31e+01 |   1.05e-04 |       376.24 |    81.55 |  2668m 22s | Model saved         
    1300 |   2.14e+05 |   1.51e+04 |   1.99e+06 |   8.19e+05 |   1.29e+05 |    1.05e+02 |   1.05e-04 |       376.24 |    74.77 |  2659m 03s | Model saved         
    1350 |   2.25e+05 |   1.55e+04 |   2.12e+06 |   7.58e+05 |   1.85e+05 |    1.18e+02 |   9.94e-05 |       376.24 |    78.21 |  2654m 31s | Model saved         
    1400 |   1.88e+05 |   1.34e+04 |   1.47e+06 |   7.73e+05 |   9.30e+04 |    6.05e+01 |   9.94e-05 |       376.24 |    71.90 |  2642m 49s | Model saved         
    1450 |   1.92e+05 |   1.38e+04 |   1.46e+06 |   7.78e+05 |   9.83e+04 |    5.88e+01 |   9.94e-05 |       376.24 |    78.09 |  2638m 51s | Model saved         
    1500 |   2.13e+05 |   1.48e+04 |   1.83e+06 |   7.51e+05 |   1.15e+05 |    9.67e+01 |   9.94e-05 |       376.24 |    71.99 |  2628m 23s | Model saved         
    1550 |   1.87e+05 |   1.35e+04 |   1.36e+06 |   7.15e+05 |   1.07e+05 |    5.36e+01 |   9.45e-05 |       376.24 |    79.03 |  2625m 58s | Model saved         
    1600 |   1.89e+05 |   1.36e+04 |   1.48e+06 |   7.48e+05 |   9.56e+04 |    6.33e+01 |   9.45e-05 |       376.24 |    75.57 |  2620m 04s | Model saved         
    1650 |   2.06e+05 |   1.49e+04 |   1.81e+06 |   9.21e+05 |   8.63e+04 |    8.01e+01 |   9.45e-05 |       376.24 |    81.57 |  2620m 25s | Model saved         
    1700 |   2.12e+05 |   1.53e+04 |   2.04e+06 |   9.34e+05 |   8.53e+04 |    1.02e+02 |   9.45e-05 |       376.24 |    75.40 |  2614m 43s | Model saved         
    1750 |   2.05e+05 |   1.46e+04 |   1.72e+06 |   8.98e+05 |   8.34e+04 |    7.37e+01 |   8.97e-05 |       376.24 |    81.71 |  2615m 11s | Model saved         
    1800 |   1.97e+05 |   1.40e+04 |   1.69e+06 |   8.52e+05 |   8.59e+04 |    7.55e+01 |   8.97e-05 |       376.24 |    73.47 |  2608m 03s | Model saved         
    1850 |   1.89e+05 |   1.36e+04 |   1.41e+06 |   7.94e+05 |   8.55e+04 |    5.35e+01 |   8.97e-05 |       376.24 |    78.99 |  2606m 07s | Model saved         
    1900 |   1.93e+05 |   1.39e+04 |   1.65e+06 |   8.56e+05 |   7.94e+04 |    7.14e+01 |   8.97e-05 |       376.24 |    75.90 |  2601m 33s | Model saved         
    1950 |   1.91e+05 |   1.38e+04 |   1.53e+06 |   8.69e+05 |   7.54e+04 |    5.81e+01 |   8.53e-05 |       376.24 |    79.48 |  2600m 10s | Model saved         
    2000 |   1.93e+05 |   1.39e+04 |   1.67e+06 |   8.61e+05 |   7.81e+04 |    7.30e+01 |   8.53e-05 |       376.24 |    72.43 |  2593m 01s | Model saved         
    2050 |   2.02e+05 |   1.48e+04 |   1.80e+06 |   8.59e+05 |   8.87e+04 |    8.53e+01 |   8.53e-05 |       376.24 |    88.52 |  2598m 59s | Model saved         
    2100 |   1.96e+05 |   1.39e+04 |   1.68e+06 |   7.84e+05 |   9.63e+04 |    8.04e+01 |   8.53e-05 |       376.24 |    72.38 |  2592m 03s | Model saved         
    2150 |   1.94e+05 |   1.36e+04 |   1.48e+06 |   7.36e+05 |   1.06e+05 |    6.39e+01 |   8.10e-05 |       376.24 |    79.97 |  2591m 08s | Model saved         
    2200 |   1.92e+05 |   1.33e+04 |   1.51e+06 |   7.13e+05 |   1.05e+05 |    6.87e+01 |   8.10e-05 |       376.24 |    75.68 |  2587m 01s | Model saved         
    2250 |   1.83e+05 |   1.29e+04 |   1.27e+06 |   7.12e+05 |   9.90e+04 |    4.61e+01 |   8.10e-05 |       376.24 |    81.94 |  2587m 34s | Model saved (best)  
    2300 |   1.80e+05 |   1.27e+04 |   1.31e+06 |   7.18e+05 |   9.30e+04 |    5.03e+01 |   8.10e-05 |       376.24 |    75.58 |  2583m 32s | Model saved         
    2350 |   1.74e+05 |   1.25e+04 |   1.10e+06 |   6.93e+05 |   9.03e+04 |    3.21e+01 |   8.10e-05 |       376.24 |    82.05 |  2584m 06s | Model saved (best)  
    2400 |   1.74e+05 |   1.24e+04 |   1.21e+06 |   7.02e+05 |   8.92e+04 |    4.15e+01 |   8.10e-05 |       376.24 |    72.32 |  2577m 59s | Model saved         
    2450 |   1.71e+05 |   1.24e+04 |   1.06e+06 |   7.03e+05 |   8.38e+04 |    2.76e+01 |   8.10e-05 |       376.24 |    79.19 |  2576m 38s | Model saved (best)  
    2500 |   1.72e+05 |   1.24e+04 |   1.19e+06 |   7.12e+05 |   8.43e+04 |    3.91e+01 |   8.10e-05 |       376.24 |    72.15 |  2570m 42s | Model saved         
    2550 |   1.71e+05 |   1.24e+04 |   1.09e+06 |   7.25e+05 |   8.10e+04 |    2.80e+01 |   8.10e-05 |       376.24 |    78.77 |  2569m 10s | Model saved         
    2600 |   1.74e+05 |   1.25e+04 |   1.24e+06 |   7.27e+05 |   8.17e+04 |    4.33e+01 |   8.10e-05 |       376.24 |    72.15 |  2563m 31s | Model saved         
    2650 |   1.70e+05 |   1.23e+04 |   1.07e+06 |   7.11e+05 |   8.33e+04 |    2.74e+01 |   7.69e-05 |       376.24 |    81.72 |  2563m 54s | Model saved (best)  
    2700 |   1.72e+05 |   1.23e+04 |   1.16e+06 |   6.89e+05 |   8.69e+04 |    3.86e+01 |   7.69e-05 |       376.24 |    75.67 |  2560m 34s | Model saved         
    2750 |   1.68e+05 |   1.22e+04 |   1.01e+06 |   6.84e+05 |   8.37e+04 |    2.38e+01 |   7.69e-05 |       376.24 |    81.95 |  2561m 02s | Model saved (best)  
    2800 |   1.73e+05 |   1.25e+04 |   1.24e+06 |   7.45e+05 |   7.68e+04 |    4.23e+01 |   7.69e-05 |       376.24 |    75.35 |  2557m 36s | Model saved         
    2850 |   1.65e+05 |   1.21e+04 |   9.42e+05 |   6.78e+05 |   8.16e+04 |    1.83e+01 |   7.69e-05 |       376.24 |    80.36 |  2557m 05s | Model saved (best)  
    2900 |   1.66e+05 |   1.20e+04 |   1.04e+06 |   6.62e+05 |   8.53e+04 |    2.96e+01 |   7.69e-05 |       376.24 |    72.41 |  2552m 07s | Model saved         
    2950 |   1.65e+05 |   1.20e+04 |   9.27e+05 |   6.63e+05 |   8.32e+04 |    1.81e+01 |   7.69e-05 |       376.24 |    78.56 |  2550m 39s | Model saved (best)  
    3000 |   1.68e+05 |   1.21e+04 |   1.09e+06 |   6.81e+05 |   8.34e+04 |    3.23e+01 |   7.69e-05 |       376.24 |    72.12 |  2545m 42s | Model saved         
    3050 |   1.67e+05 |   1.21e+04 |   1.00e+06 |   7.12e+05 |   7.83e+04 |    2.15e+01 |   7.31e-05 |       376.24 |    87.21 |  2548m 53s | Model saved         
    3100 |   1.66e+05 |   1.20e+04 |   1.07e+06 |   7.02e+05 |   7.97e+04 |    2.93e+01 |   7.31e-05 |       376.24 |    74.34 |  2545m 13s | Model saved         
    3150 |   1.63e+05 |   1.19e+04 |   9.45e+05 |   7.14e+05 |   7.60e+04 |    1.55e+01 |   7.31e-05 |       376.24 |    82.04 |  2545m 33s | Model saved (best)  
    3200 |   1.65e+05 |   1.19e+04 |   1.04e+06 |   6.87e+05 |   8.01e+04 |    2.77e+01 |   7.31e-05 |       376.24 |    75.58 |  2542m 36s | Model saved         
    3250 |   1.63e+05 |   1.19e+04 |   9.21e+05 |   6.85e+05 |   7.85e+04 |    1.57e+01 |   7.31e-05 |       376.24 |    81.94 |  2542m 51s | Model saved         
    3300 |   1.64e+05 |   1.18e+04 |   1.03e+06 |   6.76e+05 |   8.08e+04 |    2.72e+01 |   7.31e-05 |       376.24 |    75.53 |  2539m 55s | Model saved         
    3350 |   1.62e+05 |   1.18e+04 |   8.70e+05 |   6.47e+05 |   8.46e+04 |    1.38e+01 |   7.31e-05 |       376.24 |    78.81 |  2538m 36s | Model saved (best)  
    3400 |   1.98e+05 |   1.34e+04 |   1.46e+06 |   5.75e+05 |   1.32e+05 |    7.51e+01 |   7.31e-05 |       376.24 |    72.28 |  2534m 12s | Model saved         
    3450 |   1.78e+05 |   1.25e+04 |   1.05e+06 |   5.93e+05 |   1.06e+05 |    3.55e+01 |   7.31e-05 |       376.24 |    78.50 |  2532m 48s | Model saved         
    3500 |   1.65e+05 |   1.19e+04 |   1.01e+06 |   6.64e+05 |   8.30e+04 |    2.63e+01 |   7.31e-05 |       376.24 |    72.52 |  2528m 39s | Model saved         
    3550 |   1.60e+05 |   1.18e+04 |   8.70e+05 |   6.80e+05 |   7.97e+04 |    1.10e+01 |   6.94e-05 |       376.24 |    79.53 |  2527m 45s | Model saved (best)  
    3600 |   1.63e+05 |   1.19e+04 |   1.05e+06 |   7.12e+05 |   7.55e+04 |    2.58e+01 |   6.94e-05 |       376.24 |    75.85 |  2525m 12s | Model saved         
    3650 |   1.64e+05 |   1.22e+04 |   1.00e+06 |   7.53e+05 |   7.19e+04 |    1.78e+01 |   6.94e-05 |       376.24 |    82.07 |  2525m 26s | Model saved         
    3700 |   1.66e+05 |   1.22e+04 |   1.10e+06 |   6.97e+05 |   7.99e+04 |    3.26e+01 |   6.94e-05 |       376.24 |    75.72 |  2522m 52s | Model saved         
    3750 |   1.69e+05 |   1.23e+04 |   1.00e+06 |   6.44e+05 |   9.31e+04 |    2.67e+01 |   6.60e-05 |       376.24 |    82.00 |  2523m 00s | Model saved         
    3800 |   1.79e+05 |   1.26e+04 |   1.27e+06 |   6.06e+05 |   1.24e+05 |    5.37e+01 |   6.60e-05 |       376.24 |    73.12 |  2519m 22s | Model saved         
    3850 |   1.69e+05 |   1.22e+04 |   1.02e+06 |   6.53e+05 |   9.63e+04 |    2.71e+01 |   6.60e-05 |       376.24 |    78.90 |  2518m 12s | Model saved         
    3900 |   1.72e+05 |   1.24e+04 |   1.18e+06 |   6.71e+05 |   9.22e+04 |    4.17e+01 |   6.60e-05 |       376.24 |    72.58 |  2514m 26s | Model saved         
    3950 |   1.67e+05 |   1.23e+04 |   1.07e+06 |   7.20e+05 |   8.22e+04 |    2.72e+01 |   6.27e-05 |       376.24 |    78.48 |  2513m 07s | Model saved         
    4000 |   1.71e+05 |   1.25e+04 |   1.22e+06 |   7.26e+05 |   8.18e+04 |    4.16e+01 |   6.27e-05 |       376.24 |    72.78 |  2509m 32s | Model saved         
    4050 |   1.67e+05 |   1.24e+04 |   1.06e+06 |   7.01e+05 |   8.72e+04 |    2.76e+01 |   6.27e-05 |       376.24 |    91.43 |  2513m 21s | Model saved         
    4100 |   1.70e+05 |   1.24e+04 |   1.19e+06 |   6.98e+05 |   8.74e+04 |    4.10e+01 |   6.27e-05 |       376.24 |    75.98 |  2511m 02s | Model saved         
    4150 |   1.64e+05 |   1.22e+04 |   1.03e+06 |   7.28e+05 |   8.07e+04 |    2.23e+01 |   5.95e-05 |       376.24 |    82.15 |  2511m 06s | Model saved         
    4200 |   1.66e+05 |   1.21e+04 |   1.07e+06 |   6.53e+05 |   9.23e+04 |    3.25e+01 |   5.95e-05 |       376.24 |    76.21 |  2508m 53s | Model saved         
    4250 |   1.61e+05 |   1.19e+04 |   8.85e+05 |   6.42e+05 |   8.69e+04 |    1.56e+01 |   5.95e-05 |       376.24 |    80.61 |  2508m 21s | Model saved         
    4300 |   1.66e+05 |   1.22e+04 |   1.11e+06 |   6.59e+05 |   9.61e+04 |    3.53e+01 |   5.95e-05 |       376.24 |    72.14 |  2504m 39s | Model saved         
    4350 |   1.62e+05 |   1.21e+04 |   9.49e+05 |   6.48e+05 |   9.55e+04 |    2.06e+01 |   5.95e-05 |       376.24 |    82.60 |  2504m 50s | Model saved         
    4400 |   1.61e+05 |   1.20e+04 |   1.03e+06 |   6.74e+05 |   8.25e+04 |    2.74e+01 |   5.95e-05 |       376.24 |    73.85 |  2501m 49s | Model saved         
    4450 |   1.59e+05 |   1.20e+04 |   9.36e+05 |   6.99e+05 |   7.77e+04 |    1.58e+01 |   5.66e-05 |       376.24 |    79.82 |  2500m 59s | Model saved         
    4500 |   1.67e+05 |   1.24e+04 |   1.17e+06 |   7.65e+05 |   7.05e+04 |    3.33e+01 |   5.66e-05 |       376.24 |    72.69 |  2497m 36s | Model saved         
    4550 |   1.60e+05 |   1.21e+04 |   9.60e+05 |   7.31e+05 |   7.19e+04 |    1.58e+01 |   5.66e-05 |       376.24 |    78.98 |  2496m 29s | Model saved         
    4600 |   1.65e+05 |   1.23e+04 |   1.13e+06 |   7.57e+05 |   7.07e+04 |    3.06e+01 |   5.66e-05 |       376.24 |    77.11 |  2494m 42s | Model saved         
    4650 |   1.87e+05 |   1.37e+04 |   1.43e+06 |   8.55e+05 |   7.52e+04 |    5.04e+01 |   5.37e-05 |       376.24 |    82.94 |  2494m 56s | Model saved         
    4700 |   2.06e+05 |   1.45e+04 |   1.77e+06 |   8.97e+05 |   7.73e+04 |    7.93e+01 |   5.37e-05 |       376.24 |    76.45 |  2492m 56s | Model saved         
    4750 |   2.13e+05 |   1.53e+04 |   1.88e+06 |   9.07e+05 |   9.84e+04 |    8.72e+01 |   5.37e-05 |       376.24 |    82.52 |  2492m 58s | Model saved         
    4800 |   2.23e+05 |   1.55e+04 |   2.01e+06 |   8.55e+05 |   1.07e+05 |    1.05e+02 |   5.37e-05 |       376.24 |    76.06 |  2490m 51s | Model saved         
    4850 |   2.12e+05 |   1.56e+04 |   1.88e+06 |   8.89e+05 |   9.41e+04 |    8.93e+01 |   5.10e-05 |       376.24 |    79.07 |  2489m 44s | Model saved         
    4900 |   2.80e+05 |   1.87e+04 |   2.78e+06 |   8.99e+05 |   1.31e+05 |    1.75e+02 |   5.10e-05 |       376.24 |    73.59 |  2486m 50s | Model saved         
    4950 |   2.48e+05 |   1.75e+04 |   2.33e+06 |   8.83e+05 |   1.14e+05 |    1.33e+02 |   5.10e-05 |       376.24 |    78.84 |  2485m 39s | Model saved         
    5000 |   2.46e+05 |   1.70e+04 |   2.33e+06 |   8.87e+05 |   1.00e+05 |    1.34e+02 |   5.10e-05 |       376.24 |    72.85 |  2482m 34s | Model saved         
    5050 |   1.93e+05 |   1.41e+04 |   1.46e+06 |   8.15e+05 |   7.95e+04 |    5.67e+01 |   4.85e-05 |       376.24 |    89.65 |  2484m 48s | Model saved         
    5100 |   1.87e+05 |   1.37e+04 |   1.46e+06 |   7.89e+05 |   7.78e+04 |    5.97e+01 |   4.85e-05 |       376.24 |    76.33 |  2482m 48s | Model saved         
    5150 |   1.81e+05 |   1.35e+04 |   1.31e+06 |   8.03e+05 |   7.24e+04 |    4.38e+01 |   4.85e-05 |       376.24 |    82.67 |  2482m 47s | Model saved         
    5200 |   1.82e+05 |   1.35e+04 |   1.43e+06 |   8.13e+05 |   7.04e+04 |    5.46e+01 |   4.85e-05 |       376.24 |    76.15 |  2480m 45s | Model saved         
    5250 |   1.84e+05 |   1.38e+04 |   1.39e+06 |   8.25e+05 |   7.15e+04 |    4.97e+01 |   4.61e-05 |       376.24 |    81.96 |  2480m 29s | Model saved         
    5300 |   1.93e+05 |   1.44e+04 |   1.63e+06 |   8.27e+05 |   7.39e+04 |    7.28e+01 |   4.61e-05 |       376.24 |    74.26 |  2477m 54s | Model saved         
    5350 |   1.88e+05 |   1.41e+04 |   1.45e+06 |   8.20e+05 |   7.33e+04 |    5.59e+01 |   4.61e-05 |       376.24 |    79.19 |  2476m 48s | Model saved         
    5400 |   1.89e+05 |   1.41e+04 |   1.57e+06 |   8.30e+05 |   7.24e+04 |    6.69e+01 |   4.61e-05 |       376.24 |    72.90 |  2473m 51s | Model saved         
    5450 |   1.82e+05 |   1.37e+04 |   1.36e+06 |   8.22e+05 |   7.01e+04 |    4.63e+01 |   4.38e-05 |       376.24 |    79.00 |  2472m 42s | Model saved         
    5500 |   1.79e+05 |   1.34e+04 |   1.40e+06 |   8.06e+05 |   6.91e+04 |    5.24e+01 |   4.38e-05 |       376.24 |    72.85 |  2469m 47s | Model saved         
    5550 |   1.72e+05 |   1.30e+04 |   1.17e+06 |   7.76e+05 |   6.98e+04 |    3.27e+01 |   4.38e-05 |       376.24 |    81.47 |  2469m 21s | Model saved         
    5600 |   1.70e+05 |   1.28e+04 |   1.25e+06 |   7.76e+05 |   7.06e+04 |    4.04e+01 |   4.38e-05 |       376.24 |    76.46 |  2467m 30s | Model saved         
    5650 |   1.61e+05 |   1.22e+04 |   9.87e+05 |   7.42e+05 |   7.25e+04 |    1.72e+01 |   4.16e-05 |       376.24 |    82.32 |  2467m 16s | Model saved         
    5700 |   1.69e+05 |   1.27e+04 |   1.23e+06 |   7.64e+05 |   7.31e+04 |    3.93e+01 |   4.16e-05 |       376.24 |    76.54 |  2465m 26s | Model saved         
    5750 |   1.66e+05 |   1.26e+04 |   1.07e+06 |   7.52e+05 |   7.32e+04 |    2.48e+01 |   4.16e-05 |       376.24 |    82.31 |  2465m 11s | Model saved         
    5800 |   1.64e+05 |   1.23e+04 |   1.14e+06 |   7.54e+05 |   7.13e+04 |    3.20e+01 |   4.16e-05 |       376.24 |    72.34 |  2462m 13s | Model saved         
    5850 |   1.58e+05 |   1.19e+04 |   9.25e+05 |   7.30e+05 |   7.15e+04 |    1.23e+01 |   4.16e-05 |       376.24 |    79.25 |  2461m 08s | Model saved         
    5900 |   1.62e+05 |   1.21e+04 |   1.10e+06 |   7.38e+05 |   7.30e+04 |    2.93e+01 |   4.16e-05 |       376.24 |    72.98 |  2458m 23s | Model saved         
    5950 |   1.69e+05 |   1.26e+04 |   1.11e+06 |   7.81e+05 |   7.07e+04 |    2.61e+01 |   4.16e-05 |       376.24 |    79.17 |  2457m 17s | Model saved         
    6000 |   1.59e+05 |   1.19e+04 |   1.04e+06 |   7.17e+05 |   7.38e+04 |    2.45e+01 |   4.16e-05 |       376.24 |    73.95 |  2454m 49s | Model saved         
    6050 |   1.55e+05 |   1.16e+04 |   8.36e+05 |   6.71e+05 |   7.75e+04 |    8.79e+00 |   4.16e-05 |       376.24 |    92.19 |  2457m 06s | Model saved (best)  
    6100 |   1.57e+05 |   1.16e+04 |   9.68e+05 |   6.63e+05 |   8.08e+04 |    2.24e+01 |   4.16e-05 |       376.24 |    76.28 |  2455m 14s | Model saved         
    6150 |   1.58e+05 |   1.17e+04 |   8.67e+05 |   6.53e+05 |   8.16e+04 |    1.33e+01 |   4.16e-05 |       376.24 |    82.04 |  2454m 51s | Model saved         
    6200 |   1.60e+05 |   1.17e+04 |   1.01e+06 |   6.59e+05 |   8.35e+04 |    2.64e+01 |   4.16e-05 |       376.24 |    76.19 |  2452m 58s | Model saved         
    6250 |   1.64e+05 |   1.19e+04 |   9.34e+05 |   6.15e+05 |   9.47e+04 |    2.24e+01 |   3.95e-05 |       376.24 |    80.05 |  2452m 03s | Model saved         
    6300 |   1.65e+05 |   1.19e+04 |   1.06e+06 |   6.31e+05 |   9.20e+04 |    3.33e+01 |   3.95e-05 |       376.24 |    73.52 |  2449m 31s | Model saved         
    6350 |   1.60e+05 |   1.17e+04 |   8.84e+05 |   6.57e+05 |   8.17e+04 |    1.46e+01 |   3.95e-05 |       376.24 |    79.17 |  2448m 24s | Model saved         
    6400 |   1.58e+05 |   1.17e+04 |   9.93e+05 |   7.07e+05 |   7.21e+04 |    2.14e+01 |   3.95e-05 |       376.24 |    73.07 |  2445m 47s | Model saved         
    6450 |   1.54e+05 |   1.15e+04 |   8.06e+05 |   6.75e+05 |   7.41e+04 |    5.70e+00 |   3.75e-05 |       376.24 |    79.13 |  2444m 39s | Model saved (best)  
    6500 |   1.55e+05 |   1.16e+04 |   9.46e+05 |   6.90e+05 |   7.34e+04 |    1.82e+01 |   3.75e-05 |       376.24 |    75.69 |  2442m 42s | Model saved         
    6550 |   1.54e+05 |   1.15e+04 |   7.98e+05 |   6.65e+05 |   7.34e+04 |    5.93e+00 |   3.75e-05 |       376.24 |    82.97 |  2442m 29s | Model saved         
    6600 |   1.55e+05 |   1.15e+04 |   9.29e+05 |   6.78e+05 |   7.36e+04 |    1.77e+01 |   3.75e-05 |       376.24 |    76.50 |  2440m 44s | Model saved         
    6650 |   1.53e+05 |   1.15e+04 |   7.84e+05 |   6.58e+05 |   7.47e+04 |    5.03e+00 |   3.75e-05 |       376.24 |    82.87 |  2440m 28s | Model saved (best)  
    6700 |   1.55e+05 |   1.15e+04 |   9.17e+05 |   6.68e+05 |   7.58e+04 |    1.72e+01 |   3.75e-05 |       376.24 |    75.77 |  2438m 32s | Model saved         
    6750 |   1.52e+05 |   1.15e+04 |   7.71e+05 |   6.57e+05 |   7.46e+04 |    4.02e+00 |   3.75e-05 |       376.24 |    79.10 |  2437m 23s | Model saved (best)  
    6800 |   1.55e+05 |   1.16e+04 |   9.36e+05 |   6.91e+05 |   7.11e+04 |    1.73e+01 |   3.75e-05 |       376.24 |    76.79 |  2435m 43s | Model saved         
    6850 |   1.53e+05 |   1.15e+04 |   7.82e+05 |   6.70e+05 |   7.25e+04 |    3.90e+00 |   3.75e-05 |       376.24 |    80.51 |  2434m 53s | Model saved (best)  
    6900 |   1.56e+05 |   1.17e+04 |   9.51e+05 |   6.77e+05 |   7.55e+04 |    1.98e+01 |   3.75e-05 |       376.24 |    73.92 |  2432m 34s | Model saved         
    6950 |   1.57e+05 |   1.18e+04 |   8.62e+05 |   6.87e+05 |   7.36e+04 |    1.01e+01 |   3.75e-05 |       376.24 |    79.10 |  2431m 25s | Model saved         
    7000 |   1.60e+05 |   1.19e+04 |   1.01e+06 |   7.01e+05 |   7.16e+04 |    2.36e+01 |   3.75e-05 |       376.24 |    73.02 |  2428m 55s | Model saved         
    7050 |   1.56e+05 |   1.18e+04 |   8.46e+05 |   6.88e+05 |   7.20e+04 |    8.59e+00 |   3.56e-05 |       376.24 |    90.18 |  2430m 13s | Model saved         
    7100 |   1.63e+05 |   1.22e+04 |   1.06e+06 |   7.00e+05 |   7.40e+04 |    2.89e+01 |   3.56e-05 |       376.24 |    76.61 |  2428m 31s | Model saved         
    7150 |   1.60e+05 |   1.22e+04 |   9.19e+05 |   7.01e+05 |   7.12e+04 |    1.47e+01 |   3.56e-05 |       376.24 |    82.89 |  2428m 10s | Model saved         
    7200 |   1.59e+05 |   1.20e+04 |   1.01e+06 |   6.97e+05 |   7.03e+04 |    2.42e+01 |   3.56e-05 |       376.24 |    76.61 |  2426m 28s | Model saved         
    7250 |   1.56e+05 |   1.19e+04 |   8.36e+05 |   6.76e+05 |   7.17e+04 |    8.82e+00 |   3.39e-05 |       376.24 |    82.66 |  2426m 04s | Model saved         
    7300 |   1.58e+05 |   1.19e+04 |   9.82e+05 |   6.80e+05 |   7.30e+04 |    2.29e+01 |   3.39e-05 |       376.24 |    73.86 |  2423m 47s | Model saved         
    7350 |   1.55e+05 |   1.18e+04 |   8.15e+05 |   6.68e+05 |   7.00e+04 |    7.77e+00 |   3.39e-05 |       376.24 |    79.84 |  2422m 46s | Model saved         
    7400 |   1.56e+05 |   1.19e+04 |   9.62e+05 |   6.85e+05 |   6.78e+04 |    2.09e+01 |   3.39e-05 |       376.24 |    73.17 |  2420m 21s | Model saved         
    7450 |   1.56e+05 |   1.19e+04 |   8.46e+05 |   6.81e+05 |   6.78e+04 |    9.79e+00 |   3.22e-05 |       376.24 |    78.91 |  2419m 09s | Model saved         
    7500 |   1.57e+05 |   1.18e+04 |   9.67e+05 |   6.98e+05 |   6.68e+04 |    2.03e+01 |   3.22e-05 |       376.24 |    73.12 |  2416m 45s | Model saved         
    7550 |   1.53e+05 |   1.15e+04 |   7.80e+05 |   6.79e+05 |   6.93e+04 |    3.20e+00 |   3.22e-05 |       376.24 |    82.49 |  2416m 17s | Model saved (best)  
    7600 |   1.61e+05 |   1.20e+04 |   1.05e+06 |   6.70e+05 |   8.82e+04 |    2.96e+01 |   3.22e-05 |       376.24 |    76.70 |  2414m 38s | Model saved         
    7650 |   1.65e+05 |   1.22e+04 |   9.60e+05 |   6.46e+05 |   9.26e+04 |    2.21e+01 |   3.06e-05 |       376.24 |    82.90 |  2414m 14s | Model saved         
    7700 |   1.61e+05 |   1.20e+04 |   1.03e+06 |   6.82e+05 |   7.97e+04 |    2.70e+01 |   3.06e-05 |       376.24 |    76.42 |  2412m 32s | Model saved         
    7750 |   1.57e+05 |   1.18e+04 |   8.43e+05 |   6.79e+05 |   7.37e+04 |    9.06e+00 |   3.06e-05 |       376.24 |    81.09 |  2411m 45s | Model saved         
    7800 |   1.56e+05 |   1.17e+04 |   9.52e+05 |   6.85e+05 |   7.28e+04 |    1.94e+01 |   3.06e-05 |       376.24 |    73.52 |  2409m 29s | Model saved         
================================================================================
RESUMING TRAINING - APPENDING TO EXISTING LOG
================================================================================
Distributed training setup: RANK: 0, WORLD_SIZE=4, MASTER_ADDR=idun-08-01, MASTER_PORT=44783
Running on device: cuda, Global rank: 0, Distributed: True, Main process: True
Loading dynamics config from saved_models/eta10_x0_gamma0.01_lowvol_psi5_naislstm_GELU/dynamics_config.json
------------------------------------------------------------
DYNAMICS CONFIGURATION:
------------------------------------------------------------
dynamics: FullDynamics
T: 1.0
N: 144
dim: 3
dim_W: 2
y0: [0.0, 80.0, 0.0]
mu_P: 0.0
mu_D: 0.0
time_dep_vol: True
use_exact: True
low_vol: False
sigma_P0: 10
sigma_P1: 20
alpha_P: 120.0
beta_P: 40.0
sigma_D0: 30.0
sigma_D1: 50.0
alpha_D: 1600.0
beta_D: 900.0
rho: -0.6
psi: 5.0
gamma: 0.01
nu: 0.042
eta: 10
smooth_control: True
eps: 0.1
analytical_known: True
dt: 0.006944444444444444
------------------------------------------------------------
Attempting to load model from saved_models/eta10_x0_gamma0.01_lowvol_psi5_naislstm_GELU
Found existing model files: ['model_best.pth', 'model.pth']
Successfully loaded model checkpoint from epoch 7800 with training state
Saving configuration files...
Configuration saved to saved_models/eta10_x0_gamma0.01_lowvol_psi5_naislstm_GELU
Applying DDP for parallel training.
Training started at 2025-06-30 13:12:48
Logging training to saved_models/eta10_x0_gamma0.01_lowvol_psi5_naislstm_GELU/training.log
   Epoch |      Y val |      q val | Total loss |     Y loss |    T. loss |   cost loss |         LR |  Memory [MB] | Time [s] |        ETA | Status              
----------------------------------------------------------------------------------------------------------------------------------------------------------------

Resuming training from epoch 7801/100000
Current learning rate: 3.056365e-05
Lowest loss so far: 3.196956e+00
----------------------------------------------------------------------------------------------------------------------------------------------------------------
    7850 |   1.57e+05 |   1.18e+04 |   8.95e+05 |   6.84e+05 |   7.27e+04 |    1.39e+01 |   2.90e-05 |       820.72 |   337.95 |    66m 07s | Model saved         
    7900 |   1.56e+05 |   1.18e+04 |   8.54e+05 |   6.88e+05 |   7.20e+04 |    9.35e+00 |   2.90e-05 |       822.69 |   336.70 |   131m 05s | Model saved         
    7950 |   1.56e+05 |   1.17e+04 |   8.80e+05 |   6.88e+05 |   7.27e+04 |    1.20e+01 |   2.90e-05 |       822.20 |   378.23 |   203m 10s | Model saved         
    8000 |   1.55e+05 |   1.17e+04 |   8.09e+05 |   6.81e+05 |   7.16e+04 |    5.69e+00 |   2.90e-05 |       821.22 |   342.50 |   267m 26s | Model saved         
    8050 |   1.54e+05 |   1.16e+04 |   8.00e+05 |   6.76e+05 |   7.27e+04 |    5.15e+00 |   2.76e-05 |       825.15 |   392.84 |   340m 25s | Model saved         
    8100 |   1.55e+05 |   1.16e+04 |   8.02e+05 |   6.79e+05 |   7.24e+04 |    4.99e+00 |   2.76e-05 |       821.22 |   329.24 |   400m 24s | Model saved         
    8150 |   1.55e+05 |   1.16e+04 |   8.70e+05 |   6.85e+05 |   7.19e+04 |    1.14e+01 |   2.76e-05 |       822.20 |   361.39 |   465m 36s | Model saved         
    8200 |   1.56e+05 |   1.17e+04 |   7.57e+05 |   6.84e+05 |   7.22e+04 |    8.20e-02 |   2.76e-05 |       823.18 |   331.34 |   524m 20s | Model saved (best)  
    8250 |   1.54e+05 |   1.16e+04 |   7.72e+05 |   6.80e+05 |   7.24e+04 |    1.98e+00 |   2.62e-05 |       821.71 |   370.90 |   589m 37s | Model saved         
    8300 |   1.55e+05 |   1.16e+04 |   8.14e+05 |   6.77e+05 |   7.18e+04 |    6.44e+00 |   2.62e-05 |       824.16 |   330.06 |   646m 32s | Model saved         
    8350 |   1.54e+05 |   1.16e+04 |   7.76e+05 |   6.80e+05 |   7.16e+04 |    2.45e+00 |   2.62e-05 |       822.69 |   363.45 |   708m 48s | Model saved         
    8400 |   1.55e+05 |   1.17e+04 |   7.44e+05 |   6.78e+05 |   7.17e+04 |   -5.87e-01 |   2.62e-05 |       823.67 |   342.34 |   766m 25s | Model saved (best)  
    8450 |   1.55e+05 |   1.17e+04 |   8.29e+05 |   6.81e+05 |   7.14e+04 |    7.70e+00 |   2.49e-05 |       822.20 |   366.51 |   827m 38s | Model saved         
    8500 |   1.55e+05 |   1.16e+04 |   7.84e+05 |   6.78e+05 |   7.12e+04 |    3.47e+00 |   2.49e-05 |       822.69 |   340.59 |   883m 26s | Model saved         
    8550 |   1.54e+05 |   1.16e+04 |   7.30e+05 |   6.70e+05 |   7.20e+04 |   -1.15e+00 |   2.49e-05 |       823.67 |   373.27 |   944m 19s | Model saved (best)  
    8600 |   1.53e+05 |   1.15e+04 |   7.18e+05 |   6.61e+05 |   7.18e+04 |   -1.40e+00 |   2.49e-05 |       821.22 |   330.11 |   996m 48s | Model saved (best)  
    8650 |   1.53e+05 |   1.15e+04 |   7.92e+05 |   6.62e+05 |   7.22e+04 |    5.78e+00 |   2.36e-05 |       821.71 |   367.85 |  1055m 14s | Model saved         
    8700 |   1.54e+05 |   1.16e+04 |   7.82e+05 |   6.61e+05 |   7.19e+04 |    4.87e+00 |   2.36e-05 |       822.20 |   333.38 |  1106m 54s | Model saved         
================================================================================
RESUMING TRAINING - APPENDING TO EXISTING LOG
================================================================================
Distributed training setup: RANK: 0, WORLD_SIZE=4, MASTER_ADDR=idun-08-01, MASTER_PORT=39695
Running on device: cuda, Global rank: 0, Distributed: True, Main process: True
Loading dynamics config from saved_models/eta10_x0_gamma0.01_lowvol_psi5_scheeps1_naislstm_GELU/dynamics_config.json
------------------------------------------------------------
DYNAMICS CONFIGURATION:
------------------------------------------------------------
dynamics: FullDynamics
T: 1.0
N: 144
dim: 3
dim_W: 2
y0: [0.0, 80.0, 0.0]
mu_P: 0.0
mu_D: 0.0
time_dep_vol: True
use_exact: True
low_vol: False
sigma_P0: 10
sigma_P1: 20
alpha_P: 120.0
beta_P: 40.0
sigma_D0: 30.0
sigma_D1: 50.0
alpha_D: 1600.0
beta_D: 900.0
rho: -0.6
psi: 5.0
gamma: 0.01
nu: 0.042
eta: 10
smooth_control: True
eps: 1.0
schedule_epsilon: True
analytical_known: True
dt: 0.006944444444444444
------------------------------------------------------------
Attempting to load model from saved_models/eta10_x0_gamma0.01_lowvol_psi5_scheeps1_naislstm_GELU
Found existing model files: ['model_best.pth', 'model.pth']
Successfully loaded model checkpoint from epoch 8700 with training state
Saving configuration files...
Configuration saved to saved_models/eta10_x0_gamma0.01_lowvol_psi5_scheeps1_naislstm_GELU
Applying DDP for parallel training.
Training started at 2025-06-30 15:14:41
Logging training to saved_models/eta10_x0_gamma0.01_lowvol_psi5_scheeps1_naislstm_GELU/training.log
   Epoch |      Y val |      q val | Total loss |     Y loss |    T. loss |   pinn loss |   cost loss |         LR |        Eps |  Memory [MB] | Time [s] |        ETA | Status              
-------------------------------------------------------------------------------------------------------------------------------------------------------------------------------------------

Resuming training from epoch 8701/100000
Current learning rate: 2.364957e-05
Lowest loss so far: -1.396406e+00
-------------------------------------------------------------------------------------------------------------------------------------------------------------------------------------------
    8750 |   1.53e+05 |   8.47e+03 |   1.19e+06 |   1.06e+05 |   7.89e+04 |    5.88e+05 |    4.22e+01 |   2.36e-05 |   1.00e+00 |      3723.11 |   355.26 |    61m 44s | Model saved         
================================================================================
RESUMING TRAINING - APPENDING TO EXISTING LOG
================================================================================
Distributed training setup: RANK: 0, WORLD_SIZE=4, MASTER_ADDR=idun-08-01, MASTER_PORT=44847
Running on device: cuda, Global rank: 0, Distributed: True, Main process: True
Loading dynamics config from saved_models/eta10_x0_gamma0.01_lowvol_psi5_scheeps1_naislstm_GELU/dynamics_config.json
------------------------------------------------------------
DYNAMICS CONFIGURATION:
------------------------------------------------------------
dynamics: FullDynamics
T: 1.0
N: 144
dim: 3
dim_W: 2
y0: [0.0, 80.0, 0.0]
mu_P: 0.0
mu_D: 0.0
time_dep_vol: True
use_exact: True
low_vol: False
sigma_P0: 10
sigma_P1: 20
alpha_P: 120.0
beta_P: 40.0
sigma_D0: 30.0
sigma_D1: 50.0
alpha_D: 1600.0
beta_D: 900.0
rho: -0.6
psi: 5.0
gamma: 0.01
nu: 0.042
eta: 10
smooth_control: True
eps: 1.0
schedule_epsilon: True
analytical_known: True
dt: 0.006944444444444444
------------------------------------------------------------
================================================================================
RESUMING TRAINING - APPENDING TO EXISTING LOG
================================================================================
Distributed training setup: RANK: 0, WORLD_SIZE=4, MASTER_ADDR=idun-08-01, MASTER_PORT=45995
Running on device: cuda, Global rank: 0, Distributed: True, Main process: True
Loading dynamics config from saved_models/eta10_x0_gamma0.01_lowvol_psi5_scheeps1_naislstm_GELU/dynamics_config.json
------------------------------------------------------------
DYNAMICS CONFIGURATION:
------------------------------------------------------------
dynamics: FullDynamics
T: 1.0
N: 144
dim: 3
dim_W: 2
y0: [0.0, 80.0, 0.0]
mu_P: 0.0
mu_D: 0.0
time_dep_vol: True
use_exact: True
low_vol: False
sigma_P0: 10
sigma_P1: 20
alpha_P: 120.0
beta_P: 40.0
sigma_D0: 30.0
sigma_D1: 50.0
alpha_D: 1600.0
beta_D: 900.0
rho: -0.6
psi: 5.0
gamma: 0.01
nu: 0.042
eta: 10
smooth_control: True
eps: 1.0
schedule_epsilon: True
eps_decay_factor: 0.95
eps_update_every: 1000
analytical_known: True
dt: 0.006944444444444444
------------------------------------------------------------
Attempting to load model from saved_models/eta10_x0_gamma0.01_lowvol_psi5_scheeps1_naislstm_GELU
Found existing model files: ['model_best.pth', 'model.pth']
Successfully loaded model checkpoint from epoch 8750 with training state
Saving configuration files...
Configuration saved to saved_models/eta10_x0_gamma0.01_lowvol_psi5_scheeps1_naislstm_GELU
Applying DDP for parallel training.
Training started at 2025-06-30 16:21:12
Logging training to saved_models/eta10_x0_gamma0.01_lowvol_psi5_scheeps1_naislstm_GELU/training.log
   Epoch |      Y val |      q val | Total loss |     Y loss |    T. loss |   pinn loss |   cost loss |         LR |        Eps |  Memory [MB] | Time [s] |        ETA | Status              
-------------------------------------------------------------------------------------------------------------------------------------------------------------------------------------------

Resuming training from epoch 8751/100000
Current learning rate: 2.364957e-05
Lowest loss so far: inf
-------------------------------------------------------------------------------------------------------------------------------------------------------------------------------------------
    8800 |   1.52e+05 |   8.30e+03 |   1.12e+06 |   1.07e+05 |   7.70e+04 |    5.86e+05 |    3.55e+01 |   2.36e-05 |   1.00e+00 |     73620.52 |   379.69 | 11542m 37s | Model saved (best)  
  Processing batch 1/1 (sims 0-4) with seed 42
  Processing batch 1/3 (sims 0-4095) with seed 42
  Processing batch 2/3 (sims 4096-8191) with seed 43
  Processing batch 3/3 (sims 8192-9999) with seed 44
    8850 |   1.49e+05 |   8.16e+03 |   1.06e+06 |   1.07e+05 |   7.56e+04 |    5.83e+05 |    2.98e+01 |   2.25e-05 |   1.00e+00 |     76567.02 |   407.81 | 11963m 27s | Model saved (best)  
================================================================================
RESUMING TRAINING - APPENDING TO EXISTING LOG
================================================================================
Distributed training setup: RANK: 0, WORLD_SIZE=4, MASTER_ADDR=idun-08-01, MASTER_PORT=36825
Running on device: cuda, Global rank: 0, Distributed: True, Main process: True
Loading dynamics config from saved_models/eta10_x0_gamma0.01_lowvol_psi5_scheeps1_naislstm_GELU/dynamics_config.json
------------------------------------------------------------
DYNAMICS CONFIGURATION:
------------------------------------------------------------
dynamics: FullDynamics
T: 1.0
N: 144
dim: 3
dim_W: 2
y0: [0.0, 80.0, 0.0]
mu_P: 0.0
mu_D: 0.0
time_dep_vol: True
use_exact: True
low_vol: False
sigma_P0: 10
sigma_P1: 20
alpha_P: 120.0
beta_P: 40.0
sigma_D0: 30.0
sigma_D1: 50.0
alpha_D: 1600.0
beta_D: 900.0
rho: -0.6
psi: 5.0
gamma: 0.01
nu: 0.042
eta: 10
smooth_control: True
eps: 1.0
schedule_epsilon: True
eps_decay_factor: 0.95
eps_update_every: 1000
analytical_known: True
dt: 0.006944444444444444
------------------------------------------------------------
Attempting to load model from saved_models/eta10_x0_gamma0.01_lowvol_psi5_scheeps1_naislstm_GELU
Found existing model files: ['model_best.pth', 'model.pth']
Successfully loaded model checkpoint from epoch 8850 with training state
Saving configuration files...
Configuration saved to saved_models/eta10_x0_gamma0.01_lowvol_psi5_scheeps1_naislstm_GELU
Applying DDP for parallel training.
Training started at 2025-06-30 16:39:00
Logging training to saved_models/eta10_x0_gamma0.01_lowvol_psi5_scheeps1_naislstm_GELU/training.log
   Epoch |      Y val |      q val | Total loss |     Y loss |    T. loss |   cost loss |         LR |        Eps |  Memory [MB] | Time [s] |        ETA | Status              
-----------------------------------------------------------------------------------------------------------------------------------------------------------------------------

Resuming training from epoch 8851/100000
Current learning rate: 2.246709e-05
Lowest loss so far: inf
-----------------------------------------------------------------------------------------------------------------------------------------------------------------------------
================================================================================
RESUMING TRAINING - APPENDING TO EXISTING LOG
================================================================================
Distributed training setup: RANK: 0, WORLD_SIZE=4, MASTER_ADDR=idun-08-01, MASTER_PORT=43915
Running on device: cuda, Global rank: 0, Distributed: True, Main process: True
Loading dynamics config from saved_models/eta10_x0_gamma0.01_lowvol_psi5_scheeps1_naislstm_GELU/dynamics_config.json
------------------------------------------------------------
DYNAMICS CONFIGURATION:
------------------------------------------------------------
dynamics: FullDynamics
T: 1.0
N: 144
dim: 3
dim_W: 2
y0: [0.0, 80.0, 0.0]
mu_P: 0.0
mu_D: 0.0
time_dep_vol: True
use_exact: True
low_vol: False
sigma_P0: 10
sigma_P1: 20
alpha_P: 120.0
beta_P: 40.0
sigma_D0: 30.0
sigma_D1: 50.0
alpha_D: 1600.0
beta_D: 900.0
rho: -0.6
psi: 5.0
gamma: 0.01
nu: 0.042
eta: 10
smooth_control: True
eps: 1.0
schedule_epsilon: True
eps_decay_factor: 0.95
eps_update_every: 1000
analytical_known: True
dt: 0.006944444444444444
------------------------------------------------------------
Attempting to load model from saved_models/eta10_x0_gamma0.01_lowvol_psi5_scheeps1_naislstm_GELU
Found existing model files: ['model_best.pth', 'model.pth']
Successfully loaded model checkpoint from epoch 8850 with training state
Saving configuration files...
Configuration saved to saved_models/eta10_x0_gamma0.01_lowvol_psi5_scheeps1_naislstm_GELU
Applying DDP for parallel training.
Training started at 2025-06-30 16:41:46
Logging training to saved_models/eta10_x0_gamma0.01_lowvol_psi5_scheeps1_naislstm_GELU/training.log
   Epoch |      Y val |      q val | Total loss |     Y loss |    T. loss |   cost loss |         LR |        Eps |  Memory [MB] | Time [s] |        ETA | Status              
-----------------------------------------------------------------------------------------------------------------------------------------------------------------------------

Resuming training from epoch 8851/100000
Current learning rate: 2.246709e-05
Lowest loss so far: inf
-----------------------------------------------------------------------------------------------------------------------------------------------------------------------------
================================================================================
RESUMING TRAINING - APPENDING TO EXISTING LOG
================================================================================
Distributed training setup: RANK: 0, WORLD_SIZE=4, MASTER_ADDR=idun-08-01, MASTER_PORT=43971
Running on device: cuda, Global rank: 0, Distributed: True, Main process: True
Loading dynamics config from saved_models/eta10_x0_gamma0.01_lowvol_psi5_scheeps1_naislstm_GELU/dynamics_config.json
------------------------------------------------------------
DYNAMICS CONFIGURATION:
------------------------------------------------------------
dynamics: FullDynamics
T: 1.0
N: 144
dim: 3
dim_W: 2
y0: [0.0, 80.0, 0.0]
mu_P: 0.0
mu_D: 0.0
time_dep_vol: True
use_exact: True
low_vol: False
sigma_P0: 10
sigma_P1: 20
alpha_P: 120.0
beta_P: 40.0
sigma_D0: 30.0
sigma_D1: 50.0
alpha_D: 1600.0
beta_D: 900.0
rho: -0.6
psi: 5.0
gamma: 0.01
nu: 0.042
eta: 10
smooth_control: True
eps: 1.0
schedule_epsilon: True
eps_decay_factor: 0.95
eps_update_every: 1000
analytical_known: True
dt: 0.006944444444444444
------------------------------------------------------------
Attempting to load model from saved_models/eta10_x0_gamma0.01_lowvol_psi5_scheeps1_naislstm_GELU
Found existing model files: ['model_best.pth', 'model.pth']
Successfully loaded model checkpoint from epoch 8850 with training state
Saving configuration files...
Configuration saved to saved_models/eta10_x0_gamma0.01_lowvol_psi5_scheeps1_naislstm_GELU
Applying DDP for parallel training.
Training started at 2025-06-30 16:44:57
Logging training to saved_models/eta10_x0_gamma0.01_lowvol_psi5_scheeps1_naislstm_GELU/training.log
   Epoch |      Y val |      q val | Total loss |     Y loss |    T. loss |   cost loss |         LR |        Eps |  Memory [MB] | Time [s] |        ETA | Status              
-----------------------------------------------------------------------------------------------------------------------------------------------------------------------------
Resetting learning rate scheduler and optimizer LR to 1.00e-03

Resuming training from epoch 8851/100000
Current learning rate: 1.000000e-03
Lowest loss so far: inf
-----------------------------------------------------------------------------------------------------------------------------------------------------------------------------
================================================================================
RESUMING TRAINING - APPENDING TO EXISTING LOG
================================================================================
Distributed training setup: RANK: 0, WORLD_SIZE=4, MASTER_ADDR=idun-08-01, MASTER_PORT=38451
Running on device: cuda, Global rank: 0, Distributed: True, Main process: True
Loading dynamics config from saved_models/eta10_x0_gamma0.01_lowvol_psi5_scheeps1_naislstm_GELU/dynamics_config.json
------------------------------------------------------------
DYNAMICS CONFIGURATION:
------------------------------------------------------------
dynamics: FullDynamics
T: 1.0
N: 144
dim: 3
dim_W: 2
y0: [0.0, 80.0, 0.0]
mu_P: 0.0
mu_D: 0.0
time_dep_vol: True
use_exact: True
low_vol: False
sigma_P0: 10
sigma_P1: 20
alpha_P: 120.0
beta_P: 40.0
sigma_D0: 30.0
sigma_D1: 50.0
alpha_D: 1600.0
beta_D: 900.0
rho: -0.6
psi: 5.0
gamma: 0.01
nu: 0.042
eta: 10
smooth_control: True
eps: 1.0
schedule_epsilon: True
eps_decay_factor: 0.95
eps_update_every: 1000
analytical_known: True
dt: 0.006944444444444444
------------------------------------------------------------
Attempting to load model from saved_models/eta10_x0_gamma0.01_lowvol_psi5_scheeps1_naislstm_GELU
Found existing model files: ['model_best.pth', 'model.pth']
Successfully loaded model checkpoint from epoch 8850 with training state
Saving configuration files...
Configuration saved to saved_models/eta10_x0_gamma0.01_lowvol_psi5_scheeps1_naislstm_GELU
Applying DDP for parallel training.
Training started at 2025-06-30 16:47:23
Logging training to saved_models/eta10_x0_gamma0.01_lowvol_psi5_scheeps1_naislstm_GELU/training.log
   Epoch |      Y val |      q val | Total loss |     Y loss |    T. loss |   cost loss |         LR |        Eps |  Memory [MB] | Time [s] |        ETA | Status              
-----------------------------------------------------------------------------------------------------------------------------------------------------------------------------
Resetting learning rate scheduler and optimizer LR to 1.00e-03

Resuming training from epoch 8851/100000
Current learning rate: 1.000000e-03
Lowest loss so far: inf
-----------------------------------------------------------------------------------------------------------------------------------------------------------------------------
    8900 |   1.32e+05 |   7.28e+03 |   1.05e+05 |   1.12e+05 |   6.57e+04 |   -7.26e+00 |   1.00e-03 |   1.00e+00 |      7568.62 |   339.11 | 10297m 41s | Model saved (best)  
================================================================================
RESUMING TRAINING - APPENDING TO EXISTING LOG
================================================================================
Distributed training setup: RANK: 0, WORLD_SIZE=4, MASTER_ADDR=idun-08-01, MASTER_PORT=46363
Running on device: cuda, Global rank: 0, Distributed: True, Main process: True
Loading dynamics config from saved_models/eta10_x0_gamma0.01_lowvol_psi5_scheeps1_naislstm_GELU/dynamics_config.json
------------------------------------------------------------
DYNAMICS CONFIGURATION:
------------------------------------------------------------
dynamics: FullDynamics
T: 1.0
N: 144
dim: 3
dim_W: 2
y0: [0.0, 80.0, 0.0]
mu_P: 0.0
mu_D: 0.0
time_dep_vol: True
use_exact: True
low_vol: False
sigma_P0: 10
sigma_P1: 20
alpha_P: 120.0
beta_P: 40.0
sigma_D0: 30.0
sigma_D1: 50.0
alpha_D: 1600.0
beta_D: 900.0
rho: -0.6
psi: 5.0
gamma: 0.01
nu: 0.042
eta: 10
smooth_control: True
eps: 1.0
schedule_epsilon: True
eps_decay_factor: 0.95
eps_update_every: 1000
analytical_known: True
dt: 0.006944444444444444
------------------------------------------------------------
Attempting to load model from saved_models/eta10_x0_gamma0.01_lowvol_psi5_scheeps1_naislstm_GELU
Found existing model files: ['model_best.pth', 'model.pth']
Successfully loaded model checkpoint from epoch 8900 with training state
Saving configuration files...
Configuration saved to saved_models/eta10_x0_gamma0.01_lowvol_psi5_scheeps1_naislstm_GELU
Applying DDP for parallel training.
Training started at 2025-06-30 17:05:00
Logging training to saved_models/eta10_x0_gamma0.01_lowvol_psi5_scheeps1_naislstm_GELU/training.log
   Epoch |      Y val |      q val | Total loss |     Y loss |    T. loss |   cost loss |         LR |        Eps |  Memory [MB] | Time [s] |        ETA | Status              
-----------------------------------------------------------------------------------------------------------------------------------------------------------------------------
Resetting learning rate scheduler and optimizer LR to 1.00e-03

Resuming training from epoch 8901/100000
Current learning rate: 1.000000e-03
Lowest loss so far: inf
-----------------------------------------------------------------------------------------------------------------------------------------------------------------------------
    8950 |   1.22e+05 |   6.55e+03 |  -1.18e+05 |   1.11e+05 |   6.14e+04 |   -2.91e+01 |   1.00e-03 |   1.00e+00 |      7568.62 |   343.59 | 10427m 55s | Model saved (best)  
    9000 |   1.17e+05 |   6.16e+03 |  -2.16e+05 |   1.09e+05 |   5.97e+04 |   -3.85e+01 |   1.00e-03 |   9.50e-01 |      7568.62 |   337.80 | 10334m 25s | Model saved (best)  
    9050 |   1.15e+05 |   6.06e+03 |  -2.69e+05 |   1.11e+05 |   5.88e+04 |   -4.39e+01 |   1.00e-03 |   9.50e-01 |     10487.86 |   416.01 | 11089m 49s | Model saved (best)  
    9100 |   1.13e+05 |   5.88e+03 |  -3.06e+05 |   1.10e+05 |   5.79e+04 |   -4.74e+01 |   1.00e-03 |   9.50e-01 |     10487.86 |   342.42 | 10906m 39s | Model saved (best)  
    9150 |   1.12e+05 |   5.70e+03 |  -3.40e+05 |   1.08e+05 |   5.72e+04 |   -5.05e+01 |   1.00e-03 |   9.50e-01 |     10487.86 |   380.17 | 11023m 06s | Model saved (best)  
    9200 |   1.09e+05 |   5.41e+03 |  -3.84e+05 |   1.06e+05 |   5.60e+04 |   -5.46e+01 |   1.00e-03 |   9.50e-01 |     10487.86 |   342.37 | 10907m 57s | Model saved (best)  
    9250 |   1.08e+05 |   5.30e+03 |  -4.09e+05 |   1.04e+05 |   5.55e+04 |   -5.69e+01 |   1.00e-03 |   9.50e-01 |     10489.95 |   378.52 | 10980m 16s | Model saved (best)  
    9300 |   1.06e+05 |   5.21e+03 |  -4.30e+05 |   1.02e+05 |   5.53e+04 |   -5.87e+01 |   1.00e-03 |   9.50e-01 |     10489.95 |   344.02 | 10902m 32s | Model saved (best)  
    9350 |   1.05e+05 |   4.98e+03 |  -4.60e+05 |   9.97e+04 |   5.56e+04 |   -6.16e+01 |   1.00e-03 |   9.50e-01 |     10489.95 |   379.80 | 10960m 57s | Model saved (best)  
    9400 |   1.04e+05 |   4.90e+03 |  -4.81e+05 |   9.78e+04 |   5.54e+04 |   -6.34e+01 |   1.00e-03 |   9.50e-01 |     10489.95 |   341.67 | 10891m 16s | Model saved (best)  
    9450 |   1.03e+05 |   4.83e+03 |  -4.97e+05 |   9.62e+04 |   5.50e+04 |   -6.48e+01 |   1.00e-03 |   9.50e-01 |     10489.95 |   380.42 | 10939m 32s | Model saved (best)  
    9500 |   1.02e+05 |   4.77e+03 |  -5.10e+05 |   9.50e+04 |   5.45e+04 |   -6.59e+01 |   1.00e-03 |   9.50e-01 |     10489.95 |   339.83 | 10876m 41s | Model saved (best)  
    9550 |   1.01e+05 |   4.72e+03 |  -5.21e+05 |   9.41e+04 |   5.40e+04 |   -6.69e+01 |   1.00e-03 |   9.50e-01 |     10489.95 |   379.78 | 10915m 15s | Model saved (best)  
    9600 |   1.01e+05 |   4.67e+03 |  -5.31e+05 |   9.34e+04 |   5.36e+04 |   -6.78e+01 |   1.00e-03 |   9.50e-01 |     10489.95 |   338.51 | 10858m 36s | Model saved (best)  
    9650 |   1.00e+05 |   4.62e+03 |  -5.40e+05 |   9.28e+04 |   5.32e+04 |   -6.86e+01 |   1.00e-03 |   9.50e-01 |     10489.95 |   379.24 | 10890m 32s | Model saved (best)  
    9700 |   9.95e+04 |   4.56e+03 |  -5.49e+05 |   9.20e+04 |   5.28e+04 |   -6.94e+01 |   1.00e-03 |   9.50e-01 |     10489.95 |   348.98 | 10860m 45s | Model saved (best)  
    9750 |   9.89e+04 |   4.51e+03 |  -5.58e+05 |   9.14e+04 |   5.23e+04 |   -7.02e+01 |   1.00e-03 |   9.50e-01 |     10492.05 |   387.32 | 10901m 38s | Model saved (best)  
    9800 |   9.84e+04 |   4.47e+03 |  -5.66e+05 |   9.08e+04 |   5.20e+04 |   -7.09e+01 |   1.00e-03 |   9.50e-01 |     10492.05 |   350.59 | 10875m 54s | Model saved (best)  
    9850 |   9.79e+04 |   4.42e+03 |  -5.74e+05 |   9.02e+04 |   5.17e+04 |   -7.16e+01 |   1.00e-03 |   9.50e-01 |     10492.05 |   389.59 | 10913m 56s | Model saved (best)  
    9900 |   9.74e+04 |   4.37e+03 |  -5.82e+05 |   8.96e+04 |   5.13e+04 |   -7.23e+01 |   1.00e-03 |   9.50e-01 |     10492.05 |   348.52 | 10885m 52s | Model saved (best)  
    9950 |   9.69e+04 |   4.32e+03 |  -5.89e+05 |   8.90e+04 |   5.11e+04 |   -7.29e+01 |   1.00e-03 |   9.50e-01 |     10492.05 |   386.85 | 10914m 41s | Model saved (best)  
   10000 |   9.65e+04 |   4.28e+03 |  -5.96e+05 |   8.86e+04 |   5.08e+04 |   -7.36e+01 |   1.00e-03 |   9.02e-01 |     10492.05 |   348.26 | 10887m 41s | Model saved (best)  
   10050 |   9.66e+04 |   4.37e+03 |  -5.95e+05 |   9.13e+04 |   5.07e+04 |   -7.37e+01 |   1.00e-03 |   9.02e-01 |     10492.05 |   417.95 | 10953m 22s | Model saved (best)  
   10100 |   9.61e+04 |   4.32e+03 |  -6.02e+05 |   9.06e+04 |   5.04e+04 |   -7.43e+01 |   1.00e-03 |   9.02e-01 |     10492.05 |   348.08 | 10925m 46s | Model saved (best)  
   10150 |   9.56e+04 |   4.27e+03 |  -6.09e+05 |   9.01e+04 |   5.00e+04 |   -7.49e+01 |   1.00e-03 |   9.02e-01 |     10492.05 |   390.31 | 10950m 30s | Model saved (best)  
   10200 |   9.52e+04 |   4.22e+03 |  -6.15e+05 |   8.95e+04 |   4.97e+04 |   -7.55e+01 |   1.00e-03 |   9.02e-01 |     10492.05 |   349.65 | 10926m 02s | Model saved (best)  
   10250 |   9.47e+04 |   4.15e+03 |  -6.26e+05 |   8.87e+04 |   4.97e+04 |   -7.64e+01 |   1.00e-03 |   9.02e-01 |     10492.05 |   386.26 | 10943m 30s | Model saved (best)  
   10300 |   9.42e+04 |   4.08e+03 |  -6.35e+05 |   8.79e+04 |   4.94e+04 |   -7.72e+01 |   1.00e-03 |   9.02e-01 |     10492.05 |   337.00 | 10906m 39s | Model saved (best)  
   10350 |   9.37e+04 |   4.03e+03 |  -6.42e+05 |   8.71e+04 |   4.91e+04 |   -7.79e+01 |   1.00e-03 |   9.02e-01 |     10492.05 |   373.14 | 10909m 12s | Model saved (best)  
   10400 |   9.33e+04 |   3.99e+03 |  -6.49e+05 |   8.63e+04 |   4.88e+04 |   -7.84e+01 |   1.00e-03 |   9.02e-01 |     10492.05 |   333.01 | 10871m 17s | Model saved (best)  
   10450 |   9.29e+04 |   3.96e+03 |  -6.56e+05 |   8.58e+04 |   4.86e+04 |   -7.90e+01 |   1.00e-03 |   9.02e-01 |     10492.05 |   372.44 | 10873m 21s | Model saved (best)  
   10500 |   9.25e+04 |   3.93e+03 |  -6.62e+05 |   8.53e+04 |   4.83e+04 |   -7.95e+01 |   1.00e-03 |   9.02e-01 |     10492.05 |   332.80 | 10837m 56s | Model saved (best)  
   10550 |   9.21e+04 |   3.90e+03 |  -6.68e+05 |   8.49e+04 |   4.80e+04 |   -8.01e+01 |   1.00e-03 |   9.02e-01 |     10492.05 |   371.69 | 10839m 29s | Model saved (best)  
   10600 |   9.17e+04 |   3.87e+03 |  -6.74e+05 |   8.45e+04 |   4.77e+04 |   -8.06e+01 |   1.00e-03 |   9.02e-01 |     10492.05 |   333.55 | 10807m 08s | Model saved (best)  
   10650 |   9.13e+04 |   3.84e+03 |  -6.80e+05 |   8.41e+04 |   4.75e+04 |   -8.12e+01 |   1.00e-03 |   9.02e-01 |     10492.05 |   369.98 | 10807m 20s | Model saved (best)  
   10700 |   9.09e+04 |   3.82e+03 |  -6.86e+05 |   8.37e+04 |   4.72e+04 |   -8.17e+01 |   1.00e-03 |   9.02e-01 |     10492.05 |   334.26 | 10777m 38s | Model saved (best)  
   10750 |   9.05e+04 |   3.79e+03 |  -6.91e+05 |   8.34e+04 |   4.69e+04 |   -8.21e+01 |   1.00e-03 |   9.02e-01 |     10492.05 |   381.17 | 10786m 57s | Model saved (best)  
   10800 |   9.02e+04 |   3.77e+03 |  -6.96e+05 |   8.31e+04 |   4.65e+04 |   -8.25e+01 |   1.00e-03 |   9.02e-01 |     10492.05 |   359.55 | 10778m 32s | Model saved (best)  
   10850 |   8.98e+04 |   3.74e+03 |  -7.00e+05 |   8.26e+04 |   4.61e+04 |   -8.29e+01 |   1.00e-03 |   9.02e-01 |     10492.05 |   398.67 | 10800m 04s | Model saved (best)  
   10900 |   8.94e+04 |   3.72e+03 |  -7.05e+05 |   8.21e+04 |   4.57e+04 |   -8.33e+01 |   1.00e-03 |   9.02e-01 |     10492.05 |   357.90 | 10789m 53s | Model saved (best)  
   10950 |   8.89e+04 |   3.69e+03 |  -7.10e+05 |   8.16e+04 |   4.53e+04 |   -8.37e+01 |   1.00e-03 |   9.02e-01 |     10492.05 |   395.68 | 10807m 17s | Model saved (best)  
   11000 |   8.86e+04 |   3.67e+03 |  -7.15e+05 |   8.13e+04 |   4.49e+04 |   -8.41e+01 |   1.00e-03 |   8.57e-01 |     10492.05 |   333.97 | 10779m 56s | Model saved (best)  
   11050 |   8.86e+04 |   3.77e+03 |  -7.11e+05 |   8.41e+04 |   4.45e+04 |   -8.40e+01 |   1.00e-03 |   8.57e-01 |     10492.05 |   400.68 | 10799m 36s | Model saved         
   11100 |   8.81e+04 |   3.73e+03 |  -7.16e+05 |   8.37e+04 |   4.39e+04 |   -8.44e+01 |   1.00e-03 |   8.57e-01 |     10492.05 |   334.73 | 10773m 40s | Model saved (best)  
   11150 |   8.75e+04 |   3.71e+03 |  -7.21e+05 |   8.33e+04 |   4.33e+04 |   -8.48e+01 |   1.00e-03 |   8.57e-01 |     10492.05 |   376.71 | 10776m 16s | Model saved (best)  
   11200 |   8.70e+04 |   3.68e+03 |  -7.26e+05 |   8.28e+04 |   4.26e+04 |   -8.52e+01 |   1.00e-03 |   8.57e-01 |     10492.05 |   380.93 | 10781m 12s | Model saved (best)  
   11250 |   8.66e+04 |   3.65e+03 |  -7.31e+05 |   8.24e+04 |   4.20e+04 |   -8.56e+01 |   1.00e-03 |   8.57e-01 |     10492.05 |   421.52 | 10811m 13s | Model saved (best)  
   11300 |   8.61e+04 |   3.63e+03 |  -7.36e+05 |   8.19e+04 |   4.14e+04 |   -8.60e+01 |   1.00e-03 |   8.57e-01 |     10492.05 |   383.63 | 10816m 19s | Model saved (best)  
   11350 |   8.57e+04 |   3.61e+03 |  -7.41e+05 |   8.16e+04 |   4.10e+04 |   -8.64e+01 |   1.00e-03 |   8.57e-01 |     10492.05 |   422.79 | 10844m 35s | Model saved (best)  
   11400 |   8.53e+04 |   3.58e+03 |  -7.45e+05 |   8.12e+04 |   4.05e+04 |   -8.67e+01 |   1.00e-03 |   8.57e-01 |     10492.05 |   382.03 | 10847m 22s | Model saved (best)  
   11450 |   8.49e+04 |   3.56e+03 |  -7.49e+05 |   8.09e+04 |   4.01e+04 |   -8.70e+01 |   1.00e-03 |   8.57e-01 |     10492.05 |   422.23 | 10873m 02s | Model saved (best)  
   11500 |   8.46e+04 |   3.55e+03 |  -7.53e+05 |   8.06e+04 |   3.97e+04 |   -8.74e+01 |   1.00e-03 |   8.57e-01 |     10492.05 |   383.87 | 10875m 42s | Model saved (best)  
   11550 |   8.44e+04 |   3.53e+03 |  -7.57e+05 |   8.03e+04 |   3.93e+04 |   -8.77e+01 |   1.00e-03 |   8.57e-01 |     10492.05 |   423.28 | 10899m 56s | Model saved (best)  
   11600 |   8.40e+04 |   3.52e+03 |  -7.61e+05 |   8.00e+04 |   3.90e+04 |   -8.80e+01 |   1.00e-03 |   8.57e-01 |     10492.05 |   382.36 | 10900m 41s | Model saved (best)  
   11650 |   8.38e+04 |   3.50e+03 |  -7.64e+05 |   7.97e+04 |   3.87e+04 |   -8.83e+01 |   1.00e-03 |   8.57e-01 |     10492.05 |   419.82 | 10921m 14s | Model saved (best)  
   11700 |   8.36e+04 |   3.49e+03 |  -7.68e+05 |   7.94e+04 |   3.84e+04 |   -8.86e+01 |   1.00e-03 |   8.57e-01 |     10492.05 |   383.02 | 10921m 27s | Model saved (best)  
   11750 |   8.33e+04 |   3.48e+03 |  -7.71e+05 |   7.92e+04 |   3.81e+04 |   -8.89e+01 |   1.00e-03 |   8.57e-01 |     10492.05 |   421.17 | 10941m 09s | Model saved (best)  
   11800 |   8.31e+04 |   3.46e+03 |  -7.76e+05 |   7.89e+04 |   3.77e+04 |   -8.92e+01 |   1.00e-03 |   8.57e-01 |     10492.05 |   388.47 | 10943m 20s | Model saved (best)  
   11850 |   8.29e+04 |   3.44e+03 |  -7.80e+05 |   7.86e+04 |   3.75e+04 |   -8.96e+01 |   1.00e-03 |   8.57e-01 |     10492.05 |   425.32 | 10963m 35s | Model saved (best)  
================================================================================
RESUMING TRAINING - APPENDING TO EXISTING LOG
================================================================================
Distributed training setup: RANK: 0, WORLD_SIZE=4, MASTER_ADDR=idun-07-04, MASTER_PORT=37747
Running on device: cuda, Global rank: 0, Distributed: True, Main process: True
Loading dynamics config from saved_models/eta10_x0_gamma0.01_lowvol_psi5_scheeps0.9_naislstm_GELU/dynamics_config.json
------------------------------------------------------------
DYNAMICS CONFIGURATION:
------------------------------------------------------------
dynamics: FullDynamics
T: 1.0
N: 144
dim: 3
dim_W: 2
y0: [0.0, 80.0, 0.0]
mu_P: 0.0
mu_D: 0.0
time_dep_vol: True
use_exact: True
low_vol: False
sigma_P0: 10
sigma_P1: 20
alpha_P: 120.0
beta_P: 40.0
sigma_D0: 30.0
sigma_D1: 50.0
alpha_D: 1600.0
beta_D: 900.0
rho: -0.6
psi: 5.0
gamma: 0.01
nu: 0.042
eta: 10
smooth_control: True
eps: 0.9
schedule_epsilon: True
eps_decay_factor: 0.95
eps_update_every: 200
analytical_known: True
dt: 0.006944444444444444
------------------------------------------------------------
Attempting to load model from saved_models/eta10_x0_gamma0.01_lowvol_psi5_scheeps0.9_naislstm_GELU
Found existing model files: ['model_best.pth', 'model.pth']
Successfully loaded model checkpoint from epoch 11850 with training state
Saving configuration files...
Configuration saved to saved_models/eta10_x0_gamma0.01_lowvol_psi5_scheeps0.9_naislstm_GELU
Applying DDP for parallel training.
Training started at 2025-06-30 23:16:06
Logging training to saved_models/eta10_x0_gamma0.01_lowvol_psi5_scheeps0.9_naislstm_GELU/training.log
   Epoch |      Y val |      q val | Total loss |     Y loss |    T. loss |   cost loss |         LR |        Eps |  Memory [MB] | Time [s] |        ETA | Status              
-----------------------------------------------------------------------------------------------------------------------------------------------------------------------------
Resetting learning rate scheduler and optimizer LR to 1.00e-03

Resuming training from epoch 11851/100000
Current learning rate: 1.000000e-03
Lowest loss so far: inf
-----------------------------------------------------------------------------------------------------------------------------------------------------------------------------
   11900 |   8.30e+04 |   3.39e+03 |  -5.20e+05 |   7.57e+04 |   3.71e+04 |   -6.33e+01 |   1.00e-03 |   9.00e-01 |      7522.48 |   426.71 | 12530m 55s | Model saved (best)  
   11950 |   8.10e+04 |   3.33e+03 |  -5.56e+05 |   7.50e+04 |   3.56e+04 |   -6.67e+01 |   1.00e-03 |   9.00e-01 |     10441.72 |   467.04 | 13115m 44s | Model saved (best)  
   12000 |   7.99e+04 |   3.31e+03 |  -5.73e+05 |   7.46e+04 |   3.48e+04 |   -6.82e+01 |   1.00e-03 |   8.55e-01 |     10441.72 |   420.68 | 12852m 11s | Model saved (best)  
   12050 |   7.96e+04 |   3.37e+03 |  -5.77e+05 |   7.68e+04 |   3.44e+04 |   -6.88e+01 |   1.00e-03 |   8.55e-01 |     10441.72 |   494.47 | 13257m 44s | Model saved (best)  
   12100 |   7.90e+04 |   3.32e+03 |  -5.87e+05 |   7.63e+04 |   3.40e+04 |   -6.97e+01 |   1.00e-03 |   8.55e-01 |     10441.72 |   415.23 | 13033m 24s | Model saved (best)  
   12150 |   7.85e+04 |   3.29e+03 |  -5.95e+05 |   7.59e+04 |   3.36e+04 |   -7.05e+01 |   1.00e-03 |   8.55e-01 |     10441.72 |   490.74 | 13250m 05s | Model saved (best)  
   12200 |   7.81e+04 |   3.27e+03 |  -6.02e+05 |   7.56e+04 |   3.33e+04 |   -7.11e+01 |   1.00e-03 |   8.12e-01 |     10441.72 |   537.77 | 13599m 07s | Model saved (best)  
   12250 |   7.80e+04 |   3.33e+03 |  -6.01e+05 |   7.81e+04 |   3.30e+04 |   -7.12e+01 |   1.00e-03 |   8.12e-01 |     10443.82 |   571.87 | 13983m 22s | Model saved (best)  
   12300 |   7.75e+04 |   3.29e+03 |  -6.08e+05 |   7.75e+04 |   3.27e+04 |   -7.18e+01 |   1.00e-03 |   8.12e-01 |     10443.82 |   522.67 | 14120m 21s | Model saved (best)  
   12350 |   7.72e+04 |   3.27e+03 |  -6.15e+05 |   7.70e+04 |   3.25e+04 |   -7.24e+01 |   1.00e-03 |   8.12e-01 |     10443.82 |   567.54 | 14359m 16s | Model saved (best)  
   12400 |   7.68e+04 |   3.25e+03 |  -6.21e+05 |   7.68e+04 |   3.22e+04 |   -7.30e+01 |   1.00e-03 |   7.72e-01 |     10443.82 |   521.83 | 14431m 40s | Model saved (best)  
   12450 |   7.69e+04 |   3.32e+03 |  -6.18e+05 |   7.93e+04 |   3.20e+04 |   -7.29e+01 |   1.00e-03 |   7.72e-01 |     10443.82 |   562.71 | 14589m 58s | Model saved         
   12500 |   7.66e+04 |   3.28e+03 |  -6.24e+05 |   7.88e+04 |   3.18e+04 |   -7.34e+01 |   1.00e-03 |   7.72e-01 |     10443.82 |   506.68 | 14596m 46s | Model saved (best)  
   12550 |   7.63e+04 |   3.26e+03 |  -6.29e+05 |   7.86e+04 |   3.15e+04 |   -7.39e+01 |   1.00e-03 |   7.72e-01 |     10443.82 |   562.28 | 14717m 09s | Model saved (best)  
   12600 |   7.60e+04 |   3.24e+03 |  -6.33e+05 |   7.86e+04 |   3.13e+04 |   -7.43e+01 |   1.00e-03 |   7.33e-01 |     10443.82 |   513.46 | 14725m 24s | Model saved (best)  
================================================================================
RESUMING TRAINING - APPENDING TO EXISTING LOG
================================================================================
Distributed training setup: RANK: 0, WORLD_SIZE=4, MASTER_ADDR=idun-08-01, MASTER_PORT=34887
Running on device: cuda, Global rank: 0, Distributed: True, Main process: True
Loading dynamics config from saved_models/eta10_x0_gamma0.01_lowvol_psi5_scheeps0.9_naislstm_GELU/dynamics_config.json
------------------------------------------------------------
DYNAMICS CONFIGURATION:
------------------------------------------------------------
dynamics: FullDynamics
T: 1.0
N: 144
dim: 3
dim_W: 2
y0: [0.0, 80.0, 0.0]
mu_P: 0.0
mu_D: 0.0
time_dep_vol: True
use_exact: True
low_vol: False
sigma_P0: 10
sigma_P1: 20
alpha_P: 120.0
beta_P: 40.0
sigma_D0: 30.0
sigma_D1: 50.0
alpha_D: 1600.0
beta_D: 900.0
rho: -0.6
psi: 5.0
gamma: 0.01
nu: 0.042
eta: 10
smooth_control: True
eps: 0.733055625
schedule_epsilon: True
eps_decay_factor: 0.99
eps_update_every: 50
analytical_known: True
dt: 0.006944444444444444
------------------------------------------------------------
Attempting to load model from saved_models/eta10_x0_gamma0.01_lowvol_psi5_scheeps0.9_naislstm_GELU
Found existing model files: ['model_best.pth', 'model.pth']
Successfully loaded model checkpoint from epoch 12600 with training state
Saving configuration files...
Configuration saved to saved_models/eta10_x0_gamma0.01_lowvol_psi5_scheeps0.9_naislstm_GELU
Applying DDP for parallel training.
Training started at 2025-07-01 02:44:24
Logging training to saved_models/eta10_x0_gamma0.01_lowvol_psi5_scheeps0.9_naislstm_GELU/training.log
   Epoch |      Y val |      q val | Total loss |     Y loss |    T. loss |   pinn loss |   cost loss |         LR |        Eps |  Memory [MB] | Time [s] |        ETA | Status              
-------------------------------------------------------------------------------------------------------------------------------------------------------------------------------------------

Resuming training from epoch 12601/100000
Current learning rate: 1.000000e-03
Lowest loss so far: inf
-------------------------------------------------------------------------------------------------------------------------------------------------------------------------------------------
   12650 |   8.46e+04 |   3.53e+03 |  -2.90e+05 |   8.33e+04 |   3.98e+04 |    4.37e+05 |   -8.50e+01 |   1.00e-03 |   7.26e-01 |     73620.52 |   445.47 | 12970m 39s | Model saved (best)  
   12700 |   8.28e+04 |   3.36e+03 |  -4.34e+05 |   8.18e+04 |   4.06e+04 |    3.24e+05 |   -8.80e+01 |   1.00e-03 |   7.18e-01 |     73620.52 |   429.81 | 12735m 26s | Model saved (best)  
   12750 |   8.21e+04 |   3.32e+03 |  -4.80e+05 |   8.10e+04 |   4.13e+04 |    2.91e+05 |   -8.94e+01 |   1.00e-03 |   7.11e-01 |     76575.41 |   488.18 | 13218m 07s | Model saved (best)  
   12800 |   8.21e+04 |   3.31e+03 |  -5.37e+05 |   8.08e+04 |   4.19e+04 |    2.40e+05 |   -9.01e+01 |   9.50e-04 |   7.04e-01 |     76575.41 |   433.85 | 13060m 35s | Model saved (best)  
   12850 |   8.18e+04 |   3.29e+03 |  -5.59e+05 |   8.13e+04 |   4.23e+04 |    2.16e+05 |   -8.98e+01 |   9.50e-04 |   6.97e-01 |     76575.41 |   488.35 | 13279m 48s | Model saved         
   12900 |   8.19e+04 |   3.33e+03 |  -5.74e+05 |   8.19e+04 |   4.17e+04 |    2.06e+05 |   -9.04e+01 |   9.50e-04 |   6.90e-01 |     76575.41 |   426.81 | 13125m 28s | Model saved (best)  
   12950 |   8.14e+04 |   3.29e+03 |  -5.96e+05 |   8.18e+04 |   4.14e+04 |    1.96e+05 |   -9.15e+01 |   9.50e-04 |   6.83e-01 |     76575.41 |   479.85 | 13233m 04s | Model saved (best)  
   13000 |   8.12e+04 |   3.29e+03 |  -6.07e+05 |   8.20e+04 |   4.14e+04 |    1.89e+05 |   -9.19e+01 |   9.02e-04 |   6.76e-01 |     76575.41 |   375.87 | 12934m 49s | Model saved (best)  
   13050 |   8.09e+04 |   3.29e+03 |  -6.14e+05 |   8.22e+04 |   4.13e+04 |    1.84e+05 |   -9.22e+01 |   9.02e-04 |   6.70e-01 |     76575.41 |   498.18 | 13095m 20s | Model saved (best)  
   13100 |   8.07e+04 |   3.28e+03 |  -6.21e+05 |   8.27e+04 |   4.13e+04 |    1.81e+05 |   -9.25e+01 |   9.02e-04 |   6.63e-01 |     76575.41 |   371.71 | 12855m 46s | Model saved (best)  
   13150 |   8.06e+04 |   3.27e+03 |  -6.27e+05 |   8.36e+04 |   4.13e+04 |    1.77e+05 |   -9.28e+01 |   9.02e-04 |   6.56e-01 |     76575.41 |   462.29 | 12897m 02s | Model saved (best)  
   13200 |   8.05e+04 |   3.26e+03 |  -6.30e+05 |   8.41e+04 |   4.14e+04 |    1.74e+05 |   -9.30e+01 |   9.02e-04 |   6.50e-01 |     76575.41 |   370.85 | 12709m 39s | Model saved (best)  
   13250 |   8.03e+04 |   3.25e+03 |  -6.35e+05 |   8.47e+04 |   4.13e+04 |    1.72e+05 |   -9.33e+01 |   8.57e-04 |   6.43e-01 |     76575.41 |   462.74 | 12754m 32s | Model saved (best)  
   13300 |   8.01e+04 |   3.24e+03 |  -6.41e+05 |   8.51e+04 |   4.13e+04 |    1.68e+05 |   -9.36e+01 |   8.57e-04 |   6.37e-01 |     76575.41 |   388.31 | 12638m 15s | Model saved (best)  
   13350 |   8.00e+04 |   3.24e+03 |  -6.45e+05 |   8.53e+04 |   4.13e+04 |    1.65e+05 |   -9.37e+01 |   8.57e-04 |   6.30e-01 |     76575.41 |   451.03 | 12657m 24s | Model saved (best)  
   13400 |   7.99e+04 |   3.24e+03 |  -6.50e+05 |   8.56e+04 |   4.12e+04 |    1.63e+05 |   -9.40e+01 |   8.57e-04 |   6.24e-01 |     76575.41 |   392.93 | 12568m 23s | Model saved (best)  
   13450 |   7.97e+04 |   3.24e+03 |  -6.53e+05 |   8.60e+04 |   4.11e+04 |    1.62e+05 |   -9.42e+01 |   8.57e-04 |   6.18e-01 |     76575.41 |   462.81 | 12607m 39s | Model saved (best)  
   13500 |   7.95e+04 |   3.24e+03 |  -6.57e+05 |   8.66e+04 |   4.10e+04 |    1.59e+05 |   -9.43e+01 |   8.57e-04 |   6.12e-01 |     76575.41 |   375.40 | 12501m 41s | Model saved (best)  
   13550 |   7.94e+04 |   3.25e+03 |  -6.60e+05 |   8.71e+04 |   4.09e+04 |    1.56e+05 |   -9.45e+01 |   8.57e-04 |   6.06e-01 |     76575.41 |   456.08 | 12528m 34s | Model saved (best)  
   13600 |   7.93e+04 |   3.25e+03 |  -6.63e+05 |   8.76e+04 |   4.08e+04 |    1.54e+05 |   -9.46e+01 |   8.57e-04 |   6.00e-01 |     76575.41 |   379.94 | 12442m 23s | Model saved (best)  
   13650 |   7.92e+04 |   3.26e+03 |  -6.65e+05 |   8.82e+04 |   4.08e+04 |    1.53e+05 |   -9.47e+01 |   8.57e-04 |   5.94e-01 |     76575.41 |   453.20 | 12464m 13s | Model saved (best)  
   13700 |   7.92e+04 |   3.27e+03 |  -6.67e+05 |   8.88e+04 |   4.08e+04 |    1.52e+05 |   -9.49e+01 |   8.57e-04 |   5.88e-01 |     76575.41 |   391.73 | 12402m 59s | Model saved (best)  
   13750 |   7.91e+04 |   3.27e+03 |  -6.69e+05 |   8.93e+04 |   4.07e+04 |    1.51e+05 |   -9.50e+01 |   8.57e-04 |   5.82e-01 |     76575.41 |   441.25 | 12408m 26s | Model saved (best)  
   13800 |   7.90e+04 |   3.28e+03 |  -6.70e+05 |   8.98e+04 |   4.07e+04 |    1.50e+05 |   -9.51e+01 |   8.57e-04 |   5.76e-01 |     76575.41 |   400.74 | 12364m 18s | Model saved (best)  
   13850 |   7.89e+04 |   3.29e+03 |  -6.71e+05 |   9.03e+04 |   4.07e+04 |    1.49e+05 |   -9.51e+01 |   8.57e-04 |   5.70e-01 |     76575.41 |   446.80 | 12376m 04s | Model saved (best)  
   13900 |   7.89e+04 |   3.30e+03 |  -6.74e+05 |   9.06e+04 |   4.06e+04 |    1.48e+05 |   -9.53e+01 |   8.57e-04 |   5.64e-01 |     76575.41 |   385.59 | 12318m 47s | Model saved (best)  
   13950 |   7.89e+04 |   3.31e+03 |  -6.70e+05 |   9.17e+04 |   4.07e+04 |    1.48e+05 |   -9.50e+01 |   8.57e-04 |   5.59e-01 |     76575.41 |   443.26 | 12326m 34s | Model saved         
   14000 |   7.87e+04 |   3.31e+03 |  -6.76e+05 |   9.14e+04 |   4.06e+04 |    1.46e+05 |   -9.54e+01 |   8.57e-04 |   5.53e-01 |     76575.41 |   393.63 | 12282m 26s | Model saved (best)  
   14050 |   7.86e+04 |   3.32e+03 |  -6.78e+05 |   9.18e+04 |   4.06e+04 |    1.45e+05 |   -9.56e+01 |   8.57e-04 |   5.48e-01 |     76575.41 |   456.92 | 12303m 25s | Model saved (best)  
   14100 |   7.93e+04 |   3.40e+03 |  -6.41e+05 |   9.40e+04 |   4.26e+04 |    1.52e+05 |   -9.29e+01 |   8.57e-04 |   5.42e-01 |     76575.41 |   400.74 | 12268m 53s | Model saved         
   14150 |   7.85e+04 |   3.34e+03 |  -6.78e+05 |   9.28e+04 |   4.06e+04 |    1.45e+05 |   -9.57e+01 |   8.57e-04 |   5.37e-01 |     76575.41 |   422.76 | 12256m 28s | Model saved (best)  
================================================================================
RESUMING TRAINING - APPENDING TO EXISTING LOG
================================================================================
Distributed training setup: RANK: 0, WORLD_SIZE=4, MASTER_ADDR=idun-01-04, MASTER_PORT=38355
Running on device: cuda, Global rank: 0, Distributed: True, Main process: True
Loading dynamics config from saved_models/eta50_x0_gamma0.01_lowvol_psi5_scheeps0.9_naislstm_GELU/dynamics_config.json
------------------------------------------------------------
DYNAMICS CONFIGURATION:
------------------------------------------------------------
dynamics: FullDynamics
T: 1.0
N: 144
dim: 3
dim_W: 2
y0: [0.0, 80.0, 0.0]
mu_P: 0.0
mu_D: 0.0
time_dep_vol: True
use_exact: True
low_vol: False
sigma_P0: 10
sigma_P1: 20
alpha_P: 120.0
beta_P: 40.0
sigma_D0: 30.0
sigma_D1: 50.0
alpha_D: 1600.0
beta_D: 900.0
rho: -0.6
psi: 5.0
gamma: 0.01
nu: 0.042
eta: 10
smooth_control: True
eps: 0.9
schedule_epsilon: True
eps_decay_factor: 0.99
eps_update_every: 50
analytical_known: True
dt: 0.006944444444444444
------------------------------------------------------------
Attempting to load model from saved_models/eta50_x0_gamma0.01_lowvol_psi5_scheeps0.9_naislstm_GELU
Found existing model files: ['model_best.pth', 'model.pth']
Successfully loaded model checkpoint (model state only)
Saving configuration files...
Configuration saved to saved_models/eta50_x0_gamma0.01_lowvol_psi5_scheeps0.9_naislstm_GELU
Applying DDP for parallel training.
Training started at 2025-07-01 19:17:08
Logging training to saved_models/eta50_x0_gamma0.01_lowvol_psi5_scheeps0.9_naislstm_GELU/training.log
   Epoch |      Y val |      q val | Total loss |     Y loss |    T. loss |   cost loss |         LR |        Eps |  Memory [MB] | Time [s] |        ETA | Status              
-----------------------------------------------------------------------------------------------------------------------------------------------------------------------------
Resetting learning rate scheduler and optimizer LR to 1.00e-02
       1 |   7.84e+04 |   3.31e+03 |  -6.80e+05 |   9.22e+04 |   4.06e+04 |   -9.55e+01 |   1.00e-02 |   9.00e-01 |      6329.20 |     9.81 |        N/A | Model saved (best)  
      50 |   1.78e+06 |   4.32e+04 |   1.31e+07 |   5.35e+05 |   1.72e+06 |    1.08e+03 |   1.00e-02 |   8.91e-01 |      7568.62 |   338.04 | 11589m 23s | Model saved         
================================================================================
RESUMING TRAINING - APPENDING TO EXISTING LOG
================================================================================
Distributed training setup: RANK: 0, WORLD_SIZE=4, MASTER_ADDR=idun-01-04, MASTER_PORT=42639
Running on device: cuda, Global rank: 0, Distributed: True, Main process: True
Loading dynamics config from saved_models/eta50_x0_gamma0.01_lowvol_psi5_scheeps0.9_naislstm_GELU/dynamics_config.json
------------------------------------------------------------
DYNAMICS CONFIGURATION:
------------------------------------------------------------
dynamics: FullDynamics
T: 1.0
N: 144
dim: 3
dim_W: 2
y0: [0.0, 80.0, 0.0]
mu_P: 0.0
mu_D: 0.0
time_dep_vol: True
use_exact: True
low_vol: False
sigma_P0: 10
sigma_P1: 20
alpha_P: 120.0
beta_P: 40.0
sigma_D0: 30.0
sigma_D1: 50.0
alpha_D: 1600.0
beta_D: 900.0
rho: -0.6
psi: 5.0
gamma: 0.01
nu: 0.042
eta: 10
smooth_control: True
eps: 0.9
schedule_epsilon: True
eps_decay_factor: 0.99
eps_update_every: 50
analytical_known: True
dt: 0.006944444444444444
------------------------------------------------------------
Attempting to load model from saved_models/eta50_x0_gamma0.01_lowvol_psi5_scheeps0.9_naislstm_GELU
Found existing model files: ['model_best.pth', 'model.pth']
Successfully loaded model checkpoint (model state only)
Saving configuration files...
Configuration saved to saved_models/eta50_x0_gamma0.01_lowvol_psi5_scheeps0.9_naislstm_GELU
Applying DDP for parallel training.
Training started at 2025-07-01 19:26:45
Logging training to saved_models/eta50_x0_gamma0.01_lowvol_psi5_scheeps0.9_naislstm_GELU/training.log
   Epoch |      Y val |      q val | Total loss |     Y loss |    T. loss |   cost loss |         LR |        Eps |  Memory [MB] | Time [s] |        ETA | Status              
-----------------------------------------------------------------------------------------------------------------------------------------------------------------------------
       1 |   7.84e+04 |   3.31e+03 |  -6.80e+05 |   9.22e+04 |   4.06e+04 |   -9.55e+01 |   8.57e-04 |   9.00e-01 |      6329.20 |     9.75 |        N/A | Model saved (best)  
      50 |   7.66e+04 |   2.59e+03 |  -8.58e+05 |   6.62e+04 |   3.94e+04 |   -9.64e+01 |   8.57e-04 |   8.91e-01 |      7568.62 |   341.68 | 11708m 28s | Model saved (best)  
     100 |   7.61e+04 |   2.64e+03 |  -8.81e+05 |   6.72e+04 |   3.78e+04 |   -9.86e+01 |   8.57e-04 |   8.82e-01 |      7568.62 |   343.05 | 11563m 08s | Model saved (best)  
     150 |   7.60e+04 |   2.66e+03 |  -8.87e+05 |   6.77e+04 |   3.72e+04 |   -9.91e+01 |   8.57e-04 |   8.73e-01 |     10487.86 |   386.17 | 11989m 20s | Model saved (best)  
     200 |   7.59e+04 |   2.68e+03 |  -8.90e+05 |   6.82e+04 |   3.67e+04 |   -9.95e+01 |   8.57e-04 |   8.65e-01 |     10487.86 |   346.96 | 11873m 01s | Model saved (best)  
     250 |   7.58e+04 |   2.70e+03 |  -8.93e+05 |   6.89e+04 |   3.63e+04 |   -9.98e+01 |   8.57e-04 |   8.56e-01 |     10487.86 |   379.70 | 12018m 40s | Model saved (best)  
     300 |   7.56e+04 |   2.71e+03 |  -8.95e+05 |   6.95e+04 |   3.59e+04 |   -1.00e+02 |   8.57e-04 |   8.47e-01 |     10487.86 |   347.85 | 11937m 15s | Model saved (best)  
     350 |   7.55e+04 |   2.72e+03 |  -8.97e+05 |   7.00e+04 |   3.56e+04 |   -1.00e+02 |   8.57e-04 |   8.39e-01 |     10489.95 |   383.90 | 12048m 32s | Model saved (best)  
     400 |   7.54e+04 |   2.73e+03 |  -8.98e+05 |   7.04e+04 |   3.53e+04 |   -1.00e+02 |   8.57e-04 |   8.30e-01 |     10489.95 |   348.91 | 11985m 10s | Model saved (best)  
     450 |   7.53e+04 |   2.74e+03 |  -9.00e+05 |   7.08e+04 |   3.51e+04 |   -1.01e+02 |   8.57e-04 |   8.22e-01 |     10489.95 |   383.06 | 12060m 29s | Model saved (best)  
     500 |   7.53e+04 |   2.75e+03 |  -9.01e+05 |   7.11e+04 |   3.49e+04 |   -1.01e+02 |   8.57e-04 |   8.14e-01 |     10489.95 |   338.21 | 11970m 42s | Model saved (best)  
     550 |   7.52e+04 |   2.76e+03 |  -9.03e+05 |   7.15e+04 |   3.47e+04 |   -1.01e+02 |   8.57e-04 |   8.06e-01 |     10489.95 |   378.04 | 12016m 16s | Model saved (best)  
     600 |   7.51e+04 |   2.77e+03 |  -9.04e+05 |   7.20e+04 |   3.45e+04 |   -1.01e+02 |   8.57e-04 |   7.98e-01 |     10489.95 |   337.67 | 11941m 43s | Model saved (best)  
     650 |   7.50e+04 |   2.78e+03 |  -9.05e+05 |   7.22e+04 |   3.43e+04 |   -1.01e+02 |   8.57e-04 |   7.90e-01 |     10489.95 |   375.09 | 11973m 06s | Model saved (best)  
     700 |   7.50e+04 |   2.79e+03 |  -9.06e+05 |   7.26e+04 |   3.41e+04 |   -1.01e+02 |   8.57e-04 |   7.82e-01 |     10489.95 |   335.54 | 11905m 35s | Model saved (best)  
     750 |   7.49e+04 |   2.80e+03 |  -9.07e+05 |   7.30e+04 |   3.40e+04 |   -1.01e+02 |   8.57e-04 |   7.74e-01 |     10489.95 |   374.21 | 11931m 38s | Model saved (best)  
     800 |   7.48e+04 |   2.81e+03 |  -9.08e+05 |   7.34e+04 |   3.39e+04 |   -1.02e+02 |   8.57e-04 |   7.66e-01 |     10489.95 |   337.23 | 11877m 13s | Model saved (best)  
     850 |   7.48e+04 |   2.82e+03 |  -9.09e+05 |   7.38e+04 |   3.37e+04 |   -1.02e+02 |   8.57e-04 |   7.59e-01 |     10489.95 |   369.73 | 11891m 44s | Model saved (best)  
     900 |   7.47e+04 |   2.84e+03 |  -9.10e+05 |   7.42e+04 |   3.36e+04 |   -1.02e+02 |   8.57e-04 |   7.51e-01 |     10489.95 |   332.53 | 11835m 40s | Model saved (best)  
     950 |   7.47e+04 |   2.85e+03 |  -9.11e+05 |   7.47e+04 |   3.34e+04 |   -1.02e+02 |   8.57e-04 |   7.44e-01 |     10489.95 |   368.61 | 11847m 37s | Model saved (best)  
    1000 |   7.46e+04 |   2.86e+03 |  -9.11e+05 |   7.52e+04 |   3.33e+04 |   -1.02e+02 |   8.57e-04 |   7.36e-01 |     10489.95 |   349.70 | 11826m 34s | Model saved (best)  
    1050 |   7.46e+04 |   2.87e+03 |  -9.12e+05 |   7.56e+04 |   3.32e+04 |   -1.02e+02 |   8.57e-04 |   7.29e-01 |     10489.95 |   388.32 | 11867m 37s | Model saved (best)  
    1100 |   7.45e+04 |   2.88e+03 |  -9.12e+05 |   7.61e+04 |   3.30e+04 |   -1.02e+02 |   8.57e-04 |   7.21e-01 |     10489.95 |   310.65 | 11787m 58s | Model saved (best)  
    1150 |   7.45e+04 |   2.89e+03 |  -9.13e+05 |   7.65e+04 |   3.29e+04 |   -1.02e+02 |   8.57e-04 |   7.14e-01 |     10489.95 |   351.38 | 11773m 09s | Model saved (best)  
    1200 |   7.45e+04 |   2.90e+03 |  -9.13e+05 |   7.69e+04 |   3.28e+04 |   -1.02e+02 |   8.57e-04 |   7.07e-01 |     10489.95 |   310.52 | 11703m 09s | Model saved (best)  
    1250 |   7.44e+04 |   2.91e+03 |  -9.13e+05 |   7.74e+04 |   3.27e+04 |   -1.02e+02 |   8.57e-04 |   7.00e-01 |     10489.95 |   349.21 | 11689m 09s | Model saved (best)  
    1300 |   7.44e+04 |   2.92e+03 |  -9.13e+05 |   7.79e+04 |   3.26e+04 |   -1.02e+02 |   8.57e-04 |   6.93e-01 |     10489.95 |   313.05 | 11630m 06s | Model saved (best)  
    1350 |   7.43e+04 |   2.93e+03 |  -9.14e+05 |   7.83e+04 |   3.24e+04 |   -1.03e+02 |   8.57e-04 |   6.86e-01 |     10489.95 |   350.69 | 11620m 48s | Model saved (best)  
    1400 |   7.43e+04 |   2.94e+03 |  -9.15e+05 |   7.87e+04 |   3.23e+04 |   -1.03e+02 |   8.57e-04 |   6.79e-01 |     10489.95 |   312.54 | 11566m 57s | Model saved (best)  
    1450 |   7.43e+04 |   2.95e+03 |  -9.15e+05 |   7.93e+04 |   3.22e+04 |   -1.03e+02 |   8.57e-04 |   6.72e-01 |     10489.95 |   349.54 | 11558m 23s | Model saved (best)  
    1500 |   7.42e+04 |   2.96e+03 |  -9.15e+05 |   7.98e+04 |   3.21e+04 |   -1.03e+02 |   8.57e-04 |   6.66e-01 |     10489.95 |   311.75 | 11508m 38s | Model saved (best)  
    1550 |   7.43e+04 |   2.97e+03 |  -9.14e+05 |   8.05e+04 |   3.21e+04 |   -1.03e+02 |   8.57e-04 |   6.59e-01 |     10489.95 |   347.12 | 11499m 11s | Model saved         
    1600 |   7.41e+04 |   2.98e+03 |  -9.15e+05 |   8.11e+04 |   3.19e+04 |   -1.03e+02 |   8.57e-04 |   6.52e-01 |     10489.95 |   311.92 | 11453m 54s | Model saved (best)  
    1650 |   7.41e+04 |   2.98e+03 |  -9.16e+05 |   8.16e+04 |   3.17e+04 |   -1.03e+02 |   8.57e-04 |   6.46e-01 |     10489.95 |   349.75 | 11448m 38s | Model saved (best)  
    1700 |   7.40e+04 |   2.99e+03 |  -9.16e+05 |   8.22e+04 |   3.16e+04 |   -1.03e+02 |   8.57e-04 |   6.39e-01 |     10489.95 |   311.97 | 11406m 55s | Model saved (best)  
    1750 |   7.40e+04 |   3.01e+03 |  -9.16e+05 |   8.28e+04 |   3.16e+04 |   -1.03e+02 |   8.57e-04 |   6.33e-01 |     10489.95 |   349.73 | 11402m 37s | Model saved (best)  
    1800 |   7.41e+04 |   3.02e+03 |  -9.16e+05 |   8.33e+04 |   3.15e+04 |   -1.03e+02 |   8.57e-04 |   6.27e-01 |     10489.95 |   312.18 | 11364m 06s | Model saved (best)  
    1850 |   7.41e+04 |   3.03e+03 |  -9.13e+05 |   8.41e+04 |   3.15e+04 |   -1.03e+02 |   8.57e-04 |   6.21e-01 |     10489.95 |   346.95 | 11358m 07s | Model saved         
    1900 |   7.42e+04 |   3.04e+03 |  -9.12e+05 |   8.47e+04 |   3.14e+04 |   -1.03e+02 |   8.57e-04 |   6.14e-01 |     10489.95 |   313.02 | 11322m 57s | Model saved         
    1950 |   7.39e+04 |   3.04e+03 |  -9.17e+05 |   8.49e+04 |   3.12e+04 |   -1.03e+02 |   8.57e-04 |   6.08e-01 |     10489.95 |   350.16 | 11320m 26s | Model saved (best)  
    2000 |   7.39e+04 |   3.05e+03 |  -9.16e+05 |   8.55e+04 |   3.11e+04 |   -1.03e+02 |   8.57e-04 |   6.02e-01 |     10489.95 |   312.18 | 11286m 45s | Model saved         
    2050 |   7.39e+04 |   3.07e+03 |  -9.15e+05 |   8.61e+04 |   3.10e+04 |   -1.03e+02 |   8.57e-04 |   5.96e-01 |     10489.95 |   377.19 | 11306m 13s | Model saved         
    2100 |   7.40e+04 |   3.08e+03 |  -9.12e+05 |   8.70e+04 |   3.10e+04 |   -1.03e+02 |   8.57e-04 |   5.90e-01 |     10489.95 |   311.16 | 11273m 09s | Model saved         
    2150 |   7.38e+04 |   3.09e+03 |  -9.14e+05 |   8.74e+04 |   3.09e+04 |   -1.03e+02 |   8.57e-04 |   5.84e-01 |     10489.95 |   347.90 | 11269m 16s | Model saved         
    2200 |   7.41e+04 |   3.10e+03 |  -9.13e+05 |   8.80e+04 |   3.09e+04 |   -1.03e+02 |   8.15e-04 |   5.78e-01 |     10489.95 |   310.05 | 11237m 14s | Model saved         
    2250 |   7.38e+04 |   3.10e+03 |  -9.16e+05 |   8.83e+04 |   3.07e+04 |   -1.03e+02 |   8.15e-04 |   5.73e-01 |     10489.95 |   349.43 | 11234m 55s | Model saved (best)  
    2300 |   7.41e+04 |   3.12e+03 |  -9.09e+05 |   8.95e+04 |   3.08e+04 |   -1.03e+02 |   8.15e-04 |   5.67e-01 |     10489.95 |   311.95 | 11205m 54s | Model saved         
    2350 |   7.38e+04 |   3.13e+03 |  -9.14e+05 |   8.95e+04 |   3.06e+04 |   -1.03e+02 |   8.15e-04 |   5.61e-01 |     10489.95 |   348.05 | 11202m 55s | Model saved         
    2400 |   7.41e+04 |   3.15e+03 |  -9.06e+05 |   9.11e+04 |   3.07e+04 |   -1.03e+02 |   7.74e-04 |   5.56e-01 |     10489.95 |   311.32 | 11174m 54s | Model saved         
    2450 |   7.40e+04 |   3.15e+03 |  -9.13e+05 |   9.08e+04 |   3.05e+04 |   -1.03e+02 |   7.74e-04 |   5.50e-01 |     10489.95 |   350.04 | 11173m 32s | Model saved         
    2500 |   7.38e+04 |   3.15e+03 |  -9.14e+05 |   9.12e+04 |   3.04e+04 |   -1.04e+02 |   7.74e-04 |   5.45e-01 |     10489.95 |   312.95 | 11147m 52s | Model saved (best)  
    2550 |   7.37e+04 |   3.16e+03 |  -9.15e+05 |   9.17e+04 |   3.03e+04 |   -1.04e+02 |   7.74e-04 |   5.39e-01 |     10489.95 |   349.07 | 11146m 00s | Model saved (best)  
    2600 |   7.38e+04 |   3.17e+03 |  -9.13e+05 |   9.25e+04 |   3.02e+04 |   -1.04e+02 |   7.35e-04 |   5.34e-01 |     10489.95 |   307.08 | 11117m 46s | Model saved         
    2650 |   7.37e+04 |   3.19e+03 |  -9.13e+05 |   9.31e+04 |   3.02e+04 |   -1.04e+02 |   7.35e-04 |   5.28e-01 |     10489.95 |   339.51 | 11110m 17s | Model saved         
    2700 |   7.39e+04 |   3.20e+03 |  -9.09e+05 |   9.41e+04 |   3.02e+04 |   -1.03e+02 |   7.35e-04 |   5.23e-01 |     10489.95 |   303.87 | 11081m 27s | Model saved         
    2750 |   7.39e+04 |   3.21e+03 |  -9.08e+05 |   9.48e+04 |   3.01e+04 |   -1.03e+02 |   7.35e-04 |   5.18e-01 |     10489.95 |   339.27 | 11074m 21s | Model saved         
    2800 |   7.37e+04 |   3.21e+03 |  -9.13e+05 |   9.46e+04 |   3.00e+04 |   -1.04e+02 |   6.98e-04 |   5.13e-01 |     10489.95 |   305.45 | 11047m 43s | Model saved (best)  
    2850 |   7.41e+04 |   3.24e+03 |  -9.03e+05 |   9.62e+04 |   3.01e+04 |   -1.03e+02 |   6.98e-04 |   5.08e-01 |     10489.95 |   339.71 | 11041m 19s | Model saved         
    2900 |   7.38e+04 |   3.24e+03 |  -9.09e+05 |   9.62e+04 |   2.99e+04 |   -1.04e+02 |   6.98e-04 |   5.02e-01 |     10489.95 |   303.52 | 11014m 45s | Model saved         
    2950 |   7.39e+04 |   3.25e+03 |  -9.08e+05 |   9.71e+04 |   2.98e+04 |   -1.03e+02 |   6.98e-04 |   4.97e-01 |     10489.95 |   339.02 | 11008m 22s | Model saved         
    3000 |   7.37e+04 |   3.26e+03 |  -9.10e+05 |   9.74e+04 |   2.98e+04 |   -1.04e+02 |   6.63e-04 |   4.92e-01 |     10489.95 |   303.75 | 10983m 00s | Model saved         
    3050 |   7.37e+04 |   3.27e+03 |  -9.10e+05 |   9.80e+04 |   2.97e+04 |   -1.04e+02 |   6.63e-04 |   4.88e-01 |     10489.95 |   366.73 | 10991m 41s | Model saved         
    3100 |   7.36e+04 |   3.28e+03 |  -9.11e+05 |   9.86e+04 |   2.96e+04 |   -1.04e+02 |   6.63e-04 |   4.83e-01 |     10489.95 |   304.73 | 10967m 34s | Model saved (best)  
    3150 |   7.37e+04 |   3.29e+03 |  -9.10e+05 |   9.93e+04 |   2.96e+04 |   -1.04e+02 |   6.63e-04 |   4.78e-01 |     10489.95 |   338.66 | 10961m 27s | Model saved         
    3200 |   7.39e+04 |   3.31e+03 |  -9.05e+05 |   1.00e+05 |   2.97e+04 |   -1.03e+02 |   6.63e-04 |   4.73e-01 |     10489.95 |   305.45 | 10938m 37s | Model saved         
    3250 |   7.37e+04 |   3.31e+03 |  -9.07e+05 |   1.01e+05 |   2.95e+04 |   -1.04e+02 |   6.30e-04 |   4.68e-01 |     10489.95 |   339.36 | 10933m 08s | Model saved         
    3300 |   7.39e+04 |   3.33e+03 |  -9.05e+05 |   1.01e+05 |   2.95e+04 |   -1.04e+02 |   6.30e-04 |   4.64e-01 |     10489.95 |   304.63 | 10910m 42s | Model saved         
    3350 |   7.37e+04 |   3.33e+03 |  -9.08e+05 |   1.02e+05 |   2.94e+04 |   -1.04e+02 |   6.30e-04 |   4.59e-01 |     10489.95 |   339.01 | 10905m 18s | Model saved         
    3400 |   7.38e+04 |   3.35e+03 |  -9.04e+05 |   1.03e+05 |   2.94e+04 |   -1.04e+02 |   6.30e-04 |   4.54e-01 |     10489.95 |   303.03 | 10882m 52s | Model saved         
    3450 |   7.36e+04 |   3.35e+03 |  -9.09e+05 |   1.03e+05 |   2.93e+04 |   -1.04e+02 |   5.99e-04 |   4.50e-01 |     10489.95 |   341.10 | 10878m 42s | Model saved (best)  
    3500 |   7.37e+04 |   3.36e+03 |  -9.07e+05 |   1.04e+05 |   2.93e+04 |   -1.04e+02 |   5.99e-04 |   4.45e-01 |     10489.95 |   303.83 | 10857m 21s | Model saved         
    3550 |   7.40e+04 |   3.39e+03 |  -8.96e+05 |   1.05e+05 |   2.94e+04 |   -1.03e+02 |   5.99e-04 |   4.41e-01 |     10489.95 |   339.69 | 10852m 42s | Model saved         
    3600 |   7.39e+04 |   3.39e+03 |  -9.01e+05 |   1.06e+05 |   2.93e+04 |   -1.04e+02 |   5.99e-04 |   4.36e-01 |     10489.95 |   303.58 | 10831m 54s | Model saved         
    3650 |   7.37e+04 |   3.39e+03 |  -9.04e+05 |   1.06e+05 |   2.92e+04 |   -1.04e+02 |   5.69e-04 |   4.32e-01 |     10489.95 |   340.14 | 10827m 38s | Model saved         
    3700 |   7.36e+04 |   3.40e+03 |  -9.05e+05 |   1.06e+05 |   2.92e+04 |   -1.04e+02 |   5.69e-04 |   4.28e-01 |     10489.95 |   304.14 | 10807m 42s | Model saved         
    3750 |   7.37e+04 |   3.41e+03 |  -9.01e+05 |   1.08e+05 |   2.92e+04 |   -1.04e+02 |   5.69e-04 |   4.24e-01 |     10492.05 |   340.07 | 10803m 32s | Model saved         
    3800 |   7.38e+04 |   3.42e+03 |  -9.00e+05 |   1.08e+05 |   2.92e+04 |   -1.04e+02 |   5.69e-04 |   4.19e-01 |     10492.05 |   303.91 | 10784m 05s | Model saved         
    3850 |   7.38e+04 |   3.44e+03 |  -8.97e+05 |   1.10e+05 |   2.92e+04 |   -1.04e+02 |   5.40e-04 |   4.15e-01 |     10492.05 |   340.27 | 10780m 08s | Model saved         
    3900 |   7.42e+04 |   3.46e+03 |  -8.89e+05 |   1.11e+05 |   2.93e+04 |   -1.03e+02 |   5.40e-04 |   4.11e-01 |     10492.05 |   303.97 | 10761m 13s | Model saved         
    3950 |   7.44e+04 |   3.48e+03 |  -8.84e+05 |   1.13e+05 |   2.94e+04 |   -1.03e+02 |   5.40e-04 |   4.07e-01 |     10492.05 |   340.90 | 10757m 38s | Model saved         
    4000 |   7.42e+04 |   3.48e+03 |  -8.87e+05 |   1.13e+05 |   2.92e+04 |   -1.03e+02 |   5.40e-04 |   4.03e-01 |     10492.05 |   304.58 | 10739m 28s | Model saved         
    4050 |   7.36e+04 |   3.46e+03 |  -9.00e+05 |   1.12e+05 |   2.90e+04 |   -1.04e+02 |   5.13e-04 |   3.99e-01 |     10492.05 |   368.30 | 10746m 47s | Model saved (best)  
    4100 |   7.40e+04 |   3.48e+03 |  -8.93e+05 |   1.14e+05 |   2.91e+04 |   -1.04e+02 |   5.13e-04 |   3.95e-01 |     10492.05 |   305.54 | 10729m 19s | Model saved         
    4150 |   7.44e+04 |   3.52e+03 |  -8.79e+05 |   1.16e+05 |   2.93e+04 |   -1.02e+02 |   5.13e-04 |   3.91e-01 |     10492.05 |   339.54 | 10725m 13s | Model saved         
    4200 |   7.38e+04 |   3.50e+03 |  -8.93e+05 |   1.15e+05 |   2.90e+04 |   -1.04e+02 |   5.13e-04 |   3.87e-01 |     10492.05 |   303.82 | 10707m 30s | Model saved         
    4250 |   7.37e+04 |   3.51e+03 |  -8.96e+05 |   1.15e+05 |   2.89e+04 |   -1.04e+02 |   4.88e-04 |   3.83e-01 |     10492.05 |   339.32 | 10703m 26s | Model saved         
    4300 |   7.38e+04 |   3.52e+03 |  -8.92e+05 |   1.17e+05 |   2.89e+04 |   -1.04e+02 |   4.88e-04 |   3.79e-01 |     10492.05 |   304.39 | 10686m 21s | Model saved         
    4350 |   7.39e+04 |   3.53e+03 |  -8.90e+05 |   1.18e+05 |   2.89e+04 |   -1.04e+02 |   4.88e-04 |   3.75e-01 |     10492.05 |   339.64 | 10682m 28s | Model saved         
    4400 |   7.43e+04 |   3.56e+03 |  -8.76e+05 |   1.20e+05 |   2.92e+04 |   -1.03e+02 |   4.88e-04 |   3.72e-01 |     10492.05 |   303.71 | 10665m 32s | Model saved         
    4450 |   7.39e+04 |   3.55e+03 |  -8.90e+05 |   1.19e+05 |   2.88e+04 |   -1.04e+02 |   4.63e-04 |   3.68e-01 |     10492.05 |   338.65 | 10661m 23s | Model saved         
    4500 |   7.40e+04 |   3.57e+03 |  -8.84e+05 |   1.21e+05 |   2.89e+04 |   -1.03e+02 |   4.63e-04 |   3.64e-01 |     10492.05 |   302.87 | 10644m 32s | Model saved         
    4550 |   7.46e+04 |   3.61e+03 |  -8.70e+05 |   1.23e+05 |   2.91e+04 |   -1.02e+02 |   4.63e-04 |   3.61e-01 |     10492.05 |   339.85 | 10640m 52s | Model saved         
    4600 |   7.38e+04 |   3.59e+03 |  -8.87e+05 |   1.21e+05 |   2.88e+04 |   -1.04e+02 |   4.63e-04 |   3.57e-01 |     10492.05 |   304.41 | 10624m 55s | Model saved         
    4650 |   7.39e+04 |   3.60e+03 |  -8.84e+05 |   1.23e+05 |   2.88e+04 |   -1.04e+02 |   4.40e-04 |   3.53e-01 |     10492.05 |   339.67 | 10621m 15s | Model saved         
    4700 |   7.38e+04 |   3.60e+03 |  -8.86e+05 |   1.23e+05 |   2.88e+04 |   -1.04e+02 |   4.40e-04 |   3.50e-01 |     10492.05 |   304.89 | 10605m 47s | Model saved         
    4750 |   7.39e+04 |   3.62e+03 |  -8.80e+05 |   1.25e+05 |   2.87e+04 |   -1.03e+02 |   4.40e-04 |   3.46e-01 |     10492.05 |   339.10 | 10601m 58s | Model saved         
    4800 |   7.39e+04 |   3.63e+03 |  -8.79e+05 |   1.27e+05 |   2.87e+04 |   -1.03e+02 |   4.40e-04 |   3.43e-01 |     10492.05 |   304.42 | 10586m 39s | Model saved         
    4850 |   7.38e+04 |   3.63e+03 |  -8.83e+05 |   1.27e+05 |   2.86e+04 |   -1.04e+02 |   4.18e-04 |   3.40e-01 |     10492.05 |   339.49 | 10583m 01s | Model saved         
    4900 |   7.39e+04 |   3.65e+03 |  -8.77e+05 |   1.29e+05 |   2.87e+04 |   -1.03e+02 |   4.18e-04 |   3.36e-01 |     10492.05 |   304.37 | 10567m 58s | Model saved         
    4950 |   7.46e+04 |   3.69e+03 |  -8.59e+05 |   1.32e+05 |   2.89e+04 |   -1.02e+02 |   4.18e-04 |   3.33e-01 |     10492.05 |   339.54 | 10564m 24s | Model saved         
    5000 |   7.39e+04 |   3.67e+03 |  -8.75e+05 |   1.31e+05 |   2.86e+04 |   -1.03e+02 |   4.18e-04 |   3.29e-01 |     10492.05 |   304.33 | 10549m 37s | Model saved         
    5050 |   7.43e+04 |   3.69e+03 |  -8.65e+05 |   1.34e+05 |   2.87e+04 |   -1.03e+02 |   3.97e-04 |   3.26e-01 |     10492.05 |   368.43 | 10555m 07s | Model saved         
    5100 |   7.41e+04 |   3.70e+03 |  -8.71e+05 |   1.32e+05 |   2.86e+04 |   -1.03e+02 |   3.97e-04 |   3.23e-01 |     10492.05 |   303.96 | 10540m 24s | Model saved         
    5150 |   7.39e+04 |   3.71e+03 |  -8.73e+05 |   1.33e+05 |   2.86e+04 |   -1.03e+02 |   3.97e-04 |   3.20e-01 |     10492.05 |   338.78 | 10536m 34s | Model saved         
