Training started at 2025-05-28 22:24:32
Logging training to saved/simple_NAISnet_ReLU\training.log

+---------------------------+---------------------------+
| Training Configuration    |                           |
+---------------------------+---------------------------+
| Epochs                    | 1000                      |
| Learning Rate             | 0.001                     |
| Adaptive LR               | True                      |
| lambda_Y (Y loss)         | 1                         |
| lambda_T (Terminal loss)  | 1                         |
| lambda_TG (Gradient loss) | 1                         |
| Number of Paths           | 1024                      |
| Batch Size                | 1024                      |
| Architecture              | NAISnet                   |
| Depth                     | 5                         |
| Width                     | 256                       |
| Activation                | ReLU                      |
| T                         | 1.0                       |
| N                         | 40                        |
| Supervised                | True                      |
+---------------------------+---------------------------+

   Epoch |   Total loss |       Y loss |      T. loss |    T.G. loss |         LR |  Memory [MB] | Time [s] |      ETA | Status              
-------------------------------------------------------------------------------------------------------------------------------------------
       0 |     2.02e-03 |     1.51e-03 |     4.25e-05 |     4.63e-04 |   1.00e-03 |        20.60 |     0.51 |      N/A | Model saved (best)  
      50 |     4.57e-02 |     2.56e-02 |     1.29e-02 |     7.13e-03 |   1.00e-03 |        20.60 |     1.34 |      35s | Model saved         
     100 |     3.03e-03 |     2.12e-03 |     1.46e-04 |     7.66e-04 |   1.00e-03 |        20.60 |     1.27 |      28s | Model saved         
     150 |     2.58e-03 |     1.88e-03 |     6.68e-05 |     6.39e-04 |   1.00e-03 |        20.60 |     1.32 |      25s | Model saved         
     200 |     2.44e-03 |     1.79e-03 |     6.02e-05 |     5.81e-04 |   1.00e-03 |        20.60 |     1.30 |      23s | Model saved         
     250 |     2.16e-03 |     1.64e-03 |     3.94e-05 |     4.85e-04 |   1.00e-03 |        20.60 |     1.40 |      21s | Model saved         
     300 |     2.51e-03 |     1.99e-03 |     6.62e-05 |     4.59e-04 |   1.00e-03 |        20.60 |     1.35 |      19s | Model saved         
     350 |     2.93e-03 |     2.27e-03 |     8.93e-05 |     5.71e-04 |   1.00e-03 |        20.60 |     1.21 |      18s | Model saved         
     400 |     2.37e-03 |     1.84e-03 |     5.24e-05 |     4.73e-04 |   1.00e-03 |        20.60 |     1.22 |      16s | Model saved         
     450 |     1.99e-03 |     1.55e-03 |     4.24e-05 |     4.02e-04 |   1.00e-03 |        20.60 |     1.35 |      15s | Model saved (best)  
     500 |     1.85e-03 |     1.46e-03 |     3.20e-05 |     3.56e-04 |   1.00e-03 |        20.60 |     1.34 |      13s | Model saved (best)  
     550 |     1.98e-03 |     1.51e-03 |     5.13e-05 |     4.18e-04 |   1.00e-03 |        20.60 |     1.34 |      12s | Model saved         
     600 |     2.58e-03 |     2.04e-03 |     9.12e-05 |     4.47e-04 |   1.00e-03 |        20.60 |     1.24 |      10s | Model saved         
     650 |     2.30e-03 |     1.72e-03 |     8.67e-05 |     4.87e-04 |   1.00e-03 |        20.60 |     1.41 |       9s | Model saved         
     700 |     1.93e-03 |     1.47e-03 |     7.49e-05 |     3.86e-04 |   1.00e-03 |        20.60 |     1.50 |       8s | Model saved         
     750 |     2.36e-03 |     1.78e-03 |     9.02e-05 |     4.93e-04 |   1.00e-03 |        20.60 |     1.53 |       6s | Model saved         
     800 |     2.34e-03 |     1.79e-03 |     9.73e-05 |     4.50e-04 |   1.00e-03 |        20.60 |     1.60 |       5s | Model saved         
     850 |     2.97e-03 |     2.34e-03 |     1.45e-04 |     4.88e-04 |   8.00e-04 |        20.60 |     1.44 |       4s | Model saved         
     900 |     2.21e-03 |     1.73e-03 |     6.92e-05 |     4.15e-04 |   8.00e-04 |        20.60 |     1.29 |       2s | Model saved         
     950 |     1.62e-03 |     1.26e-03 |     3.58e-05 |     3.20e-04 |   8.00e-04 |        20.60 |     1.43 |       1s | Model saved (best)  
     999 |     2.03e-03 |     1.57e-03 |     5.17e-05 |     4.04e-04 |   8.00e-04 |        20.60 |     1.52 |       0s | Model saved         
-------------------------------------------------------------------------------------------------------------------------------------------
Training completed. Lowest loss: 0.001620. Total time: 28.05 seconds
Model saved to saved/simple_NAISnet_ReLU\model.pth
