Running on device: cuda, Parallel training disabled
Attempting to load model from saved_models/aid_1_lstmwithsubnets_naislstm_naisnet_GELU
Loaded model checkpoint from epoch 29700 with training state
Training started at 2025-06-22 09:50:47
Logging training to saved_models/aid_1_lstmwithsubnets_naislstm_naisnet_GELU/training.log

+---------------------------+---------------------------+
| Training Configuration    |                           |
+---------------------------+---------------------------+
| Epochs                    | 100000                    |
| Learning Rate             | 0.01                      |
| Adaptive LR               | True                      |
| Adaptive Factor           | 0.95                      |
| lambda_Y0 (Y0 loss)       | 1                         |
| lambda_Y (Y loss)         | 1                         |
| lambda_dY (Spatial loss)  | 0                         |
| lambda_dYt (Temporal loss)| 0                         |
| lambda_T (Terminal loss)  | 0.001                     |
| lambda_TG (Gradient loss) | 0                         |
| lambda_pinn (PINN loss)   | 0                         |
| lambda_reg (Reg loss)     | 0                         |
| lambda_cost (Cost loss)   | 1                         |
| Batch Size per Epoch      | 1024                      |
| Batch Size per Rank       | 1024                      |
| Architecture              | LSTMWITHSUBNETS           |
| Depth                     | 2                         |
| Width                     | 128                       |
| Activation                | GELU                      |
| T                         | 1.0                       |
| N                         | 144                       |
| Supervised                | False                     |
+---------------------------+---------------------------+

   Epoch |      Y val |      q val | Total loss |    Y0 loss |     Y loss |    T. loss |   cost loss |         LR |  Memory [MB] | Time [s] |        ETA | Status              
-----------------------------------------------------------------------------------------------------------------------------------------------------------------------------

Resuming training from epoch 29701/100000
Current learning rate: 8.430581e-06
Lowest loss so far: 1.470371e+04
-----------------------------------------------------------------------------------------------------------------------------------------------------------------------------
   29750 |   2.30e+05 |   5.99e+02 |   3.49e+05 |   3.34e+05 |   2.11e+04 |   2.57e+05 |   -5.90e+03 |   8.43e-06 |       131.86 |    74.05 |     2m 54s | Model saved         
   29800 |   2.21e+05 |   7.61e+02 |   3.43e+05 |   3.29e+05 |   1.92e+04 |   2.18e+05 |   -5.87e+03 |   8.43e-06 |       131.86 |    71.65 |     5m 43s | Model saved         
   29850 |   2.12e+05 |   8.82e+02 |   3.20e+05 |   3.08e+05 |   1.77e+04 |   1.91e+05 |   -5.86e+03 |   8.43e-06 |       131.86 |    81.02 |     8m 52s | Model saved         
   29900 |   2.00e+05 |   9.95e+02 |   3.13e+05 |   3.02e+05 |   1.66e+04 |   1.69e+05 |   -5.85e+03 |   8.01e-06 |       131.86 |    71.83 |    11m 39s | Model saved         
   29950 |   1.92e+05 |   1.08e+03 |   2.98e+05 |   2.87e+05 |   1.58e+04 |   1.53e+05 |   -5.85e+03 |   8.01e-06 |       131.86 |    79.21 |    14m 43s | Model saved         
   30000 |   1.88e+05 |   1.16e+03 |   2.93e+05 |   2.83e+05 |   1.54e+04 |   1.42e+05 |   -5.84e+03 |   8.01e-06 |       131.86 |    71.17 |    17m 27s | Model saved         
   30050 |   1.87e+05 |   1.20e+03 |   2.78e+05 |   2.69e+05 |   1.51e+04 |   1.34e+05 |   -5.84e+03 |   8.01e-06 |       131.86 |    80.99 |    20m 33s | Model saved         
   30100 |   1.89e+05 |   1.24e+03 |   2.73e+05 |   2.63e+05 |   1.49e+04 |   1.30e+05 |   -5.83e+03 |   7.61e-06 |       131.86 |    68.50 |    23m 09s | Model saved         
   30150 |   1.91e+05 |   1.26e+03 |   2.59e+05 |   2.50e+05 |   1.48e+04 |   1.25e+05 |   -5.83e+03 |   7.61e-06 |       131.86 |    74.53 |    25m 59s | Model saved         
   30200 |   1.95e+05 |   1.28e+03 |   2.55e+05 |   2.46e+05 |   1.47e+04 |   1.23e+05 |   -5.83e+03 |   7.61e-06 |       131.86 |    66.08 |    28m 28s | Model saved         
   30250 |   1.97e+05 |   1.29e+03 |   2.42e+05 |   2.33e+05 |   1.46e+04 |   1.21e+05 |   -5.83e+03 |   7.61e-06 |       131.86 |    73.36 |    31m 13s | Model saved         
   30300 |   2.01e+05 |   1.30e+03 |   2.38e+05 |   2.29e+05 |   1.45e+04 |   1.19e+05 |   -5.82e+03 |   7.23e-06 |       131.86 |    65.87 |    33m 40s | Model saved         
   30350 |   2.04e+05 |   1.31e+03 |   2.27e+05 |   2.18e+05 |   1.44e+04 |   1.17e+05 |   -5.83e+03 |   7.23e-06 |       131.86 |    73.12 |    36m 23s | Model saved         
   30400 |   2.07e+05 |   1.32e+03 |   2.24e+05 |   2.15e+05 |   1.43e+04 |   1.17e+05 |   -5.82e+03 |   7.23e-06 |       131.86 |    69.99 |    38m 58s | Model saved         
   30450 |   2.10e+05 |   1.33e+03 |   2.13e+05 |   2.04e+05 |   1.43e+04 |   1.15e+05 |   -5.83e+03 |   7.23e-06 |       131.86 |    73.51 |    41m 40s | Model saved         
   30500 |   2.13e+05 |   1.33e+03 |   2.10e+05 |   2.02e+05 |   1.42e+04 |   1.15e+05 |   -5.82e+03 |   6.87e-06 |       131.86 |    67.93 |    44m 09s | Model saved         
   30550 |   2.15e+05 |   1.34e+03 |   2.00e+05 |   1.92e+05 |   1.41e+04 |   1.13e+05 |   -5.83e+03 |   6.87e-06 |       131.86 |    73.58 |    46m 50s | Model saved         
   30600 |   2.18e+05 |   1.34e+03 |   1.98e+05 |   1.90e+05 |   1.41e+04 |   1.13e+05 |   -5.82e+03 |   6.87e-06 |       131.86 |    65.64 |    49m 13s | Model saved         
   30650 |   2.21e+05 |   1.34e+03 |   1.89e+05 |   1.81e+05 |   1.40e+04 |   1.12e+05 |   -5.83e+03 |   6.87e-06 |       131.86 |    72.88 |    51m 50s | Model saved         
   30700 |   2.24e+05 |   1.35e+03 |   1.87e+05 |   1.79e+05 |   1.39e+04 |   1.12e+05 |   -5.82e+03 |   6.52e-06 |       131.86 |    65.42 |    54m 11s | Model saved         
