Training started at 2025-05-28 00:54:04
Logging training to saved/almgren_supervised_NAISnet_ReLU\training.log

+---------------------------+---------------------------+
| Training Configuration    |                           |
+---------------------------+---------------------------+
| Epochs                    | 1000                      |
| Learning Rate             | 0.001                     |
| Adaptive LR               | True                      |
| lambda_Y (Y loss)         | 1                         |
| lambda_T (Terminal loss)  | 1                         |
| lambda_TG (Gradient loss) | 1                         |
| Number of Paths           | 1024                      |
| Batch Size                | 1024                      |
| Architecture              | NAISnet                   |
| Depth                     | 5                         |
| Width                     | 256                       |
| Activation                | ReLU                      |
| T                         | 1.0                       |
| N                         | 40                        |
| Supervised                | True                      |
+---------------------------+---------------------------+

   Epoch |   Total loss |       Y loss |      T. loss |    T.G. loss |         LR |  Memory [MB] | Time [s] |      ETA | Status              
-------------------------------------------------------------------------------------------------------------------------------------------
       0 |     3.01e+02 |     3.01e+02 |     0.00e+00 |     0.00e+00 |   1.00e-03 |        20.81 |     0.41 |      N/A | Model saved (best)  
      50 |     7.62e+01 |     7.62e+01 |     0.00e+00 |     0.00e+00 |   1.00e-03 |        20.81 |     1.33 |      33s | Model saved (best)  
     100 |     6.96e+01 |     6.96e+01 |     0.00e+00 |     0.00e+00 |   1.00e-03 |        20.81 |     1.42 |      28s | Model saved (best)  
     150 |     9.67e+01 |     9.67e+01 |     0.00e+00 |     0.00e+00 |   1.00e-03 |        20.81 |     1.23 |      25s | Model saved         
     200 |     6.05e+01 |     6.05e+01 |     0.00e+00 |     0.00e+00 |   1.00e-03 |        20.81 |     1.42 |      23s | Model saved (best)  
     250 |     7.11e+01 |     7.11e+01 |     0.00e+00 |     0.00e+00 |   1.00e-03 |        20.81 |     1.42 |      21s | Model saved         
     300 |     6.36e+01 |     6.36e+01 |     0.00e+00 |     0.00e+00 |   1.00e-03 |        20.81 |     1.53 |      20s | Model saved         
     350 |     5.60e+01 |     5.60e+01 |     0.00e+00 |     0.00e+00 |   1.00e-03 |        20.81 |     1.27 |      18s | Model saved (best)  
     400 |     5.00e+01 |     5.00e+01 |     0.00e+00 |     0.00e+00 |   1.00e-03 |        20.81 |     1.40 |      17s | Model saved (best)  
     450 |     5.42e+01 |     5.42e+01 |     0.00e+00 |     0.00e+00 |   1.00e-03 |        20.81 |     1.58 |      16s | Model saved         
     500 |     6.26e+01 |     6.26e+01 |     0.00e+00 |     0.00e+00 |   1.00e-03 |        20.81 |     1.34 |      14s | Model saved         
     550 |     5.85e+01 |     5.85e+01 |     0.00e+00 |     0.00e+00 |   1.00e-03 |        20.81 |     1.32 |      12s | Model saved         
     600 |     6.61e+01 |     6.61e+01 |     0.00e+00 |     0.00e+00 |   1.00e-03 |        20.81 |     1.44 |      11s | Model saved         
     650 |     4.76e+01 |     4.76e+01 |     0.00e+00 |     0.00e+00 |   1.00e-03 |        20.81 |     1.47 |      10s | Model saved (best)  
     700 |     3.54e+01 |     3.54e+01 |     0.00e+00 |     0.00e+00 |   1.00e-03 |        20.81 |     1.40 |       8s | Model saved (best)  
     750 |     4.67e+01 |     4.67e+01 |     0.00e+00 |     0.00e+00 |   8.00e-04 |        20.81 |     1.41 |       7s | Model saved         
     800 |     5.51e+01 |     5.51e+01 |     0.00e+00 |     0.00e+00 |   8.00e-04 |        20.81 |     1.41 |       5s | Model saved         
     850 |     7.48e+01 |     7.48e+01 |     0.00e+00 |     0.00e+00 |   8.00e-04 |        20.81 |     1.45 |       4s | Model saved         
     900 |     5.70e+01 |     5.70e+01 |     0.00e+00 |     0.00e+00 |   8.00e-04 |        20.81 |     1.45 |       2s | Model saved         
     950 |     4.79e+01 |     4.79e+01 |     0.00e+00 |     0.00e+00 |   6.40e-04 |        20.81 |     1.38 |       1s | Model saved         
     999 |     5.03e+01 |     5.03e+01 |     0.00e+00 |     0.00e+00 |   6.40e-04 |        20.81 |     1.57 |       0s | Model saved         
-------------------------------------------------------------------------------------------------------------------------------------------
Training completed. Lowest loss: 35.445329. Total time: 28.81 seconds
Model saved to saved/almgren_supervised_NAISnet_ReLU\model.pth
