Training started at 2025-05-29 14:25:59
Logging training to saved/almgren_NAISnet_Sine\training.log

+---------------------------+---------------------------+
| Training Configuration    |                           |
+---------------------------+---------------------------+
| Epochs                    | 5000                      |
| Learning Rate             | 0.001                     |
| Adaptive LR               | True                      |
| lambda_Y (Y loss)         | 1                         |
| lambda_T (Terminal loss)  | 1                         |
| lambda_TG (Gradient loss) | 1                         |
| Number of Paths           | 1024                      |
| Batch Size                | 1024                      |
| Architecture              | NAISnet                   |
| Depth                     | 9                         |
| Width                     | 256                       |
| Activation                | Sine                      |
| T                         | 1.0                       |
| N                         | 200                       |
| Supervised                | True                      |
+---------------------------+---------------------------+

   Epoch |   Total loss |       Y loss |      T. loss |    T.G. loss |         LR |  Memory [MB] | Time [s] |      ETA | Status              
-------------------------------------------------------------------------------------------------------------------------------------------
       0 |     4.01e+00 |     3.70e+00 |     2.28e-01 |     7.46e-02 |   1.00e-03 |        27.07 |     1.57 |      N/A | Model saved (best)  
      50 |     1.20e+00 |     9.26e-01 |     1.76e-01 |     9.55e-02 |   1.00e-03 |        27.07 |     3.61 |   8m 36s | Model saved (best)  
     100 |     7.61e-02 |     5.85e-02 |     9.46e-03 |     8.10e-03 |   1.00e-03 |        27.07 |     3.57 |   7m 11s | Model saved (best)  
     150 |     2.57e-02 |     2.15e-02 |     2.22e-03 |     1.97e-03 |   1.00e-03 |        27.07 |     3.35 |   6m 35s | Model saved (best)  
     200 |     8.55e-03 |     7.20e-03 |     6.15e-04 |     7.34e-04 |   1.00e-03 |        27.07 |     3.51 |   6m 18s | Model saved (best)  
     250 |     1.84e-02 |     1.19e-02 |     4.36e-03 |     2.12e-03 |   1.00e-03 |        27.07 |     3.48 |   6m 05s | Model saved         
     300 |     4.84e-03 |     3.74e-03 |     5.80e-04 |     5.28e-04 |   1.00e-03 |        27.07 |     3.49 |   5m 56s | Model saved (best)  
     350 |     5.27e-03 |     4.37e-03 |     4.23e-04 |     4.81e-04 |   1.00e-03 |        27.07 |     3.39 |   5m 49s | Model saved         
     400 |     2.46e-03 |     1.89e-03 |     3.11e-04 |     2.57e-04 |   1.00e-03 |        27.07 |     4.05 |   5m 48s | Model saved (best)  
     450 |     1.99e-03 |     1.55e-03 |     2.55e-04 |     1.89e-04 |   1.00e-03 |        27.07 |     3.42 |   5m 41s | Model saved (best)  
     500 |     2.34e-02 |     1.03e-02 |     9.26e-03 |     3.77e-03 |   1.00e-03 |        27.07 |     3.67 |   5m 37s | Model saved         
     550 |     4.64e-03 |     2.74e-03 |     1.14e-03 |     7.55e-04 |   1.00e-03 |        27.07 |     3.42 |   5m 30s | Model saved         
     600 |     1.64e-03 |     1.24e-03 |     2.01e-04 |     2.01e-04 |   1.00e-03 |        27.07 |     3.61 |   5m 26s | Model saved (best)  
     650 |     1.13e-03 |     8.24e-04 |     1.47e-04 |     1.56e-04 |   1.00e-03 |        27.07 |     3.64 |   5m 22s | Model saved (best)  
     700 |     1.79e-03 |     1.57e-03 |     9.57e-05 |     1.20e-04 |   1.00e-03 |        27.07 |     3.00 |   5m 14s | Model saved         
     750 |     1.48e-03 |     1.12e-03 |     2.49e-04 |     1.15e-04 |   1.00e-03 |        27.07 |     3.29 |   5m 09s | Model saved         
     800 |     4.62e-03 |     2.32e-03 |     2.07e-03 |     2.26e-04 |   1.00e-03 |        27.07 |     3.82 |   5m 06s | Model saved         
     850 |     2.25e-03 |     1.81e-03 |     2.44e-04 |     2.02e-04 |   1.00e-03 |        27.07 |     3.34 |   5m 01s | Model saved         
     900 |     8.69e-04 |     6.87e-04 |     9.05e-05 |     9.16e-05 |   8.00e-04 |        27.07 |     3.24 |   4m 55s | Model saved (best)  
     950 |     4.40e-04 |     3.28e-04 |     5.13e-05 |     6.13e-05 |   8.00e-04 |        27.07 |     3.64 |   4m 52s | Model saved (best)  
    1000 |     3.87e-04 |     2.76e-04 |     5.00e-05 |     6.03e-05 |   8.00e-04 |        27.07 |     3.45 |   4m 48s | Model saved (best)  
    1050 |     3.48e-04 |     2.54e-04 |     4.23e-05 |     5.20e-05 |   8.00e-04 |        27.07 |     3.45 |   4m 44s | Model saved (best)  
    1100 |     4.26e-04 |     3.49e-04 |     3.34e-05 |     4.41e-05 |   8.00e-04 |        27.07 |     4.18 |   4m 42s | Model saved         
    1150 |     7.73e-04 |     4.96e-04 |     1.47e-04 |     1.29e-04 |   8.00e-04 |        27.07 |     3.65 |   4m 39s | Model saved         
    1200 |     1.08e-03 |     8.19e-04 |     1.58e-04 |     1.06e-04 |   8.00e-04 |        27.07 |     3.99 |   4m 36s | Model saved         
    1250 |     1.59e-03 |     8.22e-04 |     6.47e-04 |     1.17e-04 |   8.00e-04 |        27.07 |     3.88 |   4m 34s | Model saved         
    1300 |     7.50e-04 |     4.96e-04 |     1.85e-04 |     6.91e-05 |   6.40e-04 |        27.07 |     2.81 |   4m 27s | Model saved         
    1350 |     4.41e-04 |     3.13e-04 |     6.98e-05 |     5.85e-05 |   6.40e-04 |        27.07 |     2.72 |   4m 21s | Model saved         
    1400 |     2.11e-04 |     1.49e-04 |     2.35e-05 |     3.90e-05 |   6.40e-04 |        27.07 |     2.48 |   4m 15s | Model saved (best)  
    1450 |     3.16e-04 |     2.46e-04 |     3.60e-05 |     3.32e-05 |   6.40e-04 |        27.07 |     2.54 |   4m 09s | Model saved         
    1500 |     3.36e-04 |     2.72e-04 |     2.76e-05 |     3.60e-05 |   6.40e-04 |        27.07 |     2.45 |   4m 03s | Model saved         
    1550 |     2.80e-04 |     2.16e-04 |     2.98e-05 |     3.41e-05 |   6.40e-04 |        27.07 |     2.78 |   3m 58s | Model saved         
    1600 |     3.60e-04 |     2.02e-04 |     1.02e-04 |     5.61e-05 |   6.40e-04 |        27.07 |     2.52 |   3m 53s | Model saved         
    1650 |     5.58e-04 |     2.82e-04 |     1.94e-04 |     8.21e-05 |   6.40e-04 |        27.07 |     2.66 |   3m 48s | Model saved         
    1700 |     1.74e-03 |     7.53e-04 |     7.44e-04 |     2.42e-04 |   6.40e-04 |        27.07 |     2.73 |   3m 43s | Model saved         
    1750 |     2.29e-03 |     1.15e-03 |     8.27e-04 |     3.10e-04 |   5.12e-04 |        27.07 |     2.83 |   3m 39s | Model saved         
    1800 |     3.36e-04 |     1.84e-04 |     9.04e-05 |     6.20e-05 |   5.12e-04 |        27.07 |     2.62 |   3m 34s | Model saved         
    1850 |     4.83e-04 |     3.52e-04 |     7.76e-05 |     5.36e-05 |   5.12e-04 |        27.07 |     3.01 |   3m 30s | Model saved         
    1900 |     1.86e-04 |     1.40e-04 |     1.85e-05 |     2.67e-05 |   5.12e-04 |        27.07 |     2.59 |   3m 25s | Model saved (best)  
    1950 |     5.41e-04 |     4.71e-04 |     3.57e-05 |     3.46e-05 |   5.12e-04 |        27.07 |     2.72 |   3m 21s | Model saved         
    2000 |     2.03e-04 |     1.14e-04 |     5.09e-05 |     3.81e-05 |   5.12e-04 |        27.07 |     2.97 |   3m 17s | Model saved         
    2050 |     3.24e-04 |     2.47e-04 |     4.35e-05 |     3.30e-05 |   5.12e-04 |        27.07 |     2.57 |   3m 13s | Model saved         
    2100 |     1.96e-04 |     1.32e-04 |     3.87e-05 |     2.48e-05 |   5.12e-04 |        27.07 |     2.92 |   3m 09s | Model saved         
    2150 |     1.42e-04 |     1.03e-04 |     2.03e-05 |     1.96e-05 |   5.12e-04 |        27.07 |     2.61 |   3m 05s | Model saved (best)  
    2200 |     5.35e-04 |     3.38e-04 |     1.37e-04 |     6.02e-05 |   5.12e-04 |        27.07 |     2.55 |   3m 01s | Model saved         
    2250 |     6.47e-04 |     2.88e-04 |     2.46e-04 |     1.13e-04 |   5.12e-04 |        27.07 |     2.51 |   2m 57s | Model saved         
    2300 |     1.40e-03 |     5.58e-04 |     5.94e-04 |     2.48e-04 |   5.12e-04 |        27.07 |     2.58 |   2m 53s | Model saved         
    2350 |     2.82e-03 |     1.93e-03 |     5.84e-04 |     3.07e-04 |   4.10e-04 |        27.07 |     2.78 |   2m 49s | Model saved         
    2400 |     8.94e-04 |     4.18e-04 |     2.57e-04 |     2.19e-04 |   4.10e-04 |        27.07 |     2.89 |   2m 46s | Model saved         
    2450 |     4.98e-04 |     4.22e-04 |     3.55e-05 |     4.02e-05 |   4.10e-04 |        27.07 |     2.88 |   2m 42s | Model saved         
    2500 |     7.49e-04 |     6.95e-04 |     2.37e-05 |     3.06e-05 |   4.10e-04 |        27.07 |     2.62 |   2m 38s | Model saved         
    2550 |     1.70e-04 |     1.43e-04 |     1.17e-05 |     1.55e-05 |   3.28e-04 |        27.07 |     2.49 |   2m 35s | Model saved         
    2600 |     1.64e-04 |     1.37e-04 |     1.01e-05 |     1.68e-05 |   3.28e-04 |        27.07 |     2.48 |   2m 31s | Model saved         
    2650 |     1.32e-04 |     1.04e-04 |     1.09e-05 |     1.70e-05 |   3.28e-04 |        27.07 |     2.49 |   2m 27s | Model saved (best)  
    2700 |     1.18e-04 |     9.11e-05 |     1.10e-05 |     1.55e-05 |   3.28e-04 |        27.07 |     2.66 |   2m 24s | Model saved (best)  
    2750 |     2.32e-04 |     1.91e-04 |     1.78e-05 |     2.28e-05 |   3.28e-04 |        27.07 |     2.57 |   2m 20s | Model saved         
    2800 |     1.08e-04 |     8.11e-05 |     1.18e-05 |     1.52e-05 |   3.28e-04 |        27.07 |     2.60 |   2m 16s | Model saved (best)  
    2850 |     1.22e-04 |     8.64e-05 |     1.79e-05 |     1.76e-05 |   3.28e-04 |        27.07 |     2.46 |   2m 13s | Model saved         
    2900 |     4.20e-04 |     3.47e-04 |     3.56e-05 |     3.71e-05 |   3.28e-04 |        27.07 |     2.60 |   2m 09s | Model saved         
    2950 |     1.60e-04 |     1.12e-04 |     2.38e-05 |     2.38e-05 |   3.28e-04 |        27.07 |     2.39 |   2m 06s | Model saved         
    3000 |     1.06e-04 |     7.20e-05 |     1.83e-05 |     1.62e-05 |   3.28e-04 |        27.07 |     2.55 |   2m 02s | Model saved (best)  
    3050 |     1.74e-04 |     1.11e-04 |     3.73e-05 |     2.58e-05 |   3.28e-04 |        27.07 |     2.90 |   1m 59s | Model saved         
    3100 |     1.05e-04 |     8.50e-05 |     9.17e-06 |     1.11e-05 |   2.62e-04 |        27.07 |     2.62 |   1m 56s | Model saved (best)  
    3150 |     4.17e-04 |     4.03e-04 |     5.48e-06 |     8.80e-06 |   2.62e-04 |        27.07 |     2.70 |   1m 53s | Model saved         
    3200 |     1.07e-04 |     7.65e-05 |     1.47e-05 |     1.56e-05 |   2.62e-04 |        27.07 |     2.54 |   1m 49s | Model saved         
    3250 |     9.93e-05 |     6.93e-05 |     1.53e-05 |     1.47e-05 |   2.62e-04 |        27.07 |     2.61 |   1m 46s | Model saved (best)  
    3300 |     8.51e-05 |     5.53e-05 |     1.47e-05 |     1.50e-05 |   2.62e-04 |        27.07 |     2.54 |   1m 43s | Model saved (best)  
    3350 |     1.53e-04 |     1.08e-04 |     2.36e-05 |     2.18e-05 |   2.10e-04 |        27.07 |     2.48 |   1m 39s | Model saved         
    3400 |     4.84e-04 |     4.64e-04 |     8.24e-06 |     1.20e-05 |   2.10e-04 |        27.07 |     2.51 |   1m 36s | Model saved         
    3450 |     1.39e-04 |     1.04e-04 |     1.68e-05 |     1.83e-05 |   2.10e-04 |        27.07 |     2.39 |   1m 33s | Model saved         
    3500 |     9.50e-05 |     6.71e-05 |     1.15e-05 |     1.64e-05 |   2.10e-04 |        27.07 |     2.35 |   1m 30s | Model saved         
    3550 |     7.09e-05 |     4.64e-05 |     1.15e-05 |     1.30e-05 |   2.10e-04 |        27.07 |     2.48 |   1m 26s | Model saved (best)  
    3600 |     1.55e-04 |     1.30e-04 |     9.59e-06 |     1.55e-05 |   1.68e-04 |        27.07 |     2.38 |   1m 23s | Model saved         
    3650 |     1.16e-04 |     1.01e-04 |     7.09e-06 |     8.82e-06 |   1.68e-04 |        27.07 |     2.55 |   1m 20s | Model saved         
    3700 |     5.98e-05 |     4.39e-05 |     6.11e-06 |     9.74e-06 |   1.68e-04 |        27.07 |     2.54 |   1m 17s | Model saved (best)  
    3750 |     1.77e-04 |     1.46e-04 |     1.27e-05 |     1.87e-05 |   1.68e-04 |        27.07 |     2.63 |   1m 14s | Model saved         
    3800 |     1.13e-04 |     9.01e-05 |     9.32e-06 |     1.31e-05 |   1.68e-04 |        27.07 |     2.59 |   1m 11s | Model saved         
    3850 |     7.10e-04 |     6.41e-04 |     3.07e-05 |     3.87e-05 |   1.68e-04 |        27.07 |     2.77 |   1m 08s | Model saved         
    3900 |     9.95e-05 |     7.50e-05 |     9.00e-06 |     1.55e-05 |   1.68e-04 |        27.07 |     2.85 |   1m 05s | Model saved         
    3950 |     5.44e-05 |     4.04e-05 |     4.94e-06 |     9.04e-06 |   1.34e-04 |        27.07 |     2.70 |   1m 02s | Model saved (best)  
    4000 |     1.07e-04 |     8.40e-05 |     8.01e-06 |     1.47e-05 |   1.34e-04 |        27.07 |     2.42 |      59s | Model saved         
    4050 |     8.50e-05 |     6.21e-05 |     9.73e-06 |     1.32e-05 |   1.34e-04 |        27.07 |     2.62 |      56s | Model saved         
    4100 |     5.11e-05 |     3.62e-05 |     5.53e-06 |     9.35e-06 |   1.34e-04 |        27.07 |     2.57 |      52s | Model saved (best)  
    4150 |     4.34e-05 |     3.33e-05 |     3.45e-06 |     6.74e-06 |   1.34e-04 |        27.07 |     2.71 |      49s | Model saved (best)  
    4200 |     5.42e-05 |     3.89e-05 |     6.10e-06 |     9.29e-06 |   1.34e-04 |        27.07 |     2.46 |      46s | Model saved         
    4250 |     6.01e-05 |     4.72e-05 |     4.54e-06 |     8.43e-06 |   1.34e-04 |        27.07 |     2.63 |      43s | Model saved         
    4300 |     5.44e-05 |     4.39e-05 |     3.90e-06 |     6.65e-06 |   1.07e-04 |        27.07 |     4.17 |      41s | Model saved         
    4350 |     3.92e-05 |     2.95e-05 |     2.94e-06 |     6.76e-06 |   1.07e-04 |        27.07 |     2.61 |      38s | Model saved (best)  
    4400 |     1.49e-04 |     1.32e-04 |     5.35e-06 |     1.14e-05 |   1.07e-04 |        27.07 |     2.53 |      35s | Model saved         
    4450 |     1.85e-04 |     1.72e-04 |     4.92e-06 |     7.84e-06 |   1.07e-04 |        27.07 |     2.49 |      32s | Model saved         
    4500 |     5.18e-05 |     3.86e-05 |     5.04e-06 |     8.20e-06 |   8.59e-05 |        27.07 |     2.73 |      29s | Model saved         
    4550 |     4.34e-05 |     3.23e-05 |     3.13e-06 |     8.00e-06 |   8.59e-05 |        27.07 |     2.50 |      26s | Model saved         
    4600 |     5.22e-05 |     4.24e-05 |     3.16e-06 |     6.65e-06 |   8.59e-05 |        27.07 |     2.49 |      23s | Model saved         
    4650 |     4.39e-05 |     3.47e-05 |     3.17e-06 |     6.09e-06 |   8.59e-05 |        27.07 |     2.52 |      20s | Model saved         
    4700 |     4.20e-05 |     3.19e-05 |     3.51e-06 |     6.66e-06 |   8.59e-05 |        27.07 |     2.35 |      17s | Model saved         
    4750 |     3.90e-05 |     2.95e-05 |     2.60e-06 |     6.90e-06 |   8.59e-05 |        27.07 |     2.39 |      14s | Model saved (best)  
    4800 |     6.31e-05 |     5.34e-05 |     3.22e-06 |     6.48e-06 |   8.59e-05 |        27.07 |     2.53 |      11s | Model saved         
    4850 |     5.01e-05 |     3.70e-05 |     4.47e-06 |     8.55e-06 |   8.59e-05 |        27.07 |     2.52 |       8s | Model saved         
    4900 |     1.04e-04 |     8.69e-05 |     6.17e-06 |     1.07e-05 |   8.59e-05 |        27.07 |     2.60 |       5s | Model saved         
    4950 |     7.84e-05 |     6.14e-05 |     6.67e-06 |     1.03e-05 |   8.59e-05 |        27.07 |     2.50 |       2s | Model saved         
    4999 |     4.09e-05 |     3.14e-05 |     3.14e-06 |     6.33e-06 |   6.87e-05 |        27.07 |     2.50 |       0s | Model saved         
-------------------------------------------------------------------------------------------------------------------------------------------
Training completed. Lowest loss: 0.000039. Total time: 288.76 seconds
Model saved to saved/almgren_NAISnet_Sine\model.pth
