Training started at 2025-05-31 23:20:09
Logging training to saved/almgren_NAISnet_ReLU\training.log

+---------------------------+---------------------------+
| Training Configuration    |                           |
+---------------------------+---------------------------+
| Epochs                    | 1000                      |
| Learning Rate             | 0.001                     |
| Adaptive LR               | True                      |
| lambda_Y (Y loss)         | 1                         |
| lambda_dY (dY loss)       | 0                         |
| lambda_dYt (dYt loss)     | 0                         |
| lambda_T (Terminal loss)  | 0.1                       |
| lambda_TG (Gradient loss) | 0.1                       |
| lambda_pinn (PINN loss)   | 0.001                     |
| Number of Paths           | 1024                      |
| Batch Size                | 1024                      |
| Architecture              | NAISnet                   |
| Depth                     | 7                         |
| Width                     | 256                       |
| Activation                | ReLU                      |
| T                         | 1.0                       |
| N                         | 40                        |
| Supervised                | False                     |
+---------------------------+---------------------------+

   Epoch | Total loss |     Y loss |    T. loss |   T.G. loss |   pinn loss |         LR |  Memory [MB] | Time [s] |      ETA | Status              
---------------------------------------------------------------------------------------------------------------------------------------------
       0 |   5.30e+00 |   5.27e+00 |   8.75e-04 |    2.25e-02 |    1.01e-03 |   1.00e-03 |        22.94 |     2.36 |      N/A | Model saved (best)  
