Training started at 2025-05-28 19:28:10
Logging training to saved/almgren_supervised_NaisLSTM_ReLU\training.log

+---------------------------+---------------------------+
| Training Configuration    |                           |
+---------------------------+---------------------------+
| Epochs                    | 1000                      |
| Learning Rate             | 0.001                     |
| Adaptive LR               | True                      |
| lambda_Y (Y loss)         | 1                         |
| lambda_T (Terminal loss)  | 1                         |
| lambda_TG (Gradient loss) | 1                         |
| Number of Paths           | 1024                      |
| Batch Size                | 1024                      |
| Architecture              | NaisLSTM                  |
| Depth                     | 5                         |
| Width                     | 256                       |
| Activation                | ReLU                      |
| T                         | 1.0                       |
| N                         | 40                        |
| Supervised                | True                      |
+---------------------------+---------------------------+

