
+---------------------------+---------------------------+
| Training Configuration    |                           |
+---------------------------+---------------------------+
| Epochs                    | 1000                      |
| Learning Rate             | 0.001                     |
| Adaptive LR               | True                      |
| lambda_Y (Y loss)         | 1                         |
| lambda_T (Terminal loss)  | 1                         |
| lambda_TG (Gradient loss) | 1                         |
| Number of Paths           | 1024                      |
| Batch Size                | 1024                      |
| Architecture              | LSTM                      |
| Depth                     | 5                         |
| Width                     | 256                       |
| Activation                | ReLU                      |
| T                         | 1.0                       |
| N                         | 40                        |
| Supervised                | False                     |
+---------------------------+---------------------------+

   Epoch | Total loss |     Y loss |    T. loss |  T.G. loss |       LR |  Memory [MB] | Time [s] | Status              
----------------------------------------------------------------------------------------------------------------------
       0 |   3.10e+05 |   1.52e+04 |   1.64e+05 |   1.31e+05 | 1.00e-03 |       391.04 |     1.71 | Model saved (best)  
