Training started at 2025-05-28 20:07:12
Logging training to saved/almgren_supervised_FC_ReLU\training.log

+---------------------------+---------------------------+
| Training Configuration    |                           |
+---------------------------+---------------------------+
| Epochs                    | 1000                      |
| Learning Rate             | 0.001                     |
| Adaptive LR               | True                      |
| lambda_Y (Y loss)         | 1                         |
| lambda_T (Terminal loss)  | 1                         |
| lambda_TG (Gradient loss) | 1                         |
| Number of Paths           | 1024                      |
| Batch Size                | 1024                      |
| Architecture              | FC                        |
| Depth                     | 5                         |
| Width                     | 256                       |
| Activation                | ReLU                      |
| T                         | 1.0                       |
| N                         | 40                        |
| Supervised                | True                      |
+---------------------------+---------------------------+

   Epoch |   Total loss |       Y loss |      T. loss |    T.G. loss |         LR |  Memory [MB] | Time [s] |      ETA | Status              
-------------------------------------------------------------------------------------------------------------------------------------------
       0 |     3.98e+02 |     1.78e+01 |     2.69e+02 |     1.10e+02 |   1.00e-03 |        20.75 |     0.48 |      N/A | Model saved (best)  
      50 |     8.39e+01 |     2.84e+01 |     3.38e+01 |     2.17e+01 |   1.00e-03 |        20.75 |     0.58 |      20s | Model saved (best)  
     100 |     2.59e+01 |     1.56e+01 |     4.58e+00 |     5.67e+00 |   1.00e-03 |        20.75 |     0.70 |      16s | Model saved (best)  
     150 |     1.55e+01 |     9.25e+00 |     2.65e+00 |     3.65e+00 |   1.00e-03 |        20.75 |     0.84 |      14s | Model saved (best)  
     200 |     1.33e+01 |     7.99e+00 |     2.15e+00 |     3.20e+00 |   1.00e-03 |        20.75 |     0.60 |      13s | Model saved (best)  
     250 |     1.12e+01 |     6.41e+00 |     1.75e+00 |     3.04e+00 |   1.00e-03 |        20.75 |     0.59 |      11s | Model saved (best)  
     300 |     1.11e+01 |     5.89e+00 |     2.38e+00 |     2.81e+00 |   1.00e-03 |        20.75 |     0.52 |      10s | Model saved (best)  
     350 |     9.54e+00 |     5.54e+00 |     1.70e+00 |     2.30e+00 |   1.00e-03 |        20.75 |     0.54 |       9s | Model saved (best)  
     400 |     7.82e+00 |     4.60e+00 |     1.20e+00 |     2.02e+00 |   1.00e-03 |        20.75 |     0.65 |       8s | Model saved (best)  
     450 |     6.62e+00 |     3.97e+00 |     9.79e-01 |     1.67e+00 |   1.00e-03 |        20.75 |     0.63 |       7s | Model saved (best)  
     500 |     6.99e+00 |     4.20e+00 |     1.13e+00 |     1.67e+00 |   1.00e-03 |        20.75 |     0.57 |       6s | Model saved         
     550 |     6.61e+00 |     3.76e+00 |     1.19e+00 |     1.65e+00 |   1.00e-03 |        20.75 |     0.69 |       6s | Model saved (best)  
     600 |     6.04e+00 |     3.55e+00 |     9.05e-01 |     1.58e+00 |   1.00e-03 |        20.75 |     0.73 |       5s | Model saved (best)  
     650 |     5.23e+00 |     3.04e+00 |     7.99e-01 |     1.39e+00 |   8.00e-04 |        20.75 |     0.71 |       4s | Model saved (best)  
     700 |     4.79e+00 |     2.74e+00 |     6.97e-01 |     1.35e+00 |   8.00e-04 |        20.75 |     0.69 |       4s | Model saved (best)  
     750 |     4.47e+00 |     2.62e+00 |     6.65e-01 |     1.18e+00 |   8.00e-04 |        20.75 |     0.75 |       3s | Model saved (best)  
     800 |     5.07e+00 |     2.96e+00 |     8.71e-01 |     1.25e+00 |   8.00e-04 |        20.75 |     0.70 |       2s | Model saved         
     850 |     4.96e+00 |     2.74e+00 |     8.61e-01 |     1.36e+00 |   8.00e-04 |        20.75 |     0.78 |       2s | Model saved         
     900 |     5.12e+00 |     2.76e+00 |     9.76e-01 |     1.38e+00 |   8.00e-04 |        20.75 |     1.81 |       1s | Model saved         
     950 |     4.84e+00 |     2.86e+00 |     7.92e-01 |     1.19e+00 |   8.00e-04 |        20.75 |     1.15 |       0s | Model saved         
     999 |     4.11e+00 |     2.35e+00 |     6.98e-01 |     1.07e+00 |   8.00e-04 |        20.75 |     1.01 |       0s | Model saved (best)  
-------------------------------------------------------------------------------------------------------------------------------------------
Training completed. Lowest loss: 4.114226. Total time: 15.87 seconds
Model saved to saved/almgren_supervised_FC_ReLU\model.pth
