Running on device: cuda, Parallel training disabled
Attempting to load model from saved_models/full_naislstm_GELU
Loaded model checkpoint from epoch 4050 with training state
Training started at 2025-06-27 14:08:54
Logging training to saved_models/full_naislstm_GELU/training.log

+---------------------------+---------------------------+
| Training Configuration    |                           |
+---------------------------+---------------------------+
| Epochs                    | 100000                    |
| Learning Rate             | 0.01                      |
| Adaptive LR               | True                      |
| Adaptive Factor           | 0.95                      |
| lambda_Y0 (Y0 loss)       | 1                         |
| lambda_Y (Y loss)         | 1                         |
| lambda_dY (Spatial loss)  | 0                         |
| lambda_dYt (Temporal loss)| 0                         |
| lambda_T (Terminal loss)  | 1                         |
| lambda_TG (Gradient loss) | 0                         |
| lambda_pinn (PINN loss)   | 0                         |
| lambda_reg (Reg loss)     | 0                         |
| lambda_cost (Cost loss)   | 10000                     |
| Batch Size per Epoch      | 1024                      |
| Batch Size per Rank       | 1024                      |
| Architecture              | NAISLSTM                  |
| Depth                     | 2                         |
| Width                     | 128                       |
| Activation                | GELU                      |
| T                         | 1.0                       |
| N                         | 72                        |
| Supervised                | False                     |
+---------------------------+---------------------------+

   Epoch |      Y val |      q val | Total loss |    Y0 loss |     Y loss |    T. loss |   cost loss |         LR |  Memory [MB] | Time [s] |        ETA | Status              
-----------------------------------------------------------------------------------------------------------------------------------------------------------------------------

Resuming training from epoch 4051/100000
Current learning rate: 5.403601e-03
Lowest loss so far: -7.591631e+07
-----------------------------------------------------------------------------------------------------------------------------------------------------------------------------
    4100 |   1.15e+05 |   5.80e+04 |  -7.32e+07 |   3.77e+03 |   8.14e+04 |   3.10e+05 |   -7.36e+03 |   5.40e-03 |       223.47 |    24.78 |     9m 39s | Model saved         
    4150 |   1.03e+05 |   5.52e+04 |  -7.36e+07 |   3.80e+03 |   7.51e+04 |   3.07e+05 |   -7.40e+03 |   5.40e-03 |       223.48 |    26.26 |    19m 38s | Model saved         
    4200 |   8.85e+04 |   5.30e+04 |  -7.42e+07 |   2.46e+03 |   7.38e+04 |   2.71e+05 |   -7.46e+03 |   5.13e-03 |       223.47 |    23.34 |    28m 16s | Model saved         
    4250 |   7.73e+04 |   4.90e+04 |  -7.49e+07 |   2.47e+03 |   7.08e+04 |   2.53e+05 |   -7.52e+03 |   5.13e-03 |       223.47 |    26.55 |    37m 53s | Model saved         
    4300 |   7.37e+04 |   4.55e+04 |  -7.53e+07 |   2.15e+03 |   6.43e+04 |   2.36e+05 |   -7.56e+03 |   5.13e-03 |       223.47 |    23.14 |    46m 01s | Model saved         
    4350 |   7.11e+04 |   4.42e+04 |  -7.55e+07 |   2.31e+03 |   6.23e+04 |   2.36e+05 |   -7.58e+03 |   5.13e-03 |       223.47 |    26.75 |    55m 16s | Model saved         
    4400 |   6.72e+04 |   4.26e+04 |  -7.58e+07 |   1.82e+03 |   5.95e+04 |   2.14e+05 |   -7.60e+03 |   4.88e-03 |       223.47 |    30.50 |    65m 39s | Model saved         
    4450 |   6.23e+04 |   4.02e+04 |  -7.61e+07 |   1.85e+03 |   5.69e+04 |   2.07e+05 |   -7.64e+03 |   4.88e-03 |       223.48 |    26.39 |    74m 20s | Model saved (best)  
    4500 |   5.97e+04 |   3.86e+04 |  -7.63e+07 |   1.67e+03 |   5.37e+04 |   1.97e+05 |   -7.65e+03 |   4.88e-03 |       223.47 |    23.29 |    81m 42s | Model saved (best)  
    4550 |   5.79e+04 |   3.79e+04 |  -7.64e+07 |   1.84e+03 |   5.48e+04 |   2.02e+05 |   -7.66e+03 |   4.88e-03 |       223.48 |    26.14 |    89m 54s | Model saved (best)  
    4600 |   5.47e+04 |   3.30e+04 |  -7.69e+07 |   1.52e+03 |   4.52e+04 |   1.88e+05 |   -7.72e+03 |   4.63e-03 |       223.47 |    23.25 |    96m 55s | Model saved (best)  
    4650 |   5.06e+04 |   2.92e+04 |  -7.73e+07 |   1.90e+03 |   4.04e+04 |   1.96e+05 |   -7.76e+03 |   4.63e-03 |       223.48 |    26.33 |   104m 49s | Model saved (best)  
    4700 |   4.92e+04 |   2.80e+04 |  -7.75e+07 |   1.66e+03 |   3.85e+04 |   1.86e+05 |   -7.77e+03 |   4.63e-03 |       223.47 |    23.34 |   111m 32s | Model saved (best)  
    4750 |   4.87e+04 |   2.79e+04 |  -7.75e+07 |   1.99e+03 |   3.84e+04 |   1.94e+05 |   -7.77e+03 |   4.63e-03 |       223.47 |    26.27 |   119m 05s | Model saved (best)  
    4800 |   4.68e+04 |   2.71e+04 |  -7.76e+07 |   1.65e+03 |   3.74e+04 |   1.82e+05 |   -7.78e+03 |   4.63e-03 |       223.47 |    23.20 |   125m 27s | Model saved (best)  
    4850 |   4.64e+04 |   2.72e+04 |  -7.76e+07 |   1.89e+03 |   3.77e+04 |   1.89e+05 |   -7.78e+03 |   4.63e-03 |       223.48 |    26.41 |   132m 44s | Model saved (best)  
    4900 |   4.45e+04 |   2.63e+04 |  -7.77e+07 |   1.65e+03 |   3.63e+04 |   1.78e+05 |   -7.79e+03 |   4.63e-03 |       223.48 |    23.19 |   138m 48s | Model saved (best)  
    4950 |   4.40e+04 |   2.63e+04 |  -7.77e+07 |   1.85e+03 |   3.62e+04 |   1.85e+05 |   -7.80e+03 |   4.63e-03 |       223.47 |    26.44 |   145m 48s | Model saved (best)  
    5000 |   4.21e+04 |   2.55e+04 |  -7.78e+07 |   1.63e+03 |   3.51e+04 |   1.73e+05 |   -7.81e+03 |   4.63e-03 |       223.47 |    23.03 |   151m 33s | Model saved (best)  
    5050 |   4.18e+04 |   2.56e+04 |  -7.79e+07 |   1.80e+03 |   3.47e+04 |   1.80e+05 |   -7.81e+03 |   4.63e-03 |       223.48 |    28.44 |   158m 53s | Model saved (best)  
    5100 |   4.04e+04 |   2.49e+04 |  -7.79e+07 |   1.62e+03 |   3.40e+04 |   1.69e+05 |   -7.82e+03 |   4.63e-03 |       223.47 |    23.24 |   164m 27s | Model saved (best)  
    5150 |   4.01e+04 |   2.49e+04 |  -7.80e+07 |   1.80e+03 |   3.35e+04 |   1.76e+05 |   -7.82e+03 |   4.63e-03 |       223.48 |    26.25 |   170m 50s | Model saved (best)  
    5200 |   3.85e+04 |   2.42e+04 |  -7.81e+07 |   1.62e+03 |   3.23e+04 |   1.67e+05 |   -7.83e+03 |   4.63e-03 |       223.48 |    23.17 |   176m 08s | Model saved (best)  
    5250 |   3.85e+04 |   2.42e+04 |  -7.81e+07 |   1.82e+03 |   3.19e+04 |   1.74e+05 |   -7.83e+03 |   4.63e-03 |       223.48 |    26.30 |   182m 17s | Model saved (best)  
    5300 |   3.69e+04 |   2.34e+04 |  -7.82e+07 |   1.64e+03 |   3.09e+04 |   1.65e+05 |   -7.83e+03 |   4.63e-03 |       223.47 |    23.17 |   187m 22s | Model saved (best)  
    5350 |   3.69e+04 |   2.35e+04 |  -7.82e+07 |   1.82e+03 |   3.06e+04 |   1.71e+05 |   -7.84e+03 |   4.63e-03 |       223.47 |    26.32 |   193m 16s | Model saved (best)  
    5400 |   3.55e+04 |   2.28e+04 |  -7.82e+07 |   1.62e+03 |   2.97e+04 |   1.61e+05 |   -7.84e+03 |   4.63e-03 |       223.47 |    23.38 |   198m 12s | Model saved (best)  
    5450 |   3.54e+04 |   2.29e+04 |  -7.82e+07 |   1.81e+03 |   2.95e+04 |   1.68e+05 |   -7.84e+03 |   4.63e-03 |       223.48 |    34.62 |   206m 18s | Model saved         
    5500 |   3.40e+04 |   2.21e+04 |  -7.83e+07 |   1.60e+03 |   2.89e+04 |   1.58e+05 |   -7.85e+03 |   4.63e-03 |       223.47 |    23.53 |   211m 03s | Model saved (best)  
    5550 |   3.40e+04 |   2.23e+04 |  -7.83e+07 |   1.82e+03 |   2.86e+04 |   1.65e+05 |   -7.85e+03 |   4.63e-03 |       223.47 |    26.62 |   216m 35s | Model saved         
    5600 |   3.26e+04 |   2.15e+04 |  -7.84e+07 |   1.57e+03 |   2.81e+04 |   1.55e+05 |   -7.86e+03 |   4.63e-03 |       223.47 |    23.14 |   221m 03s | Model saved (best)  
    5650 |   3.14e+04 |   2.12e+04 |  -7.86e+07 |   1.44e+03 |   2.96e+04 |   1.44e+05 |   -7.88e+03 |   4.63e-03 |       223.48 |    26.30 |   226m 17s | Model saved (best)  
    5700 |   2.70e+04 |   1.77e+04 |  -7.90e+07 |   1.24e+03 |   2.58e+04 |   1.29e+05 |   -7.91e+03 |   4.63e-03 |       223.48 |    23.12 |   230m 34s | Model saved (best)  
    5750 |   2.68e+04 |   1.75e+04 |  -7.90e+07 |   1.37e+03 |   2.67e+04 |   1.34e+05 |   -7.92e+03 |   4.63e-03 |       223.48 |    26.39 |   235m 39s | Model saved (best)  
    5800 |   2.49e+04 |   1.63e+04 |  -7.91e+07 |   1.15e+03 |   2.48e+04 |   1.24e+05 |   -7.93e+03 |   4.63e-03 |       223.47 |    23.44 |   239m 50s | Model saved (best)  
    5850 |   2.49e+04 |   1.63e+04 |  -7.92e+07 |   1.28e+03 |   2.48e+04 |   1.28e+05 |   -7.93e+03 |   4.63e-03 |       223.47 |    29.56 |   245m 35s | Model saved (best)  
    5900 |   2.35e+04 |   1.53e+04 |  -7.93e+07 |   1.09e+03 |   2.42e+04 |   1.20e+05 |   -7.94e+03 |   4.63e-03 |       223.47 |    28.30 |   250m 54s | Model saved (best)  
    5950 |   2.38e+04 |   1.55e+04 |  -7.93e+07 |   1.20e+03 |   2.48e+04 |   1.24e+05 |   -7.94e+03 |   4.63e-03 |       223.48 |    26.78 |   255m 43s | Model saved (best)  
    6000 |   2.23e+04 |   1.45e+04 |  -7.94e+07 |   1.01e+03 |   2.34e+04 |   1.15e+05 |   -7.95e+03 |   4.63e-03 |       223.47 |    23.40 |   259m 33s | Model saved (best)  
    6050 |   2.23e+04 |   1.45e+04 |  -7.94e+07 |   1.17e+03 |   2.33e+04 |   1.20e+05 |   -7.95e+03 |   4.63e-03 |       223.47 |    28.67 |   264m 42s | Model saved (best)  
    6100 |   2.12e+04 |   1.36e+04 |  -7.95e+07 |   9.68e+02 |   2.27e+04 |   1.11e+05 |   -7.96e+03 |   4.63e-03 |       223.47 |    31.06 |   270m 21s | Model saved (best)  
    6150 |   2.22e+04 |   1.40e+04 |  -7.95e+07 |   1.22e+03 |   2.69e+04 |   1.13e+05 |   -7.96e+03 |   4.63e-03 |       223.48 |    26.44 |   274m 44s | Model saved         
    6200 |   2.18e+04 |   1.28e+04 |  -7.98e+07 |   1.27e+03 |   3.08e+04 |   8.31e+04 |   -7.99e+03 |   4.63e-03 |       223.47 |    23.21 |   278m 14s | Model saved (best)  
    6250 |   1.85e+04 |   9.87e+03 |  -8.01e+07 |   7.78e+02 |   2.23e+04 |   8.34e+04 |   -8.02e+03 |   4.63e-03 |       223.47 |    26.45 |   282m 28s | Model saved (best)  
    6300 |   1.71e+04 |   8.01e+03 |  -8.03e+07 |   5.62e+02 |   2.07e+04 |   7.42e+04 |   -8.04e+03 |   4.63e-03 |       223.47 |    23.24 |   285m 51s | Model saved (best)  
    6350 |   1.79e+04 |   8.14e+03 |  -8.03e+07 |   7.34e+02 |   2.29e+04 |   7.47e+04 |   -8.04e+03 |   4.63e-03 |       223.48 |    26.29 |   289m 54s | Model saved (best)  
    6400 |   1.71e+04 |   6.89e+03 |  -8.04e+07 |   5.53e+02 |   2.11e+04 |   7.03e+04 |   -8.05e+03 |   4.63e-03 |       223.47 |    23.35 |   293m 11s | Model saved (best)  
    6450 |   2.88e+04 |   1.56e+04 |  -7.95e+07 |   6.52e+03 |   3.09e+04 |   8.64e+04 |   -7.96e+03 |   4.63e-03 |       223.47 |    26.62 |   297m 11s | Model saved         
    6500 |   1.97e+04 |   1.21e+04 |  -7.98e+07 |   1.96e+03 |   2.72e+04 |   8.17e+04 |   -7.99e+03 |   4.63e-03 |       223.47 |    29.40 |   301m 47s | Model saved         
    6550 |   1.68e+04 |   7.73e+03 |  -8.04e+07 |   5.79e+02 |   2.17e+04 |   7.47e+04 |   -8.05e+03 |   4.63e-03 |       223.47 |    27.85 |   305m 57s | Model saved         
    6600 |   1.66e+04 |   6.58e+03 |  -8.05e+07 |   5.93e+02 |   1.92e+04 |   7.19e+04 |   -8.05e+03 |   4.63e-03 |       223.47 |    23.28 |   308m 58s | Model saved (best)  
    6650 |   1.66e+04 |   6.73e+03 |  -8.05e+07 |   6.45e+02 |   1.91e+04 |   7.43e+04 |   -8.06e+03 |   4.63e-03 |       223.48 |    26.43 |   312m 39s | Model saved (best)  
    6700 |   1.66e+04 |   6.06e+03 |  -8.05e+07 |   5.78e+02 |   1.81e+04 |   7.00e+04 |   -8.06e+03 |   4.63e-03 |       223.48 |    29.71 |   317m 03s | Model saved (best)  
    6750 |   1.66e+04 |   6.14e+03 |  -8.05e+07 |   6.86e+02 |   1.78e+04 |   7.30e+04 |   -8.06e+03 |   4.63e-03 |       223.48 |    27.50 |   320m 52s | Model saved (best)  
    6800 |   1.68e+04 |   5.65e+03 |  -8.06e+07 |   5.74e+02 |   1.73e+04 |   6.83e+04 |   -8.07e+03 |   4.63e-03 |       223.47 |    23.33 |   323m 40s | Model saved (best)  
    6850 |   1.68e+04 |   5.75e+03 |  -8.06e+07 |   6.63e+02 |   1.71e+04 |   7.05e+04 |   -8.07e+03 |   4.63e-03 |       223.47 |    34.04 |   328m 51s | Model saved (best)  
    6900 |   1.71e+04 |   5.14e+03 |  -8.07e+07 |   5.26e+02 |   1.64e+04 |   6.28e+04 |   -8.07e+03 |   4.63e-03 |       223.47 |    23.28 |   331m 32s | Model saved (best)  
    6950 |   1.72e+04 |   4.99e+03 |  -8.07e+07 |   6.21e+02 |   1.63e+04 |   6.42e+04 |   -8.08e+03 |   4.63e-03 |       223.48 |    27.04 |   335m 00s | Model saved (best)  
    7000 |   4.30e+04 |   1.82e+04 |  -7.91e+07 |   1.98e+04 |   3.10e+04 |   8.87e+04 |   -7.93e+03 |   4.63e-03 |       223.48 |    34.13 |   339m 59s | Model saved         
    7050 |   1.84e+04 |   8.41e+03 |  -8.03e+07 |   1.58e+03 |   2.38e+04 |   7.28e+04 |   -8.04e+03 |   4.63e-03 |       223.47 |    34.53 |   344m 59s | Model saved         
    7100 |   1.88e+04 |   5.34e+03 |  -8.07e+07 |   5.00e+02 |   1.85e+04 |   6.01e+04 |   -8.07e+03 |   4.63e-03 |       223.47 |    23.21 |   347m 26s | Model saved         
    7150 |   1.89e+04 |   5.08e+03 |  -8.07e+07 |   6.69e+02 |   1.82e+04 |   5.70e+04 |   -8.08e+03 |   4.63e-03 |       223.48 |    26.56 |   350m 34s | Model saved (best)  
    7200 |   1.91e+04 |   3.44e+03 |  -8.09e+07 |   4.22e+02 |   1.38e+04 |   5.19e+04 |   -8.10e+03 |   4.63e-03 |       223.47 |    23.36 |   352m 57s | Model saved (best)  
    7250 |   1.91e+04 |   3.38e+03 |  -8.09e+07 |   4.56e+02 |   1.37e+04 |   5.35e+04 |   -8.10e+03 |   4.63e-03 |       223.47 |    26.38 |   355m 57s | Model saved (best)  
    7300 |   1.96e+04 |   3.20e+03 |  -8.09e+07 |   4.47e+02 |   1.38e+04 |   5.04e+04 |   -8.10e+03 |   4.63e-03 |       223.47 |    23.20 |   358m 14s | Model saved         
    7350 |   1.98e+04 |   2.50e+03 |  -8.11e+07 |   5.68e+02 |   1.19e+04 |   5.03e+04 |   -8.11e+03 |   4.63e-03 |       223.47 |    26.38 |   361m 09s | Model saved (best)  
    7400 |   1.99e+04 |   2.24e+03 |  -8.11e+07 |   3.98e+02 |   1.11e+04 |   4.69e+04 |   -8.11e+03 |   4.63e-03 |       223.47 |    23.21 |   363m 22s | Model saved (best)  
    7450 |   1.22e+05 |   2.40e+04 |  -7.70e+07 |   1.38e+05 |   5.18e+04 |   3.46e+05 |   -7.75e+03 |   4.63e-03 |       223.48 |    26.22 |   366m 09s | Model saved         
    7500 |   3.34e+05 |   7.15e+04 |  -7.21e+07 |   1.43e+05 |   1.37e+05 |   4.08e+05 |   -7.28e+03 |   4.63e-03 |       223.48 |    23.19 |   368m 17s | Model saved         
    7550 |   4.31e+04 |   4.88e+04 |  -7.59e+07 |   9.47e+02 |   6.43e+04 |   8.51e+04 |   -7.61e+03 |   4.63e-03 |       223.48 |    26.30 |   371m 01s | Model saved         
    7600 |   3.26e+04 |   3.72e+04 |  -7.71e+07 |   7.63e+02 |   3.84e+04 |   1.03e+05 |   -7.72e+03 |   4.40e-03 |       223.47 |    23.28 |   373m 05s | Model saved         
    7650 |   3.01e+04 |   3.33e+04 |  -7.74e+07 |   1.08e+03 |   3.24e+04 |   1.20e+05 |   -7.76e+03 |   4.40e-03 |       223.47 |    26.56 |   375m 48s | Model saved         
    7700 |   2.33e+04 |   2.60e+04 |  -7.84e+07 |   7.26e+02 |   2.47e+04 |   8.36e+04 |   -7.85e+03 |   4.40e-03 |       223.47 |    23.26 |   377m 48s | Model saved         
    7750 |   2.14e+04 |   2.18e+04 |  -7.87e+07 |   1.50e+03 |   2.13e+04 |   1.03e+05 |   -7.88e+03 |   4.40e-03 |       223.48 |    26.60 |   380m 26s | Model saved         
    7800 |   1.91e+04 |   1.91e+04 |  -7.90e+07 |   1.09e+03 |   1.93e+04 |   9.90e+04 |   -7.91e+03 |   4.18e-03 |       223.47 |    23.29 |   382m 23s | Model saved         
    7850 |   1.90e+04 |   1.77e+04 |  -7.92e+07 |   1.27e+03 |   2.02e+04 |   1.02e+05 |   -7.93e+03 |   4.18e-03 |       223.47 |    26.33 |   384m 53s | Model saved         
    7900 |   1.72e+04 |   1.50e+04 |  -7.95e+07 |   8.92e+02 |   1.84e+04 |   8.96e+04 |   -7.96e+03 |   4.18e-03 |       223.47 |    23.29 |   386m 46s | Model saved         
    7950 |   1.68e+04 |   1.41e+04 |  -7.96e+07 |   7.09e+02 |   1.76e+04 |   8.81e+04 |   -7.97e+03 |   4.18e-03 |       223.47 |    26.39 |   389m 13s | Model saved         
    8000 |   1.63e+04 |   1.23e+04 |  -7.98e+07 |   5.96e+02 |   1.68e+04 |   7.98e+04 |   -7.99e+03 |   3.97e-03 |       223.47 |    23.20 |   391m 02s | Model saved         
    8050 |   1.59e+04 |   1.08e+04 |  -8.00e+07 |   4.55e+02 |   1.60e+04 |   6.73e+04 |   -8.01e+03 |   3.97e-03 |       223.47 |    28.92 |   393m 54s | Model saved         
    8100 |   1.67e+04 |   7.53e+03 |  -8.04e+07 |   5.10e+02 |   1.44e+04 |   5.81e+04 |   -8.05e+03 |   3.97e-03 |       223.47 |    23.17 |   395m 38s | Model saved         
    8150 |   1.74e+04 |   7.04e+03 |  -8.05e+07 |   7.74e+02 |   1.50e+04 |   6.70e+04 |   -8.05e+03 |   3.97e-03 |       223.48 |    26.33 |   397m 56s | Model saved         
    8200 |   1.79e+04 |   6.09e+03 |  -8.06e+07 |   5.94e+02 |   1.40e+04 |   6.29e+04 |   -8.06e+03 |   3.77e-03 |       223.47 |    23.34 |   399m 39s | Model saved         
    8250 |   1.78e+04 |   6.24e+03 |  -8.06e+07 |   6.83e+02 |   1.43e+04 |   6.53e+04 |   -8.06e+03 |   3.77e-03 |       223.48 |    26.26 |   401m 53s | Model saved         
    8300 |   1.83e+04 |   5.55e+03 |  -8.06e+07 |   5.52e+02 |   1.36e+04 |   6.09e+04 |   -8.07e+03 |   3.77e-03 |       223.47 |    23.46 |   403m 34s | Model saved         
    8350 |   1.82e+04 |   5.71e+03 |  -8.06e+07 |   6.25e+02 |   1.39e+04 |   6.34e+04 |   -8.07e+03 |   3.77e-03 |       223.47 |    26.28 |   405m 44s | Model saved         
    8400 |   1.87e+04 |   5.11e+03 |  -8.07e+07 |   5.29e+02 |   1.32e+04 |   5.92e+04 |   -8.08e+03 |   3.58e-03 |       223.47 |    23.28 |   407m 20s | Model saved         
    8450 |   1.87e+04 |   5.21e+03 |  -8.07e+07 |   5.84e+02 |   1.36e+04 |   6.15e+04 |   -8.08e+03 |   3.58e-03 |       223.48 |    26.35 |   409m 27s | Model saved         
    8500 |   1.91e+04 |   4.71e+03 |  -8.07e+07 |   5.09e+02 |   1.28e+04 |   5.77e+04 |   -8.08e+03 |   3.58e-03 |       223.47 |    23.34 |   411m 01s | Model saved         
    8550 |   1.90e+04 |   4.82e+03 |  -8.07e+07 |   5.58e+02 |   1.31e+04 |   6.01e+04 |   -8.08e+03 |   3.58e-03 |       223.47 |    26.40 |   413m 05s | Model saved         
    8600 |   1.94e+04 |   4.36e+03 |  -8.08e+07 |   4.88e+02 |   1.23e+04 |   5.59e+04 |   -8.09e+03 |   3.41e-03 |       223.47 |    23.30 |   414m 35s | Model saved         
    8650 |   1.94e+04 |   4.42e+03 |  -8.08e+07 |   5.35e+02 |   1.26e+04 |   5.79e+04 |   -8.09e+03 |   3.41e-03 |       223.48 |    26.31 |   416m 36s | Model saved         
    8700 |   1.98e+04 |   4.02e+03 |  -8.08e+07 |   4.73e+02 |   1.20e+04 |   5.44e+04 |   -8.09e+03 |   3.41e-03 |       223.47 |    23.27 |   418m 03s | Model saved         
    8750 |   1.97e+04 |   4.14e+03 |  -8.08e+07 |   5.21e+02 |   1.24e+04 |   5.69e+04 |   -8.09e+03 |   3.41e-03 |       223.47 |    26.40 |   420m 01s | Model saved         
    8800 |   2.00e+04 |   3.73e+03 |  -8.09e+07 |   4.57e+02 |   1.15e+04 |   5.33e+04 |   -8.09e+03 |   3.24e-03 |       223.47 |    23.28 |   421m 26s | Model saved         
    8850 |   1.99e+04 |   3.83e+03 |  -8.09e+07 |   5.12e+02 |   1.18e+04 |   5.56e+04 |   -8.10e+03 |   3.24e-03 |       223.47 |    26.49 |   423m 22s | Model saved         
    8900 |   2.02e+04 |   3.46e+03 |  -8.09e+07 |   4.38e+02 |   1.10e+04 |   5.20e+04 |   -8.10e+03 |   3.24e-03 |       223.47 |    23.23 |   424m 43s | Model saved         
    8950 |   2.00e+04 |   3.59e+03 |  -8.09e+07 |   5.00e+02 |   1.14e+04 |   5.43e+04 |   -8.10e+03 |   3.24e-03 |       223.48 |    26.37 |   426m 35s | Model saved         
    9000 |   2.03e+04 |   3.25e+03 |  -8.09e+07 |   4.28e+02 |   1.06e+04 |   5.10e+04 |   -8.10e+03 |   3.07e-03 |       223.48 |    23.19 |   427m 53s | Model saved         
    9050 |   2.00e+04 |   3.36e+03 |  -8.10e+07 |   4.80e+02 |   1.10e+04 |   5.30e+04 |   -8.10e+03 |   3.07e-03 |       223.47 |    28.61 |   430m 05s | Model saved         
    9100 |   2.04e+04 |   3.04e+03 |  -8.10e+07 |   4.13e+02 |   1.03e+04 |   4.99e+04 |   -8.10e+03 |   3.07e-03 |       223.47 |    23.12 |   431m 20s | Model saved         
    9150 |   2.01e+04 |   3.17e+03 |  -8.10e+07 |   4.78e+02 |   1.07e+04 |   5.20e+04 |   -8.10e+03 |   3.07e-03 |       223.48 |    26.23 |   433m 05s | Model saved         
    9200 |   2.05e+04 |   2.85e+03 |  -8.10e+07 |   4.03e+02 |   9.92e+03 |   4.89e+04 |   -8.11e+03 |   2.92e-03 |       223.48 |    23.13 |   434m 18s | Model saved         
    9250 |   2.02e+04 |   2.99e+03 |  -8.10e+07 |   4.72e+02 |   1.05e+04 |   5.10e+04 |   -8.11e+03 |   2.92e-03 |       223.48 |    26.10 |   435m 59s | Model saved         
    9300 |   2.05e+04 |   2.67e+03 |  -8.10e+07 |   3.89e+02 |   9.64e+03 |   4.80e+04 |   -8.11e+03 |   2.92e-03 |       223.47 |    23.19 |   437m 10s | Model saved         
    9350 |   2.05e+04 |   2.76e+03 |  -8.11e+07 |   4.27e+02 |   1.06e+04 |   4.52e+04 |   -8.11e+03 |   2.92e-03 |       223.47 |    26.22 |   438m 49s | Model saved         
    9400 |   2.16e+04 |   2.99e+03 |  -8.10e+07 |   6.67e+02 |   1.15e+04 |   4.35e+04 |   -8.11e+03 |   2.92e-03 |       223.47 |    23.23 |   439m 59s | Model saved         
    9450 |   2.31e+04 |   3.55e+03 |  -8.10e+07 |   9.44e+02 |   1.49e+04 |   4.76e+04 |   -8.10e+03 |   2.92e-03 |       223.48 |    34.12 |   442m 52s | Model saved         
    9500 |   2.15e+04 |   1.96e+03 |  -8.11e+07 |   3.45e+02 |   8.75e+03 |   4.28e+04 |   -8.12e+03 |   2.92e-03 |       223.47 |    23.34 |   443m 59s | Model saved (best)  
    9550 |   2.10e+04 |   2.18e+03 |  -8.11e+07 |   4.04e+02 |   9.75e+03 |   4.41e+04 |   -8.12e+03 |   2.92e-03 |       223.47 |    26.29 |   445m 34s | Model saved (best)  
    9600 |   2.14e+04 |   1.76e+03 |  -8.12e+07 |   3.28e+02 |   8.08e+03 |   4.21e+04 |   -8.12e+03 |   2.92e-03 |       223.47 |    25.85 |   447m 04s | Model saved (best)  
    9650 |   2.10e+04 |   1.83e+03 |  -8.12e+07 |   4.30e+02 |   8.38e+03 |   4.40e+04 |   -8.12e+03 |   2.92e-03 |       223.48 |    30.95 |   449m 20s | Model saved (best)  
    9700 |   2.11e+04 |   1.62e+03 |  -8.12e+07 |   3.35e+02 |   7.71e+03 |   4.17e+04 |   -8.12e+03 |   2.92e-03 |       223.47 |    23.16 |   450m 22s | Model saved (best)  
    9750 |   2.06e+04 |   1.77e+03 |  -8.12e+07 |   4.09e+02 |   8.28e+03 |   4.32e+04 |   -8.12e+03 |   2.92e-03 |       223.47 |    26.50 |   451m 53s | Model saved (best)  
    9800 |   2.08e+04 |   1.53e+03 |  -8.12e+07 |   3.34e+02 |   7.56e+03 |   4.11e+04 |   -8.12e+03 |   2.92e-03 |       223.47 |    23.32 |   452m 55s | Model saved (best)  
    9850 |   2.04e+04 |   1.67e+03 |  -8.12e+07 |   4.20e+02 |   8.06e+03 |   4.25e+04 |   -8.12e+03 |   2.92e-03 |       223.47 |    26.44 |   454m 24s | Model saved (best)  
    9900 |   2.05e+04 |   1.44e+03 |  -8.12e+07 |   3.35e+02 |   7.33e+03 |   4.04e+04 |   -8.12e+03 |   2.92e-03 |       223.47 |    23.29 |   455m 23s | Model saved (best)  
    9950 |   2.01e+04 |   1.60e+03 |  -8.12e+07 |   4.20e+02 |   7.92e+03 |   4.20e+04 |   -8.13e+03 |   2.92e-03 |       223.48 |    27.09 |   456m 56s | Model saved (best)  
   10000 |   2.03e+04 |   1.38e+03 |  -8.12e+07 |   3.32e+02 |   7.28e+03 |   3.96e+04 |   -8.13e+03 |   2.92e-03 |       223.47 |    30.97 |   459m 02s | Model saved (best)  
   10050 |   2.00e+04 |   1.54e+03 |  -8.12e+07 |   4.40e+02 |   7.83e+03 |   4.11e+04 |   -8.13e+03 |   2.92e-03 |       223.47 |    28.70 |   460m 47s | Model saved (best)  
   10100 |   2.01e+04 |   1.26e+03 |  -8.12e+07 |   3.33e+02 |   6.91e+03 |   3.89e+04 |   -8.13e+03 |   2.92e-03 |       223.47 |    23.40 |   461m 43s | Model saved (best)  
   10150 |   1.97e+04 |   1.32e+03 |  -8.12e+07 |   4.48e+02 |   7.18e+03 |   4.03e+04 |   -8.13e+03 |   2.92e-03 |       223.47 |    26.33 |   463m 05s | Model saved (best)  
   10200 |   1.98e+04 |   1.17e+03 |  -8.12e+07 |   3.38e+02 |   6.68e+03 |   3.84e+04 |   -8.13e+03 |   2.92e-03 |       223.47 |    30.84 |   465m 04s | Model saved         
   10250 |   1.95e+04 |   1.25e+03 |  -8.13e+07 |   4.52e+02 |   7.00e+03 |   3.97e+04 |   -8.13e+03 |   2.92e-03 |       223.47 |    26.47 |   466m 25s | Model saved (best)  
   10300 |   1.94e+04 |   1.10e+03 |  -8.12e+07 |   3.43e+02 |   6.49e+03 |   3.77e+04 |   -8.13e+03 |   2.92e-03 |       223.47 |    23.38 |   467m 17s | Model saved         
   10350 |   1.92e+04 |   1.49e+03 |  -8.12e+07 |   5.24e+02 |   7.96e+03 |   3.96e+04 |   -8.13e+03 |   2.92e-03 |       223.48 |    26.20 |   468m 33s | Model saved         
   10400 |   1.91e+04 |   1.07e+03 |  -8.13e+07 |   3.52e+02 |   6.43e+03 |   3.71e+04 |   -8.13e+03 |   2.92e-03 |       223.47 |    23.38 |   469m 24s | Model saved         
   10450 |   1.89e+04 |   1.20e+03 |  -8.13e+07 |   4.56e+02 |   6.95e+03 |   3.86e+04 |   -8.13e+03 |   2.92e-03 |       223.47 |    26.35 |   470m 39s | Model saved (best)  
   10500 |   1.89e+04 |   9.30e+02 |  -8.13e+07 |   3.57e+02 |   6.08e+03 |   3.65e+04 |   -8.13e+03 |   2.92e-03 |       223.47 |    23.26 |   471m 27s | Model saved (best)  
   10550 |   1.89e+04 |   1.23e+03 |  -8.13e+07 |   5.01e+02 |   7.48e+03 |   3.83e+04 |   -8.13e+03 |   2.92e-03 |       223.48 |    26.41 |   472m 41s | Model saved         
   10600 |   1.87e+04 |   8.68e+02 |  -8.13e+07 |   4.04e+02 |   6.01e+03 |   3.53e+04 |   -8.13e+03 |   2.92e-03 |       223.48 |    23.49 |   473m 30s | Model saved (best)  
   10650 |   1.83e+04 |   8.96e+02 |  -8.13e+07 |   4.34e+02 |   6.03e+03 |   3.63e+04 |   -8.13e+03 |   2.92e-03 |       223.48 |    26.38 |   474m 42s | Model saved (best)  
   10700 |   1.82e+04 |   7.98e+02 |  -8.13e+07 |   3.74e+02 |   5.68e+03 |   3.47e+04 |   -8.13e+03 |   2.92e-03 |       223.47 |    23.19 |   475m 27s | Model saved         
   10750 |   1.79e+04 |   9.03e+02 |  -8.13e+07 |   4.39e+02 |   6.07e+03 |   3.60e+04 |   -8.13e+03 |   2.92e-03 |       223.47 |    26.24 |   476m 36s | Model saved (best)  
   10800 |   1.78e+04 |   7.76e+02 |  -8.13e+07 |   3.81e+02 |   5.62e+03 |   3.43e+04 |   -8.13e+03 |   2.92e-03 |       223.47 |    23.15 |   477m 19s | Model saved         
   10850 |   1.76e+04 |   8.98e+02 |  -8.13e+07 |   4.13e+02 |   6.06e+03 |   3.57e+04 |   -8.14e+03 |   2.92e-03 |       223.47 |    26.26 |   478m 26s | Model saved (best)  
   10900 |   1.75e+04 |   7.63e+02 |  -8.13e+07 |   3.84e+02 |   5.53e+03 |   3.39e+04 |   -8.13e+03 |   2.92e-03 |       223.47 |    23.12 |   479m 08s | Model saved         
   10950 |   1.74e+04 |   1.10e+03 |  -8.13e+07 |   4.03e+02 |   6.93e+03 |   3.60e+04 |   -8.13e+03 |   2.92e-03 |       223.48 |    26.28 |   480m 14s | Model saved         
   11000 |   1.71e+04 |   7.49e+02 |  -8.13e+07 |   3.94e+02 |   5.55e+03 |   3.36e+04 |   -8.13e+03 |   2.92e-03 |       223.48 |    23.08 |   480m 54s | Model saved         
   11050 |   1.69e+04 |   7.77e+02 |  -8.13e+07 |   3.98e+02 |   5.63e+03 |   3.47e+04 |   -8.14e+03 |   2.92e-03 |       223.48 |    28.36 |   482m 15s | Model saved (best)  
   11100 |   1.69e+04 |   7.17e+02 |  -8.13e+07 |   4.03e+02 |   5.44e+03 |   3.34e+04 |   -8.13e+03 |   2.92e-03 |       223.47 |    23.35 |   482m 56s | Model saved         
   11150 |   1.67e+04 |   7.48e+02 |  -8.13e+07 |   3.84e+02 |   5.55e+03 |   3.43e+04 |   -8.14e+03 |   2.92e-03 |       223.48 |    26.23 |   483m 59s | Model saved (best)  
   11200 |   1.66e+04 |   6.82e+02 |  -8.13e+07 |   4.12e+02 |   5.31e+03 |   3.30e+04 |   -8.13e+03 |   2.92e-03 |       223.48 |    23.24 |   484m 37s | Model saved         
   11250 |   1.64e+04 |   7.17e+02 |  -8.13e+07 |   3.74e+02 |   5.48e+03 |   3.40e+04 |   -8.14e+03 |   2.92e-03 |       223.48 |    26.27 |   485m 39s | Model saved (best)  
   11300 |   1.64e+04 |   6.66e+02 |  -8.13e+07 |   4.11e+02 |   5.28e+03 |   3.28e+04 |   -8.14e+03 |   2.92e-03 |       223.47 |    23.38 |   486m 17s | Model saved         
   11350 |   1.61e+04 |   7.41e+02 |  -8.13e+07 |   3.69e+02 |   5.61e+03 |   3.38e+04 |   -8.14e+03 |   2.92e-03 |       223.47 |    26.29 |   487m 17s | Model saved         
   11400 |   1.62e+04 |   6.47e+02 |  -8.13e+07 |   4.28e+02 |   5.19e+03 |   3.25e+04 |   -8.14e+03 |   2.92e-03 |       223.47 |    23.11 |   487m 52s | Model saved         
   11450 |   1.59e+04 |   6.89e+02 |  -8.13e+07 |   3.58e+02 |   5.41e+03 |   3.34e+04 |   -8.14e+03 |   2.92e-03 |       223.48 |    26.25 |   488m 51s | Model saved (best)  
   11500 |   1.59e+04 |   6.28e+02 |  -8.13e+07 |   4.19e+02 |   5.15e+03 |   3.23e+04 |   -8.14e+03 |   2.92e-03 |       223.47 |    23.19 |   489m 26s | Model saved         
   11550 |   1.57e+04 |   6.69e+02 |  -8.13e+07 |   3.59e+02 |   5.36e+03 |   3.32e+04 |   -8.14e+03 |   2.92e-03 |       223.47 |    26.26 |   490m 23s | Model saved (best)  
   11600 |   1.57e+04 |   6.42e+02 |  -8.13e+07 |   4.17e+02 |   5.25e+03 |   3.22e+04 |   -8.14e+03 |   2.92e-03 |       223.47 |    22.99 |   490m 55s | Model saved         
   11650 |   1.55e+04 |   6.67e+02 |  -8.13e+07 |   3.44e+02 |   5.36e+03 |   3.29e+04 |   -8.14e+03 |   2.92e-03 |       223.47 |    26.30 |   491m 51s | Model saved (best)  
   11700 |   1.55e+04 |   5.98e+02 |  -8.13e+07 |   4.19e+02 |   5.09e+03 |   3.18e+04 |   -8.14e+03 |   2.92e-03 |       223.47 |    23.12 |   492m 23s | Model saved         
   11750 |   1.53e+04 |   6.45e+02 |  -8.13e+07 |   3.47e+02 |   5.28e+03 |   3.26e+04 |   -8.14e+03 |   2.92e-03 |       223.48 |    26.16 |   493m 17s | Model saved (best)  
   11800 |   1.53e+04 |   5.72e+02 |  -8.13e+07 |   4.27e+02 |   4.96e+03 |   3.15e+04 |   -8.14e+03 |   2.92e-03 |       223.47 |    23.11 |   493m 48s | Model saved         
================================================================================
RESUMING TRAINING - APPENDING TO EXISTING LOG
================================================================================
Running on device: cuda, Parallel training disabled
Loading dynamics config from saved_models/full_SP01_x100_gamma0.01_lowvol_psi0_naislstm_GELU/dynamics_config.json
------------------------------------------------------------
DYNAMICS CONFIGURATION:
------------------------------------------------------------
dynamics: FullDynamics
T: 1.0
N: 72
dim: 3
dim_W: 2
y0: [100.0, 80.0, 0.0]
mu_P: 0.0
mu_D: 0.0
time_dep_vol: False
low_vol: True
sigma_P0: 3.139
sigma_P1: 4.907
alpha_P: 14.22
beta_P: 9.856
sigma_D0: 4.66
sigma_D1: 6.815
alpha_D: 24.731
beta_D: 21.714
rho: -0.1
psi: 0
gamma: 0.01
nu: 0.042
eta: 10
analytical_known: True
dt: 0.013888888888888888
------------------------------------------------------------
Attempting to load model from saved_models/full_SP01_x100_gamma0.01_lowvol_psi0_naislstm_GELU
Loaded model checkpoint from epoch 11800 with training state
Training started at 2025-06-27 17:01:33
Logging training to saved_models/full_SP01_x100_gamma0.01_lowvol_psi0_naislstm_GELU/training.log
   Epoch |      Y val |      q val | Total loss |    Y0 loss |     Y loss |    T. loss |   cost loss |         LR |  Memory [MB] | Time [s] |        ETA | Status              
-----------------------------------------------------------------------------------------------------------------------------------------------------------------------------

Resuming training from epoch 11801/100000
Current learning rate: 2.919890e-03
Lowest loss so far: -8.134538e+07
-----------------------------------------------------------------------------------------------------------------------------------------------------------------------------
   11850 |   2.84e+05 |   7.12e+04 |  -7.02e+07 |   2.88e+05 |   1.32e+05 |   3.48e+05 |   -7.10e+03 |   2.92e-03 |       223.47 |    25.01 |     3m 06s | Model saved         
   11900 |   1.85e+04 |   3.01e+04 |  -7.63e+07 |   3.20e+03 |   2.51e+04 |   3.35e+04 |   -7.64e+03 |   2.92e-03 |       223.47 |    23.35 |     5m 58s | Model saved         
   11950 |   1.16e+04 |   1.98e+04 |  -7.73e+07 |   3.51e+02 |   1.75e+04 |   4.87e+04 |   -7.74e+03 |   2.92e-03 |       223.48 |    26.76 |     9m 13s | Model saved         
   12000 |   9.62e+03 |   1.40e+04 |  -7.80e+07 |   1.12e+03 |   1.39e+04 |   3.30e+04 |   -7.81e+03 |   2.77e-03 |       223.48 |    24.42 |    12m 09s | Model saved         
   12050 |   6.07e+03 |   9.60e+03 |  -7.85e+07 |   4.07e+02 |   1.01e+04 |   2.59e+04 |   -7.86e+03 |   2.77e-03 |       223.47 |    32.14 |    16m 01s | Model saved         
   12100 |   4.67e+03 |   4.39e+03 |  -7.91e+07 |   2.01e+02 |   1.02e+04 |   1.91e+04 |   -7.91e+03 |   2.77e-03 |       223.47 |    26.24 |    19m 07s | Model saved         
   12150 |   4.79e+03 |   2.41e+03 |  -7.93e+07 |   1.79e+02 |   6.05e+03 |   1.71e+04 |   -7.93e+03 |   2.77e-03 |       223.48 |    29.18 |    22m 32s | Model saved         
   12200 |   4.89e+03 |   2.51e+03 |  -7.93e+07 |   3.03e+02 |   6.50e+03 |   1.47e+04 |   -7.93e+03 |   2.64e-03 |       223.47 |    24.98 |    25m 26s | Model saved         
   12250 |   4.77e+03 |   1.84e+03 |  -7.94e+07 |   2.08e+02 |   5.46e+03 |   1.58e+04 |   -7.94e+03 |   2.64e-03 |       223.47 |    28.60 |    28m 43s | Model saved         
   12300 |   4.77e+03 |   1.64e+03 |  -7.94e+07 |   1.57e+02 |   5.24e+03 |   1.37e+04 |   -7.94e+03 |   2.64e-03 |       223.47 |    24.41 |    31m 30s | Model saved         
   12350 |   4.80e+03 |   1.54e+03 |  -7.94e+07 |   1.75e+02 |   5.16e+03 |   1.50e+04 |   -7.94e+03 |   2.64e-03 |       223.48 |    26.84 |    34m 31s | Model saved         
   12400 |   4.87e+03 |   1.66e+03 |  -7.94e+07 |   1.60e+02 |   5.75e+03 |   1.22e+04 |   -7.94e+03 |   2.50e-03 |       223.48 |    23.39 |    37m 07s | Model saved         
   12450 |   4.89e+03 |   1.19e+03 |  -7.95e+07 |   1.64e+02 |   5.01e+03 |   1.24e+04 |   -7.95e+03 |   2.50e-03 |       223.48 |    26.65 |    40m 04s | Model saved         
   12500 |   5.04e+03 |   1.13e+03 |  -7.95e+07 |   1.60e+02 |   5.32e+03 |   1.00e+04 |   -7.95e+03 |   2.50e-03 |       223.47 |    23.55 |    42m 38s | Model saved         
   12550 |   5.04e+03 |   7.48e+02 |  -7.95e+07 |   1.28e+02 |   4.32e+03 |   9.76e+03 |   -7.96e+03 |   2.50e-03 |       223.47 |    26.61 |    45m 32s | Model saved         
   12600 |   5.72e+03 |   1.81e+03 |  -7.94e+07 |   6.11e+02 |   7.13e+03 |   1.23e+04 |   -7.94e+03 |   2.38e-03 |       223.47 |    23.36 |    48m 01s | Model saved         
   12650 |   5.07e+03 |   7.12e+02 |  -7.95e+07 |   1.29e+02 |   4.41e+03 |   9.66e+03 |   -7.96e+03 |   2.38e-03 |       223.48 |    26.61 |    50m 52s | Model saved         
   12700 |   5.12e+03 |   6.27e+02 |  -7.95e+07 |   1.50e+02 |   4.16e+03 |   9.40e+03 |   -7.96e+03 |   2.38e-03 |       223.47 |    23.53 |    53m 20s | Model saved         
   12750 |   5.07e+03 |   5.44e+02 |  -7.96e+07 |   1.22e+02 |   3.94e+03 |   9.50e+03 |   -7.96e+03 |   2.38e-03 |       223.48 |    26.64 |    56m 08s | Model saved         
   12800 |   5.10e+03 |   4.79e+02 |  -7.96e+07 |   1.47e+02 |   3.80e+03 |   9.32e+03 |   -7.96e+03 |   2.26e-03 |       223.47 |    23.51 |    58m 33s | Model saved         
   12850 |   5.07e+03 |   4.51e+02 |  -7.96e+07 |   1.25e+02 |   3.66e+03 |   9.49e+03 |   -7.96e+03 |   2.26e-03 |       223.47 |    26.61 |    61m 18s | Model saved         
   12900 |   5.10e+03 |   4.40e+02 |  -7.96e+07 |   1.46e+02 |   3.69e+03 |   9.34e+03 |   -7.96e+03 |   2.26e-03 |       223.47 |    23.30 |    63m 39s | Model saved         
   12950 |   5.07e+03 |   4.12e+02 |  -7.96e+07 |   1.25e+02 |   3.56e+03 |   9.48e+03 |   -7.96e+03 |   2.26e-03 |       223.48 |    26.63 |    66m 21s | Model saved         
   13000 |   5.10e+03 |   4.08e+02 |  -7.96e+07 |   1.44e+02 |   3.59e+03 |   9.32e+03 |   -7.96e+03 |   2.15e-03 |       223.48 |    23.48 |    68m 41s | Model saved         
   13050 |   5.06e+03 |   3.85e+02 |  -7.96e+07 |   1.24e+02 |   3.46e+03 |   9.46e+03 |   -7.96e+03 |   2.15e-03 |       223.47 |    29.30 |    71m 38s | Model saved         
   13100 |   5.09e+03 |   3.75e+02 |  -7.96e+07 |   1.43e+02 |   3.45e+03 |   9.30e+03 |   -7.96e+03 |   2.15e-03 |       223.47 |    23.47 |    73m 54s | Model saved         
   13150 |   5.05e+03 |   4.76e+02 |  -7.96e+07 |   1.24e+02 |   3.67e+03 |   9.60e+03 |   -7.96e+03 |   2.15e-03 |       223.48 |    26.94 |    76m 33s | Model saved         
   13200 |   5.08e+03 |   3.42e+02 |  -7.96e+07 |   1.44e+02 |   3.31e+03 |   9.29e+03 |   -7.96e+03 |   2.04e-03 |       223.48 |    23.77 |    78m 49s | Model saved         
   13250 |   5.03e+03 |   3.16e+02 |  -7.96e+07 |   1.23e+02 |   3.22e+03 |   9.42e+03 |   -7.96e+03 |   2.04e-03 |       223.48 |    30.89 |    81m 51s | Model saved         
   13300 |   5.07e+03 |   3.12e+02 |  -7.96e+07 |   1.42e+02 |   3.23e+03 |   9.28e+03 |   -7.96e+03 |   2.04e-03 |       223.47 |    23.91 |    84m 06s | Model saved         
   13350 |   5.03e+03 |   3.10e+02 |  -7.96e+07 |   1.21e+02 |   3.18e+03 |   9.43e+03 |   -7.96e+03 |   2.04e-03 |       223.47 |    30.18 |    87m 00s | Model saved         
   13400 |   5.06e+03 |   2.99e+02 |  -7.96e+07 |   1.42e+02 |   3.16e+03 |   9.27e+03 |   -7.96e+03 |   1.94e-03 |       223.47 |    28.93 |    89m 44s | Model saved         
   13450 |   5.02e+03 |   3.11e+02 |  -7.96e+07 |   1.22e+02 |   3.15e+03 |   9.45e+03 |   -7.96e+03 |   1.94e-03 |       223.48 |    34.58 |    93m 03s | Model saved         
   13500 |   5.05e+03 |   2.91e+02 |  -7.96e+07 |   1.43e+02 |   3.09e+03 |   9.26e+03 |   -7.96e+03 |   1.94e-03 |       223.47 |    23.87 |    95m 13s | Model saved         
   13550 |   5.01e+03 |   2.76e+02 |  -7.96e+07 |   1.21e+02 |   3.01e+03 |   9.38e+03 |   -7.96e+03 |   1.94e-03 |       223.47 |    27.04 |    97m 41s | Model saved         
   13600 |   5.05e+03 |   2.72e+02 |  -7.96e+07 |   1.40e+02 |   3.00e+03 |   9.22e+03 |   -7.96e+03 |   1.84e-03 |       223.47 |    23.85 |    99m 47s | Model saved         
   13650 |   5.00e+03 |   2.91e+02 |  -7.96e+07 |   1.21e+02 |   2.99e+03 |   9.40e+03 |   -7.96e+03 |   1.84e-03 |       223.48 |    26.72 |   102m 11s | Model saved         
   13700 |   5.04e+03 |   2.69e+02 |  -7.96e+07 |   1.39e+02 |   2.94e+03 |   9.21e+03 |   -7.96e+03 |   1.84e-03 |       223.48 |    23.49 |   104m 13s | Model saved         
   13750 |   4.99e+03 |   2.66e+02 |  -7.96e+07 |   1.20e+02 |   2.89e+03 |   9.34e+03 |   -7.96e+03 |   1.84e-03 |       223.48 |    26.72 |   106m 34s | Model saved         
   13800 |   5.03e+03 |   2.62e+02 |  -7.96e+07 |   1.39e+02 |   2.87e+03 |   9.19e+03 |   -7.96e+03 |   1.75e-03 |       223.47 |    23.54 |   108m 34s | Model saved         
   13850 |   4.98e+03 |   2.70e+02 |  -7.96e+07 |   1.20e+02 |   2.87e+03 |   9.34e+03 |   -7.96e+03 |   1.75e-03 |       223.47 |    27.23 |   110m 57s | Model saved         
   13900 |   5.02e+03 |   2.51e+02 |  -7.96e+07 |   1.40e+02 |   2.80e+03 |   9.17e+03 |   -7.96e+03 |   1.75e-03 |       223.47 |    23.74 |   112m 56s | Model saved         
   13950 |   4.97e+03 |   2.61e+02 |  -7.96e+07 |   1.20e+02 |   2.79e+03 |   9.31e+03 |   -7.96e+03 |   1.75e-03 |       223.48 |    26.75 |   115m 13s | Model saved         
   14000 |   5.01e+03 |   2.47e+02 |  -7.96e+07 |   1.40e+02 |   2.74e+03 |   9.16e+03 |   -7.96e+03 |   1.66e-03 |       223.47 |    23.70 |   117m 09s | Model saved         
   14050 |   4.96e+03 |   2.52e+02 |  -7.96e+07 |   1.20e+02 |   2.73e+03 |   9.29e+03 |   -7.96e+03 |   1.66e-03 |       223.47 |    29.27 |   119m 39s | Model saved         
   14100 |   5.00e+03 |   2.41e+02 |  -7.96e+07 |   1.40e+02 |   2.69e+03 |   9.15e+03 |   -7.96e+03 |   1.66e-03 |       223.47 |    23.48 |   121m 33s | Model saved         
   14150 |   4.95e+03 |   2.48e+02 |  -7.96e+07 |   1.20e+02 |   2.69e+03 |   9.27e+03 |   -7.96e+03 |   1.66e-03 |       223.47 |    27.14 |   123m 48s | Model saved         
   14200 |   4.99e+03 |   2.37e+02 |  -7.96e+07 |   1.40e+02 |   2.64e+03 |   9.13e+03 |   -7.96e+03 |   1.58e-03 |       223.47 |    23.47 |   125m 39s | Model saved         
   14250 |   4.94e+03 |   2.38e+02 |  -7.96e+07 |   1.21e+02 |   2.62e+03 |   9.25e+03 |   -7.96e+03 |   1.58e-03 |       223.47 |    26.76 |   127m 49s | Model saved         
   14300 |   4.98e+03 |   2.28e+02 |  -7.96e+07 |   1.39e+02 |   2.58e+03 |   9.11e+03 |   -7.96e+03 |   1.58e-03 |       223.47 |    23.52 |   129m 39s | Model saved         
   14350 |   4.93e+03 |   2.37e+02 |  -7.96e+07 |   1.21e+02 |   2.59e+03 |   9.23e+03 |   -7.96e+03 |   1.58e-03 |       223.47 |    26.88 |   131m 48s | Model saved         
   14400 |   4.97e+03 |   2.27e+02 |  -7.96e+07 |   1.39e+02 |   2.54e+03 |   9.10e+03 |   -7.96e+03 |   1.50e-03 |       223.47 |    23.53 |   133m 35s | Model saved         
   14450 |   4.92e+03 |   2.30e+02 |  -7.96e+07 |   1.21e+02 |   2.52e+03 |   9.21e+03 |   -7.96e+03 |   1.50e-03 |       223.48 |    26.67 |   135m 41s | Model saved         
   14500 |   4.96e+03 |   2.20e+02 |  -7.96e+07 |   1.39e+02 |   2.48e+03 |   9.08e+03 |   -7.96e+03 |   1.50e-03 |       223.48 |    23.00 |   137m 24s | Model saved         
   14550 |   4.91e+03 |   2.28e+02 |  -7.96e+07 |   1.22e+02 |   2.49e+03 |   9.20e+03 |   -7.96e+03 |   1.50e-03 |       223.48 |    26.69 |   139m 27s | Model saved         
   14600 |   4.95e+03 |   2.21e+02 |  -7.96e+07 |   1.40e+02 |   2.47e+03 |   9.08e+03 |   -7.96e+03 |   1.42e-03 |       223.47 |    23.52 |   141m 11s | Model saved         
   14650 |   4.90e+03 |   2.17e+02 |  -7.96e+07 |   1.22e+02 |   2.43e+03 |   9.17e+03 |   -7.96e+03 |   1.42e-03 |       223.47 |    26.55 |   143m 12s | Model saved         
   14700 |   4.95e+03 |   2.15e+02 |  -7.96e+07 |   1.39e+02 |   2.42e+03 |   9.06e+03 |   -7.96e+03 |   1.42e-03 |       223.47 |    22.89 |   144m 51s | Model saved         
   14750 |   4.90e+03 |   2.20e+02 |  -7.96e+07 |   1.22e+02 |   2.41e+03 |   9.14e+03 |   -7.96e+03 |   1.42e-03 |       223.47 |    26.93 |   146m 52s | Model saved         
   14800 |   4.94e+03 |   2.16e+02 |  -7.96e+07 |   1.40e+02 |   2.41e+03 |   8.99e+03 |   -7.96e+03 |   1.35e-03 |       223.47 |    23.56 |   148m 33s | Model saved         
   14850 |   4.89e+03 |   2.19e+02 |  -7.96e+07 |   1.22e+02 |   2.44e+03 |   9.01e+03 |   -7.96e+03 |   1.35e-03 |       223.48 |    26.76 |   150m 31s | Model saved         
   14900 |   4.94e+03 |   2.07e+02 |  -7.96e+07 |   1.41e+02 |   2.41e+03 |   8.92e+03 |   -7.96e+03 |   1.35e-03 |       223.48 |    23.54 |   152m 10s | Model saved         
   14950 |   4.89e+03 |   2.02e+02 |  -7.96e+07 |   1.23e+02 |   2.41e+03 |   8.96e+03 |   -7.96e+03 |   1.35e-03 |       223.48 |    26.83 |   154m 06s | Model saved         
   15000 |   4.93e+03 |   2.02e+02 |  -7.96e+07 |   1.42e+02 |   2.41e+03 |   8.90e+03 |   -7.96e+03 |   1.29e-03 |       223.48 |    23.50 |   155m 43s | Model saved         
   15050 |   4.88e+03 |   1.94e+02 |  -7.96e+07 |   1.23e+02 |   2.38e+03 |   8.94e+03 |   -7.96e+03 |   1.29e-03 |       223.47 |    29.52 |   157m 53s | Model saved         
   15100 |   4.93e+03 |   1.92e+02 |  -7.96e+07 |   1.42e+02 |   2.37e+03 |   8.89e+03 |   -7.96e+03 |   1.29e-03 |       223.47 |    23.61 |   159m 29s | Model saved         
   15150 |   4.88e+03 |   1.95e+02 |  -7.96e+07 |   1.24e+02 |   2.36e+03 |   8.94e+03 |   -7.96e+03 |   1.29e-03 |       223.47 |    26.72 |   161m 22s | Model saved         
   15200 |   4.92e+03 |   1.85e+02 |  -7.96e+07 |   1.43e+02 |   2.32e+03 |   8.88e+03 |   -7.96e+03 |   1.22e-03 |       223.47 |    23.60 |   162m 56s | Model saved         
   15250 |   4.87e+03 |   1.79e+02 |  -7.96e+07 |   1.24e+02 |   2.30e+03 |   8.91e+03 |   -7.96e+03 |   1.22e-03 |       223.48 |    26.69 |   164m 46s | Model saved         
   15300 |   4.91e+03 |   1.81e+02 |  -7.96e+07 |   1.42e+02 |   2.31e+03 |   8.88e+03 |   -7.96e+03 |   1.22e-03 |       223.47 |    23.69 |   166m 19s | Model saved         
   15350 |   4.86e+03 |   1.76e+02 |  -7.96e+07 |   1.26e+02 |   2.28e+03 |   8.91e+03 |   -7.96e+03 |   1.22e-03 |       223.47 |    26.76 |   168m 09s | Model saved         
   15400 |   4.90e+03 |   1.77e+02 |  -7.96e+07 |   1.43e+02 |   2.26e+03 |   8.87e+03 |   -7.96e+03 |   1.16e-03 |       223.47 |    23.52 |   169m 39s | Model saved         
   15450 |   4.85e+03 |   1.76e+02 |  -7.96e+07 |   1.26e+02 |   2.27e+03 |   8.90e+03 |   -7.96e+03 |   1.16e-03 |       223.48 |    26.73 |   171m 27s | Model saved         
   15500 |   4.89e+03 |   1.70e+02 |  -7.96e+07 |   1.43e+02 |   2.21e+03 |   8.85e+03 |   -7.96e+03 |   1.16e-03 |       223.48 |    23.78 |   172m 57s | Model saved         
   15550 |   4.84e+03 |   1.77e+02 |  -7.96e+07 |   1.28e+02 |   2.25e+03 |   8.89e+03 |   -7.96e+03 |   1.16e-03 |       223.48 |    26.75 |   174m 43s | Model saved         
   15600 |   4.88e+03 |   1.66e+02 |  -7.96e+07 |   1.45e+02 |   2.16e+03 |   8.84e+03 |   -7.96e+03 |   1.10e-03 |       223.47 |    23.70 |   176m 11s | Model saved         
   15650 |   4.83e+03 |   1.63e+02 |  -7.96e+07 |   1.28e+02 |   2.16e+03 |   8.86e+03 |   -7.96e+03 |   1.10e-03 |       223.47 |    26.82 |   177m 56s | Model saved         
   15700 |   4.88e+03 |   1.61e+02 |  -7.96e+07 |   1.44e+02 |   2.16e+03 |   8.83e+03 |   -7.96e+03 |   1.10e-03 |       223.47 |    23.47 |   179m 21s | Model saved         
   15750 |   4.83e+03 |   1.70e+02 |  -7.96e+07 |   1.30e+02 |   2.23e+03 |   8.87e+03 |   -7.96e+03 |   1.10e-03 |       223.48 |    26.70 |   181m 04s | Model saved         
   15800 |   4.87e+03 |   1.57e+02 |  -7.96e+07 |   1.46e+02 |   2.16e+03 |   8.82e+03 |   -7.96e+03 |   1.05e-03 |       223.47 |    23.65 |   182m 29s | Model saved         
   15850 |   4.82e+03 |   1.58e+02 |  -7.96e+07 |   1.30e+02 |   2.14e+03 |   8.85e+03 |   -7.96e+03 |   1.05e-03 |       223.47 |    26.73 |   184m 10s | Model saved         
   15900 |   4.86e+03 |   1.52e+02 |  -7.96e+07 |   1.45e+02 |   2.09e+03 |   8.81e+03 |   -7.96e+03 |   1.05e-03 |       223.47 |    23.67 |   185m 34s | Model saved         
   15950 |   4.81e+03 |   1.58e+02 |  -7.96e+07 |   1.32e+02 |   2.11e+03 |   8.85e+03 |   -7.96e+03 |   1.05e-03 |       223.48 |    34.93 |   187m 56s | Model saved         
================================================================================
RESUMING TRAINING - APPENDING TO EXISTING LOG
================================================================================
Running on device: cuda, Parallel training disabled
Loading dynamics config from saved_models/full_SP03_x100_gamma0.01_lowvol_psi0_naislstm_GELU/dynamics_config.json
------------------------------------------------------------
DYNAMICS CONFIGURATION:
------------------------------------------------------------
dynamics: FullDynamics
T: 1.0
N: 72
dim: 3
dim_W: 2
y0: [100.0, 80.0, 0.0]
mu_P: 0.0
mu_D: 0.0
time_dep_vol: False
low_vol: True
sigma_P0: 3.139
sigma_P1: 4.907
alpha_P: 14.22
beta_P: 9.856
sigma_D0: 4.66
sigma_D1: 6.815
alpha_D: 24.731
beta_D: 21.714
rho: -0.1
psi: 0
gamma: 0.01
nu: 0.042
eta: 10
eps: 1.0
analytical_known: True
dt: 0.013888888888888888
------------------------------------------------------------
Attempting to load model from saved_models/full_SP03_x100_gamma0.01_lowvol_psi0_naislstm_GELU
Loaded model checkpoint from epoch 15950 with training state
Training started at 2025-06-27 23:14:36
Logging training to saved_models/full_SP03_x100_gamma0.01_lowvol_psi0_naislstm_GELU/training.log
   Epoch |      Y val |      q val | Total loss |    Y0 loss |     Y loss |    T. loss |   cost loss |         LR |  Memory [MB] | Time [s] |        ETA | Status              
-----------------------------------------------------------------------------------------------------------------------------------------------------------------------------

Resuming training from epoch 15951/100000
Current learning rate: 1.046740e-03
Lowest loss so far: inf
-----------------------------------------------------------------------------------------------------------------------------------------------------------------------------
   16000 |   4.79e+03 |   1.59e+02 |  -7.96e+07 |   1.12e+02 |   2.09e+03 |   8.76e+03 |   -7.96e+03 |   9.94e-04 |       223.47 |    26.24 |     2m 17s | Model saved (best)  
   16050 |   4.79e+03 |   1.48e+02 |  -7.96e+07 |   1.30e+02 |   2.06e+03 |   8.82e+03 |   -7.96e+03 |   9.94e-04 |       223.47 |    30.16 |     4m 55s | Model saved (best)  
   16100 |   4.84e+03 |   1.45e+02 |  -7.96e+07 |   1.45e+02 |   2.01e+03 |   8.80e+03 |   -7.96e+03 |   9.94e-04 |       223.47 |    23.78 |     6m 57s | Model saved         
   16150 |   4.79e+03 |   1.48e+02 |  -7.96e+07 |   1.34e+02 |   2.04e+03 |   8.82e+03 |   -7.96e+03 |   9.94e-04 |       223.47 |    27.19 |     9m 17s | Model saved (best)  
   16200 |   4.83e+03 |   1.45e+02 |  -7.96e+07 |   1.47e+02 |   1.99e+03 |   8.79e+03 |   -7.96e+03 |   9.45e-04 |       223.47 |    23.84 |    11m 18s | Model saved         
   16250 |   4.78e+03 |   1.46e+02 |  -7.96e+07 |   1.32e+02 |   2.00e+03 |   8.82e+03 |   -7.96e+03 |   9.45e-04 |       223.48 |    27.27 |    13m 36s | Model saved (best)  
   16300 |   4.82e+03 |   1.41e+02 |  -7.96e+07 |   1.46e+02 |   1.97e+03 |   8.78e+03 |   -7.96e+03 |   9.45e-04 |       223.47 |    23.91 |    15m 36s | Model saved         
   16350 |   4.77e+03 |   1.44e+02 |  -7.96e+07 |   1.35e+02 |   1.98e+03 |   8.81e+03 |   -7.96e+03 |   9.45e-04 |       223.47 |    27.57 |    17m 54s | Model saved (best)  
================================================================================
RESUMING TRAINING - APPENDING TO EXISTING LOG
================================================================================
Running on device: cuda, Parallel training disabled
Loading dynamics config from saved_models/full_SP03_x50_gamma0.01_lowvol_psi0_naislstm_GELU/dynamics_config.json
------------------------------------------------------------
DYNAMICS CONFIGURATION:
------------------------------------------------------------
dynamics: FullDynamics
T: 1.0
N: 20
dim: 3
dim_W: 2
y0: [50.0, 80.0, 0.0]
mu_P: 0.0
mu_D: 0.0
time_dep_vol: False
low_vol: True
sigma_P0: 3.139
sigma_P1: 4.907
alpha_P: 14.22
beta_P: 9.856
sigma_D0: 4.66
sigma_D1: 6.815
alpha_D: 24.731
beta_D: 21.714
rho: -0.1
psi: 0
gamma: 0.01
nu: 0.042
eta: 10
eps: 1.0
analytical_known: True
dt: 0.05
------------------------------------------------------------
Attempting to load model from saved_models/full_SP03_x50_gamma0.01_lowvol_psi0_naislstm_GELU
Loaded model checkpoint (model state only)
Training started at 2025-06-28 00:17:32
Logging training to saved_models/full_SP03_x50_gamma0.01_lowvol_psi0_naislstm_GELU/training.log
   Epoch |      Y val |      q val | Total loss |    Y0 loss |     Y loss |    T. loss |   cost loss |         LR |  Memory [MB] | Time [s] |        ETA | Status              
-----------------------------------------------------------------------------------------------------------------------------------------------------------------------------
       1 |   1.35e+05 |   1.60e+02 |  -7.86e+07 |   1.31e+05 |   4.47e+03 |   1.40e+05 |   -7.89e+03 |   9.45e-04 |       113.14 |     1.82 |        N/A |                     
      50 |   2.64e+06 |   3.47e+03 |  -3.55e+07 |   2.77e+06 |   1.91e+05 |   2.77e+06 |   -4.12e+03 |   9.45e-04 |       113.14 |     5.70 |   250m 30s | Model saved         
     100 |   7.59e+03 |   7.39e+02 |  -4.19e+07 |   4.96e+03 |   1.02e+05 |   1.74e+04 |   -4.20e+03 |   9.45e-04 |       113.14 |     5.81 |   221m 57s | Model saved         
     150 |   3.04e+03 |   5.08e+02 |  -4.20e+07 |   1.09e+02 |   8.66e+04 |   1.10e+04 |   -4.21e+03 |   9.45e-04 |       113.15 |     8.69 |   244m 20s | Model saved         
     200 |   2.76e+03 |   3.99e+02 |  -4.20e+07 |   1.33e+02 |   8.25e+04 |   1.03e+04 |   -4.21e+03 |   9.45e-04 |       113.15 |     5.95 |   232m 37s | Model saved         
     250 |   2.51e+03 |   3.24e+02 |  -4.20e+07 |   1.01e+02 |   7.82e+04 |   9.46e+03 |   -4.21e+03 |   9.45e-04 |       113.15 |     8.82 |   244m 41s | Model saved         
     300 |   2.32e+03 |   2.57e+02 |  -4.20e+07 |   1.32e+02 |   6.94e+04 |   9.21e+03 |   -4.21e+03 |   9.45e-04 |       113.15 |     5.88 |   236m 22s | Model saved         
     350 |   2.14e+03 |   2.28e+02 |  -4.20e+07 |   1.04e+02 |   6.61e+04 |   8.63e+03 |   -4.21e+03 |   9.45e-04 |       113.17 |     8.46 |   242m 39s | Model saved         
     400 |   2.06e+03 |   2.20e+02 |  -4.20e+07 |   1.34e+02 |   6.63e+04 |   8.61e+03 |   -4.21e+03 |   9.45e-04 |       113.17 |     5.94 |   236m 52s | Model saved         
     450 |   2.02e+03 |   1.72e+02 |  -4.20e+07 |   1.04e+02 |   5.82e+04 |   8.38e+03 |   -4.21e+03 |   9.45e-04 |       113.15 |     8.70 |   242m 31s | Model saved         
     500 |   2.17e+03 |   1.29e+02 |  -4.21e+07 |   1.34e+02 |   5.01e+04 |   8.83e+03 |   -4.21e+03 |   9.45e-04 |       113.15 |     5.89 |   237m 41s | Model saved         
================================================================================
RESUMING TRAINING - APPENDING TO EXISTING LOG
================================================================================
Running on device: cuda, Parallel training disabled
Loading dynamics config from saved_models/full_SP03_x50_gamma0.01_lowvol_psi0_naislstm_GELU/dynamics_config.json
Error loading dynamics config: Expecting value: line 4 column 10 (char 57)
================================================================================
RESUMING TRAINING - APPENDING TO EXISTING LOG
================================================================================
Running on device: cuda, Parallel training disabled
Loading dynamics config from saved_models/full_SP03_x50_gamma0.01_lowvol_psi0_naislstm_GELU/dynamics_config.json
------------------------------------------------------------
DYNAMICS CONFIGURATION:
------------------------------------------------------------
dynamics: FullDynamics
T: 1.0
N: 72
dim: 3
dim_W: 2
y0: [50.0, 80.0, 0.0]
mu_P: 0.0
mu_D: 0.0
time_dep_vol: False
low_vol: True
sigma_P0: 3.139
sigma_P1: 4.907
alpha_P: 14.22
beta_P: 9.856
sigma_D0: 4.66
sigma_D1: 6.815
alpha_D: 24.731
beta_D: 21.714
rho: -0.1
psi: 0
gamma: 0.01
nu: 0.042
eta: 10
eps: 1.0
analytical_known: True
dt: 0.013888888888888888
------------------------------------------------------------
Attempting to load model from saved_models/full_SP03_x50_gamma0.01_lowvol_psi0_naislstm_GELU
Loaded model checkpoint from epoch 500 with training state
Training started at 2025-06-28 00:22:04
Logging training to saved_models/full_SP03_x50_gamma0.01_lowvol_psi0_naislstm_GELU/training.log
   Epoch |      Y val |      q val | Total loss |    Y0 loss |     Y loss |    T. loss |   cost loss |         LR |  Memory [MB] | Time [s] |        ETA | Status              
-----------------------------------------------------------------------------------------------------------------------------------------------------------------------------

Resuming training from epoch 501/100000
Current learning rate: 9.446824e-04
Lowest loss so far: inf
-----------------------------------------------------------------------------------------------------------------------------------------------------------------------------
     550 |   1.85e+03 |   1.45e+02 |  -4.21e+07 |   1.12e+02 |   1.84e+03 |   7.86e+03 |   -4.21e+03 |   9.45e-04 |       223.47 |    25.25 |    76m 05s | Model saved (best)  
     600 |   1.79e+03 |   1.23e+02 |  -4.21e+07 |   1.53e+02 |   1.96e+03 |   7.69e+03 |   -4.21e+03 |   9.45e-04 |       223.47 |    23.67 |   135m 04s | Model saved (best)  
     650 |   1.74e+03 |   1.14e+02 |  -4.21e+07 |   9.23e+01 |   2.05e+03 |   7.59e+03 |   -4.22e+03 |   9.45e-04 |       223.48 |    27.02 |   193m 27s | Model saved (best)  
     700 |   1.71e+03 |   1.08e+02 |  -4.21e+07 |   1.08e+02 |   2.09e+03 |   7.40e+03 |   -4.21e+03 |   9.45e-04 |       223.47 |    24.14 |   236m 37s | Model saved         
     750 |   1.71e+03 |   1.04e+02 |  -4.21e+07 |   9.62e+01 |   2.08e+03 |   7.47e+03 |   -4.22e+03 |   9.45e-04 |       223.47 |    33.47 |   294m 33s | Model saved (best)  
     800 |   1.68e+03 |   1.02e+02 |  -4.21e+07 |   1.08e+02 |   2.10e+03 |   7.30e+03 |   -4.21e+03 |   9.45e-04 |       223.47 |    26.86 |   331m 31s | Model saved         
     850 |   1.68e+03 |   1.00e+02 |  -4.21e+07 |   9.63e+01 |   2.09e+03 |   7.39e+03 |   -4.22e+03 |   9.45e-04 |       223.48 |    27.03 |   364m 24s | Model saved (best)  
================================================================================
RESUMING TRAINING - APPENDING TO EXISTING LOG
================================================================================
Running on device: cuda, Parallel training disabled
Loading dynamics config from saved_models/full_SP03_x50_gamma0.01_lowvol_psi5_naislstm_GELU/dynamics_config.json
------------------------------------------------------------
DYNAMICS CONFIGURATION:
------------------------------------------------------------
dynamics: FullDynamics
T: 1.0
N: 72
dim: 3
dim_W: 2
y0: [50.0, 80.0, 0.0]
mu_P: 0.0
mu_D: 0.0
time_dep_vol: False
low_vol: True
sigma_P0: 3.139
sigma_P1: 4.907
alpha_P: 14.22
beta_P: 9.856
sigma_D0: 4.66
sigma_D1: 6.815
alpha_D: 24.731
beta_D: 21.714
rho: -0.1
psi: 5.0
gamma: 0.01
nu: 0.042
eta: 10
eps: 1.0
analytical_known: True
dt: 0.013888888888888888
------------------------------------------------------------
Attempting to load model from saved_models/full_SP03_x50_gamma0.01_lowvol_psi5_naislstm_GELU
Loaded model checkpoint from epoch 850 with training state
Training started at 2025-06-28 00:27:07
Logging training to saved_models/full_SP03_x50_gamma0.01_lowvol_psi5_naislstm_GELU/training.log
   Epoch |      Y val |      q val | Total loss |    Y0 loss |     Y loss |    T. loss |   cost loss |         LR |  Memory [MB] | Time [s] |        ETA | Status              
-----------------------------------------------------------------------------------------------------------------------------------------------------------------------------

Resuming training from epoch 851/100000
Current learning rate: 9.446824e-04
Lowest loss so far: inf
-----------------------------------------------------------------------------------------------------------------------------------------------------------------------------
     900 |   8.98e+04 |   1.29e+04 |  -3.67e+07 |   1.84e+05 |   1.78e+04 |   2.17e+05 |   -3.71e+03 |   9.45e-04 |       223.47 |    28.34 |    52m 00s | Model saved (best)  
     950 |   2.66e+04 |   5.21e+02 |  -3.92e+07 |   5.65e+02 |   5.12e+03 |   8.97e+03 |   -3.92e+03 |   9.45e-04 |       223.48 |    29.89 |   101m 11s | Model saved (best)  
    1000 |   2.92e+04 |   4.03e+02 |  -3.92e+07 |   1.05e+02 |   4.69e+03 |   7.99e+03 |   -3.92e+03 |   9.45e-04 |       223.47 |    26.25 |   139m 23s | Model saved (best)  
    1050 |   2.90e+04 |   3.67e+02 |  -3.92e+07 |   8.35e+01 |   4.47e+03 |   8.06e+03 |   -3.92e+03 |   8.97e-04 |       223.47 |    32.00 |   182m 57s | Model saved (best)  
    1100 |   2.91e+04 |   3.43e+02 |  -3.92e+07 |   9.77e+01 |   4.38e+03 |   7.79e+03 |   -3.92e+03 |   8.97e-04 |       223.47 |    35.44 |   227m 39s | Model saved         
    1150 |   2.89e+04 |   3.28e+02 |  -3.92e+07 |   8.36e+01 |   4.32e+03 |   7.88e+03 |   -3.92e+03 |   8.97e-04 |       223.47 |    29.78 |   260m 18s | Model saved (best)  
    1200 |   2.90e+04 |   3.02e+02 |  -3.92e+07 |   9.73e+01 |   4.23e+03 |   7.59e+03 |   -3.92e+03 |   8.97e-04 |       223.47 |    26.33 |   285m 28s | Model saved         
    1250 |   2.88e+04 |   2.75e+02 |  -3.92e+07 |   8.41e+01 |   4.12e+03 |   7.57e+03 |   -3.93e+03 |   8.53e-04 |       223.47 |    29.74 |   313m 03s | Model saved (best)  
    1300 |   2.92e+04 |   2.44e+02 |  -3.92e+07 |   9.75e+01 |   4.01e+03 |   7.20e+03 |   -3.92e+03 |   8.53e-04 |       223.47 |    26.23 |   334m 03s | Model saved         
    1350 |   2.91e+04 |   2.26e+02 |  -3.93e+07 |   8.47e+01 |   3.93e+03 |   7.16e+03 |   -3.93e+03 |   8.53e-04 |       223.48 |    38.66 |   368m 36s | Model saved (best)  
    1400 |   2.94e+04 |   2.07e+02 |  -3.92e+07 |   9.76e+01 |   3.85e+03 |   6.90e+03 |   -3.93e+03 |   8.53e-04 |       223.47 |    35.32 |   396m 42s | Model saved         
    1450 |   2.93e+04 |   1.95e+02 |  -3.93e+07 |   8.52e+01 |   3.81e+03 |   6.92e+03 |   -3.93e+03 |   8.53e-04 |       223.47 |    29.63 |   416m 24s | Model saved (best)  
================================================================================
RESUMING TRAINING - APPENDING TO EXISTING LOG
================================================================================
Running on device: cuda, Parallel training disabled
Loading dynamics config from saved_models/full_SP03_x50_gamma0.01_lowvol_psi5_naislstm_GELU/dynamics_config.json
------------------------------------------------------------
DYNAMICS CONFIGURATION:
------------------------------------------------------------
dynamics: FullDynamics
T: 1.0
N: 72
dim: 3
dim_W: 2
y0: [0.0, 80.0, 0.0]
mu_P: 0.0
mu_D: 0.0
time_dep_vol: False
low_vol: False
sigma_P0: 3.139
sigma_P1: 5.678
alpha_P: 14.22
beta_P: 9.856
sigma_D0: 4.66
sigma_D1: 14.22
alpha_D: 24.731
beta_D: 21.714
rho: -0.2
psi: 5.0
gamma: 0.01
nu: 0.011
eta: 10
eps: 1.0
analytical_known: True
dt: 0.013888888888888888
------------------------------------------------------------
Attempting to load model from saved_models/full_SP03_x50_gamma0.01_lowvol_psi5_naislstm_GELU
Loaded model checkpoint (model state only)
Training started at 2025-06-28 00:42:08
Logging training to saved_models/full_SP03_x50_gamma0.01_lowvol_psi5_naislstm_GELU/training.log
   Epoch |      Y val |      q val | Total loss |    Y0 loss |     Y loss |    T. loss |   cost loss |         LR |  Memory [MB] | Time [s] |        ETA | Status              
-----------------------------------------------------------------------------------------------------------------------------------------------------------------------------
       1 |   9.54e+04 |   2.28e+02 |  -3.84e+07 |   6.99e+04 |   4.77e+03 |   7.83e+04 |   -3.85e+03 |   8.53e-04 |       223.47 |     2.34 |        N/A |                     
      50 |   2.22e+06 |   5.76e+02 |   2.22e+06 |   2.33e+06 |   1.19e+04 |   2.34e+06 |   -2.46e+02 |   8.53e-04 |       223.47 |    35.03 |  1245m 06s | Model saved         
     100 |   7.81e+05 |   3.31e+02 |  -8.99e+05 |   8.45e+05 |   6.58e+03 |   8.78e+05 |   -2.63e+02 |   8.53e-04 |       223.47 |    26.14 |  1057m 33s | Model saved         
     150 |   3.09e+05 |   3.03e+02 |  -1.93e+06 |   3.34e+05 |   6.42e+03 |   3.87e+05 |   -2.65e+02 |   8.53e-04 |       223.47 |    29.59 |  1032m 56s | Model saved         
     200 |   1.56e+05 |   2.86e+02 |  -2.26e+06 |   1.67e+05 |   6.40e+03 |   2.18e+05 |   -2.66e+02 |   8.53e-04 |       223.47 |    26.34 |   993m 22s | Model saved         
     250 |   9.13e+04 |   2.74e+02 |  -2.44e+06 |   9.17e+04 |   6.17e+03 |   1.42e+05 |   -2.68e+02 |   8.53e-04 |       223.47 |    29.65 |   991m 27s | Model saved         
     300 |   5.90e+04 |   2.61e+02 |  -2.51e+06 |   5.42e+04 |   6.02e+03 |   1.03e+05 |   -2.67e+02 |   8.53e-04 |       223.47 |    35.40 |  1021m 53s | Model saved         
     350 |   4.18e+04 |   2.54e+02 |  -2.57e+06 |   3.21e+04 |   5.77e+03 |   8.08e+04 |   -2.69e+02 |   8.53e-04 |       223.48 |    30.02 |  1017m 55s | Model saved         
     400 |   3.23e+04 |   2.50e+02 |  -2.59e+06 |   2.01e+04 |   5.79e+03 |   6.74e+04 |   -2.68e+02 |   8.53e-04 |       223.47 |    26.50 |  1000m 13s | Model saved         
     450 |   2.71e+04 |   2.50e+02 |  -2.62e+06 |   1.21e+04 |   5.77e+03 |   5.93e+04 |   -2.70e+02 |   8.53e-04 |       223.47 |    39.29 |  1033m 30s | Model saved         
     500 |   2.43e+04 |   2.49e+02 |  -2.62e+06 |   7.83e+03 |   5.63e+03 |   5.39e+04 |   -2.68e+02 |   8.53e-04 |       223.47 |    26.47 |  1017m 28s | Model saved         
     550 |   2.26e+04 |   2.51e+02 |  -2.64e+06 |   4.67e+03 |   5.46e+03 |   5.05e+04 |   -2.70e+02 |   8.53e-04 |       223.47 |    30.05 |  1015m 03s | Model saved         
     600 |   2.19e+04 |   2.50e+02 |  -2.63e+06 |   3.10e+03 |   5.47e+03 |   4.80e+04 |   -2.69e+02 |   8.53e-04 |       223.47 |    26.31 |  1002m 40s | Model saved         
     650 |   2.14e+04 |   2.50e+02 |  -2.65e+06 |   1.81e+03 |   5.41e+03 |   4.63e+04 |   -2.70e+02 |   8.53e-04 |       223.48 |    29.69 |  1000m 41s | Model saved         
================================================================================
RESUMING TRAINING - APPENDING TO EXISTING LOG
================================================================================
Running on device: cuda, Parallel training disabled
Loading dynamics config from saved_models/full_SP03_x50_gamma0.01_lowvol_psi5_naislstm_GELU/dynamics_config.json
------------------------------------------------------------
DYNAMICS CONFIGURATION:
------------------------------------------------------------
dynamics: FullDynamics
T: 1.0
N: 72
dim: 3
dim_W: 2
y0: [0.0, 80.0, 0.0]
mu_P: 0.0
mu_D: 0.0
time_dep_vol: False
low_vol: True
sigma_P0: 3.139
sigma_P1: 5.678
alpha_P: 14.22
beta_P: 9.856
sigma_D0: 4.66
sigma_D1: 14.22
alpha_D: 24.731
beta_D: 21.714
rho: -0.2
psi: 5.0
gamma: 0.01
nu: 0.011
eta: 10
eps: 1.0
analytical_known: True
dt: 0.013888888888888888
------------------------------------------------------------
Attempting to load model from saved_models/full_SP03_x50_gamma0.01_lowvol_psi5_naislstm_GELU
Loaded model checkpoint (model state only)
Training started at 2025-06-28 00:49:15
Logging training to saved_models/full_SP03_x50_gamma0.01_lowvol_psi5_naislstm_GELU/training.log
   Epoch |      Y val |      q val | Total loss |    Y0 loss |     Y loss |    T. loss |   cost loss |         LR |  Memory [MB] | Time [s] |        ETA | Status              
-----------------------------------------------------------------------------------------------------------------------------------------------------------------------------
       1 |   2.11e+04 |   2.49e+02 |  -2.66e+06 |   1.75e+03 |   5.37e+03 |   4.58e+04 |   -2.71e+02 |   8.53e-04 |       223.47 |     2.41 |        N/A |                     
      50 |   8.80e+03 |   1.77e+02 |  -2.77e+06 |   6.04e+02 |   3.38e+03 |   1.84e+04 |   -2.80e+02 |   8.53e-04 |       223.47 |    25.67 |   935m 25s | Model saved         
     100 |   8.93e+03 |   1.71e+02 |  -2.74e+06 |   4.97e+02 |   3.35e+03 |   1.82e+04 |   -2.76e+02 |   8.53e-04 |       223.47 |    26.08 |   901m 41s | Model saved         
================================================================================
RESUMING TRAINING - APPENDING TO EXISTING LOG
================================================================================
Running on device: cuda, Parallel training disabled
Loading dynamics config from saved_models/full_SP03_x50_gamma0.01_lowvol_psi5_naislstm_GELU/dynamics_config.json
------------------------------------------------------------
DYNAMICS CONFIGURATION:
------------------------------------------------------------
dynamics: FullDynamics
T: 1.0
N: 72
dim: 3
dim_W: 2
y0: [0.0, 80.0, 0.0]
mu_P: 0.0
mu_D: 0.0
time_dep_vol: False
low_vol: True
sigma_P0: 3.139
sigma_P1: 5.678
alpha_P: 14.22
beta_P: 9.856
sigma_D0: 4.66
sigma_D1: 14.22
alpha_D: 24.731
beta_D: 21.714
rho: -0.2
psi: 5.0
gamma: 0.01
nu: 0.011
eta: 10
eps: 1.0
analytical_known: True
dt: 0.013888888888888888
------------------------------------------------------------
Attempting to load model from saved_models/full_SP03_x50_gamma0.01_lowvol_psi5_naislstm_GELU
Loaded model checkpoint (model state only)
Training started at 2025-06-28 00:50:36
Logging training to saved_models/full_SP03_x50_gamma0.01_lowvol_psi5_naislstm_GELU/training.log
   Epoch |      Y val |      q val | Total loss |    Y0 loss |     Y loss |    T. loss |   cost loss |         LR |  Memory [MB] | Time [s] |        ETA | Status              
-----------------------------------------------------------------------------------------------------------------------------------------------------------------------------
       1 |   8.92e+03 |   1.71e+02 |  -2.74e+06 |   4.93e+02 |   3.35e+03 |   1.81e+04 |   -2.76e+02 |   8.53e-04 |       223.47 |     2.47 |        N/A | Model saved (best)  
      50 |   9.03e+03 |   1.66e+02 |  -2.74e+06 |   3.28e+02 |   3.33e+03 |   1.79e+04 |   -2.76e+02 |   8.53e-04 |       223.47 |    25.98 |   947m 37s | Model saved         
     100 |   9.13e+03 |   1.62e+02 |  -2.74e+06 |   2.88e+02 |   3.30e+03 |   1.77e+04 |   -2.76e+02 |   8.53e-04 |       223.47 |    37.54 |  1098m 35s | Model saved         
     150 |   9.17e+03 |   1.57e+02 |  -2.76e+06 |   1.40e+02 |   3.26e+03 |   1.75e+04 |   -2.78e+02 |   8.53e-04 |       223.47 |    34.12 |  1110m 31s | Model saved (best)  
     200 |   9.32e+03 |   1.54e+02 |  -2.75e+06 |   1.36e+02 |   3.23e+03 |   1.74e+04 |   -2.77e+02 |   8.53e-04 |       223.47 |    35.62 |  1128m 42s | Model saved         
     250 |   9.28e+03 |   1.52e+02 |  -2.76e+06 |   9.39e+01 |   3.20e+03 |   1.72e+04 |   -2.78e+02 |   8.53e-04 |       223.48 |    41.44 |  1178m 03s | Model saved (best)  
     300 |   9.39e+03 |   1.51e+02 |  -2.75e+06 |   1.04e+02 |   3.17e+03 |   1.71e+04 |   -2.77e+02 |   8.53e-04 |       223.47 |    26.42 |  1127m 36s | Model saved         
     350 |   9.31e+03 |   1.50e+02 |  -2.76e+06 |   8.05e+01 |   3.14e+03 |   1.70e+04 |   -2.78e+02 |   8.53e-04 |       223.48 |    38.46 |  1148m 33s | Model saved (best)  
     400 |   9.38e+03 |   1.50e+02 |  -2.75e+06 |   9.35e+01 |   3.11e+03 |   1.69e+04 |   -2.77e+02 |   8.53e-04 |       223.47 |    37.34 |  1159m 25s | Model saved         
     450 |   9.27e+03 |   1.49e+02 |  -2.76e+06 |   7.71e+01 |   3.07e+03 |   1.67e+04 |   -2.78e+02 |   8.53e-04 |       223.47 |    32.62 |  1150m 22s | Model saved (best)  
     500 |   9.31e+03 |   1.50e+02 |  -2.75e+06 |   8.99e+01 |   3.05e+03 |   1.66e+04 |   -2.77e+02 |   8.53e-04 |       223.47 |    29.73 |  1133m 26s | Model saved         
     550 |   9.19e+03 |   1.49e+02 |  -2.76e+06 |   7.66e+01 |   3.01e+03 |   1.65e+04 |   -2.78e+02 |   8.53e-04 |       223.47 |    29.83 |  1119m 46s | Model saved (best)  
     600 |   9.22e+03 |   1.50e+02 |  -2.75e+06 |   8.87e+01 |   2.99e+03 |   1.64e+04 |   -2.77e+02 |   8.53e-04 |       223.47 |    26.52 |  1099m 10s | Model saved         
     650 |   9.08e+03 |   1.49e+02 |  -2.76e+06 |   7.67e+01 |   2.95e+03 |   1.62e+04 |   -2.78e+02 |   8.53e-04 |       223.48 |    29.94 |  1090m 22s | Model saved (best)  
     700 |   9.10e+03 |   1.50e+02 |  -2.75e+06 |   8.83e+01 |   2.93e+03 |   1.61e+04 |   -2.77e+02 |   8.53e-04 |       223.47 |    34.74 |  1094m 07s | Model saved         
     750 |   8.96e+03 |   1.50e+02 |  -2.76e+06 |   7.69e+01 |   2.89e+03 |   1.59e+04 |   -2.78e+02 |   8.53e-04 |       223.48 |    29.88 |  1086m 34s | Model saved (best)  
     800 |   8.97e+03 |   1.50e+02 |  -2.75e+06 |   8.81e+01 |   2.87e+03 |   1.58e+04 |   -2.77e+02 |   8.53e-04 |       223.47 |    26.33 |  1072m 33s | Model saved         
     850 |   8.82e+03 |   1.49e+02 |  -2.76e+06 |   7.70e+01 |   2.84e+03 |   1.57e+04 |   -2.78e+02 |   8.53e-04 |       223.47 |    29.62 |  1066m 33s | Model saved (best)  
     900 |   8.83e+03 |   1.49e+02 |  -2.75e+06 |   8.80e+01 |   2.82e+03 |   1.55e+04 |   -2.77e+02 |   8.53e-04 |       223.47 |    26.21 |  1054m 54s | Model saved         
     950 |   8.69e+03 |   1.49e+02 |  -2.76e+06 |   7.70e+01 |   2.78e+03 |   1.54e+04 |   -2.78e+02 |   8.53e-04 |       223.48 |    29.71 |  1050m 30s | Model saved (best)  
    1000 |   8.69e+03 |   1.49e+02 |  -2.75e+06 |   8.80e+01 |   2.76e+03 |   1.52e+04 |   -2.77e+02 |   8.53e-04 |       223.47 |    26.41 |  1041m 04s | Model saved         
    1050 |   8.54e+03 |   1.48e+02 |  -2.76e+06 |   7.70e+01 |   2.73e+03 |   1.51e+04 |   -2.78e+02 |   8.53e-04 |       223.48 |    32.86 |  1042m 36s | Model saved (best)  
    1100 |   8.55e+03 |   1.48e+02 |  -2.75e+06 |   8.80e+01 |   2.71e+03 |   1.49e+04 |   -2.77e+02 |   8.53e-04 |       223.47 |    26.36 |  1034m 13s | Model saved         
    1150 |   8.40e+03 |   1.48e+02 |  -2.76e+06 |   7.70e+01 |   2.68e+03 |   1.48e+04 |   -2.78e+02 |   8.53e-04 |       223.48 |    29.71 |  1031m 19s | Model saved (best)  
    1200 |   8.39e+03 |   1.48e+02 |  -2.75e+06 |   8.80e+01 |   2.65e+03 |   1.46e+04 |   -2.77e+02 |   8.53e-04 |       223.47 |    26.88 |  1024m 44s | Model saved         
    1250 |   8.25e+03 |   1.47e+02 |  -2.76e+06 |   7.70e+01 |   2.62e+03 |   1.44e+04 |   -2.78e+02 |   8.53e-04 |       223.47 |    41.06 |  1037m 18s | Model saved (best)  
    1300 |   8.24e+03 |   1.47e+02 |  -2.75e+06 |   8.80e+01 |   2.59e+03 |   1.43e+04 |   -2.77e+02 |   8.53e-04 |       223.47 |    26.72 |  1030m 43s | Model saved         
    1350 |   8.09e+03 |   1.47e+02 |  -2.76e+06 |   7.70e+01 |   2.57e+03 |   1.41e+04 |   -2.78e+02 |   8.53e-04 |       223.48 |    30.26 |  1028m 53s | Model saved (best)  
    1400 |   8.08e+03 |   1.47e+02 |  -2.75e+06 |   8.81e+01 |   2.53e+03 |   1.40e+04 |   -2.77e+02 |   8.53e-04 |       223.47 |    27.29 |  1023m 41s | Model saved         
    1450 |   7.93e+03 |   1.47e+02 |  -2.77e+06 |   7.70e+01 |   2.51e+03 |   1.38e+04 |   -2.78e+02 |   8.53e-04 |       223.48 |    30.74 |  1022m 42s | Model saved (best)  
    1500 |   7.91e+03 |   1.47e+02 |  -2.75e+06 |   8.81e+01 |   2.48e+03 |   1.36e+04 |   -2.77e+02 |   8.53e-04 |       223.47 |    26.71 |  1017m 20s | Model saved         
    1550 |   7.76e+03 |   1.47e+02 |  -2.77e+06 |   7.70e+01 |   2.45e+03 |   1.34e+04 |   -2.78e+02 |   8.53e-04 |       223.47 |    30.10 |  1015m 53s | Model saved (best)  
    1600 |   7.74e+03 |   1.47e+02 |  -2.76e+06 |   8.82e+01 |   2.42e+03 |   1.33e+04 |   -2.77e+02 |   8.53e-04 |       223.47 |    27.00 |  1011m 19s | Model saved         
    1650 |   7.59e+03 |   1.47e+02 |  -2.77e+06 |   7.70e+01 |   2.39e+03 |   1.31e+04 |   -2.78e+02 |   8.53e-04 |       223.48 |    30.02 |  1010m 00s | Model saved (best)  
    1700 |   7.57e+03 |   1.46e+02 |  -2.76e+06 |   8.82e+01 |   2.36e+03 |   1.29e+04 |   -2.77e+02 |   8.53e-04 |       223.47 |    26.72 |  1005m 33s | Model saved         
    1750 |   7.41e+03 |   1.47e+02 |  -2.77e+06 |   7.70e+01 |   2.33e+03 |   1.27e+04 |   -2.78e+02 |   8.53e-04 |       223.48 |    29.93 |  1004m 19s | Model saved (best)  
    1800 |   7.39e+03 |   1.46e+02 |  -2.76e+06 |   8.82e+01 |   2.30e+03 |   1.26e+04 |   -2.77e+02 |   8.53e-04 |       223.47 |    26.84 |  1000m 20s | Model saved         
