Training started at 2025-05-28 00:42:43
Logging training to saved/almgren_supervised_LSTM_ReLU\training.log

+---------------------------+---------------------------+
| Training Configuration    |                           |
+---------------------------+---------------------------+
| Epochs                    | 1000                      |
| Learning Rate             | 0.001                     |
| Adaptive LR               | True                      |
| lambda_Y (Y loss)         | 1                         |
| lambda_T (Terminal loss)  | 1                         |
| lambda_TG (Gradient loss) | 1                         |
| Number of Paths           | 1024                      |
| Batch Size                | 1024                      |
| Architecture              | LSTM                      |
| Depth                     | 5                         |
| Width                     | 256                       |
| Activation                | ReLU                      |
| T                         | 1.0                       |
| N                         | 40                        |
| Supervised                | True                      |
+---------------------------+---------------------------+

   Epoch |   Total loss |       Y loss |      T. loss |    T.G. loss |         LR |  Memory [MB] | Time [s] |      ETA | Status              
-------------------------------------------------------------------------------------------------------------------------------------------
       0 |     1.07e+00 |     1.07e+00 |     0.00e+00 |     0.00e+00 |   1.00e-03 |        63.91 |     0.33 |      N/A | Model saved (best)  
      50 |     5.09e-01 |     5.09e-01 |     0.00e+00 |     0.00e+00 |   1.00e-03 |        63.91 |     1.85 |      42s | Model saved (best)  
     100 |     2.28e-01 |     2.28e-01 |     0.00e+00 |     0.00e+00 |   1.00e-03 |        63.91 |     1.59 |      34s | Model saved (best)  
     150 |     4.29e-01 |     4.29e-01 |     0.00e+00 |     0.00e+00 |   1.00e-03 |        63.91 |     1.66 |      31s | Model saved         
     200 |     5.13e-01 |     5.13e-01 |     0.00e+00 |     0.00e+00 |   1.00e-03 |        63.91 |     1.98 |      30s | Model saved         
     250 |     4.26e-01 |     4.26e-01 |     0.00e+00 |     0.00e+00 |   1.00e-03 |        63.91 |     1.86 |      28s | Model saved         
     300 |     9.13e-01 |     9.13e-01 |     0.00e+00 |     0.00e+00 |   1.00e-03 |        63.91 |     1.98 |      26s | Model saved         
     350 |     1.63e-01 |     1.63e-01 |     0.00e+00 |     0.00e+00 |   8.00e-04 |        63.91 |     1.86 |      24s | Model saved (best)  
     400 |     2.15e-01 |     2.15e-01 |     0.00e+00 |     0.00e+00 |   8.00e-04 |        63.91 |     1.96 |      22s | Model saved         
     450 |     4.98e-01 |     4.98e-01 |     0.00e+00 |     0.00e+00 |   8.00e-04 |        63.91 |     1.54 |      20s | Model saved         
     500 |     3.59e-01 |     3.59e-01 |     0.00e+00 |     0.00e+00 |   8.00e-04 |        63.91 |     1.77 |      18s | Model saved         
     550 |     3.04e-01 |     3.04e-01 |     0.00e+00 |     0.00e+00 |   6.40e-04 |        63.91 |     1.75 |      16s | Model saved         
     600 |     1.74e-01 |     1.74e-01 |     0.00e+00 |     0.00e+00 |   6.40e-04 |        63.91 |     1.45 |      14s | Model saved         
     650 |     3.31e-01 |     3.31e-01 |     0.00e+00 |     0.00e+00 |   6.40e-04 |        63.91 |     1.34 |      12s | Model saved         
     700 |     2.50e-01 |     2.50e-01 |     0.00e+00 |     0.00e+00 |   6.40e-04 |        63.91 |     1.86 |      10s | Model saved         
     750 |     3.10e-01 |     3.10e-01 |     0.00e+00 |     0.00e+00 |   5.12e-04 |        63.91 |     1.69 |       8s | Model saved         
     800 |     1.79e-01 |     1.79e-01 |     0.00e+00 |     0.00e+00 |   5.12e-04 |        63.91 |     1.82 |       7s | Model saved         
     850 |     3.02e-01 |     3.02e-01 |     0.00e+00 |     0.00e+00 |   5.12e-04 |        63.91 |     1.65 |       5s | Model saved         
     900 |     2.45e-01 |     2.45e-01 |     0.00e+00 |     0.00e+00 |   5.12e-04 |        63.91 |     1.88 |       3s | Model saved         
     950 |     1.73e-01 |     1.73e-01 |     0.00e+00 |     0.00e+00 |   5.12e-04 |        63.91 |     1.93 |       1s | Model saved         
     999 |     1.84e-01 |     1.84e-01 |     0.00e+00 |     0.00e+00 |   4.10e-04 |        63.91 |     1.42 |       0s | Model saved         
-------------------------------------------------------------------------------------------------------------------------------------------
Training completed. Lowest loss: 0.162823. Total time: 35.55 seconds
Model saved to saved/almgren_supervised_LSTM_ReLU\model.pth
