Running on device: cuda, Parallel training disabled
Attempting to load model from saved_models/aid_lstmwithsubnets_naislstm_naisnet_GELU
Loaded model checkpoint from epoch 2150 with training state
Training started at 2025-06-21 19:08:47
Logging training to saved_models/aid_lstmwithsubnets_naislstm_naisnet_GELU/training.log

+---------------------------+---------------------------+
| Training Configuration    |                           |
+---------------------------+---------------------------+
| Epochs                    | 100000                    |
| Learning Rate             | 0.01                      |
| Adaptive LR               | True                      |
| Adaptive Factor           | 0.95                      |
| lambda_Y0 (Y0 loss)       | 1                         |
| lambda_Y (Y loss)         | 1                         |
| lambda_dY (Spatial loss)  | 0                         |
| lambda_dYt (Temporal loss)| 0                         |
| lambda_T (Terminal loss)  | 0.001                     |
| lambda_TG (Gradient loss) | 0                         |
| lambda_pinn (PINN loss)   | 0                         |
| lambda_reg (Reg loss)     | 0                         |
| lambda_cost (Cost loss)   | 1                         |
| Batch Size per Epoch      | 1024                      |
| Batch Size per Rank       | 1024                      |
| Architecture              | LSTMWITHSUBNETS           |
| Depth                     | 2                         |
| Width                     | 128                       |
| Activation                | GELU                      |
| T                         | 1.0                       |
| N                         | 144                       |
| Supervised                | False                     |
+---------------------------+---------------------------+

   Epoch |      Y val |      q val | Total loss |    Y0 loss |     Y loss |    T. loss |   cost loss |         LR |  Memory [MB] | Time [s] |        ETA | Status              
-----------------------------------------------------------------------------------------------------------------------------------------------------------------------------

Resuming training from epoch 2151/100000
Current learning rate: 9.500000e-03
Lowest loss so far: 8.317894e+04
-----------------------------------------------------------------------------------------------------------------------------------------------------------------------------
    2200 |   6.24e+05 |   2.31e+03 |   3.57e+04 |   2.93e+03 |   3.97e+04 |   7.50e+04 |   -6.24e+03 |   9.50e-03 |       131.86 |    93.98 |    69m 37s | Model saved (best)  
    2250 |   5.69e+05 |   1.99e+03 |   3.70e+04 |   5.00e+03 |   3.82e+04 |   8.34e+04 |   -6.29e+03 |   9.50e-03 |       131.86 |    82.40 |   127m 42s | Model saved         
    2300 |   5.67e+05 |   1.89e+03 |   3.49e+04 |   3.66e+03 |   3.74e+04 |   8.79e+04 |   -6.29e+03 |   9.50e-03 |       131.86 |    73.49 |   176m 54s | Model saved (best)  
    2350 |   5.51e+05 |   1.82e+03 |   3.61e+04 |   5.29e+03 |   3.70e+04 |   8.79e+04 |   -6.31e+03 |   9.50e-03 |       131.86 |    82.71 |   230m 19s | Model saved         
    2400 |   5.50e+05 |   1.77e+03 |   3.40e+04 |   3.62e+03 |   3.66e+04 |   9.15e+04 |   -6.31e+03 |   9.03e-03 |       131.86 |    74.55 |   275m 56s | Model saved (best)  
    2450 |   5.38e+05 |   1.73e+03 |   3.53e+04 |   5.16e+03 |   3.63e+04 |   9.04e+04 |   -6.31e+03 |   9.03e-03 |       131.86 |    81.62 |   324m 20s | Model saved         
    2500 |   5.37e+05 |   1.70e+03 |   3.34e+04 |   3.58e+03 |   3.60e+04 |   9.34e+04 |   -6.31e+03 |   9.03e-03 |       131.86 |    74.06 |   365m 50s | Model saved (best)  
    2550 |   5.27e+05 |   1.68e+03 |   3.49e+04 |   5.28e+03 |   3.58e+04 |   9.21e+04 |   -6.32e+03 |   9.03e-03 |       131.86 |    81.98 |   410m 41s | Model saved         
    2600 |   5.28e+05 |   1.66e+03 |   3.30e+04 |   3.63e+03 |   3.56e+04 |   9.48e+04 |   -6.32e+03 |   8.57e-03 |       131.86 |    73.81 |   448m 40s | Model saved (best)  
    2650 |   5.19e+05 |   1.64e+03 |   3.44e+04 |   5.13e+03 |   3.55e+04 |   9.28e+04 |   -6.33e+03 |   8.57e-03 |       131.86 |    81.85 |   490m 06s | Model saved         
    2700 |   5.20e+05 |   1.62e+03 |   3.26e+04 |   3.53e+03 |   3.53e+04 |   9.51e+04 |   -6.32e+03 |   8.57e-03 |       131.86 |    73.71 |   525m 02s | Model saved (best)  
    2750 |   5.11e+05 |   1.61e+03 |   3.42e+04 |   5.22e+03 |   3.52e+04 |   9.33e+04 |   -6.33e+03 |   8.57e-03 |       131.86 |    80.91 |   562m 55s | Model saved         
    2800 |   5.13e+05 |   1.59e+03 |   3.23e+04 |   3.58e+03 |   3.50e+04 |   9.55e+04 |   -6.33e+03 |   8.15e-03 |       131.86 |    74.63 |   595m 46s | Model saved (best)  
    2850 |   5.05e+05 |   1.58e+03 |   3.37e+04 |   5.05e+03 |   3.49e+04 |   9.33e+04 |   -6.33e+03 |   8.15e-03 |       131.86 |    81.29 |   631m 12s | Model saved         
    2900 |   5.06e+05 |   1.57e+03 |   3.20e+04 |   3.46e+03 |   3.47e+04 |   9.53e+04 |   -6.33e+03 |   8.15e-03 |       131.86 |    74.69 |   661m 40s | Model saved (best)  
    2950 |   4.99e+05 |   1.56e+03 |   3.35e+04 |   5.13e+03 |   3.46e+04 |   9.33e+04 |   -6.33e+03 |   8.15e-03 |       131.86 |    82.05 |   695m 07s | Model saved         
    3000 |   5.01e+05 |   1.55e+03 |   3.17e+04 |   3.50e+03 |   3.45e+04 |   9.53e+04 |   -6.33e+03 |   7.74e-03 |       131.86 |    74.77 |   723m 28s | Model saved (best)  
    3050 |   4.94e+05 |   1.55e+03 |   3.31e+04 |   4.94e+03 |   3.44e+04 |   9.30e+04 |   -6.34e+03 |   7.74e-03 |       131.86 |    84.34 |   755m 56s | Model saved         
    3100 |   4.95e+05 |   1.54e+03 |   3.14e+04 |   3.38e+03 |   3.42e+04 |   9.48e+04 |   -6.33e+03 |   7.74e-03 |       131.86 |    74.64 |   782m 14s | Model saved (best)  
    3150 |   4.89e+05 |   1.53e+03 |   3.29e+04 |   5.02e+03 |   3.41e+04 |   9.29e+04 |   -6.34e+03 |   7.74e-03 |       131.86 |    81.90 |   811m 23s | Model saved         
    3200 |   4.90e+05 |   1.52e+03 |   3.12e+04 |   3.41e+03 |   3.40e+04 |   9.47e+04 |   -6.33e+03 |   7.35e-03 |       131.86 |    75.04 |   836m 08s | Model saved (best)  
    3250 |   4.84e+05 |   1.51e+03 |   3.25e+04 |   4.81e+03 |   3.39e+04 |   9.25e+04 |   -6.34e+03 |   7.35e-03 |       131.86 |    81.72 |   863m 23s | Model saved         
    3300 |   4.85e+05 |   1.51e+03 |   3.08e+04 |   3.30e+03 |   3.38e+04 |   9.42e+04 |   -6.33e+03 |   7.35e-03 |       131.86 |    74.34 |   886m 10s | Model saved (best)  
    3350 |   4.79e+05 |   1.50e+03 |   3.23e+04 |   4.89e+03 |   3.37e+04 |   9.23e+04 |   -6.34e+03 |   7.35e-03 |       131.86 |    82.31 |   912m 05s | Model saved         
    3400 |   4.80e+05 |   1.49e+03 |   3.06e+04 |   3.33e+03 |   3.35e+04 |   9.40e+04 |   -6.34e+03 |   6.98e-03 |       131.86 |    74.71 |   933m 35s | Model saved (best)  
    3450 |   4.75e+05 |   1.49e+03 |   3.19e+04 |   4.68e+03 |   3.35e+04 |   9.20e+04 |   -6.34e+03 |   6.98e-03 |       131.86 |    82.06 |   957m 51s | Model saved         
    3500 |   4.76e+05 |   1.48e+03 |   3.03e+04 |   3.23e+03 |   3.33e+04 |   9.36e+04 |   -6.34e+03 |   6.98e-03 |       131.86 |    74.12 |   977m 44s | Model saved (best)  
    3550 |   4.71e+05 |   1.47e+03 |   3.18e+04 |   4.75e+03 |   3.33e+04 |   9.18e+04 |   -6.34e+03 |   6.98e-03 |       131.86 |    82.32 |  1000m 45s | Model saved         
    3600 |   4.72e+05 |   1.46e+03 |   3.01e+04 |   3.25e+03 |   3.31e+04 |   9.35e+04 |   -6.34e+03 |   6.63e-03 |       131.86 |    70.08 |  1017m 37s | Model saved (best)  
    3650 |   4.67e+05 |   1.46e+03 |   3.14e+04 |   4.53e+03 |   3.31e+04 |   9.15e+04 |   -6.34e+03 |   6.63e-03 |       131.86 |    83.22 |  1039m 46s | Model saved         
    3700 |   4.67e+05 |   1.45e+03 |   2.98e+04 |   3.16e+03 |   3.29e+04 |   9.32e+04 |   -6.34e+03 |   6.63e-03 |       131.86 |    74.88 |  1057m 40s | Model saved (best)  
    3750 |   4.63e+05 |   1.44e+03 |   3.12e+04 |   4.60e+03 |   3.29e+04 |   9.13e+04 |   -6.35e+03 |   6.63e-03 |       131.86 |    82.18 |  1078m 10s | Model saved         
    3800 |   4.64e+05 |   1.44e+03 |   2.97e+04 |   3.18e+03 |   3.28e+04 |   9.30e+04 |   -6.34e+03 |   6.30e-03 |       131.86 |    75.14 |  1095m 08s | Model saved (best)  
    3850 |   4.60e+05 |   1.43e+03 |   3.08e+04 |   4.38e+03 |   3.27e+04 |   9.10e+04 |   -6.35e+03 |   6.30e-03 |       131.86 |    81.97 |  1114m 28s | Model saved         
    3900 |   4.60e+05 |   1.42e+03 |   2.94e+04 |   3.10e+03 |   3.26e+04 |   9.27e+04 |   -6.34e+03 |   6.30e-03 |       131.86 |    75.23 |  1130m 30s | Model saved (best)  
    3950 |   4.56e+05 |   1.42e+03 |   3.07e+04 |   4.44e+03 |   3.25e+04 |   9.09e+04 |   -6.35e+03 |   6.30e-03 |       131.86 |    82.16 |  1148m 55s | Model saved         
    4000 |   4.56e+05 |   1.41e+03 |   2.93e+04 |   3.11e+03 |   3.24e+04 |   9.26e+04 |   -6.35e+03 |   5.99e-03 |       131.86 |    75.06 |  1163m 59s | Model saved (best)  
    4050 |   4.53e+05 |   1.40e+03 |   3.04e+04 |   4.24e+03 |   3.24e+04 |   9.06e+04 |   -6.35e+03 |   5.99e-03 |       131.86 |    84.71 |  1182m 28s | Model saved         
    4100 |   4.53e+05 |   1.39e+03 |   2.91e+04 |   3.04e+03 |   3.23e+04 |   9.24e+04 |   -6.35e+03 |   5.99e-03 |       131.86 |    74.86 |  1196m 37s | Model saved (best)  
    4150 |   4.49e+05 |   1.39e+03 |   3.03e+04 |   4.29e+03 |   3.22e+04 |   9.05e+04 |   -6.35e+03 |   5.99e-03 |       131.86 |    82.19 |  1213m 13s | Model saved         
    4200 |   4.49e+05 |   1.38e+03 |   2.89e+04 |   3.05e+03 |   3.21e+04 |   9.22e+04 |   -6.35e+03 |   5.69e-03 |       131.86 |    74.29 |  1226m 24s | Model saved (best)  
    4250 |   4.46e+05 |   1.38e+03 |   2.99e+04 |   4.10e+03 |   3.21e+04 |   9.02e+04 |   -6.35e+03 |   5.69e-03 |       131.86 |    82.29 |  1242m 14s | Model saved         
    4300 |   4.46e+05 |   1.37e+03 |   2.87e+04 |   2.99e+03 |   3.20e+04 |   9.20e+04 |   -6.35e+03 |   5.69e-03 |       131.86 |    75.83 |  1255m 17s | Model saved (best)  
    4350 |   4.43e+05 |   1.36e+03 |   2.98e+04 |   4.14e+03 |   3.19e+04 |   9.00e+04 |   -6.36e+03 |   5.69e-03 |       131.86 |    82.16 |  1270m 19s | Model saved         
    4400 |   4.43e+05 |   1.35e+03 |   2.85e+04 |   2.99e+03 |   3.18e+04 |   9.18e+04 |   -6.35e+03 |   5.40e-03 |       131.86 |    74.81 |  1282m 19s | Model saved (best)  
    4450 |   4.40e+05 |   1.35e+03 |   2.95e+04 |   3.97e+03 |   3.18e+04 |   8.97e+04 |   -6.36e+03 |   5.40e-03 |       131.86 |    81.90 |  1296m 33s | Model saved         
    4500 |   4.39e+05 |   1.34e+03 |   2.83e+04 |   2.94e+03 |   3.17e+04 |   9.16e+04 |   -6.35e+03 |   5.40e-03 |       131.86 |    75.09 |  1308m 02s | Model saved (best)  
    4550 |   4.36e+05 |   1.33e+03 |   2.94e+04 |   4.01e+03 |   3.16e+04 |   8.95e+04 |   -6.36e+03 |   5.40e-03 |       131.86 |    82.14 |  1321m 42s | Model saved         
    4600 |   4.36e+05 |   1.32e+03 |   2.82e+04 |   2.94e+03 |   3.15e+04 |   9.13e+04 |   -6.35e+03 |   5.13e-03 |       131.86 |    74.95 |  1332m 33s | Model saved (best)  
    4650 |   4.33e+05 |   1.32e+03 |   2.91e+04 |   3.86e+03 |   3.15e+04 |   8.90e+04 |   -6.36e+03 |   5.13e-03 |       131.86 |    83.15 |  1345m 57s | Model saved         
    4700 |   4.33e+05 |   1.31e+03 |   2.80e+04 |   2.90e+03 |   3.14e+04 |   9.08e+04 |   -6.36e+03 |   5.13e-03 |       131.86 |    75.80 |  1356m 33s | Model saved (best)  
    4750 |   4.31e+05 |   1.31e+03 |   2.89e+04 |   3.89e+03 |   3.13e+04 |   8.86e+04 |   -6.36e+03 |   5.13e-03 |       131.86 |    82.66 |  1369m 12s | Model saved         
    4800 |   4.30e+05 |   1.30e+03 |   2.78e+04 |   2.89e+03 |   3.12e+04 |   9.03e+04 |   -6.36e+03 |   4.88e-03 |       131.86 |    74.76 |  1378m 56s | Model saved (best)  
    4850 |   4.28e+05 |   1.30e+03 |   2.86e+04 |   3.75e+03 |   3.12e+04 |   8.80e+04 |   -6.36e+03 |   4.88e-03 |       131.86 |    81.62 |  1390m 42s | Model saved         
    4900 |   4.28e+05 |   1.29e+03 |   2.76e+04 |   2.85e+03 |   3.10e+04 |   8.96e+04 |   -6.36e+03 |   4.88e-03 |       131.86 |    75.42 |  1400m 11s | Model saved (best)  
    4950 |   4.25e+05 |   1.29e+03 |   2.85e+04 |   3.77e+03 |   3.10e+04 |   8.74e+04 |   -6.36e+03 |   4.88e-03 |       131.86 |    82.13 |  1411m 35s | Model saved         
    5000 |   4.25e+05 |   1.28e+03 |   2.74e+04 |   2.84e+03 |   3.09e+04 |   8.91e+04 |   -6.36e+03 |   4.63e-03 |       131.86 |    75.43 |  1420m 38s | Model saved (best)  
    5050 |   4.23e+05 |   1.28e+03 |   2.82e+04 |   3.65e+03 |   3.09e+04 |   8.69e+04 |   -6.36e+03 |   4.63e-03 |       131.86 |    84.91 |  1432m 26s | Model saved         
    5100 |   4.23e+05 |   1.27e+03 |   2.73e+04 |   2.81e+03 |   3.08e+04 |   8.86e+04 |   -6.36e+03 |   4.63e-03 |       131.86 |    75.66 |  1441m 06s | Model saved (best)  
    5150 |   4.20e+05 |   1.27e+03 |   2.81e+04 |   3.67e+03 |   3.07e+04 |   8.65e+04 |   -6.37e+03 |   4.63e-03 |       131.86 |    82.89 |  1451m 48s | Model saved         
    5200 |   4.20e+05 |   1.26e+03 |   2.71e+04 |   2.80e+03 |   3.06e+04 |   8.82e+04 |   -6.36e+03 |   4.40e-03 |       131.86 |    76.04 |  1460m 12s | Model saved (best)  
    5250 |   4.17e+05 |   1.25e+03 |   2.79e+04 |   3.57e+03 |   3.06e+04 |   8.62e+04 |   -6.37e+03 |   4.40e-03 |       131.86 |    82.66 |  1470m 23s | Model saved         
    5300 |   4.17e+05 |   1.24e+03 |   2.69e+04 |   2.77e+03 |   3.05e+04 |   8.80e+04 |   -6.36e+03 |   4.40e-03 |       131.86 |    75.32 |  1478m 11s | Model saved (best)  
    5350 |   4.15e+05 |   1.24e+03 |   2.77e+04 |   3.59e+03 |   3.04e+04 |   8.60e+04 |   -6.37e+03 |   4.40e-03 |       131.86 |    82.64 |  1487m 57s | Model saved         
    5400 |   4.15e+05 |   1.23e+03 |   2.68e+04 |   2.76e+03 |   3.03e+04 |   8.79e+04 |   -6.36e+03 |   4.18e-03 |       131.86 |    75.32 |  1495m 24s | Model saved (best)  
    5450 |   4.12e+05 |   1.23e+03 |   2.75e+04 |   3.51e+03 |   3.03e+04 |   8.58e+04 |   -6.37e+03 |   4.18e-03 |       131.86 |    82.44 |  1504m 44s | Model saved         
    5500 |   4.12e+05 |   1.21e+03 |   2.66e+04 |   2.73e+03 |   3.02e+04 |   8.78e+04 |   -6.37e+03 |   4.18e-03 |       131.86 |    75.13 |  1511m 47s | Model saved (best)  
    5550 |   4.09e+05 |   1.21e+03 |   2.74e+04 |   3.52e+03 |   3.01e+04 |   8.58e+04 |   -6.37e+03 |   4.18e-03 |       131.86 |    83.04 |  1520m 55s | Model saved         
    5600 |   4.09e+05 |   1.20e+03 |   2.64e+04 |   2.73e+03 |   3.00e+04 |   8.77e+04 |   -6.37e+03 |   3.97e-03 |       131.86 |    75.49 |  1527m 45s | Model saved (best)  
    5650 |   4.06e+05 |   1.20e+03 |   2.71e+04 |   3.44e+03 |   3.00e+04 |   8.58e+04 |   -6.37e+03 |   3.97e-03 |       131.86 |    82.01 |  1536m 15s | Model saved         
    5700 |   4.06e+05 |   1.19e+03 |   2.63e+04 |   2.70e+03 |   2.98e+04 |   8.77e+04 |   -6.37e+03 |   3.97e-03 |       131.86 |    75.76 |  1542m 52s | Model saved (best)  
    5750 |   4.04e+05 |   1.18e+03 |   2.70e+04 |   3.45e+03 |   2.98e+04 |   8.58e+04 |   -6.37e+03 |   3.97e-03 |       131.86 |    82.83 |  1551m 16s | Model saved         
    5800 |   4.04e+05 |   1.17e+03 |   2.61e+04 |   2.70e+03 |   2.97e+04 |   8.77e+04 |   -6.37e+03 |   3.77e-03 |       131.86 |    76.12 |  1557m 41s | Model saved (best)  
    5850 |   4.01e+05 |   1.17e+03 |   2.68e+04 |   3.38e+03 |   2.97e+04 |   8.58e+04 |   -6.38e+03 |   3.77e-03 |       131.86 |    83.07 |  1565m 50s | Model saved         
    5900 |   4.01e+05 |   1.16e+03 |   2.59e+04 |   2.67e+03 |   2.96e+04 |   8.77e+04 |   -6.37e+03 |   3.77e-03 |       131.86 |    75.78 |  1571m 53s | Model saved (best)  
    5950 |   3.98e+05 |   1.15e+03 |   2.66e+04 |   3.39e+03 |   2.95e+04 |   8.58e+04 |   -6.38e+03 |   3.77e-03 |       131.86 |    82.74 |  1579m 38s | Model saved         
    6000 |   3.98e+05 |   1.14e+03 |   2.58e+04 |   2.67e+03 |   2.94e+04 |   8.78e+04 |   -6.37e+03 |   3.58e-03 |       131.86 |    76.19 |  1585m 32s | Model saved (best)  
    6050 |   3.95e+05 |   1.14e+03 |   2.64e+04 |   3.33e+03 |   2.94e+04 |   8.59e+04 |   -6.38e+03 |   3.58e-03 |       131.86 |    85.60 |  1593m 45s | Model saved         
    6100 |   3.95e+05 |   1.13e+03 |   2.56e+04 |   2.65e+03 |   2.93e+04 |   8.79e+04 |   -6.38e+03 |   3.58e-03 |       131.86 |    76.34 |  1599m 26s | Model saved (best)  
    6150 |   3.92e+05 |   1.12e+03 |   2.63e+04 |   3.34e+03 |   2.93e+04 |   8.60e+04 |   -6.38e+03 |   3.58e-03 |       131.86 |    82.67 |  1606m 37s | Model saved         
    6200 |   3.93e+05 |   1.11e+03 |   2.55e+04 |   2.65e+03 |   2.91e+04 |   8.80e+04 |   -6.38e+03 |   3.41e-03 |       131.86 |    76.33 |  1612m 03s | Model saved (best)  
    6250 |   3.89e+05 |   1.11e+03 |   2.61e+04 |   3.29e+03 |   2.91e+04 |   8.61e+04 |   -6.38e+03 |   3.41e-03 |       131.86 |    83.78 |  1619m 15s | Model saved         
    6300 |   3.90e+05 |   1.10e+03 |   2.53e+04 |   2.63e+03 |   2.90e+04 |   8.81e+04 |   -6.38e+03 |   3.41e-03 |       131.86 |    76.51 |  1624m 31s | Model saved (best)  
    6350 |   3.87e+05 |   1.09e+03 |   2.60e+04 |   3.29e+03 |   2.90e+04 |   8.62e+04 |   -6.38e+03 |   3.41e-03 |       131.86 |    82.83 |  1631m 13s | Model saved         
    6400 |   3.87e+05 |   1.08e+03 |   2.52e+04 |   2.63e+03 |   2.89e+04 |   8.83e+04 |   -6.38e+03 |   3.24e-03 |       131.86 |    75.70 |  1636m 04s | Model saved (best)  
    6450 |   3.84e+05 |   1.08e+03 |   2.58e+04 |   3.25e+03 |   2.89e+04 |   8.63e+04 |   -6.39e+03 |   3.24e-03 |       131.86 |    83.09 |  1642m 36s | Model saved         
    6500 |   3.85e+05 |   1.07e+03 |   2.51e+04 |   2.62e+03 |   2.88e+04 |   8.84e+04 |   -6.38e+03 |   3.24e-03 |       131.86 |    75.88 |  1647m 17s | Model saved (best)  
    6550 |   3.81e+05 |   1.06e+03 |   2.57e+04 |   3.25e+03 |   2.88e+04 |   8.65e+04 |   -6.39e+03 |   3.24e-03 |       131.86 |    83.43 |  1653m 40s | Model saved         
    6600 |   3.82e+05 |   1.05e+03 |   2.50e+04 |   2.62e+03 |   2.87e+04 |   8.86e+04 |   -6.38e+03 |   3.07e-03 |       131.86 |    76.17 |  1658m 14s | Model saved (best)  
    6650 |   3.78e+05 |   1.05e+03 |   2.56e+04 |   3.22e+03 |   2.86e+04 |   8.67e+04 |   -6.39e+03 |   3.07e-03 |       131.86 |    83.40 |  1664m 24s | Model saved         
    6700 |   3.80e+05 |   1.04e+03 |   2.49e+04 |   2.62e+03 |   2.85e+04 |   8.88e+04 |   -6.38e+03 |   3.07e-03 |       131.86 |    76.62 |  1668m 53s | Model saved (best)  
    6750 |   3.76e+05 |   1.03e+03 |   2.55e+04 |   3.22e+03 |   2.85e+04 |   8.69e+04 |   -6.39e+03 |   3.07e-03 |       131.86 |    83.51 |  1674m 51s | Model saved         
    6800 |   3.77e+05 |   1.02e+03 |   2.47e+04 |   2.63e+03 |   2.84e+04 |   8.90e+04 |   -6.39e+03 |   2.92e-03 |       131.86 |    76.02 |  1679m 01s | Model saved (best)  
    6850 |   3.73e+05 |   1.02e+03 |   2.53e+04 |   3.20e+03 |   2.84e+04 |   8.71e+04 |   -6.39e+03 |   2.92e-03 |       131.86 |    83.18 |  1684m 43s | Model saved         
    6900 |   3.74e+05 |   1.01e+03 |   2.46e+04 |   2.63e+03 |   2.83e+04 |   8.93e+04 |   -6.39e+03 |   2.92e-03 |       131.86 |    76.00 |  1688m 42s | Model saved (best)  
    6950 |   3.70e+05 |   1.00e+03 |   2.52e+04 |   3.20e+03 |   2.83e+04 |   8.73e+04 |   -6.39e+03 |   2.92e-03 |       131.86 |    83.12 |  1694m 12s | Model saved         
    7000 |   3.72e+05 |   9.96e+02 |   2.45e+04 |   2.63e+03 |   2.82e+04 |   8.95e+04 |   -6.39e+03 |   2.77e-03 |       131.86 |    75.93 |  1698m 00s | Model saved (best)  
    7050 |   3.67e+05 |   9.91e+02 |   2.51e+04 |   3.20e+03 |   2.82e+04 |   8.75e+04 |   -6.39e+03 |   2.77e-03 |       131.86 |    85.00 |  1703m 44s | Model saved         
    7100 |   3.69e+05 |   9.82e+02 |   2.44e+04 |   2.63e+03 |   2.81e+04 |   8.97e+04 |   -6.39e+03 |   2.77e-03 |       131.86 |    76.36 |  1707m 29s | Model saved (best)  
    7150 |   3.65e+05 |   9.77e+02 |   2.50e+04 |   3.19e+03 |   2.81e+04 |   8.77e+04 |   -6.40e+03 |   2.77e-03 |       131.86 |    84.81 |  1712m 59s | Model saved         
    7200 |   3.67e+05 |   9.68e+02 |   2.43e+04 |   2.63e+03 |   2.80e+04 |   8.99e+04 |   -6.39e+03 |   2.64e-03 |       131.86 |    76.70 |  1716m 39s | Model saved (best)  
    7250 |   3.62e+05 |   9.63e+02 |   2.49e+04 |   3.19e+03 |   2.80e+04 |   8.78e+04 |   -6.40e+03 |   2.64e-03 |       131.86 |    83.34 |  1721m 40s | Model saved         
    7300 |   3.64e+05 |   9.55e+02 |   2.42e+04 |   2.64e+03 |   2.79e+04 |   9.01e+04 |   -6.39e+03 |   2.64e-03 |       131.86 |    75.91 |  1725m 01s | Model saved (best)  
    7350 |   3.60e+05 |   9.50e+02 |   2.48e+04 |   3.18e+03 |   2.79e+04 |   8.80e+04 |   -6.40e+03 |   2.64e-03 |       131.86 |    83.40 |  1729m 53s | Model saved         
    7400 |   3.62e+05 |   9.41e+02 |   2.41e+04 |   2.65e+03 |   2.78e+04 |   9.04e+04 |   -6.40e+03 |   2.50e-03 |       131.86 |    76.25 |  1733m 10s | Model saved (best)  
    7450 |   3.57e+05 |   9.36e+02 |   2.46e+04 |   3.18e+03 |   2.78e+04 |   8.82e+04 |   -6.40e+03 |   2.50e-03 |       131.86 |    84.16 |  1738m 02s | Model saved         
    7500 |   3.59e+05 |   9.28e+02 |   2.40e+04 |   2.67e+03 |   2.76e+04 |   9.06e+04 |   -6.40e+03 |   2.50e-03 |       131.86 |    75.81 |  1741m 06s | Model saved (best)  
    7550 |   3.55e+05 |   9.22e+02 |   2.45e+04 |   3.18e+03 |   2.77e+04 |   8.83e+04 |   -6.40e+03 |   2.50e-03 |       131.86 |    83.72 |  1745m 43s | Model saved         
    7600 |   3.57e+05 |   9.14e+02 |   2.39e+04 |   2.67e+03 |   2.75e+04 |   9.07e+04 |   -6.40e+03 |   2.38e-03 |       131.86 |    76.84 |  1748m 52s | Model saved (best)  
    7650 |   3.52e+05 |   9.09e+02 |   2.44e+04 |   3.19e+03 |   2.75e+04 |   8.85e+04 |   -6.40e+03 |   2.38e-03 |       131.86 |    83.56 |  1753m 18s | Model saved         
    7700 |   3.55e+05 |   9.01e+02 |   2.38e+04 |   2.69e+03 |   2.74e+04 |   9.09e+04 |   -6.40e+03 |   2.38e-03 |       131.86 |    76.71 |  1756m 18s | Model saved (best)  
    7750 |   3.50e+05 |   8.96e+02 |   2.43e+04 |   3.19e+03 |   2.74e+04 |   8.87e+04 |   -6.41e+03 |   2.38e-03 |       131.86 |    83.96 |  1760m 41s | Model saved         
    7800 |   3.52e+05 |   8.88e+02 |   2.37e+04 |   2.70e+03 |   2.73e+04 |   9.11e+04 |   -6.40e+03 |   2.26e-03 |       131.86 |    75.43 |  1763m 19s | Model saved (best)  
    7850 |   3.47e+05 |   8.83e+02 |   2.42e+04 |   3.19e+03 |   2.73e+04 |   8.88e+04 |   -6.41e+03 |   2.26e-03 |       131.86 |    83.11 |  1767m 23s | Model saved         
    7900 |   3.50e+05 |   8.75e+02 |   2.36e+04 |   2.72e+03 |   2.72e+04 |   9.12e+04 |   -6.40e+03 |   2.26e-03 |       131.86 |    76.97 |  1770m 12s | Model saved (best)  
    7950 |   3.45e+05 |   8.70e+02 |   2.41e+04 |   3.20e+03 |   2.72e+04 |   8.90e+04 |   -6.41e+03 |   2.26e-03 |       131.86 |    83.83 |  1774m 18s | Model saved         
    8000 |   3.47e+05 |   8.62e+02 |   2.35e+04 |   2.72e+03 |   2.71e+04 |   9.14e+04 |   -6.40e+03 |   2.15e-03 |       131.86 |    76.26 |  1776m 52s | Model saved (best)  
    8050 |   3.42e+05 |   8.57e+02 |   2.40e+04 |   3.20e+03 |   2.71e+04 |   8.91e+04 |   -6.41e+03 |   2.15e-03 |       131.86 |    85.54 |  1781m 09s | Model saved         
    8100 |   3.45e+05 |   8.50e+02 |   2.34e+04 |   2.74e+03 |   2.70e+04 |   9.15e+04 |   -6.41e+03 |   2.15e-03 |       131.86 |    76.28 |  1783m 37s | Model saved (best)  
    8150 |   3.40e+05 |   8.44e+02 |   2.39e+04 |   3.21e+03 |   2.70e+04 |   8.93e+04 |   -6.41e+03 |   2.15e-03 |       131.86 |    83.43 |  1787m 23s | Model saved         
    8200 |   3.43e+05 |   8.37e+02 |   2.33e+04 |   2.75e+03 |   2.69e+04 |   9.17e+04 |   -6.41e+03 |   2.04e-03 |       131.86 |    76.67 |  1789m 50s | Model saved (best)  
    8250 |   3.38e+05 |   8.32e+02 |   2.38e+04 |   3.21e+03 |   2.69e+04 |   8.94e+04 |   -6.41e+03 |   2.04e-03 |       131.86 |    84.19 |  1793m 37s | Model saved         
    8300 |   3.40e+05 |   8.25e+02 |   2.33e+04 |   2.76e+03 |   2.68e+04 |   9.17e+04 |   -6.41e+03 |   2.04e-03 |       131.86 |    76.77 |  1795m 59s | Model saved (best)  
    8350 |   3.35e+05 |   8.19e+02 |   2.37e+04 |   3.22e+03 |   2.68e+04 |   8.96e+04 |   -6.41e+03 |   2.04e-03 |       131.86 |    83.19 |  1799m 28s | Model saved         
    8400 |   3.38e+05 |   8.13e+02 |   2.32e+04 |   2.77e+03 |   2.67e+04 |   9.19e+04 |   -6.41e+03 |   1.94e-03 |       131.86 |    76.01 |  1801m 36s | Model saved (best)  
    8450 |   3.33e+05 |   8.06e+02 |   2.36e+04 |   3.22e+03 |   2.67e+04 |   8.96e+04 |   -6.41e+03 |   1.94e-03 |       131.86 |    83.14 |  1804m 58s | Model saved         
    8500 |   3.35e+05 |   8.01e+02 |   2.31e+04 |   2.78e+03 |   2.66e+04 |   9.19e+04 |   -6.41e+03 |   1.94e-03 |       131.86 |    75.41 |  1806m 54s | Model saved (best)  
    8550 |   3.30e+05 |   7.94e+02 |   2.35e+04 |   3.23e+03 |   2.66e+04 |   8.97e+04 |   -6.42e+03 |   1.94e-03 |       131.86 |    82.84 |  1810m 07s | Model saved         
    8600 |   3.33e+05 |   7.89e+02 |   2.30e+04 |   2.78e+03 |   2.65e+04 |   9.20e+04 |   -6.41e+03 |   1.84e-03 |       131.86 |    76.29 |  1812m 08s | Model saved (best)  
    8650 |   3.28e+05 |   7.82e+02 |   2.34e+04 |   3.21e+03 |   2.65e+04 |   8.98e+04 |   -6.42e+03 |   1.84e-03 |       131.86 |    83.37 |  1815m 20s | Model saved         
    8700 |   3.31e+05 |   7.78e+02 |   2.29e+04 |   2.77e+03 |   2.64e+04 |   9.20e+04 |   -6.41e+03 |   1.84e-03 |       131.86 |    75.73 |  1817m 10s | Model saved (best)  
    8750 |   3.26e+05 |   7.70e+02 |   2.34e+04 |   3.21e+03 |   2.65e+04 |   8.98e+04 |   -6.42e+03 |   1.84e-03 |       131.86 |    82.87 |  1820m 12s | Model saved         
    8800 |   3.29e+05 |   7.67e+02 |   2.28e+04 |   2.77e+03 |   2.64e+04 |   9.21e+04 |   -6.41e+03 |   1.75e-03 |       131.86 |    75.85 |  1821m 58s | Model saved (best)  
    8850 |   3.23e+05 |   7.59e+02 |   2.32e+04 |   3.19e+03 |   2.64e+04 |   8.99e+04 |   -6.42e+03 |   1.75e-03 |       131.86 |    83.18 |  1824m 57s | Model saved         
    8900 |   3.26e+05 |   7.56e+02 |   2.27e+04 |   2.76e+03 |   2.63e+04 |   9.21e+04 |   -6.42e+03 |   1.75e-03 |       131.86 |    75.63 |  1826m 37s | Model saved (best)  
    8950 |   3.21e+05 |   7.48e+02 |   2.32e+04 |   3.19e+03 |   2.63e+04 |   9.00e+04 |   -6.42e+03 |   1.75e-03 |       131.86 |    83.11 |  1829m 30s | Model saved         
    9000 |   3.24e+05 |   7.45e+02 |   2.26e+04 |   2.75e+03 |   2.62e+04 |   9.21e+04 |   -6.42e+03 |   1.66e-03 |       131.86 |    75.35 |  1831m 02s | Model saved (best)  
    9050 |   3.18e+05 |   7.37e+02 |   2.30e+04 |   3.17e+03 |   2.62e+04 |   9.00e+04 |   -6.42e+03 |   1.66e-03 |       131.86 |    85.37 |  1834m 13s | Model saved         
    9100 |   3.21e+05 |   7.35e+02 |   2.25e+04 |   2.73e+03 |   2.61e+04 |   9.21e+04 |   -6.42e+03 |   1.66e-03 |       131.86 |    76.42 |  1835m 52s | Model saved (best)  
    9150 |   3.16e+05 |   7.26e+02 |   2.30e+04 |   3.16e+03 |   2.61e+04 |   9.00e+04 |   -6.42e+03 |   1.66e-03 |       131.86 |    83.93 |  1838m 43s | Model saved         
    9200 |   3.19e+05 |   7.24e+02 |   2.24e+04 |   2.72e+03 |   2.60e+04 |   9.21e+04 |   -6.42e+03 |   1.58e-03 |       131.86 |    75.99 |  1840m 13s | Model saved (best)  
    9250 |   3.14e+05 |   7.16e+02 |   2.28e+04 |   3.13e+03 |   2.60e+04 |   9.00e+04 |   -6.42e+03 |   1.58e-03 |       131.86 |    82.87 |  1842m 49s | Model saved         
    9300 |   3.17e+05 |   7.14e+02 |   2.23e+04 |   2.70e+03 |   2.60e+04 |   9.20e+04 |   -6.42e+03 |   1.58e-03 |       131.86 |    76.00 |  1844m 15s | Model saved (best)  
    9350 |   3.11e+05 |   7.06e+02 |   2.28e+04 |   3.12e+03 |   2.59e+04 |   9.00e+04 |   -6.43e+03 |   1.58e-03 |       131.86 |    83.22 |  1846m 49s | Model saved         
    9400 |   3.15e+05 |   7.04e+02 |   2.22e+04 |   2.69e+03 |   2.59e+04 |   9.20e+04 |   -6.42e+03 |   1.50e-03 |       131.86 |    76.92 |  1848m 20s | Model saved (best)  
    9450 |   3.09e+05 |   6.96e+02 |   2.26e+04 |   3.09e+03 |   2.59e+04 |   9.00e+04 |   -6.43e+03 |   1.50e-03 |       131.86 |    83.31 |  1850m 51s | Model saved         
    9500 |   3.12e+05 |   6.94e+02 |   2.21e+04 |   2.67e+03 |   2.58e+04 |   9.19e+04 |   -6.42e+03 |   1.50e-03 |       131.86 |    76.26 |  1852m 12s | Model saved (best)  
    9550 |   3.07e+05 |   6.85e+02 |   2.25e+04 |   3.08e+03 |   2.58e+04 |   9.00e+04 |   -6.43e+03 |   1.50e-03 |       131.86 |    83.71 |  1854m 42s | Model saved         
    9600 |   3.10e+05 |   6.85e+02 |   2.20e+04 |   2.66e+03 |   2.57e+04 |   9.19e+04 |   -6.42e+03 |   1.42e-03 |       131.86 |    75.96 |  1855m 57s | Model saved (best)  
    9650 |   3.04e+05 |   6.76e+02 |   2.24e+04 |   3.05e+03 |   2.57e+04 |   8.99e+04 |   -6.43e+03 |   1.42e-03 |       131.86 |    85.72 |  1858m 41s | Model saved         
    9700 |   3.07e+05 |   6.75e+02 |   2.19e+04 |   2.64e+03 |   2.56e+04 |   9.17e+04 |   -6.42e+03 |   1.42e-03 |       131.86 |    76.01 |  1859m 52s | Model saved (best)  
    9750 |   3.02e+05 |   6.66e+02 |   2.23e+04 |   3.04e+03 |   2.56e+04 |   8.99e+04 |   -6.43e+03 |   1.42e-03 |       131.86 |    83.09 |  1862m 08s | Model saved         
    9800 |   3.05e+05 |   6.66e+02 |   2.18e+04 |   2.63e+03 |   2.56e+04 |   9.17e+04 |   -6.43e+03 |   1.35e-03 |       131.86 |    76.04 |  1863m 16s | Model saved (best)  
    9850 |   2.99e+05 |   6.57e+02 |   2.22e+04 |   3.00e+03 |   2.56e+04 |   8.97e+04 |   -6.43e+03 |   1.35e-03 |       131.86 |    83.24 |  1865m 29s | Model saved         
    9900 |   3.03e+05 |   6.57e+02 |   2.17e+04 |   2.61e+03 |   2.55e+04 |   9.16e+04 |   -6.43e+03 |   1.35e-03 |       131.86 |    76.48 |  1866m 38s | Model saved (best)  
    9950 |   2.97e+05 |   6.48e+02 |   2.22e+04 |   3.00e+03 |   2.55e+04 |   8.97e+04 |   -6.43e+03 |   1.35e-03 |       131.86 |    83.51 |  1868m 49s | Model saved         
   10000 |   3.01e+05 |   6.48e+02 |   2.17e+04 |   2.60e+03 |   2.54e+04 |   9.15e+04 |   -6.43e+03 |   1.29e-03 |       131.86 |    76.21 |  1869m 52s | Model saved (best)  
   10050 |   2.95e+05 |   6.39e+02 |   2.20e+04 |   2.97e+03 |   2.54e+04 |   8.95e+04 |   -6.43e+03 |   1.29e-03 |       131.86 |    85.70 |  1872m 19s | Model saved         
   10100 |   2.98e+05 |   6.39e+02 |   2.16e+04 |   2.58e+03 |   2.53e+04 |   9.14e+04 |   -6.43e+03 |   1.29e-03 |       131.86 |    75.66 |  1873m 14s | Model saved (best)  
   10150 |   2.92e+05 |   6.30e+02 |   2.20e+04 |   2.96e+03 |   2.53e+04 |   8.94e+04 |   -6.43e+03 |   1.29e-03 |       131.86 |    83.16 |  1875m 14s | Model saved         
   10200 |   2.96e+05 |   6.30e+02 |   2.15e+04 |   2.58e+03 |   2.53e+04 |   9.13e+04 |   -6.43e+03 |   1.22e-03 |       131.86 |    76.28 |  1876m 12s | Model saved (best)  
   10250 |   2.90e+05 |   6.22e+02 |   2.19e+04 |   2.93e+03 |   2.53e+04 |   8.92e+04 |   -6.43e+03 |   1.22e-03 |       131.86 |    83.19 |  1878m 09s | Model saved         
   10300 |   2.94e+05 |   6.22e+02 |   2.14e+04 |   2.56e+03 |   2.52e+04 |   9.12e+04 |   -6.43e+03 |   1.22e-03 |       131.86 |    76.32 |  1879m 04s | Model saved (best)  
   10350 |   2.88e+05 |   6.14e+02 |   2.18e+04 |   2.93e+03 |   2.52e+04 |   8.91e+04 |   -6.44e+03 |   1.22e-03 |       131.86 |    82.85 |  1880m 55s | Model saved         
   10400 |   2.92e+05 |   6.14e+02 |   2.13e+04 |   2.56e+03 |   2.51e+04 |   9.10e+04 |   -6.43e+03 |   1.16e-03 |       131.86 |    75.90 |  1881m 43s | Model saved (best)  
   10450 |   2.85e+05 |   6.06e+02 |   2.17e+04 |   2.89e+03 |   2.51e+04 |   8.89e+04 |   -6.44e+03 |   1.16e-03 |       131.86 |    83.25 |  1883m 34s | Model saved         
   10500 |   2.89e+05 |   6.06e+02 |   2.12e+04 |   2.55e+03 |   2.51e+04 |   9.09e+04 |   -6.43e+03 |   1.16e-03 |       131.86 |    76.42 |  1884m 24s | Model saved (best)  
   10550 |   2.83e+05 |   5.99e+02 |   2.16e+04 |   2.89e+03 |   2.51e+04 |   8.87e+04 |   -6.44e+03 |   1.16e-03 |       131.86 |    83.85 |  1886m 16s | Model saved         
   10600 |   2.87e+05 |   5.98e+02 |   2.12e+04 |   2.54e+03 |   2.50e+04 |   9.07e+04 |   -6.43e+03 |   1.10e-03 |       131.86 |    76.10 |  1887m 01s | Model saved (best)  
   10650 |   2.81e+05 |   5.91e+02 |   2.15e+04 |   2.86e+03 |   2.50e+04 |   8.84e+04 |   -6.44e+03 |   1.10e-03 |       131.86 |    82.98 |  1888m 43s | Model saved         
   10700 |   2.85e+05 |   5.91e+02 |   2.11e+04 |   2.53e+03 |   2.49e+04 |   9.06e+04 |   -6.43e+03 |   1.10e-03 |       131.86 |    76.64 |  1889m 30s | Model saved (best)  
   10750 |   2.78e+05 |   5.84e+02 |   2.15e+04 |   2.86e+03 |   2.50e+04 |   8.83e+04 |   -6.44e+03 |   1.10e-03 |       131.86 |    82.90 |  1891m 08s | Model saved         
   10800 |   2.83e+05 |   5.83e+02 |   2.10e+04 |   2.53e+03 |   2.49e+04 |   9.04e+04 |   -6.43e+03 |   1.05e-03 |       131.86 |    76.12 |  1891m 48s | Model saved (best)  
   10850 |   2.76e+05 |   5.76e+02 |   2.14e+04 |   2.83e+03 |   2.49e+04 |   8.81e+04 |   -6.44e+03 |   1.05e-03 |       131.86 |    83.08 |  1893m 24s | Model saved         
   10900 |   2.80e+05 |   5.75e+02 |   2.10e+04 |   2.52e+03 |   2.48e+04 |   9.03e+04 |   -6.44e+03 |   1.05e-03 |       131.86 |    75.53 |  1893m 57s | Model saved (best)  
   10950 |   2.74e+05 |   5.68e+02 |   2.13e+04 |   2.82e+03 |   2.48e+04 |   8.80e+04 |   -6.44e+03 |   1.05e-03 |       131.86 |    82.44 |  1895m 25s | Model saved         
   11000 |   2.78e+05 |   5.66e+02 |   2.09e+04 |   2.52e+03 |   2.47e+04 |   9.02e+04 |   -6.44e+03 |   9.94e-04 |       131.86 |    76.03 |  1896m 00s | Model saved (best)  
   11050 |   2.71e+05 |   5.59e+02 |   2.12e+04 |   2.80e+03 |   2.48e+04 |   8.79e+04 |   -6.44e+03 |   9.94e-04 |       131.86 |    85.74 |  1897m 52s | Model saved         
   11100 |   2.76e+05 |   5.58e+02 |   2.08e+04 |   2.51e+03 |   2.47e+04 |   9.01e+04 |   -6.44e+03 |   9.94e-04 |       131.86 |    75.21 |  1898m 17s | Model saved (best)  
   11150 |   2.69e+05 |   5.51e+02 |   2.11e+04 |   2.80e+03 |   2.47e+04 |   8.78e+04 |   -6.44e+03 |   9.94e-04 |       131.86 |    83.10 |  1899m 45s | Model saved         
   11200 |   2.73e+05 |   5.50e+02 |   2.07e+04 |   2.51e+03 |   2.46e+04 |   9.00e+04 |   -6.44e+03 |   9.45e-04 |       131.86 |    75.76 |  1900m 13s | Model saved (best)  
   11250 |   2.66e+05 |   5.42e+02 |   2.10e+04 |   2.77e+03 |   2.46e+04 |   8.78e+04 |   -6.44e+03 |   9.45e-04 |       131.86 |    83.32 |  1901m 40s | Model saved         
   11300 |   2.71e+05 |   5.41e+02 |   2.07e+04 |   2.50e+03 |   2.45e+04 |   9.00e+04 |   -6.44e+03 |   9.45e-04 |       131.86 |    75.79 |  1902m 06s | Model saved (best)  
   11350 |   2.64e+05 |   5.34e+02 |   2.10e+04 |   2.77e+03 |   2.45e+04 |   8.77e+04 |   -6.44e+03 |   9.45e-04 |       131.86 |    83.27 |  1903m 29s | Model saved         
   11400 |   2.68e+05 |   5.33e+02 |   2.06e+04 |   2.50e+03 |   2.45e+04 |   9.00e+04 |   -6.44e+03 |   8.97e-04 |       131.86 |    75.85 |  1903m 54s | Model saved (best)  
   11450 |   2.61e+05 |   5.25e+02 |   2.09e+04 |   2.75e+03 |   2.45e+04 |   8.77e+04 |   -6.45e+03 |   8.97e-04 |       131.86 |    83.09 |  1905m 13s | Model saved         
   11500 |   2.66e+05 |   5.24e+02 |   2.05e+04 |   2.49e+03 |   2.44e+04 |   8.99e+04 |   -6.44e+03 |   8.97e-04 |       131.86 |    76.69 |  1905m 42s | Model saved (best)  
   11550 |   2.59e+05 |   5.17e+02 |   2.08e+04 |   2.74e+03 |   2.44e+04 |   8.76e+04 |   -6.45e+03 |   8.97e-04 |       131.86 |    83.34 |  1907m 01s | Model saved         
   11600 |   2.63e+05 |   5.16e+02 |   2.04e+04 |   2.50e+03 |   2.43e+04 |   8.99e+04 |   -6.44e+03 |   8.53e-04 |       131.86 |    76.39 |  1907m 26s | Model saved (best)  
   11650 |   2.56e+05 |   5.08e+02 |   2.07e+04 |   2.73e+03 |   2.43e+04 |   8.76e+04 |   -6.45e+03 |   8.53e-04 |       131.86 |    83.14 |  1908m 41s | Model saved         
   11700 |   2.61e+05 |   5.07e+02 |   2.03e+04 |   2.49e+03 |   2.42e+04 |   8.98e+04 |   -6.44e+03 |   8.53e-04 |       131.86 |    76.80 |  1909m 06s | Model saved (best)  
   11750 |   2.54e+05 |   5.00e+02 |   2.06e+04 |   2.72e+03 |   2.42e+04 |   8.75e+04 |   -6.45e+03 |   8.53e-04 |       131.86 |    83.35 |  1910m 20s | Model saved         
   11800 |   2.58e+05 |   4.99e+02 |   2.03e+04 |   2.49e+03 |   2.41e+04 |   8.98e+04 |   -6.44e+03 |   8.10e-04 |       131.86 |    75.91 |  1910m 37s | Model saved (best)  
   11850 |   2.51e+05 |   4.92e+02 |   2.05e+04 |   2.71e+03 |   2.41e+04 |   8.75e+04 |   -6.45e+03 |   8.10e-04 |       131.86 |    83.60 |  1911m 51s | Model saved         
   11900 |   2.56e+05 |   4.91e+02 |   2.02e+04 |   2.48e+03 |   2.41e+04 |   8.97e+04 |   -6.44e+03 |   8.10e-04 |       131.86 |    76.44 |  1912m 10s | Model saved (best)  
   11950 |   2.49e+05 |   4.84e+02 |   2.04e+04 |   2.70e+03 |   2.41e+04 |   8.74e+04 |   -6.45e+03 |   8.10e-04 |       131.86 |    83.06 |  1913m 17s | Model saved         
   12000 |   2.53e+05 |   4.83e+02 |   2.01e+04 |   2.48e+03 |   2.40e+04 |   8.96e+04 |   -6.45e+03 |   7.69e-04 |       131.86 |    76.95 |  1913m 38s | Model saved (best)  
   12050 |   2.46e+05 |   4.77e+02 |   2.03e+04 |   2.69e+03 |   2.40e+04 |   8.73e+04 |   -6.45e+03 |   7.69e-04 |       131.86 |    86.29 |  1915m 07s | Model saved         
   12100 |   2.51e+05 |   4.76e+02 |   2.00e+04 |   2.47e+03 |   2.39e+04 |   8.96e+04 |   -6.45e+03 |   7.69e-04 |       131.86 |    75.72 |  1915m 17s | Model saved (best)  
   12150 |   2.44e+05 |   4.69e+02 |   2.02e+04 |   2.68e+03 |   2.39e+04 |   8.72e+04 |   -6.45e+03 |   7.69e-04 |       131.86 |    85.34 |  1916m 36s | Model saved         
   12200 |   2.48e+05 |   4.68e+02 |   1.99e+04 |   2.47e+03 |   2.38e+04 |   8.95e+04 |   -6.45e+03 |   7.69e-04 |       131.86 |    76.72 |  1916m 52s | Model saved (best)  
   12250 |   2.41e+05 |   4.62e+02 |   2.01e+04 |   2.67e+03 |   2.38e+04 |   8.71e+04 |   -6.45e+03 |   7.31e-04 |       131.86 |    83.92 |  1917m 58s | Model saved         
   12300 |   2.46e+05 |   4.61e+02 |   1.98e+04 |   2.47e+03 |   2.37e+04 |   8.94e+04 |   -6.45e+03 |   7.31e-04 |       131.86 |    76.08 |  1918m 07s | Model saved (best)  
   12350 |   2.39e+05 |   4.54e+02 |   2.00e+04 |   2.66e+03 |   2.37e+04 |   8.70e+04 |   -6.45e+03 |   7.31e-04 |       131.86 |    82.68 |  1919m 03s | Model saved         
   12400 |   2.44e+05 |   4.53e+02 |   1.97e+04 |   2.47e+03 |   2.36e+04 |   8.93e+04 |   -6.45e+03 |   7.31e-04 |       131.86 |    76.48 |  1919m 14s | Model saved (best)  
   12450 |   2.36e+05 |   4.47e+02 |   1.99e+04 |   2.65e+03 |   2.36e+04 |   8.69e+04 |   -6.45e+03 |   6.94e-04 |       131.86 |    85.38 |  1920m 26s | Model saved         
   12500 |   2.41e+05 |   4.46e+02 |   1.96e+04 |   2.46e+03 |   2.35e+04 |   8.91e+04 |   -6.45e+03 |   6.94e-04 |       131.86 |    73.45 |  1920m 14s | Model saved (best)  
   12550 |   2.34e+05 |   4.40e+02 |   1.98e+04 |   2.64e+03 |   2.35e+04 |   8.68e+04 |   -6.45e+03 |   6.94e-04 |       131.86 |    83.91 |  1921m 14s | Model saved         
   12600 |   2.39e+05 |   4.39e+02 |   1.95e+04 |   2.46e+03 |   2.35e+04 |   8.90e+04 |   -6.45e+03 |   6.94e-04 |       131.86 |    76.64 |  1921m 22s | Model saved (best)  
   12650 |   2.31e+05 |   4.32e+02 |   1.97e+04 |   2.63e+03 |   2.34e+04 |   8.67e+04 |   -6.46e+03 |   6.60e-04 |       131.86 |    84.14 |  1922m 22s | Model saved         
   12700 |   2.36e+05 |   4.31e+02 |   1.94e+04 |   2.46e+03 |   2.34e+04 |   8.89e+04 |   -6.45e+03 |   6.60e-04 |       131.86 |    76.69 |  1922m 29s | Model saved (best)  
   12750 |   2.29e+05 |   4.25e+02 |   1.96e+04 |   2.63e+03 |   2.34e+04 |   8.66e+04 |   -6.46e+03 |   6.60e-04 |       131.86 |    83.82 |  1923m 25s | Model saved         
   12800 |   2.34e+05 |   4.24e+02 |   1.94e+04 |   2.46e+03 |   2.33e+04 |   8.88e+04 |   -6.45e+03 |   6.60e-04 |       131.86 |    76.64 |  1923m 30s | Model saved (best)  
   12850 |   2.27e+05 |   4.18e+02 |   1.95e+04 |   2.62e+03 |   2.33e+04 |   8.65e+04 |   -6.46e+03 |   6.27e-04 |       131.86 |    84.23 |  1924m 27s | Model saved         
   12900 |   2.31e+05 |   4.17e+02 |   1.93e+04 |   2.46e+03 |   2.32e+04 |   8.87e+04 |   -6.45e+03 |   6.27e-04 |       131.86 |    76.98 |  1924m 33s | Model saved (best)  
   12950 |   2.24e+05 |   4.11e+02 |   1.94e+04 |   2.61e+03 |   2.32e+04 |   8.64e+04 |   -6.46e+03 |   6.27e-04 |       131.86 |    83.80 |  1925m 24s | Model saved         
   13000 |   2.29e+05 |   4.10e+02 |   1.92e+04 |   2.46e+03 |   2.31e+04 |   8.86e+04 |   -6.45e+03 |   6.27e-04 |       131.86 |    76.99 |  1925m 29s | Model saved (best)  
   13050 |   2.22e+05 |   4.05e+02 |   1.93e+04 |   2.60e+03 |   2.31e+04 |   8.64e+04 |   -6.46e+03 |   5.95e-04 |       131.86 |    86.05 |  1926m 34s | Model saved         
   13100 |   2.27e+05 |   4.03e+02 |   1.91e+04 |   2.45e+03 |   2.30e+04 |   8.85e+04 |   -6.45e+03 |   5.95e-04 |       131.86 |    76.75 |  1926m 35s | Model saved (best)  
   13150 |   2.20e+05 |   3.98e+02 |   1.92e+04 |   2.60e+03 |   2.30e+04 |   8.63e+04 |   -6.46e+03 |   5.95e-04 |       131.86 |    83.57 |  1927m 22s | Model saved         
   13200 |   2.24e+05 |   3.97e+02 |   1.90e+04 |   2.46e+03 |   2.29e+04 |   8.83e+04 |   -6.45e+03 |   5.95e-04 |       131.86 |    77.14 |  1927m 25s | Model saved (best)  
   13250 |   2.18e+05 |   3.91e+02 |   1.91e+04 |   2.59e+03 |   2.29e+04 |   8.63e+04 |   -6.46e+03 |   5.66e-04 |       131.86 |    84.14 |  1928m 13s | Model saved         
   13300 |   2.22e+05 |   3.90e+02 |   1.89e+04 |   2.45e+03 |   2.28e+04 |   8.82e+04 |   -6.46e+03 |   5.66e-04 |       131.86 |    76.71 |  1928m 11s | Model saved (best)  
   13350 |   2.16e+05 |   3.85e+02 |   1.90e+04 |   2.58e+03 |   2.28e+04 |   8.62e+04 |   -6.46e+03 |   5.66e-04 |       131.86 |    84.11 |  1928m 57s | Model saved         
   13400 |   2.20e+05 |   3.83e+02 |   1.88e+04 |   2.46e+03 |   2.27e+04 |   8.81e+04 |   -6.46e+03 |   5.66e-04 |       131.86 |    76.75 |  1928m 55s | Model saved (best)  
   13450 |   2.13e+05 |   3.78e+02 |   1.89e+04 |   2.58e+03 |   2.27e+04 |   8.61e+04 |   -6.46e+03 |   5.37e-04 |       131.86 |    84.27 |  1929m 41s | Model saved         
   13500 |   2.18e+05 |   3.77e+02 |   1.87e+04 |   2.45e+03 |   2.26e+04 |   8.80e+04 |   -6.46e+03 |   5.37e-04 |       131.86 |    76.63 |  1929m 36s | Model saved (best)  
   13550 |   2.11e+05 |   3.72e+02 |   1.88e+04 |   2.57e+03 |   2.26e+04 |   8.60e+04 |   -6.46e+03 |   5.37e-04 |       131.86 |    85.22 |  1930m 26s | Model saved         
   13600 |   2.15e+05 |   3.71e+02 |   1.86e+04 |   2.46e+03 |   2.25e+04 |   8.79e+04 |   -6.46e+03 |   5.37e-04 |       131.86 |    76.83 |  1930m 21s | Model saved (best)  
   13650 |   2.09e+05 |   3.66e+02 |   1.87e+04 |   2.57e+03 |   2.25e+04 |   8.60e+04 |   -6.46e+03 |   5.10e-04 |       131.86 |    84.09 |  1931m 02s | Model saved         
   13700 |   2.13e+05 |   3.64e+02 |   1.85e+04 |   2.45e+03 |   2.24e+04 |   8.78e+04 |   -6.46e+03 |   5.10e-04 |       131.86 |    77.01 |  1930m 58s | Model saved (best)  
   13750 |   2.07e+05 |   3.60e+02 |   1.86e+04 |   2.56e+03 |   2.24e+04 |   8.59e+04 |   -6.46e+03 |   5.10e-04 |       131.86 |    85.19 |  1931m 44s | Model saved         
   13800 |   2.11e+05 |   3.58e+02 |   1.84e+04 |   2.46e+03 |   2.23e+04 |   8.77e+04 |   -6.46e+03 |   5.10e-04 |       131.86 |    77.54 |  1931m 41s | Model saved (best)  
   13850 |   2.05e+05 |   3.54e+02 |   1.85e+04 |   2.55e+03 |   2.23e+04 |   8.58e+04 |   -6.46e+03 |   4.85e-04 |       131.86 |    84.08 |  1932m 19s | Model saved         
   13900 |   2.09e+05 |   3.53e+02 |   1.83e+04 |   2.46e+03 |   2.22e+04 |   8.76e+04 |   -6.46e+03 |   4.85e-04 |       131.86 |    77.51 |  1932m 15s | Model saved (best)  
   13950 |   2.03e+05 |   3.48e+02 |   1.84e+04 |   2.55e+03 |   2.23e+04 |   8.58e+04 |   -6.46e+03 |   4.85e-04 |       131.86 |    86.90 |  1933m 09s | Model saved         
   14000 |   2.07e+05 |   3.47e+02 |   1.82e+04 |   2.46e+03 |   2.21e+04 |   8.74e+04 |   -6.46e+03 |   4.85e-04 |       131.86 |    76.14 |  1932m 55s | Model saved (best)  
   14050 |   2.01e+05 |   3.42e+02 |   1.83e+04 |   2.54e+03 |   2.22e+04 |   8.57e+04 |   -6.46e+03 |   4.61e-04 |       131.86 |    86.60 |  1933m 45s | Model saved         
   14100 |   2.05e+05 |   3.41e+02 |   1.81e+04 |   2.46e+03 |   2.20e+04 |   8.73e+04 |   -6.46e+03 |   4.61e-04 |       131.86 |    76.79 |  1933m 34s | Model saved (best)  
   14150 |   1.99e+05 |   3.37e+02 |   1.82e+04 |   2.54e+03 |   2.21e+04 |   8.56e+04 |   -6.47e+03 |   4.61e-04 |       131.86 |    83.63 |  1934m 04s | Model saved         
   14200 |   2.03e+05 |   3.36e+02 |   1.80e+04 |   2.46e+03 |   2.19e+04 |   8.71e+04 |   -6.46e+03 |   4.61e-04 |       131.86 |    76.75 |  1933m 52s | Model saved (best)  
   14250 |   1.97e+05 |   3.31e+02 |   1.81e+04 |   2.53e+03 |   2.20e+04 |   8.55e+04 |   -6.47e+03 |   4.38e-04 |       131.86 |    84.43 |  1934m 25s | Model saved         
   14300 |   2.00e+05 |   3.31e+02 |   1.79e+04 |   2.46e+03 |   2.18e+04 |   8.69e+04 |   -6.46e+03 |   4.38e-04 |       131.86 |    77.05 |  1934m 14s | Model saved (best)  
   14350 |   1.95e+05 |   3.26e+02 |   1.80e+04 |   2.52e+03 |   2.19e+04 |   8.53e+04 |   -6.47e+03 |   4.38e-04 |       131.86 |    81.70 |  1934m 30s | Model saved         
   14400 |   1.98e+05 |   3.26e+02 |   1.78e+04 |   2.46e+03 |   2.17e+04 |   8.67e+04 |   -6.46e+03 |   4.38e-04 |       131.86 |    72.95 |  1933m 53s | Model saved (best)  
   14450 |   1.93e+05 |   3.21e+02 |   1.79e+04 |   2.51e+03 |   2.18e+04 |   8.52e+04 |   -6.47e+03 |   4.16e-04 |       131.86 |    84.31 |  1934m 23s | Model saved         
   14500 |   1.96e+05 |   3.20e+02 |   1.77e+04 |   2.46e+03 |   2.16e+04 |   8.66e+04 |   -6.46e+03 |   4.16e-04 |       131.86 |    76.45 |  1934m 06s | Model saved (best)  
   14550 |   1.91e+05 |   3.16e+02 |   1.78e+04 |   2.51e+03 |   2.17e+04 |   8.51e+04 |   -6.47e+03 |   4.16e-04 |       131.86 |    84.54 |  1934m 36s | Model saved         
   14600 |   1.94e+05 |   3.14e+02 |   1.76e+04 |   2.46e+03 |   2.16e+04 |   8.65e+04 |   -6.46e+03 |   4.16e-04 |       131.86 |    76.43 |  1934m 18s | Model saved (best)  
   14650 |   1.89e+05 |   3.10e+02 |   1.77e+04 |   2.51e+03 |   2.16e+04 |   8.51e+04 |   -6.47e+03 |   3.95e-04 |       131.86 |    84.77 |  1934m 48s | Model saved         
   14700 |   1.93e+05 |   3.08e+02 |   1.75e+04 |   2.46e+03 |   2.15e+04 |   8.65e+04 |   -6.46e+03 |   3.95e-04 |       131.86 |    76.76 |  1934m 31s | Model saved (best)  
   14750 |   1.88e+05 |   3.04e+02 |   1.76e+04 |   2.51e+03 |   2.15e+04 |   8.50e+04 |   -6.47e+03 |   3.95e-04 |       131.86 |    83.85 |  1934m 54s | Model saved         
   14800 |   1.91e+05 |   3.02e+02 |   1.75e+04 |   2.46e+03 |   2.14e+04 |   8.64e+04 |   -6.46e+03 |   3.95e-04 |       131.86 |    77.00 |  1934m 37s | Model saved (best)  
   14850 |   1.87e+05 |   2.99e+02 |   1.76e+04 |   2.51e+03 |   2.14e+04 |   8.50e+04 |   -6.47e+03 |   3.75e-04 |       131.86 |    83.63 |  1934m 58s | Model saved         
   14900 |   1.90e+05 |   2.96e+02 |   1.74e+04 |   2.46e+03 |   2.13e+04 |   8.64e+04 |   -6.47e+03 |   3.75e-04 |       131.86 |    76.33 |  1934m 37s | Model saved (best)  
   14950 |   1.85e+05 |   2.94e+02 |   1.75e+04 |   2.50e+03 |   2.14e+04 |   8.50e+04 |   -6.47e+03 |   3.75e-04 |       131.86 |    83.40 |  1934m 55s | Model saved         
   15000 |   1.89e+05 |   2.91e+02 |   1.73e+04 |   2.46e+03 |   2.13e+04 |   8.63e+04 |   -6.47e+03 |   3.75e-04 |       131.86 |    75.32 |  1934m 27s | Model saved (best)  
   15050 |   1.84e+05 |   2.89e+02 |   1.74e+04 |   2.50e+03 |   2.13e+04 |   8.49e+04 |   -6.47e+03 |   3.56e-04 |       131.86 |    81.59 |  1934m 34s | Model saved         
   15100 |   1.88e+05 |   2.86e+02 |   1.73e+04 |   2.46e+03 |   2.12e+04 |   8.62e+04 |   -6.47e+03 |   3.56e-04 |       131.86 |    71.11 |  1933m 41s | Model saved (best)  
   15150 |   1.83e+05 |   2.84e+02 |   1.74e+04 |   2.49e+03 |   2.12e+04 |   8.49e+04 |   -6.47e+03 |   3.56e-04 |       131.86 |    77.47 |  1933m 24s | Model saved         
   15200 |   1.86e+05 |   2.82e+02 |   1.72e+04 |   2.46e+03 |   2.12e+04 |   8.61e+04 |   -6.47e+03 |   3.56e-04 |       131.86 |    70.43 |  1932m 27s | Model saved (best)  
   15250 |   1.82e+05 |   2.79e+02 |   1.73e+04 |   2.49e+03 |   2.12e+04 |   8.48e+04 |   -6.47e+03 |   3.39e-04 |       131.86 |    77.95 |  1932m 12s | Model saved         
   15300 |   1.85e+05 |   2.77e+02 |   1.72e+04 |   2.46e+03 |   2.11e+04 |   8.61e+04 |   -6.47e+03 |   3.39e-04 |       131.86 |    70.58 |  1931m 16s | Model saved (best)  
   15350 |   1.81e+05 |   2.75e+02 |   1.73e+04 |   2.49e+03 |   2.11e+04 |   8.47e+04 |   -6.47e+03 |   3.39e-04 |       131.86 |    77.28 |  1930m 56s | Model saved         
   15400 |   1.84e+05 |   2.73e+02 |   1.71e+04 |   2.46e+03 |   2.11e+04 |   8.60e+04 |   -6.47e+03 |   3.39e-04 |       131.86 |    70.19 |  1929m 58s | Model saved (best)  
   15450 |   1.80e+05 |   2.71e+02 |   1.72e+04 |   2.48e+03 |   2.11e+04 |   8.47e+04 |   -6.47e+03 |   3.22e-04 |       131.86 |    76.79 |  1929m 35s | Model saved         
   15500 |   1.83e+05 |   2.69e+02 |   1.71e+04 |   2.46e+03 |   2.10e+04 |   8.59e+04 |   -6.47e+03 |   3.22e-04 |       131.86 |    70.95 |  1928m 40s | Model saved (best)  
   15550 |   1.79e+05 |   2.67e+02 |   1.72e+04 |   2.48e+03 |   2.11e+04 |   8.46e+04 |   -6.47e+03 |   3.22e-04 |       131.86 |    77.13 |  1928m 18s | Model saved         
   15600 |   1.82e+05 |   2.64e+02 |   1.70e+04 |   2.46e+03 |   2.10e+04 |   8.58e+04 |   -6.47e+03 |   3.22e-04 |       131.86 |    69.83 |  1927m 17s | Model saved (best)  
   15650 |   1.78e+05 |   2.63e+02 |   1.71e+04 |   2.48e+03 |   2.10e+04 |   8.45e+04 |   -6.47e+03 |   3.06e-04 |       131.86 |    77.09 |  1926m 55s | Model saved         
   15700 |   1.81e+05 |   2.60e+02 |   1.70e+04 |   2.46e+03 |   2.09e+04 |   8.56e+04 |   -6.47e+03 |   3.06e-04 |       131.86 |    69.89 |  1925m 54s | Model saved (best)  
   15750 |   1.77e+05 |   2.59e+02 |   1.71e+04 |   2.47e+03 |   2.10e+04 |   8.44e+04 |   -6.47e+03 |   3.06e-04 |       131.86 |    77.23 |  1925m 32s | Model saved         
   15800 |   1.80e+05 |   2.57e+02 |   1.70e+04 |   2.46e+03 |   2.09e+04 |   8.55e+04 |   -6.47e+03 |   3.06e-04 |       131.86 |    69.99 |  1924m 31s | Model saved (best)  
   15850 |   1.76e+05 |   2.55e+02 |   1.71e+04 |   2.47e+03 |   2.10e+04 |   8.43e+04 |   -6.47e+03 |   2.90e-04 |       131.86 |    77.53 |  1924m 10s | Model saved         
   15900 |   1.79e+05 |   2.53e+02 |   1.69e+04 |   2.46e+03 |   2.09e+04 |   8.53e+04 |   -6.47e+03 |   2.90e-04 |       131.86 |    69.98 |  1923m 08s | Model saved (best)  
   15950 |   1.75e+05 |   2.52e+02 |   1.70e+04 |   2.47e+03 |   2.09e+04 |   8.42e+04 |   -6.47e+03 |   2.90e-04 |       131.86 |    77.06 |  1922m 44s | Model saved         
   16000 |   1.78e+05 |   2.49e+02 |   1.69e+04 |   2.46e+03 |   2.08e+04 |   8.52e+04 |   -6.47e+03 |   2.90e-04 |       131.86 |    69.90 |  1921m 42s | Model saved (best)  
   16050 |   1.74e+05 |   2.48e+02 |   1.70e+04 |   2.47e+03 |   2.09e+04 |   8.40e+04 |   -6.47e+03 |   2.76e-04 |       131.86 |    79.37 |  1921m 30s | Model saved         
   16100 |   1.77e+05 |   2.46e+02 |   1.69e+04 |   2.46e+03 |   2.08e+04 |   8.50e+04 |   -6.47e+03 |   2.76e-04 |       131.86 |    70.45 |  1920m 31s | Model saved (best)  
   16150 |   1.73e+05 |   2.44e+02 |   1.69e+04 |   2.47e+03 |   2.08e+04 |   8.39e+04 |   -6.48e+03 |   2.76e-04 |       131.86 |    76.87 |  1920m 04s | Model saved         
   16200 |   1.76e+05 |   2.42e+02 |   1.68e+04 |   2.46e+03 |   2.07e+04 |   8.48e+04 |   -6.47e+03 |   2.76e-04 |       131.86 |    70.49 |  1919m 05s | Model saved (best)  
   16250 |   1.72e+05 |   2.41e+02 |   1.69e+04 |   2.47e+03 |   2.08e+04 |   8.37e+04 |   -6.48e+03 |   2.62e-04 |       131.86 |    77.20 |  1918m 40s | Model saved         
   16300 |   1.75e+05 |   2.39e+02 |   1.68e+04 |   2.46e+03 |   2.07e+04 |   8.46e+04 |   -6.47e+03 |   2.62e-04 |       131.86 |    70.63 |  1917m 41s | Model saved (best)  
   16350 |   1.72e+05 |   2.38e+02 |   1.68e+04 |   2.46e+03 |   2.07e+04 |   8.35e+04 |   -6.48e+03 |   2.62e-04 |       131.86 |    76.82 |  1917m 14s | Model saved         
   16400 |   1.74e+05 |   2.36e+02 |   1.67e+04 |   2.46e+03 |   2.06e+04 |   8.43e+04 |   -6.47e+03 |   2.62e-04 |       131.86 |    70.44 |  1916m 14s | Model saved (best)  
   16450 |   1.71e+05 |   2.35e+02 |   1.68e+04 |   2.46e+03 |   2.07e+04 |   8.33e+04 |   -6.48e+03 |   2.49e-04 |       131.86 |    77.15 |  1915m 48s | Model saved         
   16500 |   1.73e+05 |   2.33e+02 |   1.67e+04 |   2.46e+03 |   2.06e+04 |   8.41e+04 |   -6.47e+03 |   2.49e-04 |       131.86 |    70.18 |  1914m 46s | Model saved (best)  
   16550 |   1.70e+05 |   2.32e+02 |   1.67e+04 |   2.46e+03 |   2.06e+04 |   8.31e+04 |   -6.48e+03 |   2.49e-04 |       131.86 |    77.50 |  1914m 21s | Model saved         
   16600 |   1.72e+05 |   2.30e+02 |   1.66e+04 |   2.46e+03 |   2.06e+04 |   8.39e+04 |   -6.47e+03 |   2.49e-04 |       131.86 |    70.52 |  1913m 21s | Model saved (best)  
   16650 |   1.69e+05 |   2.29e+02 |   1.67e+04 |   2.46e+03 |   2.06e+04 |   8.29e+04 |   -6.48e+03 |   2.36e-04 |       131.86 |    77.42 |  1912m 55s | Model saved         
   16700 |   1.71e+05 |   2.27e+02 |   1.66e+04 |   2.46e+03 |   2.05e+04 |   8.36e+04 |   -6.47e+03 |   2.36e-04 |       131.86 |    70.13 |  1911m 52s | Model saved (best)  
   16750 |   1.68e+05 |   2.26e+02 |   1.66e+04 |   2.46e+03 |   2.05e+04 |   8.27e+04 |   -6.48e+03 |   2.36e-04 |       131.86 |    77.32 |  1911m 25s | Model saved         
   16800 |   1.70e+05 |   2.25e+02 |   1.65e+04 |   2.46e+03 |   2.05e+04 |   8.34e+04 |   -6.47e+03 |   2.36e-04 |       131.86 |    70.71 |  1910m 26s | Model saved (best)  
   16850 |   1.68e+05 |   2.24e+02 |   1.66e+04 |   2.46e+03 |   2.05e+04 |   8.25e+04 |   -6.48e+03 |   2.25e-04 |       131.86 |    77.11 |  1909m 57s | Model saved         
   16900 |   1.69e+05 |   2.22e+02 |   1.65e+04 |   2.45e+03 |   2.04e+04 |   8.32e+04 |   -6.47e+03 |   2.25e-04 |       131.86 |    70.77 |  1908m 58s | Model saved (best)  
   16950 |   1.67e+05 |   2.21e+02 |   1.65e+04 |   2.45e+03 |   2.05e+04 |   8.22e+04 |   -6.48e+03 |   2.25e-04 |       131.86 |    76.60 |  1908m 26s | Model saved         
   17000 |   1.69e+05 |   2.20e+02 |   1.64e+04 |   2.45e+03 |   2.04e+04 |   8.29e+04 |   -6.47e+03 |   2.25e-04 |       131.86 |    70.93 |  1907m 27s | Model saved (best)  
   17050 |   1.66e+05 |   2.18e+02 |   1.65e+04 |   2.45e+03 |   2.04e+04 |   8.20e+04 |   -6.48e+03 |   2.13e-04 |       131.86 |    80.17 |  1907m 13s | Model saved         
   17100 |   1.68e+05 |   2.17e+02 |   1.64e+04 |   2.45e+03 |   2.03e+04 |   8.27e+04 |   -6.47e+03 |   2.13e-04 |       131.86 |    70.72 |  1906m 12s | Model saved (best)  
   17150 |   1.65e+05 |   2.16e+02 |   1.64e+04 |   2.45e+03 |   2.04e+04 |   8.18e+04 |   -6.48e+03 |   2.13e-04 |       131.86 |    77.74 |  1905m 46s | Model saved         
   17200 |   1.67e+05 |   2.15e+02 |   1.64e+04 |   2.45e+03 |   2.03e+04 |   8.25e+04 |   -6.47e+03 |   2.13e-04 |       131.86 |    70.03 |  1904m 42s | Model saved (best)  
   17250 |   1.65e+05 |   2.14e+02 |   1.64e+04 |   2.45e+03 |   2.03e+04 |   8.16e+04 |   -6.48e+03 |   2.03e-04 |       131.86 |    77.49 |  1904m 13s | Model saved         
   17300 |   1.66e+05 |   2.13e+02 |   1.63e+04 |   2.45e+03 |   2.03e+04 |   8.22e+04 |   -6.47e+03 |   2.03e-04 |       131.86 |    70.46 |  1903m 11s | Model saved (best)  
   17350 |   1.64e+05 |   2.12e+02 |   1.64e+04 |   2.45e+03 |   2.03e+04 |   8.14e+04 |   -6.48e+03 |   2.03e-04 |       131.86 |    79.30 |  1902m 51s | Model saved         
   17400 |   1.66e+05 |   2.10e+02 |   1.63e+04 |   2.45e+03 |   2.02e+04 |   8.20e+04 |   -6.47e+03 |   2.03e-04 |       131.86 |    70.39 |  1901m 48s | Model saved (best)  
   17450 |   1.64e+05 |   2.09e+02 |   1.63e+04 |   2.45e+03 |   2.03e+04 |   8.11e+04 |   -6.48e+03 |   1.93e-04 |       131.86 |    77.68 |  1901m 20s | Model saved         
   17500 |   1.65e+05 |   2.08e+02 |   1.63e+04 |   2.45e+03 |   2.02e+04 |   8.17e+04 |   -6.47e+03 |   1.93e-04 |       131.86 |    70.36 |  1900m 17s | Model saved (best)  
   17550 |   1.63e+05 |   2.07e+02 |   1.63e+04 |   2.45e+03 |   2.03e+04 |   8.09e+04 |   -6.48e+03 |   1.93e-04 |       131.86 |    77.51 |  1899m 47s | Model saved         
   17600 |   1.64e+05 |   2.06e+02 |   1.62e+04 |   2.45e+03 |   2.02e+04 |   8.15e+04 |   -6.47e+03 |   1.93e-04 |       131.86 |    70.29 |  1898m 43s | Model saved (best)  
   17650 |   1.63e+05 |   2.05e+02 |   1.63e+04 |   2.45e+03 |   2.02e+04 |   8.07e+04 |   -6.48e+03 |   1.83e-04 |       131.86 |    78.09 |  1898m 16s | Model saved         
   17700 |   1.64e+05 |   2.04e+02 |   1.62e+04 |   2.44e+03 |   2.02e+04 |   8.13e+04 |   -6.48e+03 |   1.83e-04 |       131.86 |    70.49 |  1897m 13s | Model saved (best)  
   17750 |   1.62e+05 |   2.03e+02 |   1.63e+04 |   2.45e+03 |   2.02e+04 |   8.04e+04 |   -6.48e+03 |   1.83e-04 |       131.86 |    77.63 |  1896m 43s | Model saved         
   17800 |   1.63e+05 |   2.02e+02 |   1.62e+04 |   2.45e+03 |   2.01e+04 |   8.10e+04 |   -6.48e+03 |   1.83e-04 |       131.86 |    71.09 |  1895m 43s | Model saved (best)  
   17850 |   1.62e+05 |   2.01e+02 |   1.62e+04 |   2.45e+03 |   2.02e+04 |   8.02e+04 |   -6.48e+03 |   1.74e-04 |       131.86 |    77.53 |  1895m 12s | Model saved         
   17900 |   1.62e+05 |   2.01e+02 |   1.62e+04 |   2.44e+03 |   2.01e+04 |   8.08e+04 |   -6.48e+03 |   1.74e-04 |       131.86 |    70.27 |  1894m 08s | Model saved (best)  
   17950 |   1.61e+05 |   2.00e+02 |   1.62e+04 |   2.44e+03 |   2.02e+04 |   8.00e+04 |   -6.48e+03 |   1.74e-04 |       131.86 |    77.17 |  1893m 35s | Model saved         
   18000 |   1.62e+05 |   1.99e+02 |   1.61e+04 |   2.44e+03 |   2.01e+04 |   8.05e+04 |   -6.48e+03 |   1.74e-04 |       131.86 |    70.96 |  1892m 33s | Model saved (best)  
   18050 |   1.61e+05 |   1.98e+02 |   1.62e+04 |   2.44e+03 |   2.01e+04 |   7.98e+04 |   -6.48e+03 |   1.65e-04 |       131.86 |    79.89 |  1892m 13s | Model saved         
   18100 |   1.61e+05 |   1.97e+02 |   1.61e+04 |   2.44e+03 |   2.01e+04 |   8.03e+04 |   -6.48e+03 |   1.65e-04 |       131.86 |    70.94 |  1891m 11s | Model saved (best)  
   18150 |   1.60e+05 |   1.96e+02 |   1.62e+04 |   2.44e+03 |   2.01e+04 |   7.96e+04 |   -6.48e+03 |   1.65e-04 |       131.86 |    76.59 |  1890m 35s | Model saved         
   18200 |   1.61e+05 |   1.95e+02 |   1.61e+04 |   2.44e+03 |   2.01e+04 |   8.01e+04 |   -6.48e+03 |   1.65e-04 |       131.86 |    70.76 |  1889m 32s | Model saved (best)  
   18250 |   1.60e+05 |   1.95e+02 |   1.62e+04 |   2.44e+03 |   2.01e+04 |   7.94e+04 |   -6.48e+03 |   1.57e-04 |       131.86 |    77.28 |  1888m 58s | Model saved         
   18300 |   1.60e+05 |   1.94e+02 |   1.61e+04 |   2.44e+03 |   2.01e+04 |   7.98e+04 |   -6.48e+03 |   1.57e-04 |       131.86 |    70.69 |  1887m 55s | Model saved (best)  
   18350 |   1.59e+05 |   1.93e+02 |   1.61e+04 |   2.44e+03 |   2.01e+04 |   7.91e+04 |   -6.48e+03 |   1.57e-04 |       131.86 |    77.49 |  1887m 22s | Model saved         
   18400 |   1.60e+05 |   1.92e+02 |   1.61e+04 |   2.44e+03 |   2.00e+04 |   7.96e+04 |   -6.48e+03 |   1.57e-04 |       131.86 |    70.42 |  1886m 18s | Model saved (best)  
   18450 |   1.59e+05 |   1.92e+02 |   1.61e+04 |   2.44e+03 |   2.01e+04 |   7.89e+04 |   -6.48e+03 |   1.49e-04 |       131.86 |    77.49 |  1885m 44s | Model saved         
   18500 |   1.59e+05 |   1.91e+02 |   1.61e+04 |   2.43e+03 |   2.00e+04 |   7.94e+04 |   -6.48e+03 |   1.49e-04 |       131.86 |    70.44 |  1884m 40s | Model saved (best)  
   18550 |   1.58e+05 |   1.90e+02 |   1.61e+04 |   2.44e+03 |   2.01e+04 |   7.87e+04 |   -6.48e+03 |   1.49e-04 |       131.86 |    77.89 |  1884m 08s | Model saved         
   18600 |   1.59e+05 |   1.90e+02 |   1.61e+04 |   2.43e+03 |   2.00e+04 |   7.91e+04 |   -6.48e+03 |   1.49e-04 |       131.86 |    70.59 |  1883m 03s | Model saved (best)  
   18650 |   1.58e+05 |   1.89e+02 |   1.61e+04 |   2.44e+03 |   2.01e+04 |   7.85e+04 |   -6.48e+03 |   1.42e-04 |       131.86 |    77.62 |  1882m 30s | Model saved         
   18700 |   1.58e+05 |   1.88e+02 |   1.61e+04 |   2.43e+03 |   2.00e+04 |   7.89e+04 |   -6.48e+03 |   1.42e-04 |       131.86 |    70.26 |  1881m 24s | Model saved (best)  
   18750 |   1.58e+05 |   1.88e+02 |   1.61e+04 |   2.44e+03 |   2.01e+04 |   7.82e+04 |   -6.48e+03 |   1.42e-04 |       131.86 |    77.42 |  1880m 49s | Model saved         
   18800 |   1.58e+05 |   1.87e+02 |   1.61e+04 |   2.43e+03 |   2.00e+04 |   7.87e+04 |   -6.48e+03 |   1.42e-04 |       131.86 |    69.82 |  1879m 42s | Model saved         
   18850 |   1.57e+05 |   1.87e+02 |   1.61e+04 |   2.44e+03 |   2.01e+04 |   7.80e+04 |   -6.48e+03 |   1.35e-04 |       131.86 |    77.46 |  1879m 07s | Model saved         
   18900 |   1.58e+05 |   1.86e+02 |   1.61e+04 |   2.43e+03 |   2.01e+04 |   7.84e+04 |   -6.48e+03 |   1.35e-04 |       131.86 |    70.67 |  1878m 02s | Model saved         
   18950 |   1.57e+05 |   1.86e+02 |   1.61e+04 |   2.44e+03 |   2.01e+04 |   7.78e+04 |   -6.48e+03 |   1.35e-04 |       131.86 |    77.26 |  1877m 26s | Model saved         
   19000 |   1.57e+05 |   1.85e+02 |   1.61e+04 |   2.43e+03 |   2.01e+04 |   7.82e+04 |   -6.48e+03 |   1.35e-04 |       131.86 |    70.22 |  1876m 20s | Model saved         
   19050 |   1.57e+05 |   1.85e+02 |   1.61e+04 |   2.44e+03 |   2.01e+04 |   7.75e+04 |   -6.48e+03 |   1.28e-04 |       131.86 |    80.74 |  1875m 58s | Model saved         
   19100 |   1.57e+05 |   1.84e+02 |   1.61e+04 |   2.42e+03 |   2.01e+04 |   7.79e+04 |   -6.48e+03 |   1.28e-04 |       131.86 |    70.64 |  1874m 53s | Model saved         
   19150 |   1.57e+05 |   1.84e+02 |   1.61e+04 |   2.44e+03 |   2.01e+04 |   7.73e+04 |   -6.48e+03 |   1.28e-04 |       131.86 |    77.42 |  1874m 17s | Model saved         
   19200 |   1.57e+05 |   1.83e+02 |   1.61e+04 |   2.42e+03 |   2.01e+04 |   7.77e+04 |   -6.48e+03 |   1.28e-04 |       131.86 |    70.17 |  1873m 10s | Model saved         
   19250 |   1.56e+05 |   1.83e+02 |   1.61e+04 |   2.44e+03 |   2.01e+04 |   7.70e+04 |   -6.48e+03 |   1.21e-04 |       131.86 |    77.53 |  1872m 34s | Model saved         
   19300 |   1.56e+05 |   1.82e+02 |   1.61e+04 |   2.42e+03 |   2.01e+04 |   7.74e+04 |   -6.48e+03 |   1.21e-04 |       131.86 |    70.91 |  1871m 30s | Model saved         
   19350 |   1.56e+05 |   1.81e+02 |   1.61e+04 |   2.44e+03 |   2.01e+04 |   7.68e+04 |   -6.48e+03 |   1.21e-04 |       131.86 |    77.64 |  1870m 54s | Model saved         
   19400 |   1.56e+05 |   1.81e+02 |   1.61e+04 |   2.42e+03 |   2.01e+04 |   7.72e+04 |   -6.48e+03 |   1.21e-04 |       131.86 |    70.66 |  1869m 49s | Model saved         
   19450 |   1.55e+05 |   1.80e+02 |   1.61e+04 |   2.44e+03 |   2.01e+04 |   7.65e+04 |   -6.48e+03 |   1.15e-04 |       131.86 |    77.50 |  1869m 12s | Model saved         
   19500 |   1.55e+05 |   1.80e+02 |   1.60e+04 |   2.42e+03 |   2.00e+04 |   7.69e+04 |   -6.48e+03 |   1.15e-04 |       131.86 |    71.44 |  1868m 10s | Model saved (best)  
   19550 |   1.55e+05 |   1.79e+02 |   1.61e+04 |   2.44e+03 |   2.00e+04 |   7.63e+04 |   -6.48e+03 |   1.15e-04 |       131.86 |    77.64 |  1867m 33s | Model saved         
   19600 |   1.55e+05 |   1.78e+02 |   1.60e+04 |   2.42e+03 |   2.00e+04 |   7.67e+04 |   -6.48e+03 |   1.15e-04 |       131.86 |    70.73 |  1866m 28s | Model saved (best)  
   19650 |   1.54e+05 |   1.77e+02 |   1.61e+04 |   2.44e+03 |   2.00e+04 |   7.60e+04 |   -6.48e+03 |   1.10e-04 |       131.86 |    78.51 |  1865m 55s | Model saved         
   19700 |   1.54e+05 |   1.77e+02 |   1.60e+04 |   2.41e+03 |   2.00e+04 |   7.64e+04 |   -6.48e+03 |   1.10e-04 |       131.86 |    70.55 |  1864m 49s | Model saved (best)  
   19750 |   1.54e+05 |   1.76e+02 |   1.60e+04 |   2.43e+03 |   2.00e+04 |   7.57e+04 |   -6.48e+03 |   1.10e-04 |       131.86 |    78.01 |  1864m 13s | Model saved         
   19800 |   1.54e+05 |   1.75e+02 |   1.60e+04 |   2.41e+03 |   2.00e+04 |   7.61e+04 |   -6.48e+03 |   1.10e-04 |       131.86 |    71.08 |  1863m 09s | Model saved (best)  
   19850 |   1.54e+05 |   1.75e+02 |   1.60e+04 |   2.43e+03 |   2.00e+04 |   7.55e+04 |   -6.48e+03 |   1.04e-04 |       131.86 |    78.45 |  1862m 35s | Model saved         
   19900 |   1.53e+05 |   1.74e+02 |   1.60e+04 |   2.41e+03 |   2.00e+04 |   7.59e+04 |   -6.48e+03 |   1.04e-04 |       131.86 |    70.64 |  1861m 29s | Model saved (best)  
   19950 |   1.53e+05 |   1.73e+02 |   1.60e+04 |   2.43e+03 |   2.00e+04 |   7.52e+04 |   -6.48e+03 |   1.04e-04 |       131.86 |    78.13 |  1860m 53s | Model saved         
   20000 |   1.53e+05 |   1.73e+02 |   1.60e+04 |   2.41e+03 |   2.00e+04 |   7.56e+04 |   -6.48e+03 |   1.04e-04 |       131.86 |    70.75 |  1859m 47s | Model saved (best)  
   20050 |   1.53e+05 |   1.72e+02 |   1.60e+04 |   2.43e+03 |   1.99e+04 |   7.50e+04 |   -6.48e+03 |   9.89e-05 |       131.86 |    81.39 |  1859m 24s | Model saved         
   20100 |   1.53e+05 |   1.71e+02 |   1.59e+04 |   2.41e+03 |   2.00e+04 |   7.53e+04 |   -6.48e+03 |   9.89e-05 |       131.86 |    70.75 |  1858m 18s | Model saved (best)  
   20150 |   1.52e+05 |   1.70e+02 |   1.60e+04 |   2.43e+03 |   1.99e+04 |   7.47e+04 |   -6.48e+03 |   9.89e-05 |       131.86 |    77.73 |  1857m 40s | Model saved         
   20200 |   1.52e+05 |   1.70e+02 |   1.59e+04 |   2.41e+03 |   1.99e+04 |   7.50e+04 |   -6.48e+03 |   9.89e-05 |       131.86 |    71.07 |  1856m 35s | Model saved (best)  
   20250 |   1.52e+05 |   1.69e+02 |   1.59e+04 |   2.43e+03 |   1.99e+04 |   7.44e+04 |   -6.48e+03 |   9.39e-05 |       131.86 |    77.58 |  1855m 56s | Model saved         
   20300 |   1.52e+05 |   1.69e+02 |   1.59e+04 |   2.41e+03 |   1.99e+04 |   7.47e+04 |   -6.48e+03 |   9.39e-05 |       131.86 |    70.96 |  1854m 50s | Model saved (best)  
   20350 |   1.52e+05 |   1.68e+02 |   1.59e+04 |   2.43e+03 |   1.99e+04 |   7.41e+04 |   -6.48e+03 |   9.39e-05 |       131.86 |    78.00 |  1854m 13s | Model saved         
   20400 |   1.51e+05 |   1.67e+02 |   1.59e+04 |   2.41e+03 |   1.99e+04 |   7.44e+04 |   -6.48e+03 |   9.39e-05 |       131.86 |    71.27 |  1853m 08s | Model saved (best)  
   20450 |   1.51e+05 |   1.67e+02 |   1.59e+04 |   2.43e+03 |   1.99e+04 |   7.39e+04 |   -6.48e+03 |   8.92e-05 |       131.86 |    77.98 |  1852m 30s | Model saved         
   20500 |   1.51e+05 |   1.66e+02 |   1.58e+04 |   2.40e+03 |   1.99e+04 |   7.42e+04 |   -6.48e+03 |   8.92e-05 |       131.86 |    71.08 |  1851m 25s | Model saved (best)  
   20550 |   1.51e+05 |   1.65e+02 |   1.59e+04 |   2.43e+03 |   1.98e+04 |   7.36e+04 |   -6.48e+03 |   8.92e-05 |       131.86 |    77.50 |  1850m 45s | Model saved         
   20600 |   1.50e+05 |   1.65e+02 |   1.58e+04 |   2.40e+03 |   1.98e+04 |   7.39e+04 |   -6.48e+03 |   8.92e-05 |       131.86 |    70.96 |  1849m 39s | Model saved (best)  
   20650 |   1.50e+05 |   1.64e+02 |   1.59e+04 |   2.43e+03 |   1.98e+04 |   7.34e+04 |   -6.48e+03 |   8.48e-05 |       131.86 |    77.22 |  1848m 57s | Model saved         
   20700 |   1.50e+05 |   1.64e+02 |   1.58e+04 |   2.40e+03 |   1.98e+04 |   7.37e+04 |   -6.48e+03 |   8.48e-05 |       131.86 |    70.91 |  1847m 51s | Model saved (best)  
   20750 |   1.50e+05 |   1.63e+02 |   1.58e+04 |   2.43e+03 |   1.98e+04 |   7.31e+04 |   -6.48e+03 |   8.48e-05 |       131.86 |    77.57 |  1847m 11s | Model saved         
   20800 |   1.50e+05 |   1.63e+02 |   1.58e+04 |   2.40e+03 |   1.98e+04 |   7.34e+04 |   -6.48e+03 |   8.48e-05 |       131.86 |    70.95 |  1846m 05s | Model saved (best)  
   20850 |   1.49e+05 |   1.62e+02 |   1.58e+04 |   2.43e+03 |   1.98e+04 |   7.29e+04 |   -6.48e+03 |   8.05e-05 |       131.86 |    77.54 |  1845m 24s | Model saved         
   20900 |   1.49e+05 |   1.61e+02 |   1.58e+04 |   2.40e+03 |   1.98e+04 |   7.32e+04 |   -6.48e+03 |   8.05e-05 |       131.86 |    71.55 |  1844m 20s | Model saved (best)  
   20950 |   1.49e+05 |   1.60e+02 |   1.58e+04 |   2.43e+03 |   1.98e+04 |   7.26e+04 |   -6.48e+03 |   8.05e-05 |       131.86 |    77.90 |  1843m 40s | Model saved         
   21000 |   1.49e+05 |   1.60e+02 |   1.57e+04 |   2.40e+03 |   1.98e+04 |   7.29e+04 |   -6.48e+03 |   8.05e-05 |       131.86 |    71.24 |  1842m 35s | Model saved (best)  
   21050 |   1.49e+05 |   1.59e+02 |   1.58e+04 |   2.43e+03 |   1.98e+04 |   7.24e+04 |   -6.48e+03 |   7.65e-05 |       131.86 |    81.01 |  1842m 06s | Model saved         
   21100 |   1.48e+05 |   1.59e+02 |   1.57e+04 |   2.40e+03 |   1.98e+04 |   7.27e+04 |   -6.48e+03 |   7.65e-05 |       131.86 |    71.10 |  1841m 00s | Model saved (best)  
   21150 |   1.48e+05 |   1.58e+02 |   1.58e+04 |   2.43e+03 |   1.97e+04 |   7.22e+04 |   -6.48e+03 |   7.65e-05 |       131.86 |    78.01 |  1840m 20s | Model saved         
   21200 |   1.48e+05 |   1.58e+02 |   1.57e+04 |   2.40e+03 |   1.97e+04 |   7.24e+04 |   -6.48e+03 |   7.65e-05 |       131.86 |    71.47 |  1839m 15s | Model saved (best)  
   21250 |   1.48e+05 |   1.57e+02 |   1.58e+04 |   2.43e+03 |   1.97e+04 |   7.19e+04 |   -6.48e+03 |   7.27e-05 |       131.86 |    78.13 |  1838m 35s | Model saved         
   21300 |   1.48e+05 |   1.57e+02 |   1.57e+04 |   2.39e+03 |   1.97e+04 |   7.22e+04 |   -6.48e+03 |   7.27e-05 |       131.86 |    71.48 |  1837m 31s | Model saved (best)  
   21350 |   1.48e+05 |   1.56e+02 |   1.57e+04 |   2.43e+03 |   1.97e+04 |   7.17e+04 |   -6.48e+03 |   7.27e-05 |       131.86 |    77.51 |  1836m 48s | Model saved         
   21400 |   1.47e+05 |   1.56e+02 |   1.57e+04 |   2.39e+03 |   1.97e+04 |   7.19e+04 |   -6.48e+03 |   7.27e-05 |       131.86 |    71.73 |  1835m 44s | Model saved (best)  
   21450 |   1.47e+05 |   1.55e+02 |   1.57e+04 |   2.43e+03 |   1.97e+04 |   7.15e+04 |   -6.48e+03 |   6.91e-05 |       131.86 |    77.65 |  1835m 02s | Model saved         
   21500 |   1.47e+05 |   1.54e+02 |   1.56e+04 |   2.39e+03 |   1.97e+04 |   7.17e+04 |   -6.48e+03 |   6.91e-05 |       131.86 |    71.92 |  1833m 59s | Model saved (best)  
   21550 |   1.47e+05 |   1.54e+02 |   1.57e+04 |   2.42e+03 |   1.97e+04 |   7.12e+04 |   -6.48e+03 |   6.91e-05 |       131.86 |    77.63 |  1833m 16s | Model saved         
   21600 |   1.47e+05 |   1.53e+02 |   1.56e+04 |   2.39e+03 |   1.97e+04 |   7.14e+04 |   -6.48e+03 |   6.91e-05 |       131.86 |    71.27 |  1832m 10s | Model saved (best)  
   21650 |   1.47e+05 |   1.53e+02 |   1.57e+04 |   2.42e+03 |   1.97e+04 |   7.10e+04 |   -6.49e+03 |   6.56e-05 |       131.86 |    78.00 |  1831m 29s | Model saved         
   21700 |   1.46e+05 |   1.52e+02 |   1.56e+04 |   2.39e+03 |   1.96e+04 |   7.12e+04 |   -6.48e+03 |   6.56e-05 |       131.86 |    71.17 |  1830m 22s | Model saved (best)  
   21750 |   1.46e+05 |   1.51e+02 |   1.57e+04 |   2.42e+03 |   1.96e+04 |   7.07e+04 |   -6.49e+03 |   6.56e-05 |       131.86 |    78.06 |  1829m 41s | Model saved         
   21800 |   1.46e+05 |   1.51e+02 |   1.56e+04 |   2.39e+03 |   1.96e+04 |   7.09e+04 |   -6.48e+03 |   6.56e-05 |       131.86 |    68.87 |  1828m 26s | Model saved (best)  
   21850 |   1.46e+05 |   1.50e+02 |   1.56e+04 |   2.42e+03 |   1.96e+04 |   7.05e+04 |   -6.49e+03 |   6.23e-05 |       131.86 |    77.13 |  1827m 41s | Model saved         
   21900 |   1.46e+05 |   1.50e+02 |   1.56e+04 |   2.39e+03 |   1.96e+04 |   7.07e+04 |   -6.48e+03 |   6.23e-05 |       131.86 |    71.66 |  1826m 36s | Model saved (best)  
   21950 |   1.46e+05 |   1.49e+02 |   1.56e+04 |   2.42e+03 |   1.96e+04 |   7.03e+04 |   -6.49e+03 |   6.23e-05 |       131.86 |    78.18 |  1825m 54s | Model saved         
   22000 |   1.45e+05 |   1.49e+02 |   1.56e+04 |   2.39e+03 |   1.96e+04 |   7.05e+04 |   -6.48e+03 |   6.23e-05 |       131.86 |    71.39 |  1824m 48s | Model saved (best)  
   22050 |   1.45e+05 |   1.48e+02 |   1.56e+04 |   2.42e+03 |   1.96e+04 |   7.00e+04 |   -6.49e+03 |   5.92e-05 |       131.86 |    81.60 |  1824m 19s | Model saved         
   22100 |   1.45e+05 |   1.48e+02 |   1.55e+04 |   2.39e+03 |   1.96e+04 |   7.02e+04 |   -6.48e+03 |   5.92e-05 |       131.86 |    71.00 |  1823m 11s | Model saved (best)  
   22150 |   1.45e+05 |   1.47e+02 |   1.56e+04 |   2.42e+03 |   1.96e+04 |   6.98e+04 |   -6.49e+03 |   5.92e-05 |       131.86 |    78.76 |  1822m 31s | Model saved         
   22200 |   1.45e+05 |   1.47e+02 |   1.55e+04 |   2.39e+03 |   1.96e+04 |   7.00e+04 |   -6.48e+03 |   5.92e-05 |       131.86 |    71.82 |  1821m 26s | Model saved (best)  
   22250 |   1.45e+05 |   1.46e+02 |   1.56e+04 |   2.42e+03 |   1.96e+04 |   6.96e+04 |   -6.49e+03 |   5.92e-05 |       131.86 |    78.64 |  1820m 45s | Model saved         
   22300 |   1.44e+05 |   1.46e+02 |   1.55e+04 |   2.39e+03 |   1.95e+04 |   6.97e+04 |   -6.48e+03 |   5.62e-05 |       131.86 |    72.22 |  1819m 42s | Model saved (best)  
   22350 |   1.44e+05 |   1.46e+02 |   1.56e+04 |   2.42e+03 |   1.95e+04 |   6.93e+04 |   -6.49e+03 |   5.62e-05 |       131.86 |    78.39 |  1819m 00s | Model saved         
   22400 |   1.44e+05 |   1.45e+02 |   1.55e+04 |   2.39e+03 |   1.95e+04 |   6.95e+04 |   -6.48e+03 |   5.62e-05 |       131.86 |    71.59 |  1817m 54s | Model saved (best)  
   22450 |   1.44e+05 |   1.45e+02 |   1.55e+04 |   2.42e+03 |   1.95e+04 |   6.91e+04 |   -6.49e+03 |   5.62e-05 |       131.86 |    78.51 |  1817m 12s | Model saved         
   22500 |   1.44e+05 |   1.45e+02 |   1.55e+04 |   2.39e+03 |   1.95e+04 |   6.93e+04 |   -6.48e+03 |   5.34e-05 |       131.86 |    72.01 |  1816m 08s | Model saved (best)  
   22550 |   1.44e+05 |   1.44e+02 |   1.55e+04 |   2.42e+03 |   1.95e+04 |   6.89e+04 |   -6.49e+03 |   5.34e-05 |       131.86 |    78.62 |  1815m 26s | Model saved         
   22600 |   1.43e+05 |   1.44e+02 |   1.54e+04 |   2.39e+03 |   1.95e+04 |   6.90e+04 |   -6.48e+03 |   5.34e-05 |       131.86 |    71.60 |  1814m 20s | Model saved (best)  
   22650 |   1.43e+05 |   1.43e+02 |   1.55e+04 |   2.42e+03 |   1.95e+04 |   6.87e+04 |   -6.49e+03 |   5.34e-05 |       131.86 |    78.61 |  1813m 38s | Model saved         
   22700 |   1.43e+05 |   1.43e+02 |   1.54e+04 |   2.39e+03 |   1.95e+04 |   6.88e+04 |   -6.48e+03 |   5.08e-05 |       131.86 |    71.22 |  1812m 31s | Model saved (best)  
   22750 |   1.43e+05 |   1.42e+02 |   1.55e+04 |   2.42e+03 |   1.95e+04 |   6.84e+04 |   -6.49e+03 |   5.08e-05 |       131.86 |    79.45 |  1811m 52s | Model saved         
   22800 |   1.43e+05 |   1.42e+02 |   1.54e+04 |   2.39e+03 |   1.95e+04 |   6.85e+04 |   -6.48e+03 |   5.08e-05 |       131.86 |    71.31 |  1810m 45s | Model saved (best)  
   22850 |   1.43e+05 |   1.41e+02 |   1.55e+04 |   2.42e+03 |   1.95e+04 |   6.82e+04 |   -6.49e+03 |   5.08e-05 |       131.86 |    78.66 |  1810m 02s | Model saved         
   22900 |   1.43e+05 |   1.41e+02 |   1.54e+04 |   2.38e+03 |   1.94e+04 |   6.83e+04 |   -6.48e+03 |   4.82e-05 |       131.86 |    71.90 |  1808m 57s | Model saved (best)  
   22950 |   1.43e+05 |   1.40e+02 |   1.55e+04 |   2.42e+03 |   1.94e+04 |   6.80e+04 |   -6.49e+03 |   4.82e-05 |       131.86 |    77.97 |  1808m 12s | Model saved         
   23000 |   1.42e+05 |   1.40e+02 |   1.54e+04 |   2.38e+03 |   1.94e+04 |   6.81e+04 |   -6.48e+03 |   4.82e-05 |       131.86 |    71.38 |  1807m 05s | Model saved (best)  
   23050 |   1.42e+05 |   1.39e+02 |   1.54e+04 |   2.42e+03 |   1.94e+04 |   6.78e+04 |   -6.49e+03 |   4.82e-05 |       131.86 |    81.75 |  1806m 32s | Model saved         
   23100 |   1.42e+05 |   1.39e+02 |   1.54e+04 |   2.38e+03 |   1.94e+04 |   6.78e+04 |   -6.48e+03 |   4.58e-05 |       131.86 |    71.57 |  1805m 26s | Model saved (best)  
   23150 |   1.42e+05 |   1.39e+02 |   1.54e+04 |   2.42e+03 |   1.94e+04 |   6.76e+04 |   -6.49e+03 |   4.58e-05 |       131.86 |    77.98 |  1804m 40s | Model saved         
   23200 |   1.42e+05 |   1.39e+02 |   1.53e+04 |   2.38e+03 |   1.94e+04 |   6.76e+04 |   -6.48e+03 |   4.58e-05 |       131.86 |    71.36 |  1803m 33s | Model saved (best)  
   23250 |   1.42e+05 |   1.38e+02 |   1.54e+04 |   2.42e+03 |   1.94e+04 |   6.73e+04 |   -6.49e+03 |   4.58e-05 |       131.86 |    78.53 |  1802m 49s | Model saved         
   23300 |   1.41e+05 |   1.38e+02 |   1.53e+04 |   2.38e+03 |   1.94e+04 |   6.74e+04 |   -6.48e+03 |   4.35e-05 |       131.86 |    71.52 |  1801m 42s | Model saved (best)  
   23350 |   1.41e+05 |   1.37e+02 |   1.54e+04 |   2.42e+03 |   1.94e+04 |   6.71e+04 |   -6.49e+03 |   4.35e-05 |       131.86 |    78.40 |  1800m 58s | Model saved         
   23400 |   1.41e+05 |   1.37e+02 |   1.53e+04 |   2.38e+03 |   1.94e+04 |   6.72e+04 |   -6.48e+03 |   4.35e-05 |       131.86 |    71.37 |  1799m 50s | Model saved (best)  
   23450 |   1.41e+05 |   1.36e+02 |   1.54e+04 |   2.42e+03 |   1.94e+04 |   6.69e+04 |   -6.49e+03 |   4.35e-05 |       131.86 |    78.21 |  1799m 05s | Model saved         
   23500 |   1.41e+05 |   1.36e+02 |   1.53e+04 |   2.38e+03 |   1.93e+04 |   6.69e+04 |   -6.48e+03 |   4.13e-05 |       131.86 |    71.05 |  1797m 56s | Model saved (best)  
   23550 |   1.41e+05 |   1.36e+02 |   1.54e+04 |   2.42e+03 |   1.94e+04 |   6.67e+04 |   -6.49e+03 |   4.13e-05 |       131.86 |    78.69 |  1797m 12s | Model saved         
   23600 |   1.41e+05 |   1.36e+02 |   1.53e+04 |   2.38e+03 |   1.93e+04 |   6.67e+04 |   -6.48e+03 |   4.13e-05 |       131.86 |    71.23 |  1796m 04s | Model saved (best)  
   23650 |   1.41e+05 |   1.35e+02 |   1.54e+04 |   2.42e+03 |   1.93e+04 |   6.65e+04 |   -6.49e+03 |   4.13e-05 |       131.86 |    78.54 |  1795m 19s | Model saved         
   23700 |   1.40e+05 |   1.35e+02 |   1.53e+04 |   2.38e+03 |   1.93e+04 |   6.65e+04 |   -6.48e+03 |   3.93e-05 |       131.86 |    71.35 |  1794m 11s | Model saved (best)  
   23750 |   1.40e+05 |   1.34e+02 |   1.53e+04 |   2.42e+03 |   1.93e+04 |   6.62e+04 |   -6.49e+03 |   3.93e-05 |       131.86 |    78.18 |  1793m 25s | Model saved         
   23800 |   1.40e+05 |   1.34e+02 |   1.53e+04 |   2.38e+03 |   1.93e+04 |   6.63e+04 |   -6.48e+03 |   3.93e-05 |       131.86 |    71.42 |  1792m 17s | Model saved (best)  
   23850 |   1.40e+05 |   1.33e+02 |   1.53e+04 |   2.42e+03 |   1.93e+04 |   6.60e+04 |   -6.49e+03 |   3.93e-05 |       131.86 |    78.34 |  1791m 32s | Model saved         
   23900 |   1.40e+05 |   1.33e+02 |   1.52e+04 |   2.38e+03 |   1.93e+04 |   6.60e+04 |   -6.48e+03 |   3.73e-05 |       131.86 |    71.76 |  1790m 25s | Model saved (best)  
   23950 |   1.40e+05 |   1.33e+02 |   1.53e+04 |   2.42e+03 |   1.93e+04 |   6.58e+04 |   -6.49e+03 |   3.73e-05 |       131.86 |    78.35 |  1789m 39s | Model saved         
   24000 |   1.40e+05 |   1.33e+02 |   1.52e+04 |   2.38e+03 |   1.93e+04 |   6.58e+04 |   -6.48e+03 |   3.73e-05 |       131.86 |    71.45 |  1788m 31s | Model saved (best)  
   24050 |   1.40e+05 |   1.32e+02 |   1.53e+04 |   2.42e+03 |   1.93e+04 |   6.56e+04 |   -6.49e+03 |   3.73e-05 |       131.86 |    81.79 |  1787m 56s | Model saved         
   24100 |   1.39e+05 |   1.32e+02 |   1.52e+04 |   2.38e+03 |   1.93e+04 |   6.56e+04 |   -6.48e+03 |   3.54e-05 |       131.86 |    71.49 |  1786m 48s | Model saved (best)  
   24150 |   1.39e+05 |   1.31e+02 |   1.53e+04 |   2.42e+03 |   1.93e+04 |   6.54e+04 |   -6.49e+03 |   3.54e-05 |       131.86 |    78.69 |  1786m 03s | Model saved         
   24200 |   1.39e+05 |   1.31e+02 |   1.52e+04 |   2.38e+03 |   1.93e+04 |   6.54e+04 |   -6.48e+03 |   3.54e-05 |       131.86 |    71.29 |  1784m 54s | Model saved (best)  
   24250 |   1.39e+05 |   1.31e+02 |   1.53e+04 |   2.42e+03 |   1.93e+04 |   6.52e+04 |   -6.49e+03 |   3.54e-05 |       131.86 |    78.63 |  1784m 08s | Model saved         
   24300 |   1.39e+05 |   1.31e+02 |   1.52e+04 |   2.38e+03 |   1.92e+04 |   6.52e+04 |   -6.48e+03 |   3.37e-05 |       131.86 |    71.71 |  1783m 01s | Model saved (best)  
   24350 |   1.39e+05 |   1.30e+02 |   1.53e+04 |   2.42e+03 |   1.92e+04 |   6.50e+04 |   -6.49e+03 |   3.37e-05 |       131.86 |    78.99 |  1782m 16s | Model saved         
   24400 |   1.39e+05 |   1.30e+02 |   1.52e+04 |   2.38e+03 |   1.92e+04 |   6.49e+04 |   -6.48e+03 |   3.37e-05 |       131.86 |    71.53 |  1781m 08s | Model saved (best)  
   24450 |   1.39e+05 |   1.29e+02 |   1.52e+04 |   2.42e+03 |   1.92e+04 |   6.48e+04 |   -6.49e+03 |   3.37e-05 |       131.86 |    78.52 |  1780m 22s | Model saved         
   24500 |   1.38e+05 |   1.30e+02 |   1.52e+04 |   2.38e+03 |   1.92e+04 |   6.47e+04 |   -6.48e+03 |   3.20e-05 |       131.86 |    71.57 |  1779m 14s | Model saved (best)  
   24550 |   1.38e+05 |   1.29e+02 |   1.52e+04 |   2.41e+03 |   1.92e+04 |   6.45e+04 |   -6.49e+03 |   3.20e-05 |       131.86 |    78.69 |  1778m 28s | Model saved         
   24600 |   1.38e+05 |   1.29e+02 |   1.52e+04 |   2.38e+03 |   1.92e+04 |   6.45e+04 |   -6.48e+03 |   3.20e-05 |       131.86 |    71.71 |  1777m 20s | Model saved (best)  
   24650 |   1.38e+05 |   1.28e+02 |   1.52e+04 |   2.41e+03 |   1.92e+04 |   6.43e+04 |   -6.49e+03 |   3.20e-05 |       131.86 |    78.22 |  1776m 32s | Model saved         
   24700 |   1.38e+05 |   1.28e+02 |   1.51e+04 |   2.38e+03 |   1.92e+04 |   6.43e+04 |   -6.48e+03 |   3.04e-05 |       131.86 |    72.06 |  1775m 25s | Model saved (best)  
   24750 |   1.38e+05 |   1.28e+02 |   1.52e+04 |   2.41e+03 |   1.92e+04 |   6.41e+04 |   -6.49e+03 |   3.04e-05 |       131.86 |    78.86 |  1774m 39s | Model saved         
   24800 |   1.38e+05 |   1.28e+02 |   1.51e+04 |   2.38e+03 |   1.92e+04 |   6.41e+04 |   -6.48e+03 |   3.04e-05 |       131.86 |    71.99 |  1773m 32s | Model saved (best)  
   24850 |   1.38e+05 |   1.27e+02 |   1.52e+04 |   2.41e+03 |   1.92e+04 |   6.39e+04 |   -6.49e+03 |   3.04e-05 |       131.86 |    78.50 |  1772m 45s | Model saved         
   24900 |   1.37e+05 |   1.27e+02 |   1.51e+04 |   2.38e+03 |   1.92e+04 |   6.39e+04 |   -6.48e+03 |   2.89e-05 |       131.86 |    72.07 |  1771m 38s | Model saved (best)  
   24950 |   1.37e+05 |   1.26e+02 |   1.52e+04 |   2.41e+03 |   1.92e+04 |   6.37e+04 |   -6.49e+03 |   2.89e-05 |       131.86 |    78.59 |  1770m 51s | Model saved         
   25000 |   1.37e+05 |   1.26e+02 |   1.51e+04 |   2.38e+03 |   1.92e+04 |   6.37e+04 |   -6.48e+03 |   2.89e-05 |       131.86 |    72.02 |  1769m 44s | Model saved (best)  
   25050 |   1.37e+05 |   1.26e+02 |   1.52e+04 |   2.41e+03 |   1.92e+04 |   6.35e+04 |   -6.49e+03 |   2.89e-05 |       131.86 |    82.02 |  1769m 07s | Model saved         
   25100 |   1.37e+05 |   1.26e+02 |   1.51e+04 |   2.38e+03 |   1.92e+04 |   6.34e+04 |   -6.48e+03 |   2.74e-05 |       131.86 |    72.12 |  1768m 00s | Model saved (best)  
   25150 |   1.37e+05 |   1.25e+02 |   1.51e+04 |   2.41e+03 |   1.91e+04 |   6.33e+04 |   -6.49e+03 |   2.74e-05 |       131.86 |    79.05 |  1767m 14s | Model saved         
   25200 |   1.37e+05 |   1.25e+02 |   1.51e+04 |   2.38e+03 |   1.91e+04 |   6.32e+04 |   -6.48e+03 |   2.74e-05 |       131.86 |    71.72 |  1766m 05s | Model saved (best)  
   25250 |   1.37e+05 |   1.25e+02 |   1.51e+04 |   2.41e+03 |   1.91e+04 |   6.31e+04 |   -6.49e+03 |   2.74e-05 |       131.86 |    78.59 |  1765m 18s | Model saved         
   25300 |   1.36e+05 |   1.25e+02 |   1.51e+04 |   2.38e+03 |   1.91e+04 |   6.30e+04 |   -6.48e+03 |   2.61e-05 |       131.86 |    72.20 |  1764m 11s | Model saved (best)  
   25350 |   1.36e+05 |   1.24e+02 |   1.51e+04 |   2.41e+03 |   1.91e+04 |   6.29e+04 |   -6.49e+03 |   2.61e-05 |       131.86 |    78.66 |  1763m 23s | Model saved         
   25400 |   1.36e+05 |   1.24e+02 |   1.51e+04 |   2.38e+03 |   1.91e+04 |   6.28e+04 |   -6.48e+03 |   2.61e-05 |       131.86 |    72.59 |  1762m 17s | Model saved (best)  
   25450 |   1.36e+05 |   1.24e+02 |   1.51e+04 |   2.41e+03 |   1.91e+04 |   6.27e+04 |   -6.49e+03 |   2.61e-05 |       131.86 |    79.15 |  1761m 30s | Model saved         
   25500 |   1.36e+05 |   1.24e+02 |   1.50e+04 |   2.37e+03 |   1.91e+04 |   6.26e+04 |   -6.48e+03 |   2.48e-05 |       131.86 |    72.58 |  1760m 24s | Model saved (best)  
   25550 |   1.36e+05 |   1.23e+02 |   1.51e+04 |   2.41e+03 |   1.91e+04 |   6.25e+04 |   -6.49e+03 |   2.48e-05 |       131.86 |    79.10 |  1759m 38s | Model saved         
   25600 |   1.36e+05 |   1.23e+02 |   1.50e+04 |   2.37e+03 |   1.91e+04 |   6.24e+04 |   -6.48e+03 |   2.48e-05 |       131.86 |    72.56 |  1758m 31s | Model saved (best)  
   25650 |   1.36e+05 |   1.22e+02 |   1.51e+04 |   2.41e+03 |   1.91e+04 |   6.23e+04 |   -6.49e+03 |   2.48e-05 |       131.86 |    79.14 |  1757m 44s | Model saved         
   25700 |   1.36e+05 |   1.23e+02 |   1.50e+04 |   2.37e+03 |   1.91e+04 |   6.22e+04 |   -6.48e+03 |   2.35e-05 |       131.86 |    71.84 |  1756m 36s | Model saved (best)  
   25750 |   1.36e+05 |   1.22e+02 |   1.51e+04 |   2.41e+03 |   1.91e+04 |   6.21e+04 |   -6.49e+03 |   2.35e-05 |       131.86 |    79.10 |  1755m 49s | Model saved         
   25800 |   1.35e+05 |   1.22e+02 |   1.50e+04 |   2.37e+03 |   1.91e+04 |   6.20e+04 |   -6.48e+03 |   2.35e-05 |       131.86 |    72.44 |  1754m 42s | Model saved (best)  
   25850 |   1.35e+05 |   1.21e+02 |   1.51e+04 |   2.41e+03 |   1.91e+04 |   6.18e+04 |   -6.49e+03 |   2.35e-05 |       131.86 |    78.74 |  1753m 54s | Model saved         
   25900 |   1.35e+05 |   1.22e+02 |   1.50e+04 |   2.37e+03 |   1.91e+04 |   6.18e+04 |   -6.48e+03 |   2.23e-05 |       131.86 |    72.08 |  1752m 46s | Model saved (best)  
   25950 |   1.35e+05 |   1.21e+02 |   1.51e+04 |   2.41e+03 |   1.91e+04 |   6.16e+04 |   -6.49e+03 |   2.23e-05 |       131.86 |    78.74 |  1751m 57s | Model saved         
   26000 |   1.35e+05 |   1.21e+02 |   1.50e+04 |   2.37e+03 |   1.91e+04 |   6.15e+04 |   -6.48e+03 |   2.23e-05 |       131.86 |    72.79 |  1750m 51s | Model saved (best)  
   26050 |   1.35e+05 |   1.20e+02 |   1.51e+04 |   2.41e+03 |   1.91e+04 |   6.14e+04 |   -6.49e+03 |   2.23e-05 |       131.86 |    82.29 |  1750m 12s | Model saved         
   26100 |   1.35e+05 |   1.21e+02 |   1.50e+04 |   2.37e+03 |   1.91e+04 |   6.13e+04 |   -6.48e+03 |   2.12e-05 |       131.86 |    72.24 |  1749m 05s | Model saved (best)  
   26150 |   1.35e+05 |   1.20e+02 |   1.50e+04 |   2.41e+03 |   1.90e+04 |   6.12e+04 |   -6.49e+03 |   2.12e-05 |       131.86 |    78.94 |  1748m 16s | Model saved         
   26200 |   1.35e+05 |   1.20e+02 |   1.50e+04 |   2.37e+03 |   1.90e+04 |   6.11e+04 |   -6.48e+03 |   2.12e-05 |       131.86 |    72.12 |  1747m 08s | Model saved (best)  
   26250 |   1.35e+05 |   1.19e+02 |   1.50e+04 |   2.41e+03 |   1.90e+04 |   6.10e+04 |   -6.49e+03 |   2.12e-05 |       131.86 |    78.71 |  1746m 19s | Model saved         
   26300 |   1.34e+05 |   1.20e+02 |   1.50e+04 |   2.37e+03 |   1.90e+04 |   6.09e+04 |   -6.48e+03 |   2.02e-05 |       131.86 |    72.33 |  1745m 12s | Model saved (best)  
   26350 |   1.34e+05 |   1.19e+02 |   1.50e+04 |   2.41e+03 |   1.90e+04 |   6.08e+04 |   -6.49e+03 |   2.02e-05 |       131.86 |    78.79 |  1744m 22s | Model saved         
   26400 |   1.34e+05 |   1.19e+02 |   1.50e+04 |   2.37e+03 |   1.90e+04 |   6.07e+04 |   -6.48e+03 |   2.02e-05 |       131.86 |    72.09 |  1743m 14s | Model saved (best)  
   26450 |   1.34e+05 |   1.19e+02 |   1.50e+04 |   2.41e+03 |   1.90e+04 |   6.06e+04 |   -6.49e+03 |   2.02e-05 |       131.86 |    78.85 |  1742m 25s | Model saved         
   26500 |   1.34e+05 |   1.19e+02 |   1.49e+04 |   2.37e+03 |   1.90e+04 |   6.05e+04 |   -6.48e+03 |   1.92e-05 |       131.86 |    72.16 |  1741m 17s | Model saved (best)  
   26550 |   1.34e+05 |   1.18e+02 |   1.50e+04 |   2.41e+03 |   1.90e+04 |   6.04e+04 |   -6.49e+03 |   1.92e-05 |       131.86 |    78.72 |  1740m 27s | Model saved         
   26600 |   1.34e+05 |   1.18e+02 |   1.49e+04 |   2.37e+03 |   1.90e+04 |   6.03e+04 |   -6.48e+03 |   1.92e-05 |       131.86 |    72.37 |  1739m 19s | Model saved (best)  
   26650 |   1.34e+05 |   1.18e+02 |   1.50e+04 |   2.41e+03 |   1.90e+04 |   6.02e+04 |   -6.49e+03 |   1.92e-05 |       131.86 |    79.11 |  1738m 30s | Model saved         
   26700 |   1.34e+05 |   1.18e+02 |   1.49e+04 |   2.37e+03 |   1.90e+04 |   6.01e+04 |   -6.48e+03 |   1.82e-05 |       131.86 |    72.20 |  1737m 22s | Model saved (best)  
   26750 |   1.34e+05 |   1.17e+02 |   1.50e+04 |   2.41e+03 |   1.90e+04 |   6.00e+04 |   -6.49e+03 |   1.82e-05 |       131.86 |    78.89 |  1736m 32s | Model saved         
   26800 |   1.34e+05 |   1.17e+02 |   1.49e+04 |   2.37e+03 |   1.90e+04 |   5.99e+04 |   -6.48e+03 |   1.82e-05 |       131.86 |    72.35 |  1735m 25s | Model saved (best)  
   26850 |   1.33e+05 |   1.17e+02 |   1.50e+04 |   2.41e+03 |   1.90e+04 |   5.98e+04 |   -6.49e+03 |   1.82e-05 |       131.86 |    78.70 |  1734m 34s | Model saved         
   26900 |   1.33e+05 |   1.17e+02 |   1.49e+04 |   2.37e+03 |   1.90e+04 |   5.97e+04 |   -6.48e+03 |   1.73e-05 |       131.86 |    72.05 |  1733m 25s | Model saved (best)  
   26950 |   1.33e+05 |   1.16e+02 |   1.50e+04 |   2.41e+03 |   1.90e+04 |   5.96e+04 |   -6.49e+03 |   1.73e-05 |       131.86 |    79.14 |  1732m 36s | Model saved         
   27000 |   1.33e+05 |   1.17e+02 |   1.49e+04 |   2.37e+03 |   1.90e+04 |   5.95e+04 |   -6.48e+03 |   1.73e-05 |       131.86 |    72.35 |  1731m 28s | Model saved (best)  
   27050 |   1.33e+05 |   1.16e+02 |   1.50e+04 |   2.41e+03 |   1.90e+04 |   5.94e+04 |   -6.49e+03 |   1.73e-05 |       131.86 |    82.08 |  1730m 46s | Model saved         
   27100 |   1.33e+05 |   1.16e+02 |   1.49e+04 |   2.37e+03 |   1.90e+04 |   5.93e+04 |   -6.48e+03 |   1.64e-05 |       131.86 |    72.28 |  1729m 38s | Model saved (best)  
   27150 |   1.33e+05 |   1.15e+02 |   1.49e+04 |   2.41e+03 |   1.90e+04 |   5.92e+04 |   -6.49e+03 |   1.64e-05 |       131.86 |    78.63 |  1728m 47s | Model saved         
   27200 |   1.33e+05 |   1.16e+02 |   1.49e+04 |   2.37e+03 |   1.90e+04 |   5.91e+04 |   -6.48e+03 |   1.64e-05 |       131.86 |    72.43 |  1727m 39s | Model saved (best)  
   27250 |   1.33e+05 |   1.15e+02 |   1.49e+04 |   2.41e+03 |   1.89e+04 |   5.91e+04 |   -6.49e+03 |   1.64e-05 |       131.86 |    78.70 |  1726m 48s | Model saved         
   27300 |   1.33e+05 |   1.15e+02 |   1.49e+04 |   2.37e+03 |   1.89e+04 |   5.89e+04 |   -6.48e+03 |   1.56e-05 |       131.86 |    72.43 |  1725m 40s | Model saved (best)  
   27350 |   1.33e+05 |   1.15e+02 |   1.49e+04 |   2.41e+03 |   1.89e+04 |   5.89e+04 |   -6.49e+03 |   1.56e-05 |       131.86 |    78.53 |  1724m 48s | Model saved         
   27400 |   1.33e+05 |   1.15e+02 |   1.49e+04 |   2.37e+03 |   1.89e+04 |   5.87e+04 |   -6.48e+03 |   1.56e-05 |       131.86 |    72.11 |  1723m 39s | Model saved (best)  
   27450 |   1.32e+05 |   1.14e+02 |   1.49e+04 |   2.41e+03 |   1.89e+04 |   5.87e+04 |   -6.49e+03 |   1.56e-05 |       131.86 |    78.63 |  1722m 48s | Model saved         
   27500 |   1.32e+05 |   1.15e+02 |   1.49e+04 |   2.37e+03 |   1.89e+04 |   5.85e+04 |   -6.48e+03 |   1.48e-05 |       131.86 |    71.95 |  1721m 38s | Model saved (best)  
   27550 |   1.32e+05 |   1.14e+02 |   1.49e+04 |   2.41e+03 |   1.89e+04 |   5.85e+04 |   -6.49e+03 |   1.48e-05 |       131.86 |    78.86 |  1720m 47s | Model saved         
   27600 |   1.32e+05 |   1.14e+02 |   1.49e+04 |   2.37e+03 |   1.89e+04 |   5.83e+04 |   -6.48e+03 |   1.48e-05 |       131.86 |    72.22 |  1719m 38s | Model saved (best)  
   27650 |   1.32e+05 |   1.13e+02 |   1.49e+04 |   2.41e+03 |   1.89e+04 |   5.83e+04 |   -6.49e+03 |   1.48e-05 |       131.86 |    78.85 |  1718m 47s | Model saved         
   27700 |   1.32e+05 |   1.14e+02 |   1.48e+04 |   2.37e+03 |   1.89e+04 |   5.82e+04 |   -6.48e+03 |   1.41e-05 |       131.86 |    71.83 |  1717m 37s | Model saved (best)  
   27750 |   1.32e+05 |   1.13e+02 |   1.49e+04 |   2.41e+03 |   1.89e+04 |   5.81e+04 |   -6.49e+03 |   1.41e-05 |       131.86 |    78.62 |  1716m 45s | Model saved         
   27800 |   1.32e+05 |   1.13e+02 |   1.48e+04 |   2.37e+03 |   1.89e+04 |   5.80e+04 |   -6.48e+03 |   1.41e-05 |       131.86 |    72.32 |  1715m 36s | Model saved (best)  
   27850 |   1.32e+05 |   1.13e+02 |   1.49e+04 |   2.41e+03 |   1.89e+04 |   5.79e+04 |   -6.49e+03 |   1.41e-05 |       131.86 |    78.69 |  1714m 44s | Model saved         
   27900 |   1.32e+05 |   1.13e+02 |   1.48e+04 |   2.37e+03 |   1.89e+04 |   5.78e+04 |   -6.49e+03 |   1.34e-05 |       131.86 |    72.04 |  1713m 35s | Model saved (best)  
   27950 |   1.32e+05 |   1.12e+02 |   1.49e+04 |   2.41e+03 |   1.89e+04 |   5.77e+04 |   -6.49e+03 |   1.34e-05 |       131.86 |    78.93 |  1712m 43s | Model saved         
   28000 |   1.32e+05 |   1.13e+02 |   1.48e+04 |   2.37e+03 |   1.89e+04 |   5.76e+04 |   -6.49e+03 |   1.34e-05 |       131.86 |    73.13 |  1711m 37s | Model saved (best)  
   28050 |   1.31e+05 |   1.12e+02 |   1.49e+04 |   2.41e+03 |   1.89e+04 |   5.76e+04 |   -6.49e+03 |   1.34e-05 |       131.86 |    82.83 |  1710m 55s | Model saved         
   28100 |   1.31e+05 |   1.12e+02 |   1.48e+04 |   2.37e+03 |   1.89e+04 |   5.74e+04 |   -6.49e+03 |   1.27e-05 |       131.86 |    71.78 |  1709m 45s | Model saved (best)  
   28150 |   1.31e+05 |   1.12e+02 |   1.49e+04 |   2.41e+03 |   1.89e+04 |   5.74e+04 |   -6.49e+03 |   1.27e-05 |       131.86 |    79.12 |  1708m 53s | Model saved         
   28200 |   1.31e+05 |   1.12e+02 |   1.48e+04 |   2.37e+03 |   1.89e+04 |   5.73e+04 |   -6.49e+03 |   1.27e-05 |       131.86 |    72.41 |  1707m 45s | Model saved (best)  
   28250 |   1.31e+05 |   1.11e+02 |   1.48e+04 |   2.41e+03 |   1.89e+04 |   5.72e+04 |   -6.49e+03 |   1.27e-05 |       131.86 |    78.85 |  1706m 52s | Model saved         
   28300 |   1.31e+05 |   1.12e+02 |   1.48e+04 |   2.37e+03 |   1.89e+04 |   5.71e+04 |   -6.49e+03 |   1.21e-05 |       131.86 |    71.88 |  1705m 42s | Model saved (best)  
   28350 |   1.31e+05 |   1.11e+02 |   1.48e+04 |   2.41e+03 |   1.89e+04 |   5.70e+04 |   -6.49e+03 |   1.21e-05 |       131.86 |    78.99 |  1704m 50s | Model saved         
   28400 |   1.31e+05 |   1.11e+02 |   1.48e+04 |   2.37e+03 |   1.89e+04 |   5.69e+04 |   -6.49e+03 |   1.21e-05 |       131.86 |    71.60 |  1703m 39s | Model saved (best)  
   28450 |   1.31e+05 |   1.11e+02 |   1.48e+04 |   2.41e+03 |   1.88e+04 |   5.69e+04 |   -6.49e+03 |   1.21e-05 |       131.86 |    78.89 |  1702m 47s | Model saved         
   28500 |   1.31e+05 |   1.11e+02 |   1.48e+04 |   2.37e+03 |   1.89e+04 |   5.67e+04 |   -6.49e+03 |   1.15e-05 |       131.86 |    72.11 |  1701m 37s | Model saved (best)  
   28550 |   1.31e+05 |   1.10e+02 |   1.48e+04 |   2.41e+03 |   1.88e+04 |   5.67e+04 |   -6.49e+03 |   1.15e-05 |       131.86 |    78.73 |  1700m 44s | Model saved         
   28600 |   1.31e+05 |   1.11e+02 |   1.48e+04 |   2.37e+03 |   1.88e+04 |   5.66e+04 |   -6.49e+03 |   1.15e-05 |       131.86 |    72.36 |  1699m 35s | Model saved (best)  
   28650 |   1.31e+05 |   1.10e+02 |   1.48e+04 |   2.41e+03 |   1.88e+04 |   5.65e+04 |   -6.49e+03 |   1.15e-05 |       131.86 |    78.84 |  1698m 42s | Model saved         
   28700 |   1.31e+05 |   1.10e+02 |   1.48e+04 |   2.37e+03 |   1.88e+04 |   5.64e+04 |   -6.49e+03 |   1.09e-05 |       131.86 |    72.03 |  1697m 32s | Model saved (best)  
   28750 |   1.30e+05 |   1.10e+02 |   1.48e+04 |   2.41e+03 |   1.88e+04 |   5.64e+04 |   -6.49e+03 |   1.09e-05 |       131.86 |    79.37 |  1696m 41s | Model saved         
   28800 |   1.30e+05 |   1.10e+02 |   1.48e+04 |   2.37e+03 |   1.88e+04 |   5.62e+04 |   -6.49e+03 |   1.09e-05 |       131.86 |    71.97 |  1695m 30s | Model saved (best)  
   28850 |   1.30e+05 |   1.09e+02 |   1.48e+04 |   2.41e+03 |   1.88e+04 |   5.62e+04 |   -6.49e+03 |   1.09e-05 |       131.86 |    79.36 |  1694m 39s | Model saved         
   28900 |   1.30e+05 |   1.10e+02 |   1.48e+04 |   2.37e+03 |   1.88e+04 |   5.61e+04 |   -6.49e+03 |   1.04e-05 |       131.86 |    72.51 |  1693m 30s | Model saved (best)  
   28950 |   1.30e+05 |   1.09e+02 |   1.48e+04 |   2.41e+03 |   1.88e+04 |   5.60e+04 |   -6.49e+03 |   1.04e-05 |       131.86 |    78.52 |  1692m 36s | Model saved         
   29000 |   1.30e+05 |   1.09e+02 |   1.47e+04 |   2.37e+03 |   1.88e+04 |   5.59e+04 |   -6.49e+03 |   1.04e-05 |       131.86 |    72.74 |  1691m 27s | Model saved (best)  
   29050 |   1.30e+05 |   1.09e+02 |   1.48e+04 |   2.41e+03 |   1.88e+04 |   5.59e+04 |   -6.49e+03 |   1.04e-05 |       131.86 |    82.35 |  1690m 42s | Model saved         
   29100 |   1.30e+05 |   1.09e+02 |   1.47e+04 |   2.37e+03 |   1.88e+04 |   5.57e+04 |   -6.49e+03 |   9.83e-06 |       131.86 |    72.13 |  1689m 32s | Model saved (best)  
   29150 |   1.30e+05 |   1.08e+02 |   1.48e+04 |   2.41e+03 |   1.88e+04 |   5.57e+04 |   -6.49e+03 |   9.83e-06 |       131.86 |    78.90 |  1688m 39s | Model saved         
   29200 |   1.30e+05 |   1.09e+02 |   1.47e+04 |   2.37e+03 |   1.88e+04 |   5.56e+04 |   -6.49e+03 |   9.83e-06 |       131.86 |    72.14 |  1687m 29s | Model saved (best)  
   29250 |   1.30e+05 |   1.08e+02 |   1.48e+04 |   2.41e+03 |   1.88e+04 |   5.56e+04 |   -6.49e+03 |   9.83e-06 |       131.86 |    78.70 |  1686m 35s | Model saved         
   29300 |   1.30e+05 |   1.09e+02 |   1.47e+04 |   2.37e+03 |   1.88e+04 |   5.54e+04 |   -6.49e+03 |   9.34e-06 |       131.86 |    72.21 |  1685m 25s | Model saved (best)  
   29350 |   1.30e+05 |   1.08e+02 |   1.48e+04 |   2.41e+03 |   1.88e+04 |   5.54e+04 |   -6.49e+03 |   9.34e-06 |       131.86 |    78.33 |  1684m 30s | Model saved         
   29400 |   1.30e+05 |   1.08e+02 |   1.47e+04 |   2.37e+03 |   1.88e+04 |   5.53e+04 |   -6.49e+03 |   9.34e-06 |       131.86 |    72.31 |  1683m 20s | Model saved (best)  
   29450 |   1.29e+05 |   1.07e+02 |   1.48e+04 |   2.41e+03 |   1.88e+04 |   5.53e+04 |   -6.49e+03 |   9.34e-06 |       131.86 |    78.96 |  1682m 27s | Model saved         
   29500 |   1.30e+05 |   1.08e+02 |   1.47e+04 |   2.37e+03 |   1.88e+04 |   5.51e+04 |   -6.49e+03 |   8.87e-06 |       131.86 |    72.26 |  1681m 17s | Model saved (best)  
   29550 |   1.29e+05 |   1.07e+02 |   1.48e+04 |   2.41e+03 |   1.88e+04 |   5.51e+04 |   -6.49e+03 |   8.87e-06 |       131.86 |    78.98 |  1680m 23s | Model saved         
   29600 |   1.29e+05 |   1.08e+02 |   1.47e+04 |   2.37e+03 |   1.88e+04 |   5.50e+04 |   -6.49e+03 |   8.87e-06 |       131.86 |    72.69 |  1679m 14s | Model saved (best)  
   29650 |   1.29e+05 |   1.07e+02 |   1.48e+04 |   2.41e+03 |   1.88e+04 |   5.50e+04 |   -6.49e+03 |   8.87e-06 |       131.86 |    78.12 |  1678m 18s | Model saved         
   29700 |   1.29e+05 |   1.07e+02 |   1.47e+04 |   2.37e+03 |   1.88e+04 |   5.48e+04 |   -6.49e+03 |   8.43e-06 |       131.86 |    71.92 |  1677m 07s | Model saved (best)  
   29750 |   1.29e+05 |   1.07e+02 |   1.47e+04 |   2.41e+03 |   1.88e+04 |   5.48e+04 |   -6.49e+03 |   8.43e-06 |       131.86 |    78.74 |  1676m 13s | Model saved         
