
+---------------------------+---------------------------+
| Training Configuration    |                           |
+---------------------------+---------------------------+
| Epochs                    | 1000                      |
| Learning Rate             | 0.001                     |
| Adaptive LR               | True                      |
| \u03bb_Y (Y loss)              | 1                         |
| \u03bb_T (Terminal loss)       | 1                         |
| \u03bb_TG (Gradient loss)      | 1                         |
| Number of Paths           | 1024                      |
| Batch Size                | 1024                      |
| Architecture              | ResLSTM                   |
| Depth                     | 5                         |
| Width                     | 256                       |
| Activation                | ReLU                      |
| T                         | 1.0                       |
| N                         | 40                        |
| Supervised                | False                     |
+---------------------------+---------------------------+

   Epoch |   Total loss |       Y loss |      T. loss |    T.G. loss |         LR |  Memory [MB] |   Time [s] | Status
------------------------------------------------------------------------------------------------------------------------
       0 | 18211.763672 |   431.414368 | 13621.335938 |  4159.013672 |   1.00e-03 |       394.01 |       1.94 | Model saved \u2193 (best)
      50 |  2059.761680 |   502.935602 |  1100.706103 |   456.119988 |   1.00e-03 |       394.01 |      58.95 | Model saved \u2193 (best)
     100 |   318.992045 |   302.502296 |     7.099778 |     9.389973 |   1.00e-03 |       394.01 |      60.77 | Model saved \u2193 (best)
     150 |   286.011517 |   278.412859 |     3.007644 |     4.591013 |   1.00e-03 |       394.01 |      62.12 | Model saved \u2193 (best)
     200 |   283.257649 |   277.112787 |     2.550555 |     3.594308 |   1.00e-03 |       394.01 |      64.06 | Model saved \u2193 (best)
     250 |   278.632655 |   273.783212 |     2.136104 |     2.713339 |   1.00e-03 |       394.01 |      58.72 | Model saved \u2193 (best)
     300 |   277.718079 |   271.223371 |     3.168051 |     3.326657 |   1.00e-03 |       394.01 |      63.31 | Model saved \u2193 (best)
     350 |   278.219615 |   273.445867 |     2.105012 |     2.668737 |   1.00e-03 |       394.01 |      62.66 | Model saved \u2193
     400 |   279.236208 |   274.347534 |     2.223529 |     2.665145 |   1.00e-03 |       394.01 |      62.46 | Model saved \u2193
     450 |   275.906819 |   271.386598 |     2.007560 |     2.512661 |   1.00e-03 |       394.01 |      60.95 | Model saved \u2193 (best)
     500 |   276.548896 |   271.356384 |     2.606307 |     2.586203 |   1.00e-03 |       394.01 |      56.68 | Model saved \u2193
     550 |   274.890536 |   269.580349 |     2.340956 |     2.969230 |   1.00e-03 |       394.01 |      59.67 | Model saved \u2193 (best)
