Training started at 2025-05-29 21:52:14
Logging training to saved/almgren_Resnet_ReLU\training.log

+---------------------------+---------------------------+
| Training Configuration    |                           |
+---------------------------+---------------------------+
| Epochs                    | 1000                      |
| Learning Rate             | 0.001                     |
| Adaptive LR               | True                      |
| lambda_Y (Y loss)         | 1                         |
| lambda_T (Terminal loss)  | 1                         |
| lambda_TG (Gradient loss) | 1                         |
| Number of Paths           | 1024                      |
| Batch Size                | 1024                      |
| Architecture              | Resnet                    |
| Depth                     | 5                         |
| Width                     | 256                       |
| Activation                | ReLU                      |
| T                         | 1.0                       |
| N                         | 40                        |
| Supervised                | True                      |
+---------------------------+---------------------------+

   Epoch |   Total loss |       Y loss |      T. loss |    T.G. loss |         LR |  Memory [MB] | Time [s] |      ETA | Status              
-------------------------------------------------------------------------------------------------------------------------------------------
       0 |     3.08e+03 |     3.08e+03 |     0.00e+00 |     0.00e+00 |   1.00e-03 |        20.74 |     1.11 |      N/A | Model saved (best)  
      50 |     6.91e+02 |     6.91e+02 |     0.00e+00 |     0.00e+00 |   1.00e-03 |        20.74 |    25.89 |   8m 33s | Model saved (best)  
     100 |     2.70e+02 |     2.70e+02 |     0.00e+00 |     0.00e+00 |   1.00e-03 |        20.74 |    25.75 |   7m 55s | Model saved (best)  
     150 |     4.67e+02 |     4.67e+02 |     0.00e+00 |     0.00e+00 |   1.00e-03 |        20.74 |    27.93 |   7m 37s | Model saved         
     200 |     2.77e+02 |     2.77e+02 |     0.00e+00 |     0.00e+00 |   1.00e-03 |        20.74 |    24.02 |   6m 59s | Model saved         
     250 |     1.16e+02 |     1.16e+02 |     0.00e+00 |     0.00e+00 |   1.00e-03 |        20.74 |    24.97 |   6m 29s | Model saved (best)  
     300 |     1.01e+02 |     1.01e+02 |     0.00e+00 |     0.00e+00 |   1.00e-03 |        20.74 |    33.93 |   6m 21s | Model saved (best)  
     350 |     7.80e+01 |     7.80e+01 |     0.00e+00 |     0.00e+00 |   1.00e-03 |        20.74 |    32.64 |   6m 04s | Model saved (best)  
     400 |     3.99e+01 |     3.99e+01 |     0.00e+00 |     0.00e+00 |   1.00e-03 |        20.74 |    31.72 |   5m 42s | Model saved (best)  
     450 |     2.20e+01 |     2.20e+01 |     0.00e+00 |     0.00e+00 |   1.00e-03 |        20.74 |    30.91 |   5m 16s | Model saved (best)  
     500 |     1.43e+01 |     1.43e+01 |     0.00e+00 |     0.00e+00 |   1.00e-03 |        20.74 |    32.81 |   4m 51s | Model saved (best)  
     550 |     1.00e+01 |     1.00e+01 |     0.00e+00 |     0.00e+00 |   1.00e-03 |        20.74 |    41.89 |   4m 33s | Model saved (best)  
     600 |     7.74e+00 |     7.74e+00 |     0.00e+00 |     0.00e+00 |   1.00e-03 |        20.74 |    31.36 |   4m 03s | Model saved (best)  
     650 |     6.44e+00 |     6.44e+00 |     0.00e+00 |     0.00e+00 |   1.00e-03 |        20.74 |    36.53 |   3m 36s | Model saved (best)  
     700 |     5.81e+00 |     5.81e+00 |     0.00e+00 |     0.00e+00 |   1.00e-03 |        20.74 |    36.61 |   3m 07s | Model saved (best)  
     750 |     5.64e+00 |     5.64e+00 |     0.00e+00 |     0.00e+00 |   1.00e-03 |        20.74 |    32.08 |   2m 36s | Model saved (best)  
     800 |     4.71e+00 |     4.71e+00 |     0.00e+00 |     0.00e+00 |   1.00e-03 |        20.74 |    25.27 |   2m 03s | Model saved (best)  
     850 |     4.48e+00 |     4.48e+00 |     0.00e+00 |     0.00e+00 |   1.00e-03 |        20.74 |    25.53 |   1m 32s | Model saved (best)  
     900 |     4.55e+00 |     4.55e+00 |     0.00e+00 |     0.00e+00 |   1.00e-03 |        20.74 |    24.71 |   1m 00s | Model saved         
     950 |     4.26e+00 |     4.26e+00 |     0.00e+00 |     0.00e+00 |   1.00e-03 |        20.74 |    20.36 |      29s | Model saved (best)  
     999 |     4.12e+00 |     4.12e+00 |     0.00e+00 |     0.00e+00 |   1.00e-03 |        20.74 |    22.32 |       0s | Model saved (best)  
-------------------------------------------------------------------------------------------------------------------------------------------
Training completed. Lowest loss: 4.120726. Total time: 588.79 seconds
Model saved to saved/almgren_Resnet_ReLU\model.pth
